[0.192s] DEBUG:colcon:Command line arguments: ['/usr/bin/colcon', 'build', '--packages-select', 'arm_vrpn_pubsub', '--event-handlers', 'console_direct+']
[0.192s] DEBUG:colcon:Parsed command line arguments: Namespace(allow_overriding=[], ament_cmake_args=None, base_paths=['.'], build_base='build', catkin_cmake_args=None, catkin_skip_building_tests=False, cmake_args=None, cmake_clean_cache=False, cmake_clean_first=False, cmake_force_configure=False, cmake_target=None, cmake_target_skip_unavailable=False, continue_on_error=False, event_handlers=['console_direct+'], executor='parallel', ignore_user_meta=False, install_base='install', log_base=None, log_level=None, main=<bound method BuildVerb.main of <colcon_core.verb.build.BuildVerb object at 0x7fbecd29e7c0>>, merge_install=False, metas=['./colcon.meta'], packages_above=None, packages_above_and_dependencies=None, packages_above_depth=None, packages_end=None, packages_ignore=None, packages_ignore_regex=None, packages_select=['arm_vrpn_pubsub'], packages_select_build_failed=False, packages_select_by_dep=None, packages_select_regex=None, packages_select_test_failures=False, packages_skip=None, packages_skip_build_finished=False, packages_skip_by_dep=None, packages_skip_regex=None, packages_skip_test_passed=False, packages_skip_up_to=None, packages_start=None, packages_up_to=None, packages_up_to_regex=None, parallel_workers=4, paths=None, symlink_install=False, test_result_base=None, verb_extension=<colcon_core.verb.build.BuildVerb object at 0x7fbecd29e7c0>, verb_name='build', verb_parser=<colcon_defaults.argument_parser.defaults.DefaultArgumentsDecorator object at 0x7fbecd2324c0>)
[0.222s] Level 1:colcon.colcon_core.package_discovery:discover_packages(colcon_meta) check parameters
[0.223s] Level 1:colcon.colcon_core.package_discovery:discover_packages(recursive) check parameters
[0.223s] Level 1:colcon.colcon_core.package_discovery:discover_packages(ignore) check parameters
[0.223s] Level 1:colcon.colcon_core.package_discovery:discover_packages(path) check parameters
[0.223s] Level 1:colcon.colcon_core.package_discovery:discover_packages(colcon_meta) discover
[0.223s] Level 1:colcon.colcon_core.package_discovery:discover_packages(recursive) discover
[0.223s] INFO:colcon.colcon_core.package_discovery:Crawling recursively for packages in '/home/zq/colcon_ws'
[0.223s] Level 1:colcon.colcon_core.package_identification:_identify(.) by extensions ['ignore', 'ignore_ament_install']
[0.223s] Level 1:colcon.colcon_core.package_identification:_identify(.) by extension 'ignore'
[0.223s] Level 1:colcon.colcon_core.package_identification:_identify(.) by extension 'ignore_ament_install'
[0.223s] Level 1:colcon.colcon_core.package_identification:_identify(.) by extensions ['colcon_pkg']
[0.223s] Level 1:colcon.colcon_core.package_identification:_identify(.) by extension 'colcon_pkg'
[0.223s] Level 1:colcon.colcon_core.package_identification:_identify(.) by extensions ['colcon_meta']
[0.223s] Level 1:colcon.colcon_core.package_identification:_identify(.) by extension 'colcon_meta'
[0.223s] Level 1:colcon.colcon_core.package_identification:_identify(.) by extensions ['ros']
[0.224s] Level 1:colcon.colcon_core.package_identification:_identify(.) by extension 'ros'
[0.237s] Level 1:colcon.colcon_core.package_identification:_identify(.) by extensions ['cmake', 'python']
[0.237s] Level 1:colcon.colcon_core.package_identification:_identify(.) by extension 'cmake'
[0.237s] Level 1:colcon.colcon_core.package_identification:_identify(.) by extension 'python'
[0.237s] Level 1:colcon.colcon_core.package_identification:_identify(.) by extensions ['python_setup_py']
[0.237s] Level 1:colcon.colcon_core.package_identification:_identify(.) by extension 'python_setup_py'
[0.238s] Level 1:colcon.colcon_core.package_identification:_identify(build) by extensions ['ignore', 'ignore_ament_install']
[0.238s] Level 1:colcon.colcon_core.package_identification:_identify(build) by extension 'ignore'
[0.238s] Level 1:colcon.colcon_core.package_identification:_identify(build) ignored
[0.238s] Level 1:colcon.colcon_core.package_identification:_identify(install) by extensions ['ignore', 'ignore_ament_install']
[0.238s] Level 1:colcon.colcon_core.package_identification:_identify(install) by extension 'ignore'
[0.238s] Level 1:colcon.colcon_core.package_identification:_identify(install) ignored
[0.238s] Level 1:colcon.colcon_core.package_identification:_identify(log) by extensions ['ignore', 'ignore_ament_install']
[0.238s] Level 1:colcon.colcon_core.package_identification:_identify(log) by extension 'ignore'
[0.238s] Level 1:colcon.colcon_core.package_identification:_identify(log) ignored
[0.239s] Level 1:colcon.colcon_core.package_identification:_identify(src) by extensions ['ignore', 'ignore_ament_install']
[0.239s] Level 1:colcon.colcon_core.package_identification:_identify(src) by extension 'ignore'
[0.239s] Level 1:colcon.colcon_core.package_identification:_identify(src) by extension 'ignore_ament_install'
[0.239s] Level 1:colcon.colcon_core.package_identification:_identify(src) by extensions ['colcon_pkg']
[0.239s] Level 1:colcon.colcon_core.package_identification:_identify(src) by extension 'colcon_pkg'
[0.239s] Level 1:colcon.colcon_core.package_identification:_identify(src) by extensions ['colcon_meta']
[0.239s] Level 1:colcon.colcon_core.package_identification:_identify(src) by extension 'colcon_meta'
[0.239s] Level 1:colcon.colcon_core.package_identification:_identify(src) by extensions ['ros']
[0.239s] Level 1:colcon.colcon_core.package_identification:_identify(src) by extension 'ros'
[0.239s] Level 1:colcon.colcon_core.package_identification:_identify(src) by extensions ['cmake', 'python']
[0.239s] Level 1:colcon.colcon_core.package_identification:_identify(src) by extension 'cmake'
[0.239s] Level 1:colcon.colcon_core.package_identification:_identify(src) by extension 'python'
[0.239s] Level 1:colcon.colcon_core.package_identification:_identify(src) by extensions ['python_setup_py']
[0.239s] Level 1:colcon.colcon_core.package_identification:_identify(src) by extension 'python_setup_py'
[0.239s] Level 1:colcon.colcon_core.package_identification:_identify(src/arm_vrpn-main) by extensions ['ignore', 'ignore_ament_install']
[0.240s] Level 1:colcon.colcon_core.package_identification:_identify(src/arm_vrpn-main) by extension 'ignore'
[0.240s] Level 1:colcon.colcon_core.package_identification:_identify(src/arm_vrpn-main) by extension 'ignore_ament_install'
[0.240s] Level 1:colcon.colcon_core.package_identification:_identify(src/arm_vrpn-main) by extensions ['colcon_pkg']
[0.240s] Level 1:colcon.colcon_core.package_identification:_identify(src/arm_vrpn-main) by extension 'colcon_pkg'
[0.240s] Level 1:colcon.colcon_core.package_identification:_identify(src/arm_vrpn-main) by extensions ['colcon_meta']
[0.240s] Level 1:colcon.colcon_core.package_identification:_identify(src/arm_vrpn-main) by extension 'colcon_meta'
[0.240s] Level 1:colcon.colcon_core.package_identification:_identify(src/arm_vrpn-main) by extensions ['ros']
[0.240s] Level 1:colcon.colcon_core.package_identification:_identify(src/arm_vrpn-main) by extension 'ros'
[0.243s] DEBUG:colcon.colcon_core.package_identification:Package 'src/arm_vrpn-main' with type 'ros.ament_cmake' and name 'arm_vrpn_pubsub'
[0.244s] Level 1:colcon.colcon_core.package_identification:_identify(src/vrpn-ros2) by extensions ['ignore', 'ignore_ament_install']
[0.244s] Level 1:colcon.colcon_core.package_identification:_identify(src/vrpn-ros2) by extension 'ignore'
[0.244s] Level 1:colcon.colcon_core.package_identification:_identify(src/vrpn-ros2) by extension 'ignore_ament_install'
[0.244s] Level 1:colcon.colcon_core.package_identification:_identify(src/vrpn-ros2) by extensions ['colcon_pkg']
[0.244s] Level 1:colcon.colcon_core.package_identification:_identify(src/vrpn-ros2) by extension 'colcon_pkg'
[0.244s] Level 1:colcon.colcon_core.package_identification:_identify(src/vrpn-ros2) by extensions ['colcon_meta']
[0.244s] Level 1:colcon.colcon_core.package_identification:_identify(src/vrpn-ros2) by extension 'colcon_meta'
[0.244s] Level 1:colcon.colcon_core.package_identification:_identify(src/vrpn-ros2) by extensions ['ros']
[0.245s] Level 1:colcon.colcon_core.package_identification:_identify(src/vrpn-ros2) by extension 'ros'
[0.245s] DEBUG:colcon.colcon_core.package_identification:Package 'src/vrpn-ros2' with type 'ros.cmake' and name 'vrpn'
[0.245s] Level 1:colcon.colcon_core.package_identification:_identify(src/vrpn_client_ros-ros2) by extensions ['ignore', 'ignore_ament_install']
[0.247s] Level 1:colcon.colcon_core.package_identification:_identify(src/vrpn_client_ros-ros2) by extension 'ignore'
[0.247s] Level 1:colcon.colcon_core.package_identification:_identify(src/vrpn_client_ros-ros2) by extension 'ignore_ament_install'
[0.247s] Level 1:colcon.colcon_core.package_identification:_identify(src/vrpn_client_ros-ros2) by extensions ['colcon_pkg']
[0.247s] Level 1:colcon.colcon_core.package_identification:_identify(src/vrpn_client_ros-ros2) by extension 'colcon_pkg'
[0.247s] Level 1:colcon.colcon_core.package_identification:_identify(src/vrpn_client_ros-ros2) by extensions ['colcon_meta']
[0.247s] Level 1:colcon.colcon_core.package_identification:_identify(src/vrpn_client_ros-ros2) by extension 'colcon_meta'
[0.247s] Level 1:colcon.colcon_core.package_identification:_identify(src/vrpn_client_ros-ros2) by extensions ['ros']
[0.247s] Level 1:colcon.colcon_core.package_identification:_identify(src/vrpn_client_ros-ros2) by extension 'ros'
[0.248s] DEBUG:colcon.colcon_core.package_identification:Package 'src/vrpn_client_ros-ros2' with type 'ros.ament_cmake' and name 'vrpn_client_ros'
[0.248s] Level 1:colcon.colcon_core.package_discovery:discover_packages(recursive) using defaults
[0.248s] Level 1:colcon.colcon_core.package_discovery:discover_packages(ignore) discover
[0.248s] Level 1:colcon.colcon_core.package_discovery:discover_packages(ignore) using defaults
[0.248s] Level 1:colcon.colcon_core.package_discovery:discover_packages(path) discover
[0.248s] Level 1:colcon.colcon_core.package_discovery:discover_packages(path) using defaults
[0.284s] INFO:colcon.colcon_core.package_selection:Skipping not selected package 'vrpn' in 'src/vrpn-ros2'
[0.284s] INFO:colcon.colcon_core.package_selection:Skipping not selected package 'vrpn_client_ros' in 'src/vrpn_client_ros-ros2'
[0.285s] Level 1:colcon.colcon_core.package_discovery:discover_packages(prefix_path) check parameters
[0.285s] Level 1:colcon.colcon_core.package_discovery:discover_packages(prefix_path) discover
[0.288s] DEBUG:colcon.colcon_installed_package_information.package_discovery:Found 3 installed packages in /home/zq/colcon_ws/install
[0.290s] DEBUG:colcon.colcon_installed_package_information.package_discovery:Found 256 installed packages in /opt/ros/foxy
[0.292s] Level 1:colcon.colcon_core.package_discovery:discover_packages(prefix_path) using defaults
[0.381s] Level 5:colcon.colcon_core.verb:set package 'arm_vrpn_pubsub' build argument 'cmake_args' from command line to 'None'
[0.381s] Level 5:colcon.colcon_core.verb:set package 'arm_vrpn_pubsub' build argument 'cmake_target' from command line to 'None'
[0.381s] Level 5:colcon.colcon_core.verb:set package 'arm_vrpn_pubsub' build argument 'cmake_target_skip_unavailable' from command line to 'False'
[0.381s] Level 5:colcon.colcon_core.verb:set package 'arm_vrpn_pubsub' build argument 'cmake_clean_cache' from command line to 'False'
[0.381s] Level 5:colcon.colcon_core.verb:set package 'arm_vrpn_pubsub' build argument 'cmake_clean_first' from command line to 'False'
[0.381s] Level 5:colcon.colcon_core.verb:set package 'arm_vrpn_pubsub' build argument 'cmake_force_configure' from command line to 'False'
[0.381s] Level 5:colcon.colcon_core.verb:set package 'arm_vrpn_pubsub' build argument 'ament_cmake_args' from command line to 'None'
[0.381s] Level 5:colcon.colcon_core.verb:set package 'arm_vrpn_pubsub' build argument 'catkin_cmake_args' from command line to 'None'
[0.381s] Level 5:colcon.colcon_core.verb:set package 'arm_vrpn_pubsub' build argument 'catkin_skip_building_tests' from command line to 'False'
[0.381s] DEBUG:colcon.colcon_core.verb:Building package 'arm_vrpn_pubsub' with the following arguments: {'ament_cmake_args': None, 'build_base': '/home/zq/colcon_ws/build/arm_vrpn_pubsub', 'catkin_cmake_args': None, 'catkin_skip_building_tests': False, 'cmake_args': None, 'cmake_clean_cache': False, 'cmake_clean_first': False, 'cmake_force_configure': False, 'cmake_target': None, 'cmake_target_skip_unavailable': False, 'install_base': '/home/zq/colcon_ws/install/arm_vrpn_pubsub', 'merge_install': False, 'path': '/home/zq/colcon_ws/src/arm_vrpn-main', 'symlink_install': False, 'test_result_base': None}
[0.382s] INFO:colcon.colcon_core.executor:Executing jobs using 'parallel' executor
[0.387s] DEBUG:colcon.colcon_parallel_executor.executor.parallel:run_until_complete
[0.388s] INFO:colcon.colcon_ros.task.ament_cmake.build:Building ROS package in '/home/zq/colcon_ws/src/arm_vrpn-main' with build type 'ament_cmake'
[0.388s] INFO:colcon.colcon_cmake.task.cmake.build:Building CMake package in '/home/zq/colcon_ws/src/arm_vrpn-main'
[0.394s] INFO:colcon.colcon_core.plugin_system:Skipping extension 'colcon_core.shell.bat': Not used on non-Windows systems
[0.394s] INFO:colcon.colcon_core.shell:Skip shell extension 'powershell' for command environment: Not usable outside of PowerShell
[0.394s] DEBUG:colcon.colcon_core.shell:Skip shell extension 'dsv' for command environment
[0.416s] DEBUG:colcon.colcon_core.event_handler.log_command:Invoking command in '/home/zq/colcon_ws/build/arm_vrpn_pubsub': CMAKE_PREFIX_PATH=${CMAKE_PREFIX_PATH}:/opt/ros/foxy /usr/bin/cmake --build /home/zq/colcon_ws/build/arm_vrpn_pubsub -- -j4 -l4
[4.071s] DEBUG:colcon.colcon_core.event_handler.log_command:Invoked command in '/home/zq/colcon_ws/build/arm_vrpn_pubsub' returned '2': CMAKE_PREFIX_PATH=${CMAKE_PREFIX_PATH}:/opt/ros/foxy /usr/bin/cmake --build /home/zq/colcon_ws/build/arm_vrpn_pubsub -- -j4 -l4
[4.108s] Level 1:colcon.colcon_core.environment:create_environment_scripts_only(arm_vrpn_pubsub)
[4.115s] Level 1:colcon.colcon_core.environment:checking '/home/zq/colcon_ws/install/arm_vrpn_pubsub' for CMake module files
[4.115s] Level 1:colcon.colcon_core.environment:checking '/home/zq/colcon_ws/install/arm_vrpn_pubsub' for CMake config files
[4.116s] Level 1:colcon.colcon_core.shell:create_environment_hook('arm_vrpn_pubsub', 'cmake_prefix_path')
[4.118s] INFO:colcon.colcon_core.shell:Creating environment hook '/home/zq/colcon_ws/install/arm_vrpn_pubsub/share/arm_vrpn_pubsub/hook/cmake_prefix_path.ps1'
[4.119s] INFO:colcon.colcon_core.shell:Creating environment descriptor '/home/zq/colcon_ws/install/arm_vrpn_pubsub/share/arm_vrpn_pubsub/hook/cmake_prefix_path.dsv'
[4.119s] INFO:colcon.colcon_core.shell:Creating environment hook '/home/zq/colcon_ws/install/arm_vrpn_pubsub/share/arm_vrpn_pubsub/hook/cmake_prefix_path.sh'
[4.120s] Level 1:colcon.colcon_core.environment:checking '/home/zq/colcon_ws/install/arm_vrpn_pubsub/lib'
[4.121s] Level 1:colcon.colcon_core.environment:checking '/home/zq/colcon_ws/install/arm_vrpn_pubsub/bin'
[4.121s] Level 1:colcon.colcon_core.environment:checking '/home/zq/colcon_ws/install/arm_vrpn_pubsub/lib/pkgconfig/arm_vrpn_pubsub.pc'
[4.121s] Level 1:colcon.colcon_core.environment:checking '/home/zq/colcon_ws/install/arm_vrpn_pubsub/lib/python3.8/site-packages'
[4.121s] Level 1:colcon.colcon_core.environment:checking '/home/zq/colcon_ws/install/arm_vrpn_pubsub/bin'
[4.123s] INFO:colcon.colcon_core.shell:Creating package script '/home/zq/colcon_ws/install/arm_vrpn_pubsub/share/arm_vrpn_pubsub/package.ps1'
[4.124s] INFO:colcon.colcon_core.shell:Creating package descriptor '/home/zq/colcon_ws/install/arm_vrpn_pubsub/share/arm_vrpn_pubsub/package.dsv'
[4.125s] INFO:colcon.colcon_core.shell:Creating package script '/home/zq/colcon_ws/install/arm_vrpn_pubsub/share/arm_vrpn_pubsub/package.sh'
[4.126s] INFO:colcon.colcon_core.shell:Creating package script '/home/zq/colcon_ws/install/arm_vrpn_pubsub/share/arm_vrpn_pubsub/package.bash'
[4.127s] INFO:colcon.colcon_core.shell:Creating package script '/home/zq/colcon_ws/install/arm_vrpn_pubsub/share/arm_vrpn_pubsub/package.zsh'
[4.128s] Level 1:colcon.colcon_core.environment:create_file_with_runtime_dependencies(/home/zq/colcon_ws/install/arm_vrpn_pubsub/share/colcon-core/packages/arm_vrpn_pubsub)
[4.139s] DEBUG:colcon.colcon_parallel_executor.executor.parallel:closing loop
[4.139s] DEBUG:colcon.colcon_parallel_executor.executor.parallel:loop closed
[4.139s] DEBUG:colcon.colcon_parallel_executor.executor.parallel:run_until_complete finished with '2'
[4.139s] DEBUG:colcon.colcon_core.event_reactor:joining thread
[4.150s] INFO:colcon.colcon_core.plugin_system:Skipping extension 'colcon_notification.desktop_notification.terminal_notifier': Not used on non-Darwin systems
[4.150s] INFO:colcon.colcon_core.plugin_system:Skipping extension 'colcon_notification.desktop_notification.win32': Not used on non-Windows systems
[4.150s] INFO:colcon.colcon_notification.desktop_notification:Sending desktop notification using 'notify2'
[4.171s] DEBUG:colcon.colcon_core.event_reactor:joined thread
[4.173s] INFO:colcon.colcon_core.shell:Creating prefix script '/home/zq/colcon_ws/install/local_setup.ps1'
[4.174s] INFO:colcon.colcon_core.shell:Creating prefix util module '/home/zq/colcon_ws/install/_local_setup_util_ps1.py'
[4.176s] INFO:colcon.colcon_core.shell:Creating prefix chain script '/home/zq/colcon_ws/install/setup.ps1'
[4.178s] INFO:colcon.colcon_core.shell:Creating prefix script '/home/zq/colcon_ws/install/local_setup.sh'
[4.179s] INFO:colcon.colcon_core.shell:Creating prefix util module '/home/zq/colcon_ws/install/_local_setup_util_sh.py'
[4.180s] INFO:colcon.colcon_core.shell:Creating prefix chain script '/home/zq/colcon_ws/install/setup.sh'
[4.182s] INFO:colcon.colcon_core.shell:Creating prefix script '/home/zq/colcon_ws/install/local_setup.bash'
[4.182s] INFO:colcon.colcon_core.shell:Creating prefix chain script '/home/zq/colcon_ws/install/setup.bash'
[4.184s] INFO:colcon.colcon_core.shell:Creating prefix script '/home/zq/colcon_ws/install/local_setup.zsh'
[4.185s] INFO:colcon.colcon_core.shell:Creating prefix chain script '/home/zq/colcon_ws/install/setup.zsh'
