[35m[1mScanning dependencies of target arm_mocap_pubsub[0m
[ 50%] [32mBuilding CXX object CMakeFiles/arm_mocap_pubsub.dir/src/arm_mocap_pubsub.cpp.o[0m
[01m[K/home/zq/colcon_ws/src/arm_vrpn-main/src/arm_mocap_pubsub.cpp:[m[K In member function ‘[01m[Kvoid Mocapzmq_pub::topic_callback1(geometry_msgs::msg::PoseStamped_<std::allocator<void> >::SharedPtr)[m[K’:
[01m[K/home/zq/colcon_ws/src/arm_vrpn-main/src/arm_mocap_pubsub.cpp:68:28:[m[K [01;31m[Kerror: [m[Kcannot convert ‘[01m[Kfloat[m[K’ to ‘[01m[Kchar*[m[K’ in initialization
   68 |       char* ch_data[21] = {[01;31m[Kx1_mocap[m[K,y1_mocap,z1_mocap,
      |                            [01;31m[K^~~~~~~~[m[K
      |                            [01;31m[K|[m[K
      |                            [01;31m[Kfloat[m[K
[01m[K/home/zq/colcon_ws/src/arm_vrpn-main/src/arm_mocap_pubsub.cpp:68:37:[m[K [01;31m[Kerror: [m[Kcannot convert ‘[01m[Kfloat[m[K’ to ‘[01m[Kchar*[m[K’ in initialization
   68 |       char* ch_data[21] = {x1_mocap,[01;31m[Ky1_mocap[m[K,z1_mocap,
      |                                     [01;31m[K^~~~~~~~[m[K
      |                                     [01;31m[K|[m[K
      |                                     [01;31m[Kfloat[m[K
[01m[K/home/zq/colcon_ws/src/arm_vrpn-main/src/arm_mocap_pubsub.cpp:68:46:[m[K [01;31m[Kerror: [m[Kcannot convert ‘[01m[Kfloat[m[K’ to ‘[01m[Kchar*[m[K’ in initialization
   68 |       char* ch_data[21] = {x1_mocap,y1_mocap,[01;31m[Kz1_mocap[m[K,
      |                                              [01;31m[K^~~~~~~~[m[K
      |                                              [01;31m[K|[m[K
      |                                              [01;31m[Kfloat[m[K
[01m[K/home/zq/colcon_ws/src/arm_vrpn-main/src/arm_mocap_pubsub.cpp:69:23:[m[K [01;31m[Kerror: [m[Kcannot convert ‘[01m[Kfloat[m[K’ to ‘[01m[Kchar*[m[K’ in initialization
   69 |                       [01;31m[Kq1_mocap_x[m[K,q1_mocap_y,q1_mocap_z,q1_mocap_w,
      |                       [01;31m[K^~~~~~~~~~[m[K
      |                       [01;31m[K|[m[K
      |                       [01;31m[Kfloat[m[K
[01m[K/home/zq/colcon_ws/src/arm_vrpn-main/src/arm_mocap_pubsub.cpp:69:34:[m[K [01;31m[Kerror: [m[Kcannot convert ‘[01m[Kfloat[m[K’ to ‘[01m[Kchar*[m[K’ in initialization
   69 |                       q1_mocap_x,[01;31m[Kq1_mocap_y[m[K,q1_mocap_z,q1_mocap_w,
      |                                  [01;31m[K^~~~~~~~~~[m[K
      |                                  [01;31m[K|[m[K
      |                                  [01;31m[Kfloat[m[K
[01m[K/home/zq/colcon_ws/src/arm_vrpn-main/src/arm_mocap_pubsub.cpp:69:45:[m[K [01;31m[Kerror: [m[Kcannot convert ‘[01m[Kfloat[m[K’ to ‘[01m[Kchar*[m[K’ in initialization
   69 |                       q1_mocap_x,q1_mocap_y,[01;31m[Kq1_mocap_z[m[K,q1_mocap_w,
      |                                             [01;31m[K^~~~~~~~~~[m[K
      |                                             [01;31m[K|[m[K
      |                                             [01;31m[Kfloat[m[K
[01m[K/home/zq/colcon_ws/src/arm_vrpn-main/src/arm_mocap_pubsub.cpp:69:56:[m[K [01;31m[Kerror: [m[Kcannot convert ‘[01m[Kfloat[m[K’ to ‘[01m[Kchar*[m[K’ in initialization
   69 |                       q1_mocap_x,q1_mocap_y,q1_mocap_z,[01;31m[Kq1_mocap_w[m[K,
      |                                                        [01;31m[K^~~~~~~~~~[m[K
      |                                                        [01;31m[K|[m[K
      |                                                        [01;31m[Kfloat[m[K
[01m[K/home/zq/colcon_ws/src/arm_vrpn-main/src/arm_mocap_pubsub.cpp:70:23:[m[K [01;31m[Kerror: [m[Kcannot convert ‘[01m[Kfloat[m[K’ to ‘[01m[Kchar*[m[K’ in initialization
   70 |                       [01;31m[Kx2_mocap[m[K,y2_mocap,z2_mocap,
      |                       [01;31m[K^~~~~~~~[m[K
      |                       [01;31m[K|[m[K
      |                       [01;31m[Kfloat[m[K
[01m[K/home/zq/colcon_ws/src/arm_vrpn-main/src/arm_mocap_pubsub.cpp:70:32:[m[K [01;31m[Kerror: [m[Kcannot convert ‘[01m[Kfloat[m[K’ to ‘[01m[Kchar*[m[K’ in initialization
   70 |                       x2_mocap,[01;31m[Ky2_mocap[m[K,z2_mocap,
      |                                [01;31m[K^~~~~~~~[m[K
      |                                [01;31m[K|[m[K
      |                                [01;31m[Kfloat[m[K
[01m[K/home/zq/colcon_ws/src/arm_vrpn-main/src/arm_mocap_pubsub.cpp:70:41:[m[K [01;31m[Kerror: [m[Kcannot convert ‘[01m[Kfloat[m[K’ to ‘[01m[Kchar*[m[K’ in initialization
   70 |                       x2_mocap,y2_mocap,[01;31m[Kz2_mocap[m[K,
      |                                         [01;31m[K^~~~~~~~[m[K
      |                                         [01;31m[K|[m[K
      |                                         [01;31m[Kfloat[m[K
[01m[K/home/zq/colcon_ws/src/arm_vrpn-main/src/arm_mocap_pubsub.cpp:71:23:[m[K [01;31m[Kerror: [m[Kcannot convert ‘[01m[Kfloat[m[K’ to ‘[01m[Kchar*[m[K’ in initialization
   71 |                       [01;31m[Kq2_mocap_x[m[K,q2_mocap_y,q2_mocap_z,q2_mocap_w,
      |                       [01;31m[K^~~~~~~~~~[m[K
      |                       [01;31m[K|[m[K
      |                       [01;31m[Kfloat[m[K
[01m[K/home/zq/colcon_ws/src/arm_vrpn-main/src/arm_mocap_pubsub.cpp:71:34:[m[K [01;31m[Kerror: [m[Kcannot convert ‘[01m[Kfloat[m[K’ to ‘[01m[Kchar*[m[K’ in initialization
   71 |                       q2_mocap_x,[01;31m[Kq2_mocap_y[m[K,q2_mocap_z,q2_mocap_w,
      |                                  [01;31m[K^~~~~~~~~~[m[K
      |                                  [01;31m[K|[m[K
      |                                  [01;31m[Kfloat[m[K
[01m[K/home/zq/colcon_ws/src/arm_vrpn-main/src/arm_mocap_pubsub.cpp:71:45:[m[K [01;31m[Kerror: [m[Kcannot convert ‘[01m[Kfloat[m[K’ to ‘[01m[Kchar*[m[K’ in initialization
   71 |                       q2_mocap_x,q2_mocap_y,[01;31m[Kq2_mocap_z[m[K,q2_mocap_w,
      |                                             [01;31m[K^~~~~~~~~~[m[K
      |                                             [01;31m[K|[m[K
      |                                             [01;31m[Kfloat[m[K
[01m[K/home/zq/colcon_ws/src/arm_vrpn-main/src/arm_mocap_pubsub.cpp:71:56:[m[K [01;31m[Kerror: [m[Kcannot convert ‘[01m[Kfloat[m[K’ to ‘[01m[Kchar*[m[K’ in initialization
   71 |                       q2_mocap_x,q2_mocap_y,q2_mocap_z,[01;31m[Kq2_mocap_w[m[K,
      |                                                        [01;31m[K^~~~~~~~~~[m[K
      |                                                        [01;31m[K|[m[K
      |                                                        [01;31m[Kfloat[m[K
[01m[K/home/zq/colcon_ws/src/arm_vrpn-main/src/arm_mocap_pubsub.cpp:72:23:[m[K [01;31m[Kerror: [m[Kcannot convert ‘[01m[Kfloat[m[K’ to ‘[01m[Kchar*[m[K’ in initialization
   72 |                       [01;31m[Kx3_mocap[m[K,y3_mocap,z3_mocap,
      |                       [01;31m[K^~~~~~~~[m[K
      |                       [01;31m[K|[m[K
      |                       [01;31m[Kfloat[m[K
[01m[K/home/zq/colcon_ws/src/arm_vrpn-main/src/arm_mocap_pubsub.cpp:72:32:[m[K [01;31m[Kerror: [m[Kcannot convert ‘[01m[Kfloat[m[K’ to ‘[01m[Kchar*[m[K’ in initialization
   72 |                       x3_mocap,[01;31m[Ky3_mocap[m[K,z3_mocap,
      |                                [01;31m[K^~~~~~~~[m[K
      |                                [01;31m[K|[m[K
      |                                [01;31m[Kfloat[m[K
[01m[K/home/zq/colcon_ws/src/arm_vrpn-main/src/arm_mocap_pubsub.cpp:72:41:[m[K [01;31m[Kerror: [m[Kcannot convert ‘[01m[Kfloat[m[K’ to ‘[01m[Kchar*[m[K’ in initialization
   72 |                       x3_mocap,y3_mocap,[01;31m[Kz3_mocap[m[K,
      |                                         [01;31m[K^~~~~~~~[m[K
      |                                         [01;31m[K|[m[K
      |                                         [01;31m[Kfloat[m[K
[01m[K/home/zq/colcon_ws/src/arm_vrpn-main/src/arm_mocap_pubsub.cpp:73:23:[m[K [01;31m[Kerror: [m[Kcannot convert ‘[01m[Kfloat[m[K’ to ‘[01m[Kchar*[m[K’ in initialization
   73 |                       [01;31m[Kq3_mocap_x[m[K,q3_mocap_y,q3_mocap_z,q3_mocap_w
      |                       [01;31m[K^~~~~~~~~~[m[K
      |                       [01;31m[K|[m[K
      |                       [01;31m[Kfloat[m[K
[01m[K/home/zq/colcon_ws/src/arm_vrpn-main/src/arm_mocap_pubsub.cpp:73:34:[m[K [01;31m[Kerror: [m[Kcannot convert ‘[01m[Kfloat[m[K’ to ‘[01m[Kchar*[m[K’ in initialization
   73 |                       q3_mocap_x,[01;31m[Kq3_mocap_y[m[K,q3_mocap_z,q3_mocap_w
      |                                  [01;31m[K^~~~~~~~~~[m[K
      |                                  [01;31m[K|[m[K
      |                                  [01;31m[Kfloat[m[K
[01m[K/home/zq/colcon_ws/src/arm_vrpn-main/src/arm_mocap_pubsub.cpp:73:45:[m[K [01;31m[Kerror: [m[Kcannot convert ‘[01m[Kfloat[m[K’ to ‘[01m[Kchar*[m[K’ in initialization
   73 |                       q3_mocap_x,q3_mocap_y,[01;31m[Kq3_mocap_z[m[K,q3_mocap_w
      |                                             [01;31m[K^~~~~~~~~~[m[K
      |                                             [01;31m[K|[m[K
      |                                             [01;31m[Kfloat[m[K
[01m[K/home/zq/colcon_ws/src/arm_vrpn-main/src/arm_mocap_pubsub.cpp:73:56:[m[K [01;31m[Kerror: [m[Kcannot convert ‘[01m[Kfloat[m[K’ to ‘[01m[Kchar*[m[K’ in initialization
   73 |                       q3_mocap_x,q3_mocap_y,q3_mocap_z,[01;31m[Kq3_mocap_w[m[K
      |                                                        [01;31m[K^~~~~~~~~~[m[K
      |                                                        [01;31m[K|[m[K
      |                                                        [01;31m[Kfloat[m[K
[01m[K/home/zq/colcon_ws/src/arm_vrpn-main/src/arm_mocap_pubsub.cpp:75:28:[m[K [01;31m[Kerror: [m[Kcannot convert ‘[01m[Kchar**[m[K’ to ‘[01m[Kconst char*[m[K’
   75 |       size_t size = strlen([01;31m[Kch_data[m[K);
      |                            [01;31m[K^~~~~~~[m[K
      |                            [01;31m[K|[m[K
      |                            [01;31m[Kchar**[m[K
In file included from [01m[K/opt/ros/foxy/include/rcutils/error_handling.h:34[m[K,
                 from [01m[K/opt/ros/foxy/include/rcutils/logging.h:23[m[K,
                 from [01m[K/opt/ros/foxy/include/rmw/types.h:28[m[K,
                 from [01m[K/opt/ros/foxy/include/rcl/types.h:18[m[K,
                 from [01m[K/opt/ros/foxy/include/rcl/arguments.h:20[m[K,
                 from [01m[K/opt/ros/foxy/include/rcl/context.h:26[m[K,
                 from [01m[K/opt/ros/foxy/include/rcl/guard_condition.h:24[m[K,
                 from [01m[K/opt/ros/foxy/include/rclcpp/executor.hpp:29[m[K,
                 from [01m[K/opt/ros/foxy/include/rclcpp/executors/multi_threaded_executor.hpp:26[m[K,
                 from [01m[K/opt/ros/foxy/include/rclcpp/executors.hpp:21[m[K,
                 from [01m[K/opt/ros/foxy/include/rclcpp/rclcpp.hpp:146[m[K,
                 from [01m[K/home/zq/colcon_ws/src/arm_vrpn-main/src/arm_mocap_pubsub.cpp:8[m[K:
[01m[K/usr/include/string.h:385:35:[m[K [01;36m[Knote: [m[K  initializing argument 1 of ‘[01m[Ksize_t strlen(const char*)[m[K’
  385 | extern size_t strlen ([01;36m[Kconst char *__s[m[K)
      |                       [01;36m[K~~~~~~~~~~~~^~~[m[K
[01m[K/home/zq/colcon_ws/src/arm_vrpn-main/src/arm_mocap_pubsub.cpp:77:47:[m[K [01;31m[Kerror: [m[Kexpected ‘[01m[K;[m[K’ before ‘[01m[Kpublisher[m[K’
   77 |       std::memcpy(message.data(),ch_data,size)
      |                                               [01;31m[K^[m[K
      |                                               [32m[K;[m[K
   78 |       [32m[Kpublisher[m[K.send(message);
      |       [32m[K~~~~~~~~~[m[K                                
make[2]: *** [CMakeFiles/arm_mocap_pubsub.dir/build.make:63: CMakeFiles/arm_mocap_pubsub.dir/src/arm_mocap_pubsub.cpp.o] Error 1
make[1]: *** [CMakeFiles/Makefile2:78: CMakeFiles/arm_mocap_pubsub.dir/all] Error 2
make: *** [Makefile:141: all] Error 2
