[0.188s] DEBUG:colcon:Command line arguments: ['/usr/bin/colcon', 'build', '--packages-select', 'arm_vrpn_pubsub', '--event-handlers', 'console_direct+']
[0.188s] DEBUG:colcon:Parsed command line arguments: Namespace(allow_overriding=[], ament_cmake_args=None, base_paths=['.'], build_base='build', catkin_cmake_args=None, catkin_skip_building_tests=False, cmake_args=None, cmake_clean_cache=False, cmake_clean_first=False, cmake_force_configure=False, cmake_target=None, cmake_target_skip_unavailable=False, continue_on_error=False, event_handlers=['console_direct+'], executor='parallel', ignore_user_meta=False, install_base='install', log_base=None, log_level=None, main=<bound method BuildVerb.main of <colcon_core.verb.build.BuildVerb object at 0x7fd4b3d8ad00>>, merge_install=False, metas=['./colcon.meta'], packages_above=None, packages_above_and_dependencies=None, packages_above_depth=None, packages_end=None, packages_ignore=None, packages_ignore_regex=None, packages_select=['arm_vrpn_pubsub'], packages_select_build_failed=False, packages_select_by_dep=None, packages_select_regex=None, packages_select_test_failures=False, packages_skip=None, packages_skip_build_finished=False, packages_skip_by_dep=None, packages_skip_regex=None, packages_skip_test_passed=False, packages_skip_up_to=None, packages_start=None, packages_up_to=None, packages_up_to_regex=None, parallel_workers=4, paths=None, symlink_install=False, test_result_base=None, verb_extension=<colcon_core.verb.build.BuildVerb object at 0x7fd4b3d8ad00>, verb_name='build', verb_parser=<colcon_defaults.argument_parser.defaults.DefaultArgumentsDecorator object at 0x7fd4b3d1e2b0>)
[0.218s] Level 1:colcon.colcon_core.package_discovery:discover_packages(colcon_meta) check parameters
[0.218s] Level 1:colcon.colcon_core.package_discovery:discover_packages(recursive) check parameters
[0.218s] Level 1:colcon.colcon_core.package_discovery:discover_packages(ignore) check parameters
[0.218s] Level 1:colcon.colcon_core.package_discovery:discover_packages(path) check parameters
[0.218s] Level 1:colcon.colcon_core.package_discovery:discover_packages(colcon_meta) discover
[0.219s] Level 1:colcon.colcon_core.package_discovery:discover_packages(recursive) discover
[0.219s] INFO:colcon.colcon_core.package_discovery:Crawling recursively for packages in '/home/zq/colcon_ws'
[0.219s] Level 1:colcon.colcon_core.package_identification:_identify(.) by extensions ['ignore', 'ignore_ament_install']
[0.219s] Level 1:colcon.colcon_core.package_identification:_identify(.) by extension 'ignore'
[0.219s] Level 1:colcon.colcon_core.package_identification:_identify(.) by extension 'ignore_ament_install'
[0.219s] Level 1:colcon.colcon_core.package_identification:_identify(.) by extensions ['colcon_pkg']
[0.219s] Level 1:colcon.colcon_core.package_identification:_identify(.) by extension 'colcon_pkg'
[0.219s] Level 1:colcon.colcon_core.package_identification:_identify(.) by extensions ['colcon_meta']
[0.219s] Level 1:colcon.colcon_core.package_identification:_identify(.) by extension 'colcon_meta'
[0.219s] Level 1:colcon.colcon_core.package_identification:_identify(.) by extensions ['ros']
[0.219s] Level 1:colcon.colcon_core.package_identification:_identify(.) by extension 'ros'
[0.232s] Level 1:colcon.colcon_core.package_identification:_identify(.) by extensions ['cmake', 'python']
[0.233s] Level 1:colcon.colcon_core.package_identification:_identify(.) by extension 'cmake'
[0.233s] Level 1:colcon.colcon_core.package_identification:_identify(.) by extension 'python'
[0.233s] Level 1:colcon.colcon_core.package_identification:_identify(.) by extensions ['python_setup_py']
[0.233s] Level 1:colcon.colcon_core.package_identification:_identify(.) by extension 'python_setup_py'
[0.233s] Level 1:colcon.colcon_core.package_identification:_identify(build) by extensions ['ignore', 'ignore_ament_install']
[0.233s] Level 1:colcon.colcon_core.package_identification:_identify(build) by extension 'ignore'
[0.233s] Level 1:colcon.colcon_core.package_identification:_identify(build) ignored
[0.233s] Level 1:colcon.colcon_core.package_identification:_identify(install) by extensions ['ignore', 'ignore_ament_install']
[0.233s] Level 1:colcon.colcon_core.package_identification:_identify(install) by extension 'ignore'
[0.233s] Level 1:colcon.colcon_core.package_identification:_identify(install) ignored
[0.234s] Level 1:colcon.colcon_core.package_identification:_identify(log) by extensions ['ignore', 'ignore_ament_install']
[0.234s] Level 1:colcon.colcon_core.package_identification:_identify(log) by extension 'ignore'
[0.234s] Level 1:colcon.colcon_core.package_identification:_identify(log) ignored
[0.234s] Level 1:colcon.colcon_core.package_identification:_identify(src) by extensions ['ignore', 'ignore_ament_install']
[0.234s] Level 1:colcon.colcon_core.package_identification:_identify(src) by extension 'ignore'
[0.234s] Level 1:colcon.colcon_core.package_identification:_identify(src) by extension 'ignore_ament_install'
[0.234s] Level 1:colcon.colcon_core.package_identification:_identify(src) by extensions ['colcon_pkg']
[0.234s] Level 1:colcon.colcon_core.package_identification:_identify(src) by extension 'colcon_pkg'
[0.234s] Level 1:colcon.colcon_core.package_identification:_identify(src) by extensions ['colcon_meta']
[0.234s] Level 1:colcon.colcon_core.package_identification:_identify(src) by extension 'colcon_meta'
[0.234s] Level 1:colcon.colcon_core.package_identification:_identify(src) by extensions ['ros']
[0.234s] Level 1:colcon.colcon_core.package_identification:_identify(src) by extension 'ros'
[0.234s] Level 1:colcon.colcon_core.package_identification:_identify(src) by extensions ['cmake', 'python']
[0.234s] Level 1:colcon.colcon_core.package_identification:_identify(src) by extension 'cmake'
[0.234s] Level 1:colcon.colcon_core.package_identification:_identify(src) by extension 'python'
[0.234s] Level 1:colcon.colcon_core.package_identification:_identify(src) by extensions ['python_setup_py']
[0.235s] Level 1:colcon.colcon_core.package_identification:_identify(src) by extension 'python_setup_py'
[0.235s] Level 1:colcon.colcon_core.package_identification:_identify(src/arm_vrpn-main) by extensions ['ignore', 'ignore_ament_install']
[0.235s] Level 1:colcon.colcon_core.package_identification:_identify(src/arm_vrpn-main) by extension 'ignore'
[0.235s] Level 1:colcon.colcon_core.package_identification:_identify(src/arm_vrpn-main) by extension 'ignore_ament_install'
[0.235s] Level 1:colcon.colcon_core.package_identification:_identify(src/arm_vrpn-main) by extensions ['colcon_pkg']
[0.235s] Level 1:colcon.colcon_core.package_identification:_identify(src/arm_vrpn-main) by extension 'colcon_pkg'
[0.235s] Level 1:colcon.colcon_core.package_identification:_identify(src/arm_vrpn-main) by extensions ['colcon_meta']
[0.235s] Level 1:colcon.colcon_core.package_identification:_identify(src/arm_vrpn-main) by extension 'colcon_meta'
[0.235s] Level 1:colcon.colcon_core.package_identification:_identify(src/arm_vrpn-main) by extensions ['ros']
[0.235s] Level 1:colcon.colcon_core.package_identification:_identify(src/arm_vrpn-main) by extension 'ros'
[0.239s] DEBUG:colcon.colcon_core.package_identification:Package 'src/arm_vrpn-main' with type 'ros.ament_cmake' and name 'arm_vrpn_pubsub'
[0.239s] Level 1:colcon.colcon_core.package_identification:_identify(src/vrpn-ros2) by extensions ['ignore', 'ignore_ament_install']
[0.239s] Level 1:colcon.colcon_core.package_identification:_identify(src/vrpn-ros2) by extension 'ignore'
[0.239s] Level 1:colcon.colcon_core.package_identification:_identify(src/vrpn-ros2) by extension 'ignore_ament_install'
[0.240s] Level 1:colcon.colcon_core.package_identification:_identify(src/vrpn-ros2) by extensions ['colcon_pkg']
[0.240s] Level 1:colcon.colcon_core.package_identification:_identify(src/vrpn-ros2) by extension 'colcon_pkg'
[0.240s] Level 1:colcon.colcon_core.package_identification:_identify(src/vrpn-ros2) by extensions ['colcon_meta']
[0.240s] Level 1:colcon.colcon_core.package_identification:_identify(src/vrpn-ros2) by extension 'colcon_meta'
[0.240s] Level 1:colcon.colcon_core.package_identification:_identify(src/vrpn-ros2) by extensions ['ros']
[0.240s] Level 1:colcon.colcon_core.package_identification:_identify(src/vrpn-ros2) by extension 'ros'
[0.240s] DEBUG:colcon.colcon_core.package_identification:Package 'src/vrpn-ros2' with type 'ros.cmake' and name 'vrpn'
[0.241s] Level 1:colcon.colcon_core.package_identification:_identify(src/vrpn_client_ros-ros2) by extensions ['ignore', 'ignore_ament_install']
[0.242s] Level 1:colcon.colcon_core.package_identification:_identify(src/vrpn_client_ros-ros2) by extension 'ignore'
[0.242s] Level 1:colcon.colcon_core.package_identification:_identify(src/vrpn_client_ros-ros2) by extension 'ignore_ament_install'
[0.242s] Level 1:colcon.colcon_core.package_identification:_identify(src/vrpn_client_ros-ros2) by extensions ['colcon_pkg']
[0.242s] Level 1:colcon.colcon_core.package_identification:_identify(src/vrpn_client_ros-ros2) by extension 'colcon_pkg'
[0.242s] Level 1:colcon.colcon_core.package_identification:_identify(src/vrpn_client_ros-ros2) by extensions ['colcon_meta']
[0.242s] Level 1:colcon.colcon_core.package_identification:_identify(src/vrpn_client_ros-ros2) by extension 'colcon_meta'
[0.242s] Level 1:colcon.colcon_core.package_identification:_identify(src/vrpn_client_ros-ros2) by extensions ['ros']
[0.242s] Level 1:colcon.colcon_core.package_identification:_identify(src/vrpn_client_ros-ros2) by extension 'ros'
[0.243s] DEBUG:colcon.colcon_core.package_identification:Package 'src/vrpn_client_ros-ros2' with type 'ros.ament_cmake' and name 'vrpn_client_ros'
[0.243s] Level 1:colcon.colcon_core.package_discovery:discover_packages(recursive) using defaults
[0.244s] Level 1:colcon.colcon_core.package_discovery:discover_packages(ignore) discover
[0.244s] Level 1:colcon.colcon_core.package_discovery:discover_packages(ignore) using defaults
[0.244s] Level 1:colcon.colcon_core.package_discovery:discover_packages(path) discover
[0.244s] Level 1:colcon.colcon_core.package_discovery:discover_packages(path) using defaults
[0.278s] INFO:colcon.colcon_core.package_selection:Skipping not selected package 'vrpn' in 'src/vrpn-ros2'
[0.279s] INFO:colcon.colcon_core.package_selection:Skipping not selected package 'vrpn_client_ros' in 'src/vrpn_client_ros-ros2'
[0.279s] Level 1:colcon.colcon_core.package_discovery:discover_packages(prefix_path) check parameters
[0.279s] Level 1:colcon.colcon_core.package_discovery:discover_packages(prefix_path) discover
[0.283s] DEBUG:colcon.colcon_installed_package_information.package_discovery:Found 3 installed packages in /home/zq/colcon_ws/install
[0.285s] DEBUG:colcon.colcon_installed_package_information.package_discovery:Found 256 installed packages in /opt/ros/foxy
[0.287s] Level 1:colcon.colcon_core.package_discovery:discover_packages(prefix_path) using defaults
[0.372s] Level 5:colcon.colcon_core.verb:set package 'arm_vrpn_pubsub' build argument 'cmake_args' from command line to 'None'
[0.372s] Level 5:colcon.colcon_core.verb:set package 'arm_vrpn_pubsub' build argument 'cmake_target' from command line to 'None'
[0.373s] Level 5:colcon.colcon_core.verb:set package 'arm_vrpn_pubsub' build argument 'cmake_target_skip_unavailable' from command line to 'False'
[0.373s] Level 5:colcon.colcon_core.verb:set package 'arm_vrpn_pubsub' build argument 'cmake_clean_cache' from command line to 'False'
[0.373s] Level 5:colcon.colcon_core.verb:set package 'arm_vrpn_pubsub' build argument 'cmake_clean_first' from command line to 'False'
[0.373s] Level 5:colcon.colcon_core.verb:set package 'arm_vrpn_pubsub' build argument 'cmake_force_configure' from command line to 'False'
[0.373s] Level 5:colcon.colcon_core.verb:set package 'arm_vrpn_pubsub' build argument 'ament_cmake_args' from command line to 'None'
[0.373s] Level 5:colcon.colcon_core.verb:set package 'arm_vrpn_pubsub' build argument 'catkin_cmake_args' from command line to 'None'
[0.373s] Level 5:colcon.colcon_core.verb:set package 'arm_vrpn_pubsub' build argument 'catkin_skip_building_tests' from command line to 'False'
[0.373s] DEBUG:colcon.colcon_core.verb:Building package 'arm_vrpn_pubsub' with the following arguments: {'ament_cmake_args': None, 'build_base': '/home/zq/colcon_ws/build/arm_vrpn_pubsub', 'catkin_cmake_args': None, 'catkin_skip_building_tests': False, 'cmake_args': None, 'cmake_clean_cache': False, 'cmake_clean_first': False, 'cmake_force_configure': False, 'cmake_target': None, 'cmake_target_skip_unavailable': False, 'install_base': '/home/zq/colcon_ws/install/arm_vrpn_pubsub', 'merge_install': False, 'path': '/home/zq/colcon_ws/src/arm_vrpn-main', 'symlink_install': False, 'test_result_base': None}
[0.374s] INFO:colcon.colcon_core.executor:Executing jobs using 'parallel' executor
[0.379s] DEBUG:colcon.colcon_parallel_executor.executor.parallel:run_until_complete
[0.379s] INFO:colcon.colcon_ros.task.ament_cmake.build:Building ROS package in '/home/zq/colcon_ws/src/arm_vrpn-main' with build type 'ament_cmake'
[0.379s] INFO:colcon.colcon_cmake.task.cmake.build:Building CMake package in '/home/zq/colcon_ws/src/arm_vrpn-main'
[0.385s] INFO:colcon.colcon_core.plugin_system:Skipping extension 'colcon_core.shell.bat': Not used on non-Windows systems
[0.386s] INFO:colcon.colcon_core.shell:Skip shell extension 'powershell' for command environment: Not usable outside of PowerShell
[0.386s] DEBUG:colcon.colcon_core.shell:Skip shell extension 'dsv' for command environment
[0.405s] DEBUG:colcon.colcon_core.event_handler.log_command:Invoking command in '/home/zq/colcon_ws/build/arm_vrpn_pubsub': CMAKE_PREFIX_PATH=${CMAKE_PREFIX_PATH}:/opt/ros/foxy /usr/bin/cmake --build /home/zq/colcon_ws/build/arm_vrpn_pubsub -- -j4 -l4
[3.860s] DEBUG:colcon.colcon_core.event_handler.log_command:Invoked command in '/home/zq/colcon_ws/build/arm_vrpn_pubsub' returned '2': CMAKE_PREFIX_PATH=${CMAKE_PREFIX_PATH}:/opt/ros/foxy /usr/bin/cmake --build /home/zq/colcon_ws/build/arm_vrpn_pubsub -- -j4 -l4
[3.899s] Level 1:colcon.colcon_core.environment:create_environment_scripts_only(arm_vrpn_pubsub)
[3.906s] Level 1:colcon.colcon_core.environment:checking '/home/zq/colcon_ws/install/arm_vrpn_pubsub' for CMake module files
[3.907s] Level 1:colcon.colcon_core.environment:checking '/home/zq/colcon_ws/install/arm_vrpn_pubsub' for CMake config files
[3.907s] Level 1:colcon.colcon_core.shell:create_environment_hook('arm_vrpn_pubsub', 'cmake_prefix_path')
[3.909s] INFO:colcon.colcon_core.shell:Creating environment hook '/home/zq/colcon_ws/install/arm_vrpn_pubsub/share/arm_vrpn_pubsub/hook/cmake_prefix_path.ps1'
[3.910s] INFO:colcon.colcon_core.shell:Creating environment descriptor '/home/zq/colcon_ws/install/arm_vrpn_pubsub/share/arm_vrpn_pubsub/hook/cmake_prefix_path.dsv'
[3.910s] INFO:colcon.colcon_core.shell:Creating environment hook '/home/zq/colcon_ws/install/arm_vrpn_pubsub/share/arm_vrpn_pubsub/hook/cmake_prefix_path.sh'
[3.912s] Level 1:colcon.colcon_core.environment:checking '/home/zq/colcon_ws/install/arm_vrpn_pubsub/lib'
[3.912s] Level 1:colcon.colcon_core.environment:checking '/home/zq/colcon_ws/install/arm_vrpn_pubsub/bin'
[3.912s] Level 1:colcon.colcon_core.environment:checking '/home/zq/colcon_ws/install/arm_vrpn_pubsub/lib/pkgconfig/arm_vrpn_pubsub.pc'
[3.912s] Level 1:colcon.colcon_core.environment:checking '/home/zq/colcon_ws/install/arm_vrpn_pubsub/lib/python3.8/site-packages'
[3.913s] Level 1:colcon.colcon_core.environment:checking '/home/zq/colcon_ws/install/arm_vrpn_pubsub/bin'
[3.915s] INFO:colcon.colcon_core.shell:Creating package script '/home/zq/colcon_ws/install/arm_vrpn_pubsub/share/arm_vrpn_pubsub/package.ps1'
[3.916s] INFO:colcon.colcon_core.shell:Creating package descriptor '/home/zq/colcon_ws/install/arm_vrpn_pubsub/share/arm_vrpn_pubsub/package.dsv'
[3.917s] INFO:colcon.colcon_core.shell:Creating package script '/home/zq/colcon_ws/install/arm_vrpn_pubsub/share/arm_vrpn_pubsub/package.sh'
[3.917s] INFO:colcon.colcon_core.shell:Creating package script '/home/zq/colcon_ws/install/arm_vrpn_pubsub/share/arm_vrpn_pubsub/package.bash'
[3.918s] INFO:colcon.colcon_core.shell:Creating package script '/home/zq/colcon_ws/install/arm_vrpn_pubsub/share/arm_vrpn_pubsub/package.zsh'
[3.919s] Level 1:colcon.colcon_core.environment:create_file_with_runtime_dependencies(/home/zq/colcon_ws/install/arm_vrpn_pubsub/share/colcon-core/packages/arm_vrpn_pubsub)
[3.920s] DEBUG:colcon.colcon_parallel_executor.executor.parallel:closing loop
[3.921s] DEBUG:colcon.colcon_parallel_executor.executor.parallel:loop closed
[3.921s] DEBUG:colcon.colcon_parallel_executor.executor.parallel:run_until_complete finished with '2'
[3.921s] DEBUG:colcon.colcon_core.event_reactor:joining thread
[3.930s] INFO:colcon.colcon_core.plugin_system:Skipping extension 'colcon_notification.desktop_notification.terminal_notifier': Not used on non-Darwin systems
[3.930s] INFO:colcon.colcon_core.plugin_system:Skipping extension 'colcon_notification.desktop_notification.win32': Not used on non-Windows systems
[3.930s] INFO:colcon.colcon_notification.desktop_notification:Sending desktop notification using 'notify2'
[3.953s] DEBUG:colcon.colcon_core.event_reactor:joined thread
[3.955s] INFO:colcon.colcon_core.shell:Creating prefix script '/home/zq/colcon_ws/install/local_setup.ps1'
[3.956s] INFO:colcon.colcon_core.shell:Creating prefix util module '/home/zq/colcon_ws/install/_local_setup_util_ps1.py'
[3.958s] INFO:colcon.colcon_core.shell:Creating prefix chain script '/home/zq/colcon_ws/install/setup.ps1'
[3.960s] INFO:colcon.colcon_core.shell:Creating prefix script '/home/zq/colcon_ws/install/local_setup.sh'
[3.961s] INFO:colcon.colcon_core.shell:Creating prefix util module '/home/zq/colcon_ws/install/_local_setup_util_sh.py'
[3.962s] INFO:colcon.colcon_core.shell:Creating prefix chain script '/home/zq/colcon_ws/install/setup.sh'
[3.964s] INFO:colcon.colcon_core.shell:Creating prefix script '/home/zq/colcon_ws/install/local_setup.bash'
[3.964s] INFO:colcon.colcon_core.shell:Creating prefix chain script '/home/zq/colcon_ws/install/setup.bash'
[3.966s] INFO:colcon.colcon_core.shell:Creating prefix script '/home/zq/colcon_ws/install/local_setup.zsh'
[3.966s] INFO:colcon.colcon_core.shell:Creating prefix chain script '/home/zq/colcon_ws/install/setup.zsh'
