[35m[1mScanning dependencies of target arm_mocap_pubsub[0m
[ 50%] [32mBuilding CXX object CMakeFiles/arm_mocap_pubsub.dir/src/arm_mocap_pubsub.cpp.o[0m
[100%] [32m[1mLinking CXX executable arm_mocap_pubsub[0m
/usr/bin/ld: CMakeFiles/arm_mocap_pubsub.dir/src/arm_mocap_pubsub.cpp.o: in function `zmq::error_t::error_t()':
arm_mocap_pubsub.cpp:(.text._ZN3zmq7error_tC2Ev[_ZN3zmq7error_tC5Ev]+0x2b): undefined reference to `zmq_errno'
/usr/bin/ld: CMakeFiles/arm_mocap_pubsub.dir/src/arm_mocap_pubsub.cpp.o: in function `zmq::error_t::what() const':
arm_mocap_pubsub.cpp:(.text._ZNK3zmq7error_t4whatEv[_ZNK3zmq7error_t4whatEv]+0x1a): undefined reference to `zmq_strerror'
/usr/bin/ld: CMakeFiles/arm_mocap_pubsub.dir/src/arm_mocap_pubsub.cpp.o: in function `zmq::context_t::context_t()':
arm_mocap_pubsub.cpp:(.text._ZN3zmq9context_tC2Ev[_ZN3zmq9context_tC5Ev]+0x12): undefined reference to `zmq_ctx_new'
/usr/bin/ld: CMakeFiles/arm_mocap_pubsub.dir/src/arm_mocap_pubsub.cpp.o: in function `zmq::context_t::close()':
arm_mocap_pubsub.cpp:(.text._ZN3zmq9context_t5closeEv[_ZN3zmq9context_t5closeEv]+0x27): undefined reference to `zmq_ctx_term'
/usr/bin/ld: CMakeFiles/arm_mocap_pubsub.dir/src/arm_mocap_pubsub.cpp.o: in function `zmq::detail::socket_base::bind(char const*)':
arm_mocap_pubsub.cpp:(.text._ZN3zmq6detail11socket_base4bindEPKc[_ZN3zmq6detail11socket_base4bindEPKc]+0x27): undefined reference to `zmq_bind'
/usr/bin/ld: CMakeFiles/arm_mocap_pubsub.dir/src/arm_mocap_pubsub.cpp.o: in function `zmq::detail::socket_base::send(zmq::const_buffer, zmq::send_flags)':
arm_mocap_pubsub.cpp:(.text._ZN3zmq6detail11socket_base4sendENS_12const_bufferENS_10send_flagsE[_ZN3zmq6detail11socket_base4sendENS_12const_bufferENS_10send_flagsE]+0x65): undefined reference to `zmq_send'
/usr/bin/ld: arm_mocap_pubsub.cpp:(.text._ZN3zmq6detail11socket_base4sendENS_12const_bufferENS_10send_flagsE[_ZN3zmq6detail11socket_base4sendENS_12const_bufferENS_10send_flagsE]+0x92): undefined reference to `zmq_errno'
/usr/bin/ld: CMakeFiles/arm_mocap_pubsub.dir/src/arm_mocap_pubsub.cpp.o: in function `zmq::socket_t::socket_t(zmq::context_t&, int)':
arm_mocap_pubsub.cpp:(.text._ZN3zmq8socket_tC2ERNS_9context_tEi[_ZN3zmq8socket_tC5ERNS_9context_tEi]+0x34): undefined reference to `zmq_socket'
/usr/bin/ld: CMakeFiles/arm_mocap_pubsub.dir/src/arm_mocap_pubsub.cpp.o: in function `zmq::socket_t::close()':
arm_mocap_pubsub.cpp:(.text._ZN3zmq8socket_t5closeEv[_ZN3zmq8socket_t5closeEv]+0x27): undefined reference to `zmq_close'
collect2: error: ld returned 1 exit status
make[2]: *** [CMakeFiles/arm_mocap_pubsub.dir/build.make:166: arm_mocap_pubsub] Error 1
make[1]: *** [CMakeFiles/Makefile2:78: CMakeFiles/arm_mocap_pubsub.dir/all] Error 2
make: *** [Makefile:141: all] Error 2
