[0.028s] Invoking command in '/home/zq/colcon_ws/build/arm_vrpn_pubsub': CMAKE_PREFIX_PATH=${CMAKE_PREFIX_PATH}:/opt/ros/foxy /usr/bin/cmake --build /home/zq/colcon_ws/build/arm_vrpn_pubsub -- -j4 -l4
[0.088s] [35m[1mScanning dependencies of target arm_mocap_pubsub[0m
[0.132s] [ 50%] [32mBuilding CXX object CMakeFiles/arm_mocap_pubsub.dir/src/arm_mocap_pubsub.cpp.o[0m
[6.177s] [100%] [32m[1mLinking CXX executable arm_mocap_pubsub[0m
[6.595s] [100%] Built target arm_mocap_pubsub
[6.612s] Invoked command in '/home/zq/colcon_ws/build/arm_vrpn_pubsub' returned '0': CMAKE_PREFIX_PATH=${CMAKE_PREFIX_PATH}:/opt/ros/foxy /usr/bin/cmake --build /home/zq/colcon_ws/build/arm_vrpn_pubsub -- -j4 -l4
[6.664s] Invoking command in '/home/zq/colcon_ws/build/arm_vrpn_pubsub': CMAKE_PREFIX_PATH=${CMAKE_PREFIX_PATH}:/opt/ros/foxy /usr/bin/cmake --install /home/zq/colcon_ws/build/arm_vrpn_pubsub
[6.676s] -- Install configuration: ""
[6.676s] -- Installing: /home/zq/colcon_ws/install/arm_vrpn_pubsub/lib/arm_vrpn_pubsub/arm_mocap_pubsub
[6.680s] -- Set runtime path of "/home/zq/colcon_ws/install/arm_vrpn_pubsub/lib/arm_vrpn_pubsub/arm_mocap_pubsub" to ""
[6.680s] -- Up-to-date: /home/zq/colcon_ws/install/arm_vrpn_pubsub/share/ament_index/resource_index/package_run_dependencies/arm_vrpn_pubsub
[6.680s] -- Up-to-date: /home/zq/colcon_ws/install/arm_vrpn_pubsub/share/ament_index/resource_index/parent_prefix_path/arm_vrpn_pubsub
[6.681s] -- Up-to-date: /home/zq/colcon_ws/install/arm_vrpn_pubsub/share/arm_vrpn_pubsub/environment/ament_prefix_path.sh
[6.681s] -- Up-to-date: /home/zq/colcon_ws/install/arm_vrpn_pubsub/share/arm_vrpn_pubsub/environment/ament_prefix_path.dsv
[6.681s] -- Up-to-date: /home/zq/colcon_ws/install/arm_vrpn_pubsub/share/arm_vrpn_pubsub/environment/path.sh
[6.682s] -- Up-to-date: /home/zq/colcon_ws/install/arm_vrpn_pubsub/share/arm_vrpn_pubsub/environment/path.dsv
[6.682s] -- Up-to-date: /home/zq/colcon_ws/install/arm_vrpn_pubsub/share/arm_vrpn_pubsub/local_setup.bash
[6.682s] -- Up-to-date: /home/zq/colcon_ws/install/arm_vrpn_pubsub/share/arm_vrpn_pubsub/local_setup.sh
[6.682s] -- Up-to-date: /home/zq/colcon_ws/install/arm_vrpn_pubsub/share/arm_vrpn_pubsub/local_setup.zsh
[6.682s] -- Up-to-date: /home/zq/colcon_ws/install/arm_vrpn_pubsub/share/arm_vrpn_pubsub/local_setup.dsv
[6.683s] -- Installing: /home/zq/colcon_ws/install/arm_vrpn_pubsub/share/arm_vrpn_pubsub/package.dsv
[6.683s] -- Up-to-date: /home/zq/colcon_ws/install/arm_vrpn_pubsub/share/ament_index/resource_index/packages/arm_vrpn_pubsub
[6.683s] -- Up-to-date: /home/zq/colcon_ws/install/arm_vrpn_pubsub/share/arm_vrpn_pubsub/cmake/arm_vrpn_pubsubConfig.cmake
[6.683s] -- Up-to-date: /home/zq/colcon_ws/install/arm_vrpn_pubsub/share/arm_vrpn_pubsub/cmake/arm_vrpn_pubsubConfig-version.cmake
[6.683s] -- Up-to-date: /home/zq/colcon_ws/install/arm_vrpn_pubsub/share/arm_vrpn_pubsub/package.xml
[6.686s] Invoked command in '/home/zq/colcon_ws/build/arm_vrpn_pubsub' returned '0': CMAKE_PREFIX_PATH=${CMAKE_PREFIX_PATH}:/opt/ros/foxy /usr/bin/cmake --install /home/zq/colcon_ws/build/arm_vrpn_pubsub
