[0.049s] Invoking command in '/home/zq/colcon_ws/build/vrpn': CMAKE_PREFIX_PATH=${CMAKE_PREFIX_PATH}:/opt/ros/foxy /usr/bin/cmake --build /home/zq/colcon_ws/build/vrpn -- -j4 -l4
[0.168s] [  3%] Built target quat
[0.190s] [  5%] Built target gpsnmea
[0.193s] [  8%] Built target vrpn_atmel
[0.198s] [  9%] Built target vrpn_timecode_generator
[0.239s] [ 23%] Built target vrpn
[0.322s] [ 24%] Built target vrpn_print_devices
[0.338s] [ 25%] Built target c_interface_example
[0.343s] [ 88%] Built target vrpnserver
[0.346s] [ 88%] Built target run_auxiliary_logger
[0.411s] [ 89%] Built target vrpn_server
[0.414s] [ 90%] Built target vrpn_print_messages
[0.420s] [ 90%] Built target vrpn_average_analogs
[0.423s] [ 91%] Built target vrpn_print_performance
[0.463s] [ 92%] Built target vrpn_streamPrint
[0.497s] [100%] Built target vrpn-python
[0.545s] Invoked command in '/home/zq/colcon_ws/build/vrpn' returned '0': CMAKE_PREFIX_PATH=${CMAKE_PREFIX_PATH}:/opt/ros/foxy /usr/bin/cmake --build /home/zq/colcon_ws/build/vrpn -- -j4 -l4
[0.999s] Invoking command in '/home/zq/colcon_ws/build/vrpn': CMAKE_PREFIX_PATH=${CMAKE_PREFIX_PATH}:/opt/ros/foxy /usr/bin/cmake --install /home/zq/colcon_ws/build/vrpn
[1.013s] -- Install configuration: "RelWithDebInfo"
[1.014s] -- Up-to-date: /home/zq/colcon_ws/install/vrpn/lib/libvrpnserver.a
[1.014s] -- Up-to-date: /home/zq/colcon_ws/install/vrpn/include/vrpn_Configure.h
[1.015s] -- Up-to-date: /home/zq/colcon_ws/install/vrpn/include/vrpn_Analog.h
[1.015s] -- Up-to-date: /home/zq/colcon_ws/install/vrpn/include/vrpn_Analog_Output.h
[1.015s] -- Up-to-date: /home/zq/colcon_ws/install/vrpn/include/vrpn_Assert.h
[1.015s] -- Up-to-date: /home/zq/colcon_ws/install/vrpn/include/vrpn_Auxiliary_Logger.h
[1.016s] -- Up-to-date: /home/zq/colcon_ws/install/vrpn/include/vrpn_BaseClass.h
[1.017s] -- Up-to-date: /home/zq/colcon_ws/install/vrpn/include/vrpn_Button.h
[1.018s] -- Up-to-date: /home/zq/colcon_ws/install/vrpn/include/vrpn_Connection.h
[1.018s] -- Up-to-date: /home/zq/colcon_ws/install/vrpn/include/vrpn_ConnectionPtr.h
[1.020s] -- Up-to-date: /home/zq/colcon_ws/install/vrpn/include/vrpn_Dial.h
[1.020s] -- Up-to-date: /home/zq/colcon_ws/install/vrpn/include/vrpn_EndpointContainer.h
[1.021s] -- Up-to-date: /home/zq/colcon_ws/install/vrpn/include/vrpn_FileConnection.h
[1.021s] -- Up-to-date: /home/zq/colcon_ws/install/vrpn/include/vrpn_FileController.h
[1.021s] -- Up-to-date: /home/zq/colcon_ws/install/vrpn/include/vrpn_ForceDevice.h
[1.022s] -- Up-to-date: /home/zq/colcon_ws/install/vrpn/include/vrpn_ForwarderController.h
[1.022s] -- Up-to-date: /home/zq/colcon_ws/install/vrpn/include/vrpn_Forwarder.h
[1.022s] -- Up-to-date: /home/zq/colcon_ws/install/vrpn/include/vrpn_FunctionGenerator.h
[1.023s] -- Up-to-date: /home/zq/colcon_ws/install/vrpn/include/vrpn_Imager.h
[1.023s] -- Up-to-date: /home/zq/colcon_ws/install/vrpn/include/vrpn_LamportClock.h
[1.024s] -- Up-to-date: /home/zq/colcon_ws/install/vrpn/include/vrpn_Log.h
[1.024s] -- Up-to-date: /home/zq/colcon_ws/install/vrpn/include/vrpn_MainloopContainer.h
[1.024s] -- Up-to-date: /home/zq/colcon_ws/install/vrpn/include/vrpn_MainloopObject.h
[1.025s] -- Up-to-date: /home/zq/colcon_ws/install/vrpn/include/vrpn_Mutex.h
[1.025s] -- Up-to-date: /home/zq/colcon_ws/install/vrpn/include/vrpn_OwningPtr.h
[1.025s] -- Up-to-date: /home/zq/colcon_ws/install/vrpn/include/vrpn_RedundantTransmission.h
[1.025s] -- Up-to-date: /home/zq/colcon_ws/install/vrpn/include/vrpn_SendTextMessageStreamProxy.h
[1.025s] -- Up-to-date: /home/zq/colcon_ws/install/vrpn/include/vrpn_Serial.h
[1.026s] -- Up-to-date: /home/zq/colcon_ws/install/vrpn/include/vrpn_SerialPort.h
[1.026s] -- Up-to-date: /home/zq/colcon_ws/install/vrpn/include/vrpn_Shared.h
[1.026s] -- Up-to-date: /home/zq/colcon_ws/install/vrpn/include/vrpn_SharedObject.h
[1.026s] -- Up-to-date: /home/zq/colcon_ws/install/vrpn/include/vrpn_Sound.h
[1.027s] -- Up-to-date: /home/zq/colcon_ws/install/vrpn/include/vrpn_Text.h
[1.027s] -- Up-to-date: /home/zq/colcon_ws/install/vrpn/include/vrpn_Thread.h
[1.027s] -- Up-to-date: /home/zq/colcon_ws/install/vrpn/include/vrpn_Tracker.h
[1.027s] -- Up-to-date: /home/zq/colcon_ws/install/vrpn/include/vrpn_Types.h
[1.027s] -- Up-to-date: /home/zq/colcon_ws/install/vrpn/include/vrpn_WindowsH.h
[1.028s] -- Up-to-date: /home/zq/colcon_ws/install/vrpn/include/vrpn_3DConnexion.h
[1.028s] -- Up-to-date: /home/zq/colcon_ws/install/vrpn/include/vrpn_3DMicroscribe.h
[1.028s] -- Up-to-date: /home/zq/colcon_ws/install/vrpn/include/vrpn_3Space.h
[1.028s] -- Up-to-date: /home/zq/colcon_ws/install/vrpn/include/vrpn_5DT16.h
[1.028s] -- Up-to-date: /home/zq/colcon_ws/install/vrpn/include/vrpn_Adafruit.h
[1.029s] -- Up-to-date: /home/zq/colcon_ws/install/vrpn/include/vrpn_ADBox.h
[1.029s] -- Up-to-date: /home/zq/colcon_ws/install/vrpn/include/vrpn_Analog_5dt.h
[1.029s] -- Up-to-date: /home/zq/colcon_ws/install/vrpn/include/vrpn_Analog_5dtUSB.h
[1.029s] -- Up-to-date: /home/zq/colcon_ws/install/vrpn/include/vrpn_Analog_Radamec_SPI.h
[1.029s] -- Up-to-date: /home/zq/colcon_ws/install/vrpn/include/vrpn_Analog_USDigital_A2.h
[1.030s] -- Up-to-date: /home/zq/colcon_ws/install/vrpn/include/vrpn_Atmel.h
[1.030s] -- Up-to-date: /home/zq/colcon_ws/install/vrpn/include/vrpn_BiosciencesTools.h
[1.030s] -- Up-to-date: /home/zq/colcon_ws/install/vrpn/include/vrpn_Button_NI_DIO24.h
[1.030s] -- Up-to-date: /home/zq/colcon_ws/install/vrpn/include/vrpn_Button_USB.h
[1.030s] -- Up-to-date: /home/zq/colcon_ws/install/vrpn/include/vrpn_CerealBox.h
[1.031s] -- Up-to-date: /home/zq/colcon_ws/install/vrpn/include/vrpn_CHProducts_Controller_Raw.h
[1.031s] -- Up-to-date: /home/zq/colcon_ws/install/vrpn/include/vrpn_Contour.h
[1.031s] -- Up-to-date: /home/zq/colcon_ws/install/vrpn/include/vrpn_DevInput.h
[1.031s] -- Up-to-date: /home/zq/colcon_ws/install/vrpn/include/vrpn_DirectXFFJoystick.h
[1.031s] -- Up-to-date: /home/zq/colcon_ws/install/vrpn/include/vrpn_DirectXRumblePad.h
[1.032s] -- Up-to-date: /home/zq/colcon_ws/install/vrpn/include/vrpn_DreamCheeky.h
[1.033s] -- Up-to-date: /home/zq/colcon_ws/install/vrpn/include/vrpn_Dyna.h
[1.033s] -- Up-to-date: /home/zq/colcon_ws/install/vrpn/include/vrpn_Event_Analog.h
[1.034s] -- Up-to-date: /home/zq/colcon_ws/install/vrpn/include/vrpn_Event.h
[1.037s] -- Up-to-date: /home/zq/colcon_ws/install/vrpn/include/vrpn_Event_Mouse.h
[1.038s] -- Up-to-date: /home/zq/colcon_ws/install/vrpn/include/vrpn_Flock.h
[1.038s] -- Up-to-date: /home/zq/colcon_ws/install/vrpn/include/vrpn_Flock_Parallel.h
[1.038s] -- Up-to-date: /home/zq/colcon_ws/install/vrpn/include/vrpn_ForceDeviceServer.h
[1.038s] -- Up-to-date: /home/zq/colcon_ws/install/vrpn/include/vrpn_Freespace.h
[1.038s] -- Up-to-date: /home/zq/colcon_ws/install/vrpn/include/vrpn_FunctionGenerator.h
[1.039s] -- Up-to-date: /home/zq/colcon_ws/install/vrpn/include/vrpn_Futaba.h
[1.039s] -- Up-to-date: /home/zq/colcon_ws/install/vrpn/include/vrpn_GlobalHapticsOrb.h
[1.039s] -- Up-to-date: /home/zq/colcon_ws/install/vrpn/include/vrpn_Griffin.h
[1.039s] -- Up-to-date: /home/zq/colcon_ws/install/vrpn/include/vrpn_HashST.h
[1.039s] -- Up-to-date: /home/zq/colcon_ws/install/vrpn/include/vrpn_HumanInterface.h
[1.042s] -- Up-to-date: /home/zq/colcon_ws/install/vrpn/include/vrpn_IDEA.h
[1.042s] -- Up-to-date: /home/zq/colcon_ws/install/vrpn/include/vrpn_Imager_Stream_Buffer.h
[1.042s] -- Up-to-date: /home/zq/colcon_ws/install/vrpn/include/vrpn_ImmersionBox.h
[1.042s] -- Up-to-date: /home/zq/colcon_ws/install/vrpn/include/vrpn_inertiamouse.h
[1.043s] -- Up-to-date: /home/zq/colcon_ws/install/vrpn/include/vrpn_JoyFly.h
[1.043s] -- Up-to-date: /home/zq/colcon_ws/install/vrpn/include/vrpn_Joylin.h
[1.043s] -- Up-to-date: /home/zq/colcon_ws/install/vrpn/include/vrpn_Joywin32.h
[1.043s] -- Up-to-date: /home/zq/colcon_ws/install/vrpn/include/vrpn_Keyboard.h
[1.044s] -- Up-to-date: /home/zq/colcon_ws/install/vrpn/include/vrpn_Logitech_Controller_Raw.h
[1.044s] -- Up-to-date: /home/zq/colcon_ws/install/vrpn/include/vrpn_Laputa.h
[1.044s] -- Up-to-date: /home/zq/colcon_ws/install/vrpn/include/vrpn_LUDL.h
[1.044s] -- Up-to-date: /home/zq/colcon_ws/install/vrpn/include/vrpn_Magellan.h
[1.044s] -- Up-to-date: /home/zq/colcon_ws/install/vrpn/include/vrpn_MessageMacros.h
[1.045s] -- Up-to-date: /home/zq/colcon_ws/install/vrpn/include/vrpn_Microsoft_Controller_Raw.h
[1.045s] -- Up-to-date: /home/zq/colcon_ws/install/vrpn/include/vrpn_Mouse.h
[1.045s] -- Up-to-date: /home/zq/colcon_ws/install/vrpn/include/vrpn_NationalInstruments.h
[1.045s] -- Up-to-date: /home/zq/colcon_ws/install/vrpn/include/vrpn_Nidaq.h
[1.045s] -- Up-to-date: /home/zq/colcon_ws/install/vrpn/include/vrpn_nikon_controls.h
[1.045s] -- Up-to-date: /home/zq/colcon_ws/install/vrpn/include/vrpn_nVidia_shield_controller.h
[1.046s] -- Up-to-date: /home/zq/colcon_ws/install/vrpn/include/vrpn_Oculus.h
[1.046s] -- Up-to-date: /home/zq/colcon_ws/install/vrpn/include/vrpn_OmegaTemperature.h
[1.046s] -- Up-to-date: /home/zq/colcon_ws/install/vrpn/include/vrpn_OneEuroFilter.h
[1.046s] -- Up-to-date: /home/zq/colcon_ws/install/vrpn/include/vrpn_OzzMaker.h
[1.046s] -- Up-to-date: /home/zq/colcon_ws/install/vrpn/include/vrpn_Poser_Analog.h
[1.046s] -- Up-to-date: /home/zq/colcon_ws/install/vrpn/include/vrpn_Poser.h
[1.047s] -- Up-to-date: /home/zq/colcon_ws/install/vrpn/include/vrpn_Poser_Tek4662.h
[1.047s] -- Up-to-date: /home/zq/colcon_ws/install/vrpn/include/vrpn_raw_sgibox.h
[1.047s] -- Up-to-date: /home/zq/colcon_ws/install/vrpn/include/vrpn_Retrolink.h
[1.047s] -- Up-to-date: /home/zq/colcon_ws/install/vrpn/include/vrpn_Saitek_Controller_Raw.h
[1.047s] -- Up-to-date: /home/zq/colcon_ws/install/vrpn/include/vrpn_sgibox.h
[1.047s] -- Up-to-date: /home/zq/colcon_ws/install/vrpn/include/vrpn_Spaceball.h
[1.047s] -- Up-to-date: /home/zq/colcon_ws/install/vrpn/include/vrpn_Streaming_Arduino.h
[1.048s] -- Up-to-date: /home/zq/colcon_ws/install/vrpn/include/vrpn_Tng3.h
[1.048s] -- Up-to-date: /home/zq/colcon_ws/install/vrpn/include/vrpn_Tracker_3DMouse.h
[1.048s] -- Up-to-date: /home/zq/colcon_ws/install/vrpn/include/vrpn_Tracker_AnalogFly.h
[1.048s] -- Up-to-date: /home/zq/colcon_ws/install/vrpn/include/vrpn_Tracker_ButtonFly.h
[1.048s] -- Up-to-date: /home/zq/colcon_ws/install/vrpn/include/vrpn_Tracker_Crossbow.h
[1.048s] -- Up-to-date: /home/zq/colcon_ws/install/vrpn/include/vrpn_Tracker_DTrack.h
[1.049s] -- Up-to-date: /home/zq/colcon_ws/install/vrpn/include/vrpn_Tracker_Fastrak.h
[1.049s] -- Up-to-date: /home/zq/colcon_ws/install/vrpn/include/vrpn_Tracker_Filter.h
[1.049s] -- Up-to-date: /home/zq/colcon_ws/install/vrpn/include/vrpn_Tracker_GameTrak.h
[1.049s] -- Up-to-date: /home/zq/colcon_ws/install/vrpn/include/vrpn_Tracker_GPS.h
[1.049s] -- Up-to-date: /home/zq/colcon_ws/install/vrpn/include/vrpn_Tracker_IMU.h
[1.049s] -- Up-to-date: /home/zq/colcon_ws/install/vrpn/include/vrpn_Tracker_isense.h
[1.050s] -- Up-to-date: /home/zq/colcon_ws/install/vrpn/include/vrpn_Tracker_Isotrak.h
[1.050s] -- Up-to-date: /home/zq/colcon_ws/install/vrpn/include/vrpn_Tracker_JsonNet.h
[1.050s] -- Up-to-date: /home/zq/colcon_ws/install/vrpn/include/vrpn_Tracker_Liberty.h
[1.050s] -- Up-to-date: /home/zq/colcon_ws/install/vrpn/include/vrpn_Tracker_MotionNode.h
[1.050s] -- Up-to-date: /home/zq/colcon_ws/install/vrpn/include/vrpn_Tracker_NDI_Polaris.h
[1.050s] -- Up-to-date: /home/zq/colcon_ws/install/vrpn/include/vrpn_Tracker_NovintFalcon.h
[1.051s] -- Up-to-date: /home/zq/colcon_ws/install/vrpn/include/vrpn_Tracker_OSVRHackerDevKit.h
[1.051s] -- Up-to-date: /home/zq/colcon_ws/install/vrpn/include/vrpn_Tracker_PDI.h
[1.051s] -- Up-to-date: /home/zq/colcon_ws/install/vrpn/include/vrpn_Tracker_PhaseSpace.h
[1.051s] -- Up-to-date: /home/zq/colcon_ws/install/vrpn/include/vrpn_Tracker_RazerHydra.h
[1.051s] -- Up-to-date: /home/zq/colcon_ws/install/vrpn/include/vrpn_Tracker_ThalmicLabsMyo.h
[1.051s] -- Up-to-date: /home/zq/colcon_ws/install/vrpn/include/vrpn_Tracker_SpacePoint.h
[1.052s] -- Up-to-date: /home/zq/colcon_ws/install/vrpn/include/vrpn_Tracker_Wintracker.h
[1.052s] -- Up-to-date: /home/zq/colcon_ws/install/vrpn/include/vrpn_Tracker_Colibri.h
[1.052s] -- Up-to-date: /home/zq/colcon_ws/install/vrpn/include/vrpn_Tracker_TrivisioColibri.h
[1.052s] -- Up-to-date: /home/zq/colcon_ws/install/vrpn/include/vrpn_Tracker_WiimoteHead.h
[1.052s] -- Up-to-date: /home/zq/colcon_ws/install/vrpn/include/vrpn_Tracker_zSight.h
[1.052s] -- Up-to-date: /home/zq/colcon_ws/install/vrpn/include/vrpn_Tracker_ViewPoint.h
[1.053s] -- Up-to-date: /home/zq/colcon_ws/install/vrpn/include/vrpn_UNC_Joystick.h
[1.053s] -- Up-to-date: /home/zq/colcon_ws/install/vrpn/include/vrpn_VPJoystick.h
[1.053s] -- Up-to-date: /home/zq/colcon_ws/install/vrpn/include/vrpn_Wanda.h
[1.053s] -- Up-to-date: /home/zq/colcon_ws/install/vrpn/include/vrpn_WiiMote.h
[1.053s] -- Up-to-date: /home/zq/colcon_ws/install/vrpn/include/vrpn_XInputGamepad.h
[1.053s] -- Up-to-date: /home/zq/colcon_ws/install/vrpn/include/vrpn_Xkeys.h
[1.054s] -- Up-to-date: /home/zq/colcon_ws/install/vrpn/include/vrpn_Tracker_LibertyHS.h
[1.054s] -- Up-to-date: /home/zq/colcon_ws/install/vrpn/include/vrpn_YEI_3Space.h
[1.054s] -- Up-to-date: /home/zq/colcon_ws/install/vrpn/include/vrpn_Zaber.h
[1.054s] -- Up-to-date: /home/zq/colcon_ws/install/vrpn/include/vrpn_Generic_server_object.h
[1.054s] -- Up-to-date: /home/zq/colcon_ws/install/vrpn/share/vrpn/package.xml
[1.055s] -- Up-to-date: /home/zq/colcon_ws/install/vrpn/share/vrpn/cmake/VRPNConfig.cmake
[1.055s] -- Up-to-date: /home/zq/colcon_ws/install/vrpn/share/quatlib/cmake/quatlibConfig.cmake
[1.055s] -- Up-to-date: /home/zq/colcon_ws/install/vrpn/lib/libvrpn.a
[1.055s] -- Up-to-date: /home/zq/colcon_ws/install/vrpn/include/vrpn_Configure.h
[1.055s] -- Up-to-date: /home/zq/colcon_ws/install/vrpn/include/vrpn_Analog.h
[1.055s] -- Up-to-date: /home/zq/colcon_ws/install/vrpn/include/vrpn_Analog_Output.h
[1.056s] -- Up-to-date: /home/zq/colcon_ws/install/vrpn/include/vrpn_Assert.h
[1.056s] -- Up-to-date: /home/zq/colcon_ws/install/vrpn/include/vrpn_Auxiliary_Logger.h
[1.056s] -- Up-to-date: /home/zq/colcon_ws/install/vrpn/include/vrpn_BaseClass.h
[1.056s] -- Up-to-date: /home/zq/colcon_ws/install/vrpn/include/vrpn_Button.h
[1.056s] -- Up-to-date: /home/zq/colcon_ws/install/vrpn/include/vrpn_Connection.h
[1.057s] -- Up-to-date: /home/zq/colcon_ws/install/vrpn/include/vrpn_ConnectionPtr.h
[1.057s] -- Up-to-date: /home/zq/colcon_ws/install/vrpn/include/vrpn_Dial.h
[1.057s] -- Up-to-date: /home/zq/colcon_ws/install/vrpn/include/vrpn_EndpointContainer.h
[1.057s] -- Up-to-date: /home/zq/colcon_ws/install/vrpn/include/vrpn_FileConnection.h
[1.057s] -- Up-to-date: /home/zq/colcon_ws/install/vrpn/include/vrpn_FileController.h
[1.058s] -- Up-to-date: /home/zq/colcon_ws/install/vrpn/include/vrpn_ForceDevice.h
[1.058s] -- Up-to-date: /home/zq/colcon_ws/install/vrpn/include/vrpn_ForwarderController.h
[1.058s] -- Up-to-date: /home/zq/colcon_ws/install/vrpn/include/vrpn_Forwarder.h
[1.058s] -- Up-to-date: /home/zq/colcon_ws/install/vrpn/include/vrpn_FunctionGenerator.h
[1.058s] -- Up-to-date: /home/zq/colcon_ws/install/vrpn/include/vrpn_Imager.h
[1.058s] -- Up-to-date: /home/zq/colcon_ws/install/vrpn/include/vrpn_LamportClock.h
[1.059s] -- Up-to-date: /home/zq/colcon_ws/install/vrpn/include/vrpn_Log.h
[1.059s] -- Up-to-date: /home/zq/colcon_ws/install/vrpn/include/vrpn_MainloopContainer.h
[1.059s] -- Up-to-date: /home/zq/colcon_ws/install/vrpn/include/vrpn_MainloopObject.h
[1.059s] -- Up-to-date: /home/zq/colcon_ws/install/vrpn/include/vrpn_Mutex.h
[1.059s] -- Up-to-date: /home/zq/colcon_ws/install/vrpn/include/vrpn_OwningPtr.h
[1.059s] -- Up-to-date: /home/zq/colcon_ws/install/vrpn/include/vrpn_RedundantTransmission.h
[1.059s] -- Up-to-date: /home/zq/colcon_ws/install/vrpn/include/vrpn_SendTextMessageStreamProxy.h
[1.060s] -- Up-to-date: /home/zq/colcon_ws/install/vrpn/include/vrpn_Serial.h
[1.060s] -- Up-to-date: /home/zq/colcon_ws/install/vrpn/include/vrpn_SerialPort.h
[1.060s] -- Up-to-date: /home/zq/colcon_ws/install/vrpn/include/vrpn_Shared.h
[1.060s] -- Up-to-date: /home/zq/colcon_ws/install/vrpn/include/vrpn_SharedObject.h
[1.060s] -- Up-to-date: /home/zq/colcon_ws/install/vrpn/include/vrpn_Sound.h
[1.060s] -- Up-to-date: /home/zq/colcon_ws/install/vrpn/include/vrpn_Text.h
[1.060s] -- Up-to-date: /home/zq/colcon_ws/install/vrpn/include/vrpn_Thread.h
[1.061s] -- Up-to-date: /home/zq/colcon_ws/install/vrpn/include/vrpn_Tracker.h
[1.061s] -- Up-to-date: /home/zq/colcon_ws/install/vrpn/include/vrpn_Types.h
[1.061s] -- Up-to-date: /home/zq/colcon_ws/install/vrpn/include/vrpn_WindowsH.h
[1.061s] -- Up-to-date: /home/zq/colcon_ws/install/vrpn/lib/libquat.a
[1.061s] -- Up-to-date: /home/zq/colcon_ws/install/vrpn/include/quat.h
[1.061s] -- Up-to-date: /home/zq/colcon_ws/install/vrpn/lib/libquat.a
[1.061s] -- Up-to-date: /home/zq/colcon_ws/install/vrpn/include/quat.h
[1.062s] -- Up-to-date: /home/zq/colcon_ws/install/vrpn/lib/libvrpn_atmel.a
[1.062s] -- Up-to-date: /home/zq/colcon_ws/install/vrpn/include/vrpn_atmellib_errno.h
[1.062s] -- Up-to-date: /home/zq/colcon_ws/install/vrpn/include/vrpn_atmellib.h
[1.062s] -- Up-to-date: /home/zq/colcon_ws/install/vrpn/lib/libgpsnmea.a
[1.062s] -- Up-to-date: /home/zq/colcon_ws/install/vrpn/include/nmeaParser.h
[1.062s] -- Up-to-date: /home/zq/colcon_ws/install/vrpn/include/utmCoord.h
[1.062s] -- Up-to-date: /home/zq/colcon_ws/install/vrpn/include/latLonCoord.h
[1.063s] -- Up-to-date: /home/zq/colcon_ws/install/vrpn/bin/c_interface_example
[1.063s] -- Up-to-date: /home/zq/colcon_ws/install/vrpn/bin/vrpn_average_analogs
[1.063s] -- Up-to-date: /home/zq/colcon_ws/install/vrpn/bin/vrpn_print_devices
[1.063s] -- Up-to-date: /home/zq/colcon_ws/install/vrpn/bin/vrpn_print_performance
[1.063s] -- Up-to-date: /home/zq/colcon_ws/install/vrpn/bin/vrpn_print_messages
[1.063s] -- Up-to-date: /home/zq/colcon_ws/install/vrpn/bin/run_auxiliary_logger
[1.063s] -- Up-to-date: /home/zq/colcon_ws/install/vrpn/bin/vrpn_server
[1.064s] -- Up-to-date: /home/zq/colcon_ws/install/vrpn/etc/vrpn.cfg
[1.064s] -- Up-to-date: /home/zq/colcon_ws/install/vrpn/share/vrpn-07.34/vrpn.cfg.sample
[1.064s] -- Up-to-date: /home/zq/colcon_ws/install/vrpn/lib/libvrpn_timecode_generator.a
[1.064s] -- Up-to-date: /home/zq/colcon_ws/install/vrpn/include/vrpn_timecode_generator.h
[1.064s] -- Up-to-date: /home/zq/colcon_ws/install/vrpn/bin/vrpn_streamPrint
[1.064s] -- Up-to-date: /home/zq/colcon_ws/install/vrpn/lib/python3.8/dist-packages/vrpn.so
[1.064s] Invoked command in '/home/zq/colcon_ws/build/vrpn' returned '0': CMAKE_PREFIX_PATH=${CMAKE_PREFIX_PATH}:/opt/ros/foxy /usr/bin/cmake --install /home/zq/colcon_ws/build/vrpn
