[0.031s] Invoking command in '/home/zq/colcon_ws/build/arm_vrpn_pubsub': CMAKE_PREFIX_PATH=${CMAKE_PREFIX_PATH}:/opt/ros/foxy /usr/bin/cmake --build /home/zq/colcon_ws/build/arm_vrpn_pubsub -- -j4 -l4
[0.140s] [35m[1mScanning dependencies of target arm_mocap_pubsub[0m
[0.186s] [ 50%] [32mBuilding CXX object CMakeFiles/arm_mocap_pubsub.dir/src/arm_mocap_pubsub.cpp.o[0m
[1.932s] [01m[K/home/zq/colcon_ws/src/arm_vrpn-main/src/arm_mocap_pubsub.cpp:[m[K In member function ‘[01m[Kvoid Mocapzmq_pub::topic_callback1(geometry_msgs::msg::PoseStamped_<std::allocator<void> >::SharedPtr)[m[K’:
[1.932s] [01m[K/home/zq/colcon_ws/src/arm_vrpn-main/src/arm_mocap_pubsub.cpp:75:51:[m[K [01;31m[Kerror: [m[Kno matching function for call to ‘[01m[Kto_string(float [21])[m[K’
[1.932s]    75 |       std::string str_msg = std::to_string(ch_data[01;31m[K)[m[K
[1.933s]       |                                                   [01;31m[K^[m[K
[1.934s] In file included from [01m[K/usr/include/c++/9/string:55[m[K,
[1.934s]                  from [01m[K/usr/include/c++/9/stdexcept:39[m[K,
[1.934s]                  from [01m[K/usr/include/c++/9/array:39[m[K,
[1.934s]                  from [01m[K/usr/include/c++/9/tuple:39[m[K,
[1.934s]                  from [01m[K/usr/include/c++/9/functional:54[m[K,
[1.935s]                  from [01m[K/home/zq/colcon_ws/src/arm_vrpn-main/src/arm_mocap_pubsub.cpp:2[m[K:
[1.935s] [01m[K/usr/include/c++/9/bits/basic_string.h:6549:3:[m[K [01;36m[Knote: [m[Kcandidate: ‘[01m[Kstd::string std::__cxx11::to_string(int)[m[K’ <near match>
[1.935s]  6549 |   [01;36m[Kto_string[m[K(int __val)
[1.935s]       |   [01;36m[K^~~~~~~~~[m[K
[1.935s] [01m[K/usr/include/c++/9/bits/basic_string.h:6549:3:[m[K [01;36m[Knote: [m[K  conversion of argument 1 would be ill-formed:
[1.936s] [01m[K/home/zq/colcon_ws/src/arm_vrpn-main/src/arm_mocap_pubsub.cpp:75:44:[m[K [01;31m[Kerror: [m[Kinvalid conversion from ‘[01m[Kfloat*[m[K’ to ‘[01m[Kint[m[K’ [[01;31m[K-fpermissive[m[K]
[1.936s]    75 |       std::string str_msg = std::to_string([01;31m[Kch_data[m[K)
[1.936s]       |                                            [01;31m[K^~~~~~~[m[K
[1.936s]       |                                            [01;31m[K|[m[K
[1.936s]       |                                            [01;31m[Kfloat*[m[K
[1.937s] In file included from [01m[K/usr/include/c++/9/string:55[m[K,
[1.937s]                  from [01m[K/usr/include/c++/9/stdexcept:39[m[K,
[1.937s]                  from [01m[K/usr/include/c++/9/array:39[m[K,
[1.937s]                  from [01m[K/usr/include/c++/9/tuple:39[m[K,
[1.937s]                  from [01m[K/usr/include/c++/9/functional:54[m[K,
[1.937s]                  from [01m[K/home/zq/colcon_ws/src/arm_vrpn-main/src/arm_mocap_pubsub.cpp:2[m[K:
[1.938s] [01m[K/usr/include/c++/9/bits/basic_string.h:6554:3:[m[K [01;36m[Knote: [m[Kcandidate: ‘[01m[Kstd::string std::__cxx11::to_string(unsigned int)[m[K’ <near match>
[1.938s]  6554 |   [01;36m[Kto_string[m[K(unsigned __val)
[1.938s]       |   [01;36m[K^~~~~~~~~[m[K
[1.938s] [01m[K/usr/include/c++/9/bits/basic_string.h:6554:3:[m[K [01;36m[Knote: [m[K  conversion of argument 1 would be ill-formed:
[1.938s] [01m[K/home/zq/colcon_ws/src/arm_vrpn-main/src/arm_mocap_pubsub.cpp:75:44:[m[K [01;31m[Kerror: [m[Kinvalid conversion from ‘[01m[Kfloat*[m[K’ to ‘[01m[Kunsigned int[m[K’ [[01;31m[K-fpermissive[m[K]
[1.938s]    75 |       std::string str_msg = std::to_string([01;31m[Kch_data[m[K)
[1.939s]       |                                            [01;31m[K^~~~~~~[m[K
[1.939s]       |                                            [01;31m[K|[m[K
[1.939s]       |                                            [01;31m[Kfloat*[m[K
[1.939s] In file included from [01m[K/usr/include/c++/9/string:55[m[K,
[1.939s]                  from [01m[K/usr/include/c++/9/stdexcept:39[m[K,
[1.939s]                  from [01m[K/usr/include/c++/9/array:39[m[K,
[1.940s]                  from [01m[K/usr/include/c++/9/tuple:39[m[K,
[1.940s]                  from [01m[K/usr/include/c++/9/functional:54[m[K,
[1.940s]                  from [01m[K/home/zq/colcon_ws/src/arm_vrpn-main/src/arm_mocap_pubsub.cpp:2[m[K:
[1.940s] [01m[K/usr/include/c++/9/bits/basic_string.h:6560:3:[m[K [01;36m[Knote: [m[Kcandidate: ‘[01m[Kstd::string std::__cxx11::to_string(long int)[m[K’ <near match>
[1.940s]  6560 |   [01;36m[Kto_string[m[K(long __val)
[1.940s]       |   [01;36m[K^~~~~~~~~[m[K
[1.941s] [01m[K/usr/include/c++/9/bits/basic_string.h:6560:3:[m[K [01;36m[Knote: [m[K  conversion of argument 1 would be ill-formed:
[1.941s] [01m[K/home/zq/colcon_ws/src/arm_vrpn-main/src/arm_mocap_pubsub.cpp:75:44:[m[K [01;31m[Kerror: [m[Kinvalid conversion from ‘[01m[Kfloat*[m[K’ to ‘[01m[Klong int[m[K’ [[01;31m[K-fpermissive[m[K]
[1.941s]    75 |       std::string str_msg = std::to_string([01;31m[Kch_data[m[K)
[1.941s]       |                                            [01;31m[K^~~~~~~[m[K
[1.941s]       |                                            [01;31m[K|[m[K
[1.941s]       |                                            [01;31m[Kfloat*[m[K
[1.942s] In file included from [01m[K/usr/include/c++/9/string:55[m[K,
[1.942s]                  from [01m[K/usr/include/c++/9/stdexcept:39[m[K,
[1.942s]                  from [01m[K/usr/include/c++/9/array:39[m[K,
[1.942s]                  from [01m[K/usr/include/c++/9/tuple:39[m[K,
[1.942s]                  from [01m[K/usr/include/c++/9/functional:54[m[K,
[1.942s]                  from [01m[K/home/zq/colcon_ws/src/arm_vrpn-main/src/arm_mocap_pubsub.cpp:2[m[K:
[1.943s] [01m[K/usr/include/c++/9/bits/basic_string.h:6565:3:[m[K [01;36m[Knote: [m[Kcandidate: ‘[01m[Kstd::string std::__cxx11::to_string(long unsigned int)[m[K’ <near match>
[1.943s]  6565 |   [01;36m[Kto_string[m[K(unsigned long __val)
[1.943s]       |   [01;36m[K^~~~~~~~~[m[K
[1.943s] [01m[K/usr/include/c++/9/bits/basic_string.h:6565:3:[m[K [01;36m[Knote: [m[K  conversion of argument 1 would be ill-formed:
[1.943s] [01m[K/home/zq/colcon_ws/src/arm_vrpn-main/src/arm_mocap_pubsub.cpp:75:44:[m[K [01;31m[Kerror: [m[Kinvalid conversion from ‘[01m[Kfloat*[m[K’ to ‘[01m[Klong unsigned int[m[K’ [[01;31m[K-fpermissive[m[K]
[1.944s]    75 |       std::string str_msg = std::to_string([01;31m[Kch_data[m[K)
[1.944s]       |                                            [01;31m[K^~~~~~~[m[K
[1.944s]       |                                            [01;31m[K|[m[K
[1.945s]       |                                            [01;31m[Kfloat*[m[K
[1.945s] In file included from [01m[K/usr/include/c++/9/string:55[m[K,
[1.945s]                  from [01m[K/usr/include/c++/9/stdexcept:39[m[K,
[1.945s]                  from [01m[K/usr/include/c++/9/array:39[m[K,
[1.946s]                  from [01m[K/usr/include/c++/9/tuple:39[m[K,
[1.946s]                  from [01m[K/usr/include/c++/9/functional:54[m[K,
[1.946s]                  from [01m[K/home/zq/colcon_ws/src/arm_vrpn-main/src/arm_mocap_pubsub.cpp:2[m[K:
[1.946s] [01m[K/usr/include/c++/9/bits/basic_string.h:6571:3:[m[K [01;36m[Knote: [m[Kcandidate: ‘[01m[Kstd::string std::__cxx11::to_string(long long int)[m[K’ <near match>
[1.946s]  6571 |   [01;36m[Kto_string[m[K(long long __val)
[1.946s]       |   [01;36m[K^~~~~~~~~[m[K
[1.947s] [01m[K/usr/include/c++/9/bits/basic_string.h:6571:3:[m[K [01;36m[Knote: [m[K  conversion of argument 1 would be ill-formed:
[1.947s] [01m[K/home/zq/colcon_ws/src/arm_vrpn-main/src/arm_mocap_pubsub.cpp:75:44:[m[K [01;31m[Kerror: [m[Kinvalid conversion from ‘[01m[Kfloat*[m[K’ to ‘[01m[Klong long int[m[K’ [[01;31m[K-fpermissive[m[K]
[1.947s]    75 |       std::string str_msg = std::to_string([01;31m[Kch_data[m[K)
[1.947s]       |                                            [01;31m[K^~~~~~~[m[K
[1.947s]       |                                            [01;31m[K|[m[K
[1.947s]       |                                            [01;31m[Kfloat*[m[K
[1.948s] In file included from [01m[K/usr/include/c++/9/string:55[m[K,
[1.948s]                  from [01m[K/usr/include/c++/9/stdexcept:39[m[K,
[1.948s]                  from [01m[K/usr/include/c++/9/array:39[m[K,
[1.948s]                  from [01m[K/usr/include/c++/9/tuple:39[m[K,
[1.948s]                  from [01m[K/usr/include/c++/9/functional:54[m[K,
[1.948s]                  from [01m[K/home/zq/colcon_ws/src/arm_vrpn-main/src/arm_mocap_pubsub.cpp:2[m[K:
[1.949s] [01m[K/usr/include/c++/9/bits/basic_string.h:6577:3:[m[K [01;36m[Knote: [m[Kcandidate: ‘[01m[Kstd::string std::__cxx11::to_string(long long unsigned int)[m[K’ <near match>
[1.949s]  6577 |   [01;36m[Kto_string[m[K(unsigned long long __val)
[1.949s]       |   [01;36m[K^~~~~~~~~[m[K
[1.949s] [01m[K/usr/include/c++/9/bits/basic_string.h:6577:3:[m[K [01;36m[Knote: [m[K  conversion of argument 1 would be ill-formed:
[1.949s] [01m[K/home/zq/colcon_ws/src/arm_vrpn-main/src/arm_mocap_pubsub.cpp:75:44:[m[K [01;31m[Kerror: [m[Kinvalid conversion from ‘[01m[Kfloat*[m[K’ to ‘[01m[Klong long unsigned int[m[K’ [[01;31m[K-fpermissive[m[K]
[1.949s]    75 |       std::string str_msg = std::to_string([01;31m[Kch_data[m[K)
[1.950s]       |                                            [01;31m[K^~~~~~~[m[K
[1.950s]       |                                            [01;31m[K|[m[K
[1.950s]       |                                            [01;31m[Kfloat*[m[K
[3.753s] make[2]: *** [CMakeFiles/arm_mocap_pubsub.dir/build.make:63: CMakeFiles/arm_mocap_pubsub.dir/src/arm_mocap_pubsub.cpp.o] Error 1
[3.753s] make[1]: *** [CMakeFiles/Makefile2:78: CMakeFiles/arm_mocap_pubsub.dir/all] Error 2
[3.753s] make: *** [Makefile:141: all] Error 2
[3.757s] Invoked command in '/home/zq/colcon_ws/build/arm_vrpn_pubsub' returned '2': CMAKE_PREFIX_PATH=${CMAKE_PREFIX_PATH}:/opt/ros/foxy /usr/bin/cmake --build /home/zq/colcon_ws/build/arm_vrpn_pubsub -- -j4 -l4
