[0.022s] Invoking command in '/home/zq/colcon_ws/build/arm_vrpn_pubsub': CMAKE_PREFIX_PATH=${CMAKE_PREFIX_PATH}:/opt/ros/foxy /usr/bin/cmake --build /home/zq/colcon_ws/build/arm_vrpn_pubsub -- -j4 -l4
[0.088s] [35m[1mScanning dependencies of target arm_mocap_pubsub[0m
[0.131s] [ 50%] [32mBuilding CXX object CMakeFiles/arm_mocap_pubsub.dir/src/arm_mocap_pubsub.cpp.o[0m
[1.854s] [01m[K/home/zq/colcon_ws/src/arm_vrpn-main/src/arm_mocap_pubsub.cpp:[m[K In member function ‘[01m[Kvoid Mocapzmq_pub::topic_callback1(geometry_msgs::msg::PoseStamped_<std::allocator<void> >::SharedPtr)[m[K’:
[1.855s] [01m[K/home/zq/colcon_ws/src/arm_vrpn-main/src/arm_mocap_pubsub.cpp:76:30:[m[K [01;31m[Kerror: [m[Kexpected ‘[01m[K}[m[K’ before ‘[01m[Kstd[m[K’
[1.855s]    76 |                              [01;31m[Kstd[m[K::to_string(q1_mocap_x)+","+std::to_string(q1_mocap_y)+","+std::to_string(q1_mocap_z)+","+std::to_string(q1_mocap_w)+","
[1.855s]       |                              [01;31m[K^~~[m[K
[1.855s] [01m[K/home/zq/colcon_ws/src/arm_vrpn-main/src/arm_mocap_pubsub.cpp:75:29:[m[K [01;36m[Knote: [m[Kto match this ‘[01m[K{[m[K’
[1.856s]    75 |       std::string str_msg = [01;36m[K{[m[Kstd::to_string(x1_mocap)+","+std::to_string(y1_mocap)+","+std::to_string(z1_mocap)+","
[1.856s]       |                             [01;36m[K^[m[K
[1.856s] [01m[K/home/zq/colcon_ws/src/arm_vrpn-main/src/arm_mocap_pubsub.cpp:76:30:[m[K [01;31m[Kerror: [m[Kexpected ‘[01m[K,[m[K’ or ‘[01m[K;[m[K’ before ‘[01m[Kstd[m[K’
[1.856s]    76 |                              [01;31m[Kstd[m[K::to_string(q1_mocap_x)+","+std::to_string(q1_mocap_y)+","+std::to_string(q1_mocap_z)+","+std::to_string(q1_mocap_w)+","
[1.856s]       |                              [01;31m[K^~~[m[K
[1.857s] [01m[K/home/zq/colcon_ws/src/arm_vrpn-main/src/arm_mocap_pubsub.cpp:68:13:[m[K [01;35m[Kwarning: [m[Kunused variable ‘[01m[Kdata[m[K’ [[01;35m[K-Wunused-variable[m[K]
[1.857s]    68 |       float [01;35m[Kdata[m[K[21] = {x1_mocap,y1_mocap,z1_mocap,
[1.857s]       |             [01;35m[K^~~~[m[K
[3.674s] make[2]: *** [CMakeFiles/arm_mocap_pubsub.dir/build.make:63: CMakeFiles/arm_mocap_pubsub.dir/src/arm_mocap_pubsub.cpp.o] Error 1
[3.674s] make[1]: *** [CMakeFiles/Makefile2:78: CMakeFiles/arm_mocap_pubsub.dir/all] Error 2
[3.674s] make: *** [Makefile:141: all] Error 2
[3.677s] Invoked command in '/home/zq/colcon_ws/build/arm_vrpn_pubsub' returned '2': CMAKE_PREFIX_PATH=${CMAKE_PREFIX_PATH}:/opt/ros/foxy /usr/bin/cmake --build /home/zq/colcon_ws/build/arm_vrpn_pubsub -- -j4 -l4
