[01m[K/home/zq/colcon_ws/src/arm_vrpn-main/src/arm_mocap_pubsub.cpp:[m[K In member function ‘[01m[Kvoid Mocapzmq_pub::topic_callback1(geometry_msgs::msg::PoseStamped_<std::allocator<void> >::SharedPtr)[m[K’:
[01m[K/home/zq/colcon_ws/src/arm_vrpn-main/src/arm_mocap_pubsub.cpp:68:25:[m[K [01;31m[Kerror: [m[Kcannot convert ‘[01m[Kfloat[m[K’ to ‘[01m[Kchar*[m[K’ in initialization
   68 |       char* data[21] = {[01;31m[Kx1_mocap[m[K,y1_mocap,z1_mocap,
      |                         [01;31m[K^~~~~~~~[m[K
      |                         [01;31m[K|[m[K
      |                         [01;31m[Kfloat[m[K
[01m[K/home/zq/colcon_ws/src/arm_vrpn-main/src/arm_mocap_pubsub.cpp:68:34:[m[K [01;31m[Kerror: [m[Kcannot convert ‘[01m[Kfloat[m[K’ to ‘[01m[Kchar*[m[K’ in initialization
   68 |       char* data[21] = {x1_mocap,[01;31m[Ky1_mocap[m[K,z1_mocap,
      |                                  [01;31m[K^~~~~~~~[m[K
      |                                  [01;31m[K|[m[K
      |                                  [01;31m[Kfloat[m[K
[01m[K/home/zq/colcon_ws/src/arm_vrpn-main/src/arm_mocap_pubsub.cpp:68:43:[m[K [01;31m[Kerror: [m[Kcannot convert ‘[01m[Kfloat[m[K’ to ‘[01m[Kchar*[m[K’ in initialization
   68 |       char* data[21] = {x1_mocap,y1_mocap,[01;31m[Kz1_mocap[m[K,
      |                                           [01;31m[K^~~~~~~~[m[K
      |                                           [01;31m[K|[m[K
      |                                           [01;31m[Kfloat[m[K
[01m[K/home/zq/colcon_ws/src/arm_vrpn-main/src/arm_mocap_pubsub.cpp:69:23:[m[K [01;31m[Kerror: [m[Kcannot convert ‘[01m[Kfloat[m[K’ to ‘[01m[Kchar*[m[K’ in initialization
   69 |                       [01;31m[Kq1_mocap_x[m[K,q1_mocap_y,q1_mocap_z,q1_mocap_w,
      |                       [01;31m[K^~~~~~~~~~[m[K
      |                       [01;31m[K|[m[K
      |                       [01;31m[Kfloat[m[K
[01m[K/home/zq/colcon_ws/src/arm_vrpn-main/src/arm_mocap_pubsub.cpp:69:34:[m[K [01;31m[Kerror: [m[Kcannot convert ‘[01m[Kfloat[m[K’ to ‘[01m[Kchar*[m[K’ in initialization
   69 |                       q1_mocap_x,[01;31m[Kq1_mocap_y[m[K,q1_mocap_z,q1_mocap_w,
      |                                  [01;31m[K^~~~~~~~~~[m[K
      |                                  [01;31m[K|[m[K
      |                                  [01;31m[Kfloat[m[K
[01m[K/home/zq/colcon_ws/src/arm_vrpn-main/src/arm_mocap_pubsub.cpp:69:45:[m[K [01;31m[Kerror: [m[Kcannot convert ‘[01m[Kfloat[m[K’ to ‘[01m[Kchar*[m[K’ in initialization
   69 |                       q1_mocap_x,q1_mocap_y,[01;31m[Kq1_mocap_z[m[K,q1_mocap_w,
      |                                             [01;31m[K^~~~~~~~~~[m[K
      |                                             [01;31m[K|[m[K
      |                                             [01;31m[Kfloat[m[K
[01m[K/home/zq/colcon_ws/src/arm_vrpn-main/src/arm_mocap_pubsub.cpp:69:56:[m[K [01;31m[Kerror: [m[Kcannot convert ‘[01m[Kfloat[m[K’ to ‘[01m[Kchar*[m[K’ in initialization
   69 |                       q1_mocap_x,q1_mocap_y,q1_mocap_z,[01;31m[Kq1_mocap_w[m[K,
      |                                                        [01;31m[K^~~~~~~~~~[m[K
      |                                                        [01;31m[K|[m[K
      |                                                        [01;31m[Kfloat[m[K
[01m[K/home/zq/colcon_ws/src/arm_vrpn-main/src/arm_mocap_pubsub.cpp:70:23:[m[K [01;31m[Kerror: [m[Kcannot convert ‘[01m[Kfloat[m[K’ to ‘[01m[Kchar*[m[K’ in initialization
   70 |                       [01;31m[Kx2_mocap[m[K,y2_mocap,z2_mocap,
      |                       [01;31m[K^~~~~~~~[m[K
      |                       [01;31m[K|[m[K
      |                       [01;31m[Kfloat[m[K
[01m[K/home/zq/colcon_ws/src/arm_vrpn-main/src/arm_mocap_pubsub.cpp:70:32:[m[K [01;31m[Kerror: [m[Kcannot convert ‘[01m[Kfloat[m[K’ to ‘[01m[Kchar*[m[K’ in initialization
   70 |                       x2_mocap,[01;31m[Ky2_mocap[m[K,z2_mocap,
      |                                [01;31m[K^~~~~~~~[m[K
      |                                [01;31m[K|[m[K
      |                                [01;31m[Kfloat[m[K
[01m[K/home/zq/colcon_ws/src/arm_vrpn-main/src/arm_mocap_pubsub.cpp:70:41:[m[K [01;31m[Kerror: [m[Kcannot convert ‘[01m[Kfloat[m[K’ to ‘[01m[Kchar*[m[K’ in initialization
   70 |                       x2_mocap,y2_mocap,[01;31m[Kz2_mocap[m[K,
      |                                         [01;31m[K^~~~~~~~[m[K
      |                                         [01;31m[K|[m[K
      |                                         [01;31m[Kfloat[m[K
[01m[K/home/zq/colcon_ws/src/arm_vrpn-main/src/arm_mocap_pubsub.cpp:71:23:[m[K [01;31m[Kerror: [m[Kcannot convert ‘[01m[Kfloat[m[K’ to ‘[01m[Kchar*[m[K’ in initialization
   71 |                       [01;31m[Kq2_mocap_x[m[K,q2_mocap_y,q2_mocap_z,q2_mocap_w,
      |                       [01;31m[K^~~~~~~~~~[m[K
      |                       [01;31m[K|[m[K
      |                       [01;31m[Kfloat[m[K
[01m[K/home/zq/colcon_ws/src/arm_vrpn-main/src/arm_mocap_pubsub.cpp:71:34:[m[K [01;31m[Kerror: [m[Kcannot convert ‘[01m[Kfloat[m[K’ to ‘[01m[Kchar*[m[K’ in initialization
   71 |                       q2_mocap_x,[01;31m[Kq2_mocap_y[m[K,q2_mocap_z,q2_mocap_w,
      |                                  [01;31m[K^~~~~~~~~~[m[K
      |                                  [01;31m[K|[m[K
      |                                  [01;31m[Kfloat[m[K
[01m[K/home/zq/colcon_ws/src/arm_vrpn-main/src/arm_mocap_pubsub.cpp:71:45:[m[K [01;31m[Kerror: [m[Kcannot convert ‘[01m[Kfloat[m[K’ to ‘[01m[Kchar*[m[K’ in initialization
   71 |                       q2_mocap_x,q2_mocap_y,[01;31m[Kq2_mocap_z[m[K,q2_mocap_w,
      |                                             [01;31m[K^~~~~~~~~~[m[K
      |                                             [01;31m[K|[m[K
      |                                             [01;31m[Kfloat[m[K
[01m[K/home/zq/colcon_ws/src/arm_vrpn-main/src/arm_mocap_pubsub.cpp:71:56:[m[K [01;31m[Kerror: [m[Kcannot convert ‘[01m[Kfloat[m[K’ to ‘[01m[Kchar*[m[K’ in initialization
   71 |                       q2_mocap_x,q2_mocap_y,q2_mocap_z,[01;31m[Kq2_mocap_w[m[K,
      |                                                        [01;31m[K^~~~~~~~~~[m[K
      |                                                        [01;31m[K|[m[K
      |                                                        [01;31m[Kfloat[m[K
[01m[K/home/zq/colcon_ws/src/arm_vrpn-main/src/arm_mocap_pubsub.cpp:72:23:[m[K [01;31m[Kerror: [m[Kcannot convert ‘[01m[Kfloat[m[K’ to ‘[01m[Kchar*[m[K’ in initialization
   72 |                       [01;31m[Kx3_mocap[m[K,y3_mocap,z3_mocap,
      |                       [01;31m[K^~~~~~~~[m[K
      |                       [01;31m[K|[m[K
      |                       [01;31m[Kfloat[m[K
[01m[K/home/zq/colcon_ws/src/arm_vrpn-main/src/arm_mocap_pubsub.cpp:72:32:[m[K [01;31m[Kerror: [m[Kcannot convert ‘[01m[Kfloat[m[K’ to ‘[01m[Kchar*[m[K’ in initialization
   72 |                       x3_mocap,[01;31m[Ky3_mocap[m[K,z3_mocap,
      |                                [01;31m[K^~~~~~~~[m[K
      |                                [01;31m[K|[m[K
      |                                [01;31m[Kfloat[m[K
[01m[K/home/zq/colcon_ws/src/arm_vrpn-main/src/arm_mocap_pubsub.cpp:72:41:[m[K [01;31m[Kerror: [m[Kcannot convert ‘[01m[Kfloat[m[K’ to ‘[01m[Kchar*[m[K’ in initialization
   72 |                       x3_mocap,y3_mocap,[01;31m[Kz3_mocap[m[K,
      |                                         [01;31m[K^~~~~~~~[m[K
      |                                         [01;31m[K|[m[K
      |                                         [01;31m[Kfloat[m[K
[01m[K/home/zq/colcon_ws/src/arm_vrpn-main/src/arm_mocap_pubsub.cpp:73:23:[m[K [01;31m[Kerror: [m[Kcannot convert ‘[01m[Kfloat[m[K’ to ‘[01m[Kchar*[m[K’ in initialization
   73 |                       [01;31m[Kq3_mocap_x[m[K,q3_mocap_y,q3_mocap_z,q3_mocap_w
      |                       [01;31m[K^~~~~~~~~~[m[K
      |                       [01;31m[K|[m[K
      |                       [01;31m[Kfloat[m[K
[01m[K/home/zq/colcon_ws/src/arm_vrpn-main/src/arm_mocap_pubsub.cpp:73:34:[m[K [01;31m[Kerror: [m[Kcannot convert ‘[01m[Kfloat[m[K’ to ‘[01m[Kchar*[m[K’ in initialization
   73 |                       q3_mocap_x,[01;31m[Kq3_mocap_y[m[K,q3_mocap_z,q3_mocap_w
      |                                  [01;31m[K^~~~~~~~~~[m[K
      |                                  [01;31m[K|[m[K
      |                                  [01;31m[Kfloat[m[K
[01m[K/home/zq/colcon_ws/src/arm_vrpn-main/src/arm_mocap_pubsub.cpp:73:45:[m[K [01;31m[Kerror: [m[Kcannot convert ‘[01m[Kfloat[m[K’ to ‘[01m[Kchar*[m[K’ in initialization
   73 |                       q3_mocap_x,q3_mocap_y,[01;31m[Kq3_mocap_z[m[K,q3_mocap_w
      |                                             [01;31m[K^~~~~~~~~~[m[K
      |                                             [01;31m[K|[m[K
      |                                             [01;31m[Kfloat[m[K
[01m[K/home/zq/colcon_ws/src/arm_vrpn-main/src/arm_mocap_pubsub.cpp:73:56:[m[K [01;31m[Kerror: [m[Kcannot convert ‘[01m[Kfloat[m[K’ to ‘[01m[Kchar*[m[K’ in initialization
   73 |                       q3_mocap_x,q3_mocap_y,q3_mocap_z,[01;31m[Kq3_mocap_w[m[K
      |                                                        [01;31m[K^~~~~~~~~~[m[K
      |                                                        [01;31m[K|[m[K
      |                                                        [01;31m[Kfloat[m[K
[01m[K/home/zq/colcon_ws/src/arm_vrpn-main/src/arm_mocap_pubsub.cpp:75:29:[m[K [01;31m[Kerror: [m[Kconversion from ‘[01m[Kchar* [21][m[K’ to non-scalar type ‘[01m[Kstd::string[m[K’ {aka ‘[01m[Kstd::__cxx11::basic_string<char>[m[K’} requested
   75 |       std::string str_msg = [01;31m[Kdata[m[K;
      |                             [01;31m[K^~~~[m[K
[01m[K/home/zq/colcon_ws/src/arm_vrpn-main/src/arm_mocap_pubsub.cpp:76:45:[m[K [01;31m[Kerror: [m[Kno matching function for call to ‘[01m[Kstr_buffer(std::string&)[m[K’
   76 |       publisher.send(zmq::str_buffer(str_msg[01;31m[K)[m[K);
      |                                             [01;31m[K^[m[K
In file included from [01m[K/home/zq/colcon_ws/src/arm_vrpn-main/src/arm_mocap_pubsub.cpp:10[m[K:
[01m[K/usr/local/include/zmq.hpp:1350:24:[m[K [01;36m[Knote: [m[Kcandidate: ‘[01m[Ktemplate<class Char, long unsigned int N> constexpr zmq::const_buffer zmq::str_buffer(const Char (&)[N])[m[K’
 1350 | constexpr const_buffer [01;36m[Kstr_buffer[m[K(const Char (&data)[N]) noexcept
      |                        [01;36m[K^~~~~~~~~~[m[K
[01m[K/usr/local/include/zmq.hpp:1350:24:[m[K [01;36m[Knote: [m[K  template argument deduction/substitution failed:
[01m[K/home/zq/colcon_ws/src/arm_vrpn-main/src/arm_mocap_pubsub.cpp:76:45:[m[K [01;36m[Knote: [m[K  mismatched types ‘[01m[Kconst Char [N][m[K’ and ‘[01m[Kstd::string[m[K’ {aka ‘[01m[Kstd::__cxx11::basic_string<char>[m[K’}
   76 |       publisher.send(zmq::str_buffer(str_msg[01;36m[K)[m[K);
      |                                             [01;36m[K^[m[K
make[2]: *** [CMakeFiles/arm_mocap_pubsub.dir/build.make:63: CMakeFiles/arm_mocap_pubsub.dir/src/arm_mocap_pubsub.cpp.o] Error 1
make[1]: *** [CMakeFiles/Makefile2:78: CMakeFiles/arm_mocap_pubsub.dir/all] Error 2
make: *** [Makefile:141: all] Error 2
