[0.029s] Invoking command in '/home/zq/colcon_ws/build/arm_vrpn_pubsub': CMAKE_PREFIX_PATH=${CMAKE_PREFIX_PATH}:/opt/ros/foxy /usr/bin/cmake --build /home/zq/colcon_ws/build/arm_vrpn_pubsub -- -j4 -l4
[0.070s] -- Found ament_cmake: 0.9.11 (/opt/ros/foxy/share/ament_cmake/cmake)
[0.104s] -- Using PYTHON_EXECUTABLE: /usr/bin/python3
[0.341s] -- Found std_msgs: 2.0.5 (/opt/ros/foxy/share/std_msgs/cmake)
[0.373s] -- Using all available rosidl_typesupport_c: rosidl_typesupport_fastrtps_c;rosidl_typesupport_introspection_c
[0.378s] -- Found rosidl_adapter: 1.3.0 (/opt/ros/foxy/share/rosidl_adapter/cmake)
[0.543s] -- Using all available rosidl_typesupport_cpp: rosidl_typesupport_fastrtps_cpp;rosidl_typesupport_introspection_cpp
[0.608s] -- Found geometry_msgs: 2.0.5 (/opt/ros/foxy/share/geometry_msgs/cmake)
[0.654s] -- Found tf2: 0.13.13 (/opt/ros/foxy/share/tf2/cmake)
[0.667s] -- Found tf2_ros: 0.13.13 (/opt/ros/foxy/share/tf2_ros/cmake)
[0.740s] -- Found rmw_implementation_cmake: 1.0.3 (/opt/ros/foxy/share/rmw_implementation_cmake/cmake)
[0.742s] -- Using RMW implementation 'rmw_fastrtps_cpp' as default
[1.432s] -- Configuring done
[1.452s] -- Generating done
[1.454s] -- Build files have been written to: /home/zq/colcon_ws/build/arm_vrpn_pubsub
[1.523s] [ 50%] [32mBuilding CXX object CMakeFiles/arm_mocap_pubsub.dir/src/arm_mocap_pubsub.cpp.o[0m
[3.264s] [01m[K/home/zq/colcon_ws/src/arm_vrpn-main/src/arm_mocap_pubsub.cpp:101:23:[m[K [01;31m[Kerror: [m[K‘[01m[Kctx[m[K’ is not a type
[3.264s]   101 |     zmq::socket_t pub([01;31m[Kctx[m[K, ZMQ_PUB);
[3.264s]       |                       [01;31m[K^~~[m[K
[3.265s] In file included from [01m[K/usr/local/include/zmq.hpp:36[m[K,
[3.265s]                  from [01m[K/home/zq/colcon_ws/src/arm_vrpn-main/src/arm_mocap_pubsub.cpp:10[m[K:
[3.265s] [01m[K/home/zq/colcon_ws/src/arm_vrpn-main/src/arm_mocap_pubsub.cpp:101:28:[m[K [01;31m[Kerror: [m[Kexpected identifier before numeric constant
[3.265s]   101 |     zmq::socket_t pub(ctx, [01;31m[KZMQ_PUB[m[K);
[3.265s]       |                            [01;31m[K^~~~~~~[m[K
[3.265s] [01m[K/home/zq/colcon_ws/src/arm_vrpn-main/src/arm_mocap_pubsub.cpp:101:28:[m[K [01;31m[Kerror: [m[Kexpected ‘[01m[K,[m[K’ or ‘[01m[K...[m[K’ before numeric constant
[3.279s] [01m[K/home/zq/colcon_ws/src/arm_vrpn-main/src/arm_mocap_pubsub.cpp:[m[K In constructor ‘[01m[KMocapzmq_pub::Mocapzmq_pub()[m[K’:
[3.279s] [01m[K/home/zq/colcon_ws/src/arm_vrpn-main/src/arm_mocap_pubsub.cpp:42:7:[m[K [01;31m[Kerror: [m[Kinvalid use of member function ‘[01m[Kzmq::socket_t Mocapzmq_pub::pub(int, int)[m[K’ (did you forget the ‘[01m[K()[m[K’ ?)
[3.279s]    42 |       [01;31m[Kpub[m[K.bind("tcp://127.0.0.1:3885");
[3.280s]       |       [01;31m[K^~~[m[K
[3.285s] [01m[K/home/zq/colcon_ws/src/arm_vrpn-main/src/arm_mocap_pubsub.cpp:[m[K In member function ‘[01m[Kvoid Mocapzmq_pub::topic_callback1(geometry_msgs::msg::PoseStamped_<std::allocator<void> >::SharedPtr)[m[K’:
[3.285s] [01m[K/home/zq/colcon_ws/src/arm_vrpn-main/src/arm_mocap_pubsub.cpp:59:7:[m[K [01;31m[Kerror: [m[K‘[01m[Kzmq_pub[m[K’ was not declared in this scope
[3.286s]    59 |       [01;31m[Kzmq_pub[m[K.send(zmq::str_buffer("Hello"));
[3.286s]       |       [01;31m[K^~~~~~~[m[K
[5.166s] make[2]: *** [CMakeFiles/arm_mocap_pubsub.dir/build.make:63: CMakeFiles/arm_mocap_pubsub.dir/src/arm_mocap_pubsub.cpp.o] Error 1
[5.167s] make[1]: *** [CMakeFiles/Makefile2:78: CMakeFiles/arm_mocap_pubsub.dir/all] Error 2
[5.167s] make: *** [Makefile:141: all] Error 2
[5.172s] Invoked command in '/home/zq/colcon_ws/build/arm_vrpn_pubsub' returned '2': CMAKE_PREFIX_PATH=${CMAKE_PREFIX_PATH}:/opt/ros/foxy /usr/bin/cmake --build /home/zq/colcon_ws/build/arm_vrpn_pubsub -- -j4 -l4
