[0.188s] DEBUG:colcon:Command line arguments: ['/usr/bin/colcon', 'build', '--event-handlers', 'console_direct+']
[0.188s] DEBUG:colcon:Parsed command line arguments: Namespace(allow_overriding=[], ament_cmake_args=None, base_paths=['.'], build_base='build', catkin_cmake_args=None, catkin_skip_building_tests=False, cmake_args=None, cmake_clean_cache=False, cmake_clean_first=False, cmake_force_configure=False, cmake_target=None, cmake_target_skip_unavailable=False, continue_on_error=False, event_handlers=['console_direct+'], executor='parallel', ignore_user_meta=False, install_base='install', log_base=None, log_level=None, main=<bound method BuildVerb.main of <colcon_core.verb.build.BuildVerb object at 0x7fd00f9a59d0>>, merge_install=False, metas=['./colcon.meta'], packages_above=None, packages_above_and_dependencies=None, packages_above_depth=None, packages_end=None, packages_ignore=None, packages_ignore_regex=None, packages_select=None, packages_select_build_failed=False, packages_select_by_dep=None, packages_select_regex=None, packages_select_test_failures=False, packages_skip=None, packages_skip_build_finished=False, packages_skip_by_dep=None, packages_skip_regex=None, packages_skip_test_passed=False, packages_skip_up_to=None, packages_start=None, packages_up_to=None, packages_up_to_regex=None, parallel_workers=4, paths=None, symlink_install=False, test_result_base=None, verb_extension=<colcon_core.verb.build.BuildVerb object at 0x7fd00f9a59d0>, verb_name='build', verb_parser=<colcon_defaults.argument_parser.defaults.DefaultArgumentsDecorator object at 0x7fd00f9a5f40>)
[0.218s] Level 1:colcon.colcon_core.package_discovery:discover_packages(colcon_meta) check parameters
[0.218s] Level 1:colcon.colcon_core.package_discovery:discover_packages(recursive) check parameters
[0.218s] Level 1:colcon.colcon_core.package_discovery:discover_packages(ignore) check parameters
[0.219s] Level 1:colcon.colcon_core.package_discovery:discover_packages(path) check parameters
[0.219s] Level 1:colcon.colcon_core.package_discovery:discover_packages(colcon_meta) discover
[0.219s] Level 1:colcon.colcon_core.package_discovery:discover_packages(recursive) discover
[0.219s] INFO:colcon.colcon_core.package_discovery:Crawling recursively for packages in '/home/zq/colcon_ws'
[0.219s] Level 1:colcon.colcon_core.package_identification:_identify(.) by extensions ['ignore', 'ignore_ament_install']
[0.219s] Level 1:colcon.colcon_core.package_identification:_identify(.) by extension 'ignore'
[0.219s] Level 1:colcon.colcon_core.package_identification:_identify(.) by extension 'ignore_ament_install'
[0.219s] Level 1:colcon.colcon_core.package_identification:_identify(.) by extensions ['colcon_pkg']
[0.219s] Level 1:colcon.colcon_core.package_identification:_identify(.) by extension 'colcon_pkg'
[0.219s] Level 1:colcon.colcon_core.package_identification:_identify(.) by extensions ['colcon_meta']
[0.219s] Level 1:colcon.colcon_core.package_identification:_identify(.) by extension 'colcon_meta'
[0.219s] Level 1:colcon.colcon_core.package_identification:_identify(.) by extensions ['ros']
[0.219s] Level 1:colcon.colcon_core.package_identification:_identify(.) by extension 'ros'
[0.233s] Level 1:colcon.colcon_core.package_identification:_identify(.) by extensions ['cmake', 'python']
[0.233s] Level 1:colcon.colcon_core.package_identification:_identify(.) by extension 'cmake'
[0.233s] Level 1:colcon.colcon_core.package_identification:_identify(.) by extension 'python'
[0.233s] Level 1:colcon.colcon_core.package_identification:_identify(.) by extensions ['python_setup_py']
[0.233s] Level 1:colcon.colcon_core.package_identification:_identify(.) by extension 'python_setup_py'
[0.233s] Level 1:colcon.colcon_core.package_identification:_identify(build) by extensions ['ignore', 'ignore_ament_install']
[0.233s] Level 1:colcon.colcon_core.package_identification:_identify(build) by extension 'ignore'
[0.233s] Level 1:colcon.colcon_core.package_identification:_identify(build) ignored
[0.233s] Level 1:colcon.colcon_core.package_identification:_identify(install) by extensions ['ignore', 'ignore_ament_install']
[0.233s] Level 1:colcon.colcon_core.package_identification:_identify(install) by extension 'ignore'
[0.234s] Level 1:colcon.colcon_core.package_identification:_identify(install) ignored
[0.234s] Level 1:colcon.colcon_core.package_identification:_identify(log) by extensions ['ignore', 'ignore_ament_install']
[0.234s] Level 1:colcon.colcon_core.package_identification:_identify(log) by extension 'ignore'
[0.234s] Level 1:colcon.colcon_core.package_identification:_identify(log) ignored
[0.234s] Level 1:colcon.colcon_core.package_identification:_identify(src) by extensions ['ignore', 'ignore_ament_install']
[0.234s] Level 1:colcon.colcon_core.package_identification:_identify(src) by extension 'ignore'
[0.234s] Level 1:colcon.colcon_core.package_identification:_identify(src) by extension 'ignore_ament_install'
[0.234s] Level 1:colcon.colcon_core.package_identification:_identify(src) by extensions ['colcon_pkg']
[0.234s] Level 1:colcon.colcon_core.package_identification:_identify(src) by extension 'colcon_pkg'
[0.234s] Level 1:colcon.colcon_core.package_identification:_identify(src) by extensions ['colcon_meta']
[0.234s] Level 1:colcon.colcon_core.package_identification:_identify(src) by extension 'colcon_meta'
[0.234s] Level 1:colcon.colcon_core.package_identification:_identify(src) by extensions ['ros']
[0.234s] Level 1:colcon.colcon_core.package_identification:_identify(src) by extension 'ros'
[0.234s] Level 1:colcon.colcon_core.package_identification:_identify(src) by extensions ['cmake', 'python']
[0.234s] Level 1:colcon.colcon_core.package_identification:_identify(src) by extension 'cmake'
[0.235s] Level 1:colcon.colcon_core.package_identification:_identify(src) by extension 'python'
[0.235s] Level 1:colcon.colcon_core.package_identification:_identify(src) by extensions ['python_setup_py']
[0.235s] Level 1:colcon.colcon_core.package_identification:_identify(src) by extension 'python_setup_py'
[0.235s] Level 1:colcon.colcon_core.package_identification:_identify(src/arm_vrpn-main) by extensions ['ignore', 'ignore_ament_install']
[0.235s] Level 1:colcon.colcon_core.package_identification:_identify(src/arm_vrpn-main) by extension 'ignore'
[0.235s] Level 1:colcon.colcon_core.package_identification:_identify(src/arm_vrpn-main) by extension 'ignore_ament_install'
[0.235s] Level 1:colcon.colcon_core.package_identification:_identify(src/arm_vrpn-main) by extensions ['colcon_pkg']
[0.235s] Level 1:colcon.colcon_core.package_identification:_identify(src/arm_vrpn-main) by extension 'colcon_pkg'
[0.235s] Level 1:colcon.colcon_core.package_identification:_identify(src/arm_vrpn-main) by extensions ['colcon_meta']
[0.235s] Level 1:colcon.colcon_core.package_identification:_identify(src/arm_vrpn-main) by extension 'colcon_meta'
[0.235s] Level 1:colcon.colcon_core.package_identification:_identify(src/arm_vrpn-main) by extensions ['ros']
[0.235s] Level 1:colcon.colcon_core.package_identification:_identify(src/arm_vrpn-main) by extension 'ros'
[0.239s] DEBUG:colcon.colcon_core.package_identification:Package 'src/arm_vrpn-main' with type 'ros.ament_cmake' and name 'arm_vrpn_pubsub'
[0.239s] Level 1:colcon.colcon_core.package_identification:_identify(src/vrpn-ros2) by extensions ['ignore', 'ignore_ament_install']
[0.239s] Level 1:colcon.colcon_core.package_identification:_identify(src/vrpn-ros2) by extension 'ignore'
[0.239s] Level 1:colcon.colcon_core.package_identification:_identify(src/vrpn-ros2) by extension 'ignore_ament_install'
[0.240s] Level 1:colcon.colcon_core.package_identification:_identify(src/vrpn-ros2) by extensions ['colcon_pkg']
[0.240s] Level 1:colcon.colcon_core.package_identification:_identify(src/vrpn-ros2) by extension 'colcon_pkg'
[0.240s] Level 1:colcon.colcon_core.package_identification:_identify(src/vrpn-ros2) by extensions ['colcon_meta']
[0.240s] Level 1:colcon.colcon_core.package_identification:_identify(src/vrpn-ros2) by extension 'colcon_meta'
[0.240s] Level 1:colcon.colcon_core.package_identification:_identify(src/vrpn-ros2) by extensions ['ros']
[0.240s] Level 1:colcon.colcon_core.package_identification:_identify(src/vrpn-ros2) by extension 'ros'
[0.240s] DEBUG:colcon.colcon_core.package_identification:Package 'src/vrpn-ros2' with type 'ros.cmake' and name 'vrpn'
[0.241s] Level 1:colcon.colcon_core.package_identification:_identify(src/vrpn_client_ros-ros2) by extensions ['ignore', 'ignore_ament_install']
[0.242s] Level 1:colcon.colcon_core.package_identification:_identify(src/vrpn_client_ros-ros2) by extension 'ignore'
[0.242s] Level 1:colcon.colcon_core.package_identification:_identify(src/vrpn_client_ros-ros2) by extension 'ignore_ament_install'
[0.242s] Level 1:colcon.colcon_core.package_identification:_identify(src/vrpn_client_ros-ros2) by extensions ['colcon_pkg']
[0.242s] Level 1:colcon.colcon_core.package_identification:_identify(src/vrpn_client_ros-ros2) by extension 'colcon_pkg'
[0.242s] Level 1:colcon.colcon_core.package_identification:_identify(src/vrpn_client_ros-ros2) by extensions ['colcon_meta']
[0.242s] Level 1:colcon.colcon_core.package_identification:_identify(src/vrpn_client_ros-ros2) by extension 'colcon_meta'
[0.242s] Level 1:colcon.colcon_core.package_identification:_identify(src/vrpn_client_ros-ros2) by extensions ['ros']
[0.242s] Level 1:colcon.colcon_core.package_identification:_identify(src/vrpn_client_ros-ros2) by extension 'ros'
[0.243s] DEBUG:colcon.colcon_core.package_identification:Package 'src/vrpn_client_ros-ros2' with type 'ros.ament_cmake' and name 'vrpn_client_ros'
[0.243s] Level 1:colcon.colcon_core.package_discovery:discover_packages(recursive) using defaults
[0.243s] Level 1:colcon.colcon_core.package_discovery:discover_packages(ignore) discover
[0.243s] Level 1:colcon.colcon_core.package_discovery:discover_packages(ignore) using defaults
[0.244s] Level 1:colcon.colcon_core.package_discovery:discover_packages(path) discover
[0.244s] Level 1:colcon.colcon_core.package_discovery:discover_packages(path) using defaults
[0.281s] Level 1:colcon.colcon_core.package_discovery:discover_packages(prefix_path) check parameters
[0.282s] Level 1:colcon.colcon_core.package_discovery:discover_packages(prefix_path) discover
[0.283s] WARNING:colcon.colcon_ros.prefix_path.ament:The path '/home/zq/colcon_ws/install/arm_vrpn_pubsub' in the environment variable AMENT_PREFIX_PATH doesn't exist
[0.283s] WARNING:colcon.colcon_ros.prefix_path.catkin:The path '/home/zq/colcon_ws/install/arm_vrpn_pubsub' in the environment variable CMAKE_PREFIX_PATH doesn't exist
[0.285s] DEBUG:colcon.colcon_installed_package_information.package_discovery:Found 2 installed packages in /home/zq/colcon_ws/install
[0.287s] DEBUG:colcon.colcon_installed_package_information.package_discovery:Found 256 installed packages in /opt/ros/foxy
[0.289s] Level 1:colcon.colcon_core.package_discovery:discover_packages(prefix_path) using defaults
[0.379s] Level 5:colcon.colcon_core.verb:set package 'arm_vrpn_pubsub' build argument 'cmake_args' from command line to 'None'
[0.379s] Level 5:colcon.colcon_core.verb:set package 'arm_vrpn_pubsub' build argument 'cmake_target' from command line to 'None'
[0.380s] Level 5:colcon.colcon_core.verb:set package 'arm_vrpn_pubsub' build argument 'cmake_target_skip_unavailable' from command line to 'False'
[0.380s] Level 5:colcon.colcon_core.verb:set package 'arm_vrpn_pubsub' build argument 'cmake_clean_cache' from command line to 'False'
[0.380s] Level 5:colcon.colcon_core.verb:set package 'arm_vrpn_pubsub' build argument 'cmake_clean_first' from command line to 'False'
[0.380s] Level 5:colcon.colcon_core.verb:set package 'arm_vrpn_pubsub' build argument 'cmake_force_configure' from command line to 'False'
[0.380s] Level 5:colcon.colcon_core.verb:set package 'arm_vrpn_pubsub' build argument 'ament_cmake_args' from command line to 'None'
[0.380s] Level 5:colcon.colcon_core.verb:set package 'arm_vrpn_pubsub' build argument 'catkin_cmake_args' from command line to 'None'
[0.380s] Level 5:colcon.colcon_core.verb:set package 'arm_vrpn_pubsub' build argument 'catkin_skip_building_tests' from command line to 'False'
[0.380s] DEBUG:colcon.colcon_core.verb:Building package 'arm_vrpn_pubsub' with the following arguments: {'ament_cmake_args': None, 'build_base': '/home/zq/colcon_ws/build/arm_vrpn_pubsub', 'catkin_cmake_args': None, 'catkin_skip_building_tests': False, 'cmake_args': None, 'cmake_clean_cache': False, 'cmake_clean_first': False, 'cmake_force_configure': False, 'cmake_target': None, 'cmake_target_skip_unavailable': False, 'install_base': '/home/zq/colcon_ws/install/arm_vrpn_pubsub', 'merge_install': False, 'path': '/home/zq/colcon_ws/src/arm_vrpn-main', 'symlink_install': False, 'test_result_base': None}
[0.381s] Level 5:colcon.colcon_core.verb:set package 'vrpn' build argument 'cmake_args' from command line to 'None'
[0.381s] Level 5:colcon.colcon_core.verb:set package 'vrpn' build argument 'cmake_target' from command line to 'None'
[0.381s] Level 5:colcon.colcon_core.verb:set package 'vrpn' build argument 'cmake_target_skip_unavailable' from command line to 'False'
[0.381s] Level 5:colcon.colcon_core.verb:set package 'vrpn' build argument 'cmake_clean_cache' from command line to 'False'
[0.381s] Level 5:colcon.colcon_core.verb:set package 'vrpn' build argument 'cmake_clean_first' from command line to 'False'
[0.381s] Level 5:colcon.colcon_core.verb:set package 'vrpn' build argument 'cmake_force_configure' from command line to 'False'
[0.381s] Level 5:colcon.colcon_core.verb:set package 'vrpn' build argument 'ament_cmake_args' from command line to 'None'
[0.381s] Level 5:colcon.colcon_core.verb:set package 'vrpn' build argument 'catkin_cmake_args' from command line to 'None'
[0.381s] Level 5:colcon.colcon_core.verb:set package 'vrpn' build argument 'catkin_skip_building_tests' from command line to 'False'
[0.381s] DEBUG:colcon.colcon_core.verb:Building package 'vrpn' with the following arguments: {'ament_cmake_args': None, 'build_base': '/home/zq/colcon_ws/build/vrpn', 'catkin_cmake_args': None, 'catkin_skip_building_tests': False, 'cmake_args': None, 'cmake_clean_cache': False, 'cmake_clean_first': False, 'cmake_force_configure': False, 'cmake_target': None, 'cmake_target_skip_unavailable': False, 'install_base': '/home/zq/colcon_ws/install/vrpn', 'merge_install': False, 'path': '/home/zq/colcon_ws/src/vrpn-ros2', 'symlink_install': False, 'test_result_base': None}
[0.383s] Level 5:colcon.colcon_core.verb:set package 'vrpn_client_ros' build argument 'cmake_args' from command line to 'None'
[0.383s] Level 5:colcon.colcon_core.verb:set package 'vrpn_client_ros' build argument 'cmake_target' from command line to 'None'
[0.383s] Level 5:colcon.colcon_core.verb:set package 'vrpn_client_ros' build argument 'cmake_target_skip_unavailable' from command line to 'False'
[0.383s] Level 5:colcon.colcon_core.verb:set package 'vrpn_client_ros' build argument 'cmake_clean_cache' from command line to 'False'
[0.383s] Level 5:colcon.colcon_core.verb:set package 'vrpn_client_ros' build argument 'cmake_clean_first' from command line to 'False'
[0.383s] Level 5:colcon.colcon_core.verb:set package 'vrpn_client_ros' build argument 'cmake_force_configure' from command line to 'False'
[0.383s] Level 5:colcon.colcon_core.verb:set package 'vrpn_client_ros' build argument 'ament_cmake_args' from command line to 'None'
[0.383s] Level 5:colcon.colcon_core.verb:set package 'vrpn_client_ros' build argument 'catkin_cmake_args' from command line to 'None'
[0.383s] Level 5:colcon.colcon_core.verb:set package 'vrpn_client_ros' build argument 'catkin_skip_building_tests' from command line to 'False'
[0.383s] DEBUG:colcon.colcon_core.verb:Building package 'vrpn_client_ros' with the following arguments: {'ament_cmake_args': None, 'build_base': '/home/zq/colcon_ws/build/vrpn_client_ros', 'catkin_cmake_args': None, 'catkin_skip_building_tests': False, 'cmake_args': None, 'cmake_clean_cache': False, 'cmake_clean_first': False, 'cmake_force_configure': False, 'cmake_target': None, 'cmake_target_skip_unavailable': False, 'install_base': '/home/zq/colcon_ws/install/vrpn_client_ros', 'merge_install': False, 'path': '/home/zq/colcon_ws/src/vrpn_client_ros-ros2', 'symlink_install': False, 'test_result_base': None}
[0.384s] INFO:colcon.colcon_core.executor:Executing jobs using 'parallel' executor
[0.389s] DEBUG:colcon.colcon_parallel_executor.executor.parallel:run_until_complete
[0.389s] INFO:colcon.colcon_ros.task.ament_cmake.build:Building ROS package in '/home/zq/colcon_ws/src/arm_vrpn-main' with build type 'ament_cmake'
[0.390s] INFO:colcon.colcon_cmake.task.cmake.build:Building CMake package in '/home/zq/colcon_ws/src/arm_vrpn-main'
[0.396s] INFO:colcon.colcon_core.plugin_system:Skipping extension 'colcon_core.shell.bat': Not used on non-Windows systems
[0.396s] INFO:colcon.colcon_core.shell:Skip shell extension 'powershell' for command environment: Not usable outside of PowerShell
[0.396s] DEBUG:colcon.colcon_core.shell:Skip shell extension 'dsv' for command environment
[0.404s] INFO:colcon.colcon_ros.task.cmake.build:Building ROS package in '/home/zq/colcon_ws/src/vrpn-ros2' with build type 'cmake'
[0.405s] INFO:colcon.colcon_cmake.task.cmake.build:Building CMake package in '/home/zq/colcon_ws/src/vrpn-ros2'
[0.407s] INFO:colcon.colcon_core.shell:Skip shell extension 'powershell' for command environment: Not usable outside of PowerShell
[0.407s] DEBUG:colcon.colcon_core.shell:Skip shell extension 'dsv' for command environment
[0.416s] INFO:colcon.colcon_ros.task.ament_cmake.build:Building ROS package in '/home/zq/colcon_ws/src/vrpn_client_ros-ros2' with build type 'ament_cmake'
[0.418s] INFO:colcon.colcon_cmake.task.cmake.build:Building CMake package in '/home/zq/colcon_ws/src/vrpn_client_ros-ros2'
[0.422s] INFO:colcon.colcon_core.shell:Skip shell extension 'powershell' for command environment: Not usable outside of PowerShell
[0.422s] DEBUG:colcon.colcon_core.shell:Skip shell extension 'dsv' for command environment
[0.444s] DEBUG:colcon.colcon_core.event_handler.log_command:Invoking command in '/home/zq/colcon_ws/build/arm_vrpn_pubsub': CMAKE_PREFIX_PATH=${CMAKE_PREFIX_PATH}:/opt/ros/foxy /usr/bin/cmake /home/zq/colcon_ws/src/arm_vrpn-main -DCMAKE_INSTALL_PREFIX=/home/zq/colcon_ws/install/arm_vrpn_pubsub
[0.454s] DEBUG:colcon.colcon_core.event_handler.log_command:Invoking command in '/home/zq/colcon_ws/build/vrpn': CMAKE_PREFIX_PATH=${CMAKE_PREFIX_PATH}:/opt/ros/foxy /usr/bin/cmake --build /home/zq/colcon_ws/build/vrpn -- -j4 -l4
[0.463s] DEBUG:colcon.colcon_core.event_handler.log_command:Invoking command in '/home/zq/colcon_ws/build/vrpn_client_ros': CMAKE_PREFIX_PATH=${CMAKE_PREFIX_PATH}:/opt/ros/foxy /usr/bin/cmake --build /home/zq/colcon_ws/build/vrpn_client_ros -- -j4 -l4
[0.767s] DEBUG:colcon.colcon_core.event_handler.log_command:Invoked command in '/home/zq/colcon_ws/build/vrpn_client_ros' returned '0': CMAKE_PREFIX_PATH=${CMAKE_PREFIX_PATH}:/opt/ros/foxy /usr/bin/cmake --build /home/zq/colcon_ws/build/vrpn_client_ros -- -j4 -l4
[0.880s] DEBUG:colcon.colcon_core.event_handler.log_command:Invoking command in '/home/zq/colcon_ws/build/vrpn_client_ros': CMAKE_PREFIX_PATH=${CMAKE_PREFIX_PATH}:/opt/ros/foxy /usr/bin/cmake --install /home/zq/colcon_ws/build/vrpn_client_ros
[0.909s] Level 1:colcon.colcon_core.environment:create_environment_scripts_only(vrpn_client_ros)
[0.911s] DEBUG:colcon.colcon_core.event_handler.log_command:Invoked command in '/home/zq/colcon_ws/build/vrpn_client_ros' returned '0': CMAKE_PREFIX_PATH=${CMAKE_PREFIX_PATH}:/opt/ros/foxy /usr/bin/cmake --install /home/zq/colcon_ws/build/vrpn_client_ros
[0.922s] Level 1:colcon.colcon_core.environment:checking '/home/zq/colcon_ws/install/vrpn_client_ros' for CMake module files
[0.924s] Level 1:colcon.colcon_core.environment:checking '/home/zq/colcon_ws/install/vrpn_client_ros' for CMake config files
[0.924s] Level 1:colcon.colcon_core.shell:create_environment_hook('vrpn_client_ros', 'cmake_prefix_path')
[0.928s] INFO:colcon.colcon_core.shell:Creating environment hook '/home/zq/colcon_ws/install/vrpn_client_ros/share/vrpn_client_ros/hook/cmake_prefix_path.ps1'
[0.929s] INFO:colcon.colcon_core.shell:Creating environment descriptor '/home/zq/colcon_ws/install/vrpn_client_ros/share/vrpn_client_ros/hook/cmake_prefix_path.dsv'
[0.930s] INFO:colcon.colcon_core.shell:Creating environment hook '/home/zq/colcon_ws/install/vrpn_client_ros/share/vrpn_client_ros/hook/cmake_prefix_path.sh'
[0.932s] Level 1:colcon.colcon_core.environment:checking '/home/zq/colcon_ws/install/vrpn_client_ros/lib'
[0.933s] Level 1:colcon.colcon_core.environment:checking '/home/zq/colcon_ws/install/vrpn_client_ros/bin'
[0.933s] Level 1:colcon.colcon_core.environment:checking '/home/zq/colcon_ws/install/vrpn_client_ros/lib/pkgconfig/vrpn_client_ros.pc'
[0.933s] Level 1:colcon.colcon_core.environment:checking '/home/zq/colcon_ws/install/vrpn_client_ros/lib/python3.8/site-packages'
[0.934s] Level 1:colcon.colcon_core.environment:checking '/home/zq/colcon_ws/install/vrpn_client_ros/bin'
[0.937s] INFO:colcon.colcon_core.shell:Creating package script '/home/zq/colcon_ws/install/vrpn_client_ros/share/vrpn_client_ros/package.ps1'
[0.938s] INFO:colcon.colcon_core.shell:Creating package descriptor '/home/zq/colcon_ws/install/vrpn_client_ros/share/vrpn_client_ros/package.dsv'
[0.939s] INFO:colcon.colcon_core.shell:Creating package script '/home/zq/colcon_ws/install/vrpn_client_ros/share/vrpn_client_ros/package.sh'
[0.940s] INFO:colcon.colcon_core.shell:Creating package script '/home/zq/colcon_ws/install/vrpn_client_ros/share/vrpn_client_ros/package.bash'
[0.941s] INFO:colcon.colcon_core.shell:Creating package script '/home/zq/colcon_ws/install/vrpn_client_ros/share/vrpn_client_ros/package.zsh'
[0.942s] Level 1:colcon.colcon_core.environment:create_file_with_runtime_dependencies(/home/zq/colcon_ws/install/vrpn_client_ros/share/colcon-core/packages/vrpn_client_ros)
[0.950s] DEBUG:colcon.colcon_core.event_handler.log_command:Invoked command in '/home/zq/colcon_ws/build/vrpn' returned '0': CMAKE_PREFIX_PATH=${CMAKE_PREFIX_PATH}:/opt/ros/foxy /usr/bin/cmake --build /home/zq/colcon_ws/build/vrpn -- -j4 -l4
[0.999s] Level 1:colcon.colcon_core.environment:create_environment_scripts_only(vrpn_client_ros)
[1.002s] Level 1:colcon.colcon_core.environment:checking '/home/zq/colcon_ws/install/vrpn_client_ros' for CMake module files
[1.002s] Level 1:colcon.colcon_core.environment:checking '/home/zq/colcon_ws/install/vrpn_client_ros' for CMake config files
[1.003s] Level 1:colcon.colcon_core.shell:create_environment_hook('vrpn_client_ros', 'cmake_prefix_path')
[1.004s] INFO:colcon.colcon_core.shell:Creating environment hook '/home/zq/colcon_ws/install/vrpn_client_ros/share/vrpn_client_ros/hook/cmake_prefix_path.ps1'
[1.005s] INFO:colcon.colcon_core.shell:Creating environment descriptor '/home/zq/colcon_ws/install/vrpn_client_ros/share/vrpn_client_ros/hook/cmake_prefix_path.dsv'
[1.006s] INFO:colcon.colcon_core.shell:Creating environment hook '/home/zq/colcon_ws/install/vrpn_client_ros/share/vrpn_client_ros/hook/cmake_prefix_path.sh'
[1.007s] Level 1:colcon.colcon_core.environment:checking '/home/zq/colcon_ws/install/vrpn_client_ros/lib'
[1.007s] Level 1:colcon.colcon_core.environment:checking '/home/zq/colcon_ws/install/vrpn_client_ros/bin'
[1.007s] Level 1:colcon.colcon_core.environment:checking '/home/zq/colcon_ws/install/vrpn_client_ros/lib/pkgconfig/vrpn_client_ros.pc'
[1.007s] Level 1:colcon.colcon_core.environment:checking '/home/zq/colcon_ws/install/vrpn_client_ros/lib/python3.8/site-packages'
[1.008s] Level 1:colcon.colcon_core.environment:checking '/home/zq/colcon_ws/install/vrpn_client_ros/bin'
[1.009s] INFO:colcon.colcon_core.shell:Creating package script '/home/zq/colcon_ws/install/vrpn_client_ros/share/vrpn_client_ros/package.ps1'
[1.010s] INFO:colcon.colcon_core.shell:Creating package descriptor '/home/zq/colcon_ws/install/vrpn_client_ros/share/vrpn_client_ros/package.dsv'
[1.011s] INFO:colcon.colcon_core.shell:Creating package script '/home/zq/colcon_ws/install/vrpn_client_ros/share/vrpn_client_ros/package.sh'
[1.012s] INFO:colcon.colcon_core.shell:Creating package script '/home/zq/colcon_ws/install/vrpn_client_ros/share/vrpn_client_ros/package.bash'
[1.012s] INFO:colcon.colcon_core.shell:Creating package script '/home/zq/colcon_ws/install/vrpn_client_ros/share/vrpn_client_ros/package.zsh'
[1.013s] Level 1:colcon.colcon_core.environment:create_file_with_runtime_dependencies(/home/zq/colcon_ws/install/vrpn_client_ros/share/colcon-core/packages/vrpn_client_ros)
[1.405s] DEBUG:colcon.colcon_core.event_handler.log_command:Invoking command in '/home/zq/colcon_ws/build/vrpn': CMAKE_PREFIX_PATH=${CMAKE_PREFIX_PATH}:/opt/ros/foxy /usr/bin/cmake --install /home/zq/colcon_ws/build/vrpn
[1.469s] DEBUG:colcon.colcon_core.event_handler.log_command:Invoked command in '/home/zq/colcon_ws/build/vrpn' returned '0': CMAKE_PREFIX_PATH=${CMAKE_PREFIX_PATH}:/opt/ros/foxy /usr/bin/cmake --install /home/zq/colcon_ws/build/vrpn
[1.883s] Level 1:colcon.colcon_core.shell:create_environment_hook('vrpn', 'pkg_config_path')
[1.887s] INFO:colcon.colcon_core.shell:Creating environment hook '/home/zq/colcon_ws/install/vrpn/share/vrpn/hook/pkg_config_path.ps1'
[1.889s] INFO:colcon.colcon_core.shell:Creating environment descriptor '/home/zq/colcon_ws/install/vrpn/share/vrpn/hook/pkg_config_path.dsv'
[1.890s] INFO:colcon.colcon_core.shell:Creating environment hook '/home/zq/colcon_ws/install/vrpn/share/vrpn/hook/pkg_config_path.sh'
[1.896s] Level 1:colcon.colcon_core.shell:create_environment_hook('vrpn', 'pkg_config_path_multiarch')
[1.901s] INFO:colcon.colcon_core.shell:Creating environment hook '/home/zq/colcon_ws/install/vrpn/share/vrpn/hook/pkg_config_path_multiarch.ps1'
[1.902s] INFO:colcon.colcon_core.shell:Creating environment descriptor '/home/zq/colcon_ws/install/vrpn/share/vrpn/hook/pkg_config_path_multiarch.dsv'
[1.902s] INFO:colcon.colcon_core.shell:Creating environment hook '/home/zq/colcon_ws/install/vrpn/share/vrpn/hook/pkg_config_path_multiarch.sh'
[1.903s] Level 1:colcon.colcon_core.environment:create_environment_scripts_only(vrpn)
[1.909s] Level 1:colcon.colcon_core.environment:checking '/home/zq/colcon_ws/install/vrpn' for CMake module files
[1.910s] Level 1:colcon.colcon_core.environment:checking '/home/zq/colcon_ws/install/vrpn' for CMake config files
[1.911s] Level 1:colcon.colcon_core.shell:create_environment_hook('vrpn', 'cmake_prefix_path')
[1.914s] INFO:colcon.colcon_core.shell:Creating environment hook '/home/zq/colcon_ws/install/vrpn/share/vrpn/hook/cmake_prefix_path.ps1'
[1.915s] INFO:colcon.colcon_core.shell:Creating environment descriptor '/home/zq/colcon_ws/install/vrpn/share/vrpn/hook/cmake_prefix_path.dsv'
[1.915s] INFO:colcon.colcon_core.shell:Creating environment hook '/home/zq/colcon_ws/install/vrpn/share/vrpn/hook/cmake_prefix_path.sh'
[1.917s] Level 1:colcon.colcon_core.environment:checking '/home/zq/colcon_ws/install/vrpn/lib'
[1.917s] Level 1:colcon.colcon_core.environment:checking '/home/zq/colcon_ws/install/vrpn/bin'
[1.917s] Level 1:colcon.colcon_core.shell:create_environment_hook('vrpn', 'path')
[1.919s] INFO:colcon.colcon_core.shell:Creating environment hook '/home/zq/colcon_ws/install/vrpn/share/vrpn/hook/path.ps1'
[1.919s] INFO:colcon.colcon_core.shell:Creating environment descriptor '/home/zq/colcon_ws/install/vrpn/share/vrpn/hook/path.dsv'
[1.920s] INFO:colcon.colcon_core.shell:Creating environment hook '/home/zq/colcon_ws/install/vrpn/share/vrpn/hook/path.sh'
[1.920s] Level 1:colcon.colcon_core.environment:checking '/home/zq/colcon_ws/install/vrpn/lib/pkgconfig/vrpn.pc'
[1.921s] Level 1:colcon.colcon_core.environment:checking '/home/zq/colcon_ws/install/vrpn/lib/python3.8/site-packages'
[1.921s] Level 1:colcon.colcon_core.environment:checking '/home/zq/colcon_ws/install/vrpn/bin'
[1.921s] Level 1:colcon.colcon_core.shell:create_environment_hook('vrpn', 'pythonscriptspath')
[1.923s] INFO:colcon.colcon_core.shell:Creating environment hook '/home/zq/colcon_ws/install/vrpn/share/vrpn/hook/pythonscriptspath.ps1'
[1.924s] INFO:colcon.colcon_core.shell:Creating environment descriptor '/home/zq/colcon_ws/install/vrpn/share/vrpn/hook/pythonscriptspath.dsv'
[1.924s] INFO:colcon.colcon_core.shell:Creating environment hook '/home/zq/colcon_ws/install/vrpn/share/vrpn/hook/pythonscriptspath.sh'
[1.927s] INFO:colcon.colcon_core.shell:Creating package script '/home/zq/colcon_ws/install/vrpn/share/vrpn/package.ps1'
[1.928s] INFO:colcon.colcon_core.shell:Creating package descriptor '/home/zq/colcon_ws/install/vrpn/share/vrpn/package.dsv'
[1.928s] INFO:colcon.colcon_core.shell:Creating package script '/home/zq/colcon_ws/install/vrpn/share/vrpn/package.sh'
[1.929s] INFO:colcon.colcon_core.shell:Creating package script '/home/zq/colcon_ws/install/vrpn/share/vrpn/package.bash'
[1.930s] INFO:colcon.colcon_core.shell:Creating package script '/home/zq/colcon_ws/install/vrpn/share/vrpn/package.zsh'
[1.930s] Level 1:colcon.colcon_core.environment:create_file_with_runtime_dependencies(/home/zq/colcon_ws/install/vrpn/share/colcon-core/packages/vrpn)
[3.391s] DEBUG:colcon.colcon_core.event_handler.log_command:Invoked command in '/home/zq/colcon_ws/build/arm_vrpn_pubsub' returned '0': CMAKE_PREFIX_PATH=${CMAKE_PREFIX_PATH}:/opt/ros/foxy /usr/bin/cmake /home/zq/colcon_ws/src/arm_vrpn-main -DCMAKE_INSTALL_PREFIX=/home/zq/colcon_ws/install/arm_vrpn_pubsub
[3.394s] DEBUG:colcon.colcon_core.event_handler.log_command:Invoking command in '/home/zq/colcon_ws/build/arm_vrpn_pubsub': CMAKE_PREFIX_PATH=${CMAKE_PREFIX_PATH}:/opt/ros/foxy /usr/bin/cmake --build /home/zq/colcon_ws/build/arm_vrpn_pubsub -- -j4 -l4
[6.990s] DEBUG:colcon.colcon_core.event_handler.log_command:Invoked command in '/home/zq/colcon_ws/build/arm_vrpn_pubsub' returned '2': CMAKE_PREFIX_PATH=${CMAKE_PREFIX_PATH}:/opt/ros/foxy /usr/bin/cmake --build /home/zq/colcon_ws/build/arm_vrpn_pubsub -- -j4 -l4
[7.026s] Level 1:colcon.colcon_core.environment:create_environment_scripts_only(arm_vrpn_pubsub)
[7.029s] Level 1:colcon.colcon_core.environment:checking '/home/zq/colcon_ws/install/arm_vrpn_pubsub' for CMake module files
[7.029s] Level 1:colcon.colcon_core.environment:checking '/home/zq/colcon_ws/install/arm_vrpn_pubsub' for CMake config files
[7.030s] Level 1:colcon.colcon_core.environment:checking '/home/zq/colcon_ws/install/arm_vrpn_pubsub/bin'
[7.030s] Level 1:colcon.colcon_core.environment:checking '/home/zq/colcon_ws/install/arm_vrpn_pubsub/lib/pkgconfig/arm_vrpn_pubsub.pc'
[7.030s] Level 1:colcon.colcon_core.environment:checking '/home/zq/colcon_ws/install/arm_vrpn_pubsub/lib/python3.8/site-packages'
[7.030s] Level 1:colcon.colcon_core.environment:checking '/home/zq/colcon_ws/install/arm_vrpn_pubsub/bin'
[7.032s] INFO:colcon.colcon_core.shell:Creating package script '/home/zq/colcon_ws/install/arm_vrpn_pubsub/share/arm_vrpn_pubsub/package.ps1'
[7.033s] INFO:colcon.colcon_core.shell:Creating package descriptor '/home/zq/colcon_ws/install/arm_vrpn_pubsub/share/arm_vrpn_pubsub/package.dsv'
[7.034s] INFO:colcon.colcon_core.shell:Creating package script '/home/zq/colcon_ws/install/arm_vrpn_pubsub/share/arm_vrpn_pubsub/package.sh'
[7.034s] INFO:colcon.colcon_core.shell:Creating package script '/home/zq/colcon_ws/install/arm_vrpn_pubsub/share/arm_vrpn_pubsub/package.bash'
[7.034s] INFO:colcon.colcon_core.shell:Creating package script '/home/zq/colcon_ws/install/arm_vrpn_pubsub/share/arm_vrpn_pubsub/package.zsh'
[7.035s] Level 1:colcon.colcon_core.environment:create_file_with_runtime_dependencies(/home/zq/colcon_ws/install/arm_vrpn_pubsub/share/colcon-core/packages/arm_vrpn_pubsub)
[7.046s] DEBUG:colcon.colcon_parallel_executor.executor.parallel:closing loop
[7.046s] DEBUG:colcon.colcon_parallel_executor.executor.parallel:loop closed
[7.046s] DEBUG:colcon.colcon_parallel_executor.executor.parallel:run_until_complete finished with '2'
[7.046s] DEBUG:colcon.colcon_core.event_reactor:joining thread
[7.056s] INFO:colcon.colcon_core.plugin_system:Skipping extension 'colcon_notification.desktop_notification.terminal_notifier': Not used on non-Darwin systems
[7.056s] INFO:colcon.colcon_core.plugin_system:Skipping extension 'colcon_notification.desktop_notification.win32': Not used on non-Windows systems
[7.056s] INFO:colcon.colcon_notification.desktop_notification:Sending desktop notification using 'notify2'
[7.099s] DEBUG:colcon.colcon_core.event_reactor:joined thread
[7.103s] INFO:colcon.colcon_core.shell:Creating prefix script '/home/zq/colcon_ws/install/local_setup.ps1'
[7.105s] INFO:colcon.colcon_core.shell:Creating prefix util module '/home/zq/colcon_ws/install/_local_setup_util_ps1.py'
[7.108s] INFO:colcon.colcon_core.shell:Creating prefix chain script '/home/zq/colcon_ws/install/setup.ps1'
[7.111s] INFO:colcon.colcon_core.shell:Creating prefix script '/home/zq/colcon_ws/install/local_setup.sh'
[7.111s] INFO:colcon.colcon_core.shell:Creating prefix util module '/home/zq/colcon_ws/install/_local_setup_util_sh.py'
[7.112s] INFO:colcon.colcon_core.shell:Creating prefix chain script '/home/zq/colcon_ws/install/setup.sh'
[7.114s] INFO:colcon.colcon_core.shell:Creating prefix script '/home/zq/colcon_ws/install/local_setup.bash'
[7.115s] INFO:colcon.colcon_core.shell:Creating prefix chain script '/home/zq/colcon_ws/install/setup.bash'
[7.117s] INFO:colcon.colcon_core.shell:Creating prefix script '/home/zq/colcon_ws/install/local_setup.zsh'
[7.117s] INFO:colcon.colcon_core.shell:Creating prefix chain script '/home/zq/colcon_ws/install/setup.zsh'
