[0.025s] Invoking command in '/home/zq/colcon_ws/build/arm_vrpn_pubsub': CMAKE_PREFIX_PATH=${CMAKE_PREFIX_PATH}:/opt/ros/foxy /usr/bin/cmake --build /home/zq/colcon_ws/build/arm_vrpn_pubsub -- -j4 -l4
[0.086s] [35m[1mScanning dependencies of target arm_mocap_pubsub[0m
[0.130s] [ 50%] [32mBuilding CXX object CMakeFiles/arm_mocap_pubsub.dir/src/arm_mocap_pubsub.cpp.o[0m
[1.853s] [01m[K/home/zq/colcon_ws/src/arm_vrpn-main/src/arm_mocap_pubsub.cpp:[m[K In member function ‘[01m[Kvoid Mocapzmq_pub::topic_callback1(geometry_msgs::msg::PoseStamped_<std::allocator<void> >::SharedPtr)[m[K’:
[1.855s] [01m[K/home/zq/colcon_ws/src/arm_vrpn-main/src/arm_mocap_pubsub.cpp:75:38:[m[K [01;31m[Kerror: [m[Kno matching function for call to ‘[01m[Kstd::__cxx11::basic_string<char>::basic_string(long unsigned int)[m[K’
[1.855s]    75 |       std::string str_msg(sizeof data[01;31m[K)[m[K;
[1.855s]       |                                      [01;31m[K^[m[K
[1.855s] In file included from [01m[K/usr/include/c++/9/string:55[m[K,
[1.855s]                  from [01m[K/usr/include/c++/9/stdexcept:39[m[K,
[1.856s]                  from [01m[K/usr/include/c++/9/array:39[m[K,
[1.856s]                  from [01m[K/usr/include/c++/9/tuple:39[m[K,
[1.856s]                  from [01m[K/usr/include/c++/9/functional:54[m[K,
[1.856s]                  from [01m[K/home/zq/colcon_ws/src/arm_vrpn-main/src/arm_mocap_pubsub.cpp:2[m[K:
[1.856s] [01m[K/usr/include/c++/9/bits/basic_string.h:629:9:[m[K [01;36m[Knote: [m[Kcandidate: ‘[01m[Ktemplate<class _InputIterator, class> std::__cxx11::basic_string<_CharT, _Traits, _Alloc>::basic_string(_InputIterator, _InputIterator, const _Alloc&)[m[K’
[1.857s]   629 |         [01;36m[Kbasic_string[m[K(_InputIterator __beg, _InputIterator __end,
[1.857s]       |         [01;36m[K^~~~~~~~~~~~[m[K
[1.857s] [01m[K/usr/include/c++/9/bits/basic_string.h:629:9:[m[K [01;36m[Knote: [m[K  template argument deduction/substitution failed:
[1.857s] [01m[K/home/zq/colcon_ws/src/arm_vrpn-main/src/arm_mocap_pubsub.cpp:75:38:[m[K [01;36m[Knote: [m[K  candidate expects 3 arguments, 1 provided
[1.857s]    75 |       std::string str_msg(sizeof data[01;36m[K)[m[K;
[1.857s]       |                                      [01;36m[K^[m[K
[1.857s] In file included from [01m[K/usr/include/c++/9/string:55[m[K,
[1.858s]                  from [01m[K/usr/include/c++/9/stdexcept:39[m[K,
[1.858s]                  from [01m[K/usr/include/c++/9/array:39[m[K,
[1.858s]                  from [01m[K/usr/include/c++/9/tuple:39[m[K,
[1.858s]                  from [01m[K/usr/include/c++/9/functional:54[m[K,
[1.858s]                  from [01m[K/home/zq/colcon_ws/src/arm_vrpn-main/src/arm_mocap_pubsub.cpp:2[m[K:
[1.858s] [01m[K/usr/include/c++/9/bits/basic_string.h:591:7:[m[K [01;36m[Knote: [m[Kcandidate: ‘[01m[Kstd::__cxx11::basic_string<_CharT, _Traits, _Alloc>::basic_string(std::__cxx11::basic_string<_CharT, _Traits, _Alloc>&&, const _Alloc&) [with _CharT = char; _Traits = std::char_traits<char>; _Alloc = std::allocator<char>][m[K’
[1.859s]   591 |       [01;36m[Kbasic_string[m[K(basic_string&& __str, const _Alloc& __a)
[1.859s]       |       [01;36m[K^~~~~~~~~~~~[m[K
[1.859s] [01m[K/usr/include/c++/9/bits/basic_string.h:591:7:[m[K [01;36m[Knote: [m[K  candidate expects 2 arguments, 1 provided
[1.859s] [01m[K/usr/include/c++/9/bits/basic_string.h:587:7:[m[K [01;36m[Knote: [m[Kcandidate: ‘[01m[Kstd::__cxx11::basic_string<_CharT, _Traits, _Alloc>::basic_string(const std::__cxx11::basic_string<_CharT, _Traits, _Alloc>&, const _Alloc&) [with _CharT = char; _Traits = std::char_traits<char>; _Alloc = std::allocator<char>][m[K’
[1.859s]   587 |       [01;36m[Kbasic_string[m[K(const basic_string& __str, const _Alloc& __a)
[1.859s]       |       [01;36m[K^~~~~~~~~~~~[m[K
[1.860s] [01m[K/usr/include/c++/9/bits/basic_string.h:587:7:[m[K [01;36m[Knote: [m[K  candidate expects 2 arguments, 1 provided
[1.860s] [01m[K/usr/include/c++/9/bits/basic_string.h:583:7:[m[K [01;36m[Knote: [m[Kcandidate: ‘[01m[Kstd::__cxx11::basic_string<_CharT, _Traits, _Alloc>::basic_string(std::initializer_list<_Tp>, const _Alloc&) [with _CharT = char; _Traits = std::char_traits<char>; _Alloc = std::allocator<char>][m[K’
[1.860s]   583 |       [01;36m[Kbasic_string[m[K(initializer_list<_CharT> __l, const _Alloc& __a = _Alloc())
[1.860s]       |       [01;36m[K^~~~~~~~~~~~[m[K
[1.860s] [01m[K/usr/include/c++/9/bits/basic_string.h:583:45:[m[K [01;36m[Knote: [m[K  no known conversion for argument 1 from ‘[01m[Klong unsigned int[m[K’ to ‘[01m[Kstd::initializer_list<char>[m[K’
[1.861s]   583 |       basic_string([01;36m[Kinitializer_list<_CharT> __l[m[K, const _Alloc& __a = _Alloc())
[1.861s]       |                    [01;36m[K~~~~~~~~~~~~~~~~~~~~~~~~~^~~[m[K
[1.861s] [01m[K/usr/include/c++/9/bits/basic_string.h:556:7:[m[K [01;36m[Knote: [m[Kcandidate: ‘[01m[Kstd::__cxx11::basic_string<_CharT, _Traits, _Alloc>::basic_string(std::__cxx11::basic_string<_CharT, _Traits, _Alloc>&&) [with _CharT = char; _Traits = std::char_traits<char>; _Alloc = std::allocator<char>][m[K’
[1.861s]   556 |       [01;36m[Kbasic_string[m[K(basic_string&& __str) noexcept
[1.861s]       |       [01;36m[K^~~~~~~~~~~~[m[K
[1.861s] [01m[K/usr/include/c++/9/bits/basic_string.h:556:35:[m[K [01;36m[Knote: [m[K  no known conversion for argument 1 from ‘[01m[Klong unsigned int[m[K’ to ‘[01m[Kstd::__cxx11::basic_string<char>&&[m[K’
[1.862s]   556 |       basic_string([01;36m[Kbasic_string&& __str[m[K) noexcept
[1.862s]       |                    [01;36m[K~~~~~~~~~~~~~~~^~~~~[m[K
[1.862s] [01m[K/usr/include/c++/9/bits/basic_string.h:544:7:[m[K [01;36m[Knote: [m[Kcandidate: ‘[01m[Kstd::__cxx11::basic_string<_CharT, _Traits, _Alloc>::basic_string(std::__cxx11::basic_string<_CharT, _Traits, _Alloc>::size_type, _CharT, const _Alloc&) [with _CharT = char; _Traits = std::char_traits<char>; _Alloc = std::allocator<char>; std::__cxx11::basic_string<_CharT, _Traits, _Alloc>::size_type = long unsigned int][m[K’
[1.862s]   544 |       [01;36m[Kbasic_string[m[K(size_type __n, _CharT __c, const _Alloc& __a = _Alloc())
[1.862s]       |       [01;36m[K^~~~~~~~~~~~[m[K
[1.862s] [01m[K/usr/include/c++/9/bits/basic_string.h:544:7:[m[K [01;36m[Knote: [m[K  candidate expects 3 arguments, 1 provided
[1.863s] [01m[K/usr/include/c++/9/bits/basic_string.h:529:7:[m[K [01;36m[Knote: [m[Kcandidate: ‘[01m[Kstd::__cxx11::basic_string<_CharT, _Traits, _Alloc>::basic_string(const _CharT*, const _Alloc&) [with _CharT = char; _Traits = std::char_traits<char>; _Alloc = std::allocator<char>][m[K’ <near match>
[1.863s]   529 |       [01;36m[Kbasic_string[m[K(const _CharT* __s, const _Alloc& __a = _Alloc())
[1.863s]       |       [01;36m[K^~~~~~~~~~~~[m[K
[1.863s] [01m[K/usr/include/c++/9/bits/basic_string.h:529:7:[m[K [01;36m[Knote: [m[K  conversion of argument 1 would be ill-formed:
[1.863s] [01m[K/home/zq/colcon_ws/src/arm_vrpn-main/src/arm_mocap_pubsub.cpp:75:27:[m[K [01;31m[Kerror: [m[Kinvalid conversion from ‘[01m[Klong unsigned int[m[K’ to ‘[01m[Kconst char*[m[K’ [[01;31m[K-fpermissive[m[K]
[1.863s]    75 |       std::string str_msg([01;31m[Ksizeof data[m[K);
[1.864s]       |                           [01;31m[K^~~~~~~~~~~[m[K
[1.864s]       |                           [01;31m[K|[m[K
[1.864s]       |                           [01;31m[Klong unsigned int[m[K
[1.864s] In file included from [01m[K/usr/include/c++/9/string:55[m[K,
[1.864s]                  from [01m[K/usr/include/c++/9/stdexcept:39[m[K,
[1.865s]                  from [01m[K/usr/include/c++/9/array:39[m[K,
[1.865s]                  from [01m[K/usr/include/c++/9/tuple:39[m[K,
[1.865s]                  from [01m[K/usr/include/c++/9/functional:54[m[K,
[1.865s]                  from [01m[K/home/zq/colcon_ws/src/arm_vrpn-main/src/arm_mocap_pubsub.cpp:2[m[K:
[1.865s] [01m[K/usr/include/c++/9/bits/basic_string.h:514:7:[m[K [01;36m[Knote: [m[Kcandidate: ‘[01m[Kstd::__cxx11::basic_string<_CharT, _Traits, _Alloc>::basic_string(const _CharT*, std::__cxx11::basic_string<_CharT, _Traits, _Alloc>::size_type, const _Alloc&) [with _CharT = char; _Traits = std::char_traits<char>; _Alloc = std::allocator<char>; std::__cxx11::basic_string<_CharT, _Traits, _Alloc>::size_type = long unsigned int][m[K’
[1.865s]   514 |       [01;36m[Kbasic_string[m[K(const _CharT* __s, size_type __n,
[1.866s]       |       [01;36m[K^~~~~~~~~~~~[m[K
[1.866s] [01m[K/usr/include/c++/9/bits/basic_string.h:514:7:[m[K [01;36m[Knote: [m[K  candidate expects 3 arguments, 1 provided
[1.866s] [01m[K/usr/include/c++/9/bits/basic_string.h:496:7:[m[K [01;36m[Knote: [m[Kcandidate: ‘[01m[Kstd::__cxx11::basic_string<_CharT, _Traits, _Alloc>::basic_string(const std::__cxx11::basic_string<_CharT, _Traits, _Alloc>&, std::__cxx11::basic_string<_CharT, _Traits, _Alloc>::size_type, std::__cxx11::basic_string<_CharT, _Traits, _Alloc>::size_type, const _Alloc&) [with _CharT = char; _Traits = std::char_traits<char>; _Alloc = std::allocator<char>; std::__cxx11::basic_string<_CharT, _Traits, _Alloc>::size_type = long unsigned int][m[K’
[1.866s]   496 |       [01;36m[Kbasic_string[m[K(const basic_string& __str, size_type __pos,
[1.866s]       |       [01;36m[K^~~~~~~~~~~~[m[K
[1.866s] [01m[K/usr/include/c++/9/bits/basic_string.h:496:7:[m[K [01;36m[Knote: [m[K  candidate expects 4 arguments, 1 provided
[1.867s] [01m[K/usr/include/c++/9/bits/basic_string.h:480:7:[m[K [01;36m[Knote: [m[Kcandidate: ‘[01m[Kstd::__cxx11::basic_string<_CharT, _Traits, _Alloc>::basic_string(const std::__cxx11::basic_string<_CharT, _Traits, _Alloc>&, std::__cxx11::basic_string<_CharT, _Traits, _Alloc>::size_type, std::__cxx11::basic_string<_CharT, _Traits, _Alloc>::size_type) [with _CharT = char; _Traits = std::char_traits<char>; _Alloc = std::allocator<char>; std::__cxx11::basic_string<_CharT, _Traits, _Alloc>::size_type = long unsigned int][m[K’
[1.867s]   480 |       [01;36m[Kbasic_string[m[K(const basic_string& __str, size_type __pos,
[1.867s]       |       [01;36m[K^~~~~~~~~~~~[m[K
[1.867s] [01m[K/usr/include/c++/9/bits/basic_string.h:480:7:[m[K [01;36m[Knote: [m[K  candidate expects 3 arguments, 1 provided
[1.868s] [01m[K/usr/include/c++/9/bits/basic_string.h:465:7:[m[K [01;36m[Knote: [m[Kcandidate: ‘[01m[Kstd::__cxx11::basic_string<_CharT, _Traits, _Alloc>::basic_string(const std::__cxx11::basic_string<_CharT, _Traits, _Alloc>&, std::__cxx11::basic_string<_CharT, _Traits, _Alloc>::size_type, const _Alloc&) [with _CharT = char; _Traits = std::char_traits<char>; _Alloc = std::allocator<char>; std::__cxx11::basic_string<_CharT, _Traits, _Alloc>::size_type = long unsigned int][m[K’
[1.868s]   465 |       [01;36m[Kbasic_string[m[K(const basic_string& __str, size_type __pos,
[1.868s]       |       [01;36m[K^~~~~~~~~~~~[m[K
[1.868s] [01m[K/usr/include/c++/9/bits/basic_string.h:465:7:[m[K [01;36m[Knote: [m[K  candidate expects 3 arguments, 1 provided
[1.868s] [01m[K/usr/include/c++/9/bits/basic_string.h:452:7:[m[K [01;36m[Knote: [m[Kcandidate: ‘[01m[Kstd::__cxx11::basic_string<_CharT, _Traits, _Alloc>::basic_string(const std::__cxx11::basic_string<_CharT, _Traits, _Alloc>&) [with _CharT = char; _Traits = std::char_traits<char>; _Alloc = std::allocator<char>][m[K’
[1.869s]   452 |       [01;36m[Kbasic_string[m[K(const basic_string& __str)
[1.869s]       |       [01;36m[K^~~~~~~~~~~~[m[K
[1.869s] [01m[K/usr/include/c++/9/bits/basic_string.h:452:40:[m[K [01;36m[Knote: [m[K  no known conversion for argument 1 from ‘[01m[Klong unsigned int[m[K’ to ‘[01m[Kconst std::__cxx11::basic_string<char>&[m[K’
[1.869s]   452 |       basic_string([01;36m[Kconst basic_string& __str[m[K)
[1.869s]       |                    [01;36m[K~~~~~~~~~~~~~~~~~~~~^~~~~[m[K
[1.870s] [01m[K/usr/include/c++/9/bits/basic_string.h:444:7:[m[K [01;36m[Knote: [m[Kcandidate: ‘[01m[Kstd::__cxx11::basic_string<_CharT, _Traits, _Alloc>::basic_string(const _Alloc&) [with _CharT = char; _Traits = std::char_traits<char>; _Alloc = std::allocator<char>][m[K’
[1.870s]   444 |       [01;36m[Kbasic_string[m[K(const _Alloc& __a) _GLIBCXX_NOEXCEPT
[1.870s]       |       [01;36m[K^~~~~~~~~~~~[m[K
[1.870s] [01m[K/usr/include/c++/9/bits/basic_string.h:444:34:[m[K [01;36m[Knote: [m[K  no known conversion for argument 1 from ‘[01m[Klong unsigned int[m[K’ to ‘[01m[Kconst std::allocator<char>&[m[K’
[1.871s]   444 |       basic_string([01;36m[Kconst _Alloc& __a[m[K) _GLIBCXX_NOEXCEPT
[1.871s]       |                    [01;36m[K~~~~~~~~~~~~~~^~~[m[K
[1.871s] [01m[K/usr/include/c++/9/bits/basic_string.h:435:7:[m[K [01;36m[Knote: [m[Kcandidate: ‘[01m[Kstd::__cxx11::basic_string<_CharT, _Traits, _Alloc>::basic_string() [with _CharT = char; _Traits = std::char_traits<char>; _Alloc = std::allocator<char>][m[K’
[1.871s]   435 |       [01;36m[Kbasic_string[m[K()
[1.871s]       |       [01;36m[K^~~~~~~~~~~~[m[K
[1.872s] [01m[K/usr/include/c++/9/bits/basic_string.h:435:7:[m[K [01;36m[Knote: [m[K  candidate expects 0 arguments, 1 provided
[3.681s] make[2]: *** [CMakeFiles/arm_mocap_pubsub.dir/build.make:63: CMakeFiles/arm_mocap_pubsub.dir/src/arm_mocap_pubsub.cpp.o] Error 1
[3.681s] make[1]: *** [CMakeFiles/Makefile2:78: CMakeFiles/arm_mocap_pubsub.dir/all] Error 2
[3.681s] make: *** [Makefile:141: all] Error 2
[3.684s] Invoked command in '/home/zq/colcon_ws/build/arm_vrpn_pubsub' returned '2': CMAKE_PREFIX_PATH=${CMAKE_PREFIX_PATH}:/opt/ros/foxy /usr/bin/cmake --build /home/zq/colcon_ws/build/arm_vrpn_pubsub -- -j4 -l4
