[0.027s] Invoking command in '/home/zq/colcon_ws/build/arm_vrpn_pubsub': CMAKE_PREFIX_PATH=${CMAKE_PREFIX_PATH}:/opt/ros/foxy /usr/bin/cmake --build /home/zq/colcon_ws/build/arm_vrpn_pubsub -- -j4 -l4
[0.119s] [100%] Built target arm_mocap_pubsub
[0.139s] Invoked command in '/home/zq/colcon_ws/build/arm_vrpn_pubsub' returned '0': CMAKE_PREFIX_PATH=${CMAKE_PREFIX_PATH}:/opt/ros/foxy /usr/bin/cmake --build /home/zq/colcon_ws/build/arm_vrpn_pubsub -- -j4 -l4
[0.191s] Invoking command in '/home/zq/colcon_ws/build/arm_vrpn_pubsub': CMAKE_PREFIX_PATH=${CMAKE_PREFIX_PATH}:/opt/ros/foxy /usr/bin/cmake --install /home/zq/colcon_ws/build/arm_vrpn_pubsub
[0.206s] -- Install configuration: ""
[0.206s] -- Up-to-date: /home/zq/colcon_ws/install/arm_vrpn_pubsub/lib/arm_vrpn_pubsub/arm_mocap_pubsub
[0.207s] -- Up-to-date: /home/zq/colcon_ws/install/arm_vrpn_pubsub/share/ament_index/resource_index/package_run_dependencies/arm_vrpn_pubsub
[0.207s] -- Up-to-date: /home/zq/colcon_ws/install/arm_vrpn_pubsub/share/ament_index/resource_index/parent_prefix_path/arm_vrpn_pubsub
[0.207s] -- Up-to-date: /home/zq/colcon_ws/install/arm_vrpn_pubsub/share/arm_vrpn_pubsub/environment/ament_prefix_path.sh
[0.207s] -- Up-to-date: /home/zq/colcon_ws/install/arm_vrpn_pubsub/share/arm_vrpn_pubsub/environment/ament_prefix_path.dsv
[0.208s] -- Up-to-date: /home/zq/colcon_ws/install/arm_vrpn_pubsub/share/arm_vrpn_pubsub/environment/path.sh
[0.208s] -- Up-to-date: /home/zq/colcon_ws/install/arm_vrpn_pubsub/share/arm_vrpn_pubsub/environment/path.dsv
[0.208s] -- Up-to-date: /home/zq/colcon_ws/install/arm_vrpn_pubsub/share/arm_vrpn_pubsub/local_setup.bash
[0.208s] -- Up-to-date: /home/zq/colcon_ws/install/arm_vrpn_pubsub/share/arm_vrpn_pubsub/local_setup.sh
[0.209s] -- Up-to-date: /home/zq/colcon_ws/install/arm_vrpn_pubsub/share/arm_vrpn_pubsub/local_setup.zsh
[0.209s] -- Up-to-date: /home/zq/colcon_ws/install/arm_vrpn_pubsub/share/arm_vrpn_pubsub/local_setup.dsv
[0.209s] -- Installing: /home/zq/colcon_ws/install/arm_vrpn_pubsub/share/arm_vrpn_pubsub/package.dsv
[0.209s] -- Up-to-date: /home/zq/colcon_ws/install/arm_vrpn_pubsub/share/ament_index/resource_index/packages/arm_vrpn_pubsub
[0.209s] -- Up-to-date: /home/zq/colcon_ws/install/arm_vrpn_pubsub/share/arm_vrpn_pubsub/cmake/arm_vrpn_pubsubConfig.cmake
[0.210s] -- Up-to-date: /home/zq/colcon_ws/install/arm_vrpn_pubsub/share/arm_vrpn_pubsub/cmake/arm_vrpn_pubsubConfig-version.cmake
[0.210s] -- Up-to-date: /home/zq/colcon_ws/install/arm_vrpn_pubsub/share/arm_vrpn_pubsub/package.xml
[0.213s] Invoked command in '/home/zq/colcon_ws/build/arm_vrpn_pubsub' returned '0': CMAKE_PREFIX_PATH=${CMAKE_PREFIX_PATH}:/opt/ros/foxy /usr/bin/cmake --install /home/zq/colcon_ws/build/arm_vrpn_pubsub
