[0.190s] DEBUG:colcon:Command line arguments: ['/usr/bin/colcon', 'build', '--packages-select', 'vrpn_client_ros', '--event-handlers', 'console_direct+']
[0.190s] DEBUG:colcon:Parsed command line arguments: Namespace(allow_overriding=[], ament_cmake_args=None, base_paths=['.'], build_base='build', catkin_cmake_args=None, catkin_skip_building_tests=False, cmake_args=None, cmake_clean_cache=False, cmake_clean_first=False, cmake_force_configure=False, cmake_target=None, cmake_target_skip_unavailable=False, continue_on_error=False, event_handlers=['console_direct+'], executor='parallel', ignore_user_meta=False, install_base='install', log_base=None, log_level=None, main=<bound method BuildVerb.main of <colcon_core.verb.build.BuildVerb object at 0x7f7a80cfa7f0>>, merge_install=False, metas=['./colcon.meta'], packages_above=None, packages_above_and_dependencies=None, packages_above_depth=None, packages_end=None, packages_ignore=None, packages_ignore_regex=None, packages_select=['vrpn_client_ros'], packages_select_build_failed=False, packages_select_by_dep=None, packages_select_regex=None, packages_select_test_failures=False, packages_skip=None, packages_skip_build_finished=False, packages_skip_by_dep=None, packages_skip_regex=None, packages_skip_test_passed=False, packages_skip_up_to=None, packages_start=None, packages_up_to=None, packages_up_to_regex=None, parallel_workers=4, paths=None, symlink_install=False, test_result_base=None, verb_extension=<colcon_core.verb.build.BuildVerb object at 0x7f7a80cfa7f0>, verb_name='build', verb_parser=<colcon_defaults.argument_parser.defaults.DefaultArgumentsDecorator object at 0x7f7a80d0b4f0>)
[0.219s] Level 1:colcon.colcon_core.package_discovery:discover_packages(colcon_meta) check parameters
[0.220s] Level 1:colcon.colcon_core.package_discovery:discover_packages(recursive) check parameters
[0.220s] Level 1:colcon.colcon_core.package_discovery:discover_packages(ignore) check parameters
[0.220s] Level 1:colcon.colcon_core.package_discovery:discover_packages(path) check parameters
[0.220s] Level 1:colcon.colcon_core.package_discovery:discover_packages(colcon_meta) discover
[0.220s] Level 1:colcon.colcon_core.package_discovery:discover_packages(recursive) discover
[0.220s] INFO:colcon.colcon_core.package_discovery:Crawling recursively for packages in '/home/zq/colcon_ws'
[0.220s] Level 1:colcon.colcon_core.package_identification:_identify(.) by extensions ['ignore', 'ignore_ament_install']
[0.220s] Level 1:colcon.colcon_core.package_identification:_identify(.) by extension 'ignore'
[0.220s] Level 1:colcon.colcon_core.package_identification:_identify(.) by extension 'ignore_ament_install'
[0.220s] Level 1:colcon.colcon_core.package_identification:_identify(.) by extensions ['colcon_pkg']
[0.220s] Level 1:colcon.colcon_core.package_identification:_identify(.) by extension 'colcon_pkg'
[0.220s] Level 1:colcon.colcon_core.package_identification:_identify(.) by extensions ['colcon_meta']
[0.220s] Level 1:colcon.colcon_core.package_identification:_identify(.) by extension 'colcon_meta'
[0.220s] Level 1:colcon.colcon_core.package_identification:_identify(.) by extensions ['ros']
[0.220s] Level 1:colcon.colcon_core.package_identification:_identify(.) by extension 'ros'
[0.234s] Level 1:colcon.colcon_core.package_identification:_identify(.) by extensions ['cmake', 'python']
[0.234s] Level 1:colcon.colcon_core.package_identification:_identify(.) by extension 'cmake'
[0.234s] Level 1:colcon.colcon_core.package_identification:_identify(.) by extension 'python'
[0.234s] Level 1:colcon.colcon_core.package_identification:_identify(.) by extensions ['python_setup_py']
[0.234s] Level 1:colcon.colcon_core.package_identification:_identify(.) by extension 'python_setup_py'
[0.234s] Level 1:colcon.colcon_core.package_identification:_identify(build) by extensions ['ignore', 'ignore_ament_install']
[0.234s] Level 1:colcon.colcon_core.package_identification:_identify(build) by extension 'ignore'
[0.234s] Level 1:colcon.colcon_core.package_identification:_identify(build) ignored
[0.235s] Level 1:colcon.colcon_core.package_identification:_identify(install) by extensions ['ignore', 'ignore_ament_install']
[0.235s] Level 1:colcon.colcon_core.package_identification:_identify(install) by extension 'ignore'
[0.235s] Level 1:colcon.colcon_core.package_identification:_identify(install) ignored
[0.235s] Level 1:colcon.colcon_core.package_identification:_identify(log) by extensions ['ignore', 'ignore_ament_install']
[0.235s] Level 1:colcon.colcon_core.package_identification:_identify(log) by extension 'ignore'
[0.235s] Level 1:colcon.colcon_core.package_identification:_identify(log) ignored
[0.235s] Level 1:colcon.colcon_core.package_identification:_identify(src) by extensions ['ignore', 'ignore_ament_install']
[0.235s] Level 1:colcon.colcon_core.package_identification:_identify(src) by extension 'ignore'
[0.235s] Level 1:colcon.colcon_core.package_identification:_identify(src) by extension 'ignore_ament_install'
[0.235s] Level 1:colcon.colcon_core.package_identification:_identify(src) by extensions ['colcon_pkg']
[0.235s] Level 1:colcon.colcon_core.package_identification:_identify(src) by extension 'colcon_pkg'
[0.235s] Level 1:colcon.colcon_core.package_identification:_identify(src) by extensions ['colcon_meta']
[0.235s] Level 1:colcon.colcon_core.package_identification:_identify(src) by extension 'colcon_meta'
[0.235s] Level 1:colcon.colcon_core.package_identification:_identify(src) by extensions ['ros']
[0.236s] Level 1:colcon.colcon_core.package_identification:_identify(src) by extension 'ros'
[0.236s] Level 1:colcon.colcon_core.package_identification:_identify(src) by extensions ['cmake', 'python']
[0.236s] Level 1:colcon.colcon_core.package_identification:_identify(src) by extension 'cmake'
[0.236s] Level 1:colcon.colcon_core.package_identification:_identify(src) by extension 'python'
[0.236s] Level 1:colcon.colcon_core.package_identification:_identify(src) by extensions ['python_setup_py']
[0.236s] Level 1:colcon.colcon_core.package_identification:_identify(src) by extension 'python_setup_py'
[0.236s] Level 1:colcon.colcon_core.package_identification:_identify(src/arm_vrpn-main) by extensions ['ignore', 'ignore_ament_install']
[0.236s] Level 1:colcon.colcon_core.package_identification:_identify(src/arm_vrpn-main) by extension 'ignore'
[0.236s] Level 1:colcon.colcon_core.package_identification:_identify(src/arm_vrpn-main) by extension 'ignore_ament_install'
[0.236s] Level 1:colcon.colcon_core.package_identification:_identify(src/arm_vrpn-main) by extensions ['colcon_pkg']
[0.236s] Level 1:colcon.colcon_core.package_identification:_identify(src/arm_vrpn-main) by extension 'colcon_pkg'
[0.236s] Level 1:colcon.colcon_core.package_identification:_identify(src/arm_vrpn-main) by extensions ['colcon_meta']
[0.236s] Level 1:colcon.colcon_core.package_identification:_identify(src/arm_vrpn-main) by extension 'colcon_meta'
[0.236s] Level 1:colcon.colcon_core.package_identification:_identify(src/arm_vrpn-main) by extensions ['ros']
[0.236s] Level 1:colcon.colcon_core.package_identification:_identify(src/arm_vrpn-main) by extension 'ros'
[0.240s] DEBUG:colcon.colcon_core.package_identification:Package 'src/arm_vrpn-main' with type 'ros.ament_cmake' and name 'arm_vrpn_pubsub'
[0.240s] Level 1:colcon.colcon_core.package_identification:_identify(src/vrpn-ros2) by extensions ['ignore', 'ignore_ament_install']
[0.241s] Level 1:colcon.colcon_core.package_identification:_identify(src/vrpn-ros2) by extension 'ignore'
[0.241s] Level 1:colcon.colcon_core.package_identification:_identify(src/vrpn-ros2) by extension 'ignore_ament_install'
[0.241s] Level 1:colcon.colcon_core.package_identification:_identify(src/vrpn-ros2) by extensions ['colcon_pkg']
[0.241s] Level 1:colcon.colcon_core.package_identification:_identify(src/vrpn-ros2) by extension 'colcon_pkg'
[0.241s] Level 1:colcon.colcon_core.package_identification:_identify(src/vrpn-ros2) by extensions ['colcon_meta']
[0.241s] Level 1:colcon.colcon_core.package_identification:_identify(src/vrpn-ros2) by extension 'colcon_meta'
[0.241s] Level 1:colcon.colcon_core.package_identification:_identify(src/vrpn-ros2) by extensions ['ros']
[0.241s] Level 1:colcon.colcon_core.package_identification:_identify(src/vrpn-ros2) by extension 'ros'
[0.242s] DEBUG:colcon.colcon_core.package_identification:Package 'src/vrpn-ros2' with type 'ros.cmake' and name 'vrpn'
[0.242s] Level 1:colcon.colcon_core.package_identification:_identify(src/vrpn_client_ros-ros2) by extensions ['ignore', 'ignore_ament_install']
[0.243s] Level 1:colcon.colcon_core.package_identification:_identify(src/vrpn_client_ros-ros2) by extension 'ignore'
[0.243s] Level 1:colcon.colcon_core.package_identification:_identify(src/vrpn_client_ros-ros2) by extension 'ignore_ament_install'
[0.243s] Level 1:colcon.colcon_core.package_identification:_identify(src/vrpn_client_ros-ros2) by extensions ['colcon_pkg']
[0.243s] Level 1:colcon.colcon_core.package_identification:_identify(src/vrpn_client_ros-ros2) by extension 'colcon_pkg'
[0.243s] Level 1:colcon.colcon_core.package_identification:_identify(src/vrpn_client_ros-ros2) by extensions ['colcon_meta']
[0.243s] Level 1:colcon.colcon_core.package_identification:_identify(src/vrpn_client_ros-ros2) by extension 'colcon_meta'
[0.244s] Level 1:colcon.colcon_core.package_identification:_identify(src/vrpn_client_ros-ros2) by extensions ['ros']
[0.244s] Level 1:colcon.colcon_core.package_identification:_identify(src/vrpn_client_ros-ros2) by extension 'ros'
[0.245s] DEBUG:colcon.colcon_core.package_identification:Package 'src/vrpn_client_ros-ros2' with type 'ros.ament_cmake' and name 'vrpn_client_ros'
[0.245s] Level 1:colcon.colcon_core.package_discovery:discover_packages(recursive) using defaults
[0.245s] Level 1:colcon.colcon_core.package_discovery:discover_packages(ignore) discover
[0.245s] Level 1:colcon.colcon_core.package_discovery:discover_packages(ignore) using defaults
[0.245s] Level 1:colcon.colcon_core.package_discovery:discover_packages(path) discover
[0.245s] Level 1:colcon.colcon_core.package_discovery:discover_packages(path) using defaults
[0.280s] INFO:colcon.colcon_core.package_selection:Skipping not selected package 'arm_vrpn_pubsub' in 'src/arm_vrpn-main'
[0.280s] INFO:colcon.colcon_core.package_selection:Skipping not selected package 'vrpn' in 'src/vrpn-ros2'
[0.281s] Level 1:colcon.colcon_core.package_discovery:discover_packages(prefix_path) check parameters
[0.281s] Level 1:colcon.colcon_core.package_discovery:discover_packages(prefix_path) discover
[0.282s] WARNING:colcon.colcon_ros.prefix_path.ament:The path '/home/zq/colcon_ws/install/vrpn_client_ros' in the environment variable AMENT_PREFIX_PATH doesn't exist
[0.282s] WARNING:colcon.colcon_ros.prefix_path.ament:The path '/home/zq/colcon_ws/install/arm_vrpn_pubsub' in the environment variable AMENT_PREFIX_PATH doesn't exist
[0.282s] WARNING:colcon.colcon_ros.prefix_path.catkin:The path '/home/zq/colcon_ws/install/vrpn_client_ros' in the environment variable CMAKE_PREFIX_PATH doesn't exist
[0.283s] WARNING:colcon.colcon_ros.prefix_path.catkin:The path '/home/zq/colcon_ws/install/arm_vrpn_pubsub' in the environment variable CMAKE_PREFIX_PATH doesn't exist
[0.284s] DEBUG:colcon.colcon_installed_package_information.package_discovery:Found 1 installed packages in /home/zq/colcon_ws/install
[0.286s] DEBUG:colcon.colcon_installed_package_information.package_discovery:Found 256 installed packages in /opt/ros/foxy
[0.288s] Level 1:colcon.colcon_core.package_discovery:discover_packages(prefix_path) using defaults
[0.381s] Level 5:colcon.colcon_core.verb:set package 'vrpn_client_ros' build argument 'cmake_args' from command line to 'None'
[0.381s] Level 5:colcon.colcon_core.verb:set package 'vrpn_client_ros' build argument 'cmake_target' from command line to 'None'
[0.381s] Level 5:colcon.colcon_core.verb:set package 'vrpn_client_ros' build argument 'cmake_target_skip_unavailable' from command line to 'False'
[0.381s] Level 5:colcon.colcon_core.verb:set package 'vrpn_client_ros' build argument 'cmake_clean_cache' from command line to 'False'
[0.381s] Level 5:colcon.colcon_core.verb:set package 'vrpn_client_ros' build argument 'cmake_clean_first' from command line to 'False'
[0.381s] Level 5:colcon.colcon_core.verb:set package 'vrpn_client_ros' build argument 'cmake_force_configure' from command line to 'False'
[0.381s] Level 5:colcon.colcon_core.verb:set package 'vrpn_client_ros' build argument 'ament_cmake_args' from command line to 'None'
[0.381s] Level 5:colcon.colcon_core.verb:set package 'vrpn_client_ros' build argument 'catkin_cmake_args' from command line to 'None'
[0.381s] Level 5:colcon.colcon_core.verb:set package 'vrpn_client_ros' build argument 'catkin_skip_building_tests' from command line to 'False'
[0.381s] DEBUG:colcon.colcon_core.verb:Building package 'vrpn_client_ros' with the following arguments: {'ament_cmake_args': None, 'build_base': '/home/zq/colcon_ws/build/vrpn_client_ros', 'catkin_cmake_args': None, 'catkin_skip_building_tests': False, 'cmake_args': None, 'cmake_clean_cache': False, 'cmake_clean_first': False, 'cmake_force_configure': False, 'cmake_target': None, 'cmake_target_skip_unavailable': False, 'install_base': '/home/zq/colcon_ws/install/vrpn_client_ros', 'merge_install': False, 'path': '/home/zq/colcon_ws/src/vrpn_client_ros-ros2', 'symlink_install': False, 'test_result_base': None}
[0.382s] INFO:colcon.colcon_core.executor:Executing jobs using 'parallel' executor
[0.387s] DEBUG:colcon.colcon_parallel_executor.executor.parallel:run_until_complete
[0.387s] INFO:colcon.colcon_ros.task.ament_cmake.build:Building ROS package in '/home/zq/colcon_ws/src/vrpn_client_ros-ros2' with build type 'ament_cmake'
[0.387s] INFO:colcon.colcon_cmake.task.cmake.build:Building CMake package in '/home/zq/colcon_ws/src/vrpn_client_ros-ros2'
[0.393s] INFO:colcon.colcon_core.plugin_system:Skipping extension 'colcon_core.shell.bat': Not used on non-Windows systems
[0.394s] INFO:colcon.colcon_core.shell:Skip shell extension 'powershell' for command environment: Not usable outside of PowerShell
[0.394s] DEBUG:colcon.colcon_core.shell:Skip shell extension 'dsv' for command environment
[0.413s] DEBUG:colcon.colcon_core.event_handler.log_command:Invoking command in '/home/zq/colcon_ws/build/vrpn_client_ros': CMAKE_PREFIX_PATH=${CMAKE_PREFIX_PATH}:/opt/ros/foxy /usr/bin/cmake /home/zq/colcon_ws/src/vrpn_client_ros-ros2 -DCMAKE_INSTALL_PREFIX=/home/zq/colcon_ws/install/vrpn_client_ros
[3.030s] DEBUG:colcon.colcon_core.event_handler.log_command:Invoked command in '/home/zq/colcon_ws/build/vrpn_client_ros' returned '0': CMAKE_PREFIX_PATH=${CMAKE_PREFIX_PATH}:/opt/ros/foxy /usr/bin/cmake /home/zq/colcon_ws/src/vrpn_client_ros-ros2 -DCMAKE_INSTALL_PREFIX=/home/zq/colcon_ws/install/vrpn_client_ros
[3.036s] DEBUG:colcon.colcon_core.event_handler.log_command:Invoking command in '/home/zq/colcon_ws/build/vrpn_client_ros': CMAKE_PREFIX_PATH=${CMAKE_PREFIX_PATH}:/opt/ros/foxy /usr/bin/cmake --build /home/zq/colcon_ws/build/vrpn_client_ros -- -j4 -l4
[10.684s] DEBUG:colcon.colcon_core.event_handler.log_command:Invoked command in '/home/zq/colcon_ws/build/vrpn_client_ros' returned '0': CMAKE_PREFIX_PATH=${CMAKE_PREFIX_PATH}:/opt/ros/foxy /usr/bin/cmake --build /home/zq/colcon_ws/build/vrpn_client_ros -- -j4 -l4
[10.740s] DEBUG:colcon.colcon_core.event_handler.log_command:Invoking command in '/home/zq/colcon_ws/build/vrpn_client_ros': CMAKE_PREFIX_PATH=${CMAKE_PREFIX_PATH}:/opt/ros/foxy /usr/bin/cmake --install /home/zq/colcon_ws/build/vrpn_client_ros
[10.773s] Level 1:colcon.colcon_core.environment:create_environment_scripts_only(vrpn_client_ros)
[10.774s] DEBUG:colcon.colcon_core.event_handler.log_command:Invoked command in '/home/zq/colcon_ws/build/vrpn_client_ros' returned '0': CMAKE_PREFIX_PATH=${CMAKE_PREFIX_PATH}:/opt/ros/foxy /usr/bin/cmake --install /home/zq/colcon_ws/build/vrpn_client_ros
[10.781s] Level 1:colcon.colcon_core.environment:checking '/home/zq/colcon_ws/install/vrpn_client_ros' for CMake module files
[10.782s] Level 1:colcon.colcon_core.environment:checking '/home/zq/colcon_ws/install/vrpn_client_ros' for CMake config files
[10.782s] Level 1:colcon.colcon_core.shell:create_environment_hook('vrpn_client_ros', 'cmake_prefix_path')
[10.784s] INFO:colcon.colcon_core.shell:Creating environment hook '/home/zq/colcon_ws/install/vrpn_client_ros/share/vrpn_client_ros/hook/cmake_prefix_path.ps1'
[10.785s] INFO:colcon.colcon_core.shell:Creating environment descriptor '/home/zq/colcon_ws/install/vrpn_client_ros/share/vrpn_client_ros/hook/cmake_prefix_path.dsv'
[10.786s] INFO:colcon.colcon_core.shell:Creating environment hook '/home/zq/colcon_ws/install/vrpn_client_ros/share/vrpn_client_ros/hook/cmake_prefix_path.sh'
[10.787s] Level 1:colcon.colcon_core.environment:checking '/home/zq/colcon_ws/install/vrpn_client_ros/lib'
[10.787s] Level 1:colcon.colcon_core.environment:checking '/home/zq/colcon_ws/install/vrpn_client_ros/bin'
[10.787s] Level 1:colcon.colcon_core.environment:checking '/home/zq/colcon_ws/install/vrpn_client_ros/lib/pkgconfig/vrpn_client_ros.pc'
[10.788s] Level 1:colcon.colcon_core.environment:checking '/home/zq/colcon_ws/install/vrpn_client_ros/lib/python3.8/site-packages'
[10.788s] Level 1:colcon.colcon_core.environment:checking '/home/zq/colcon_ws/install/vrpn_client_ros/bin'
[10.789s] INFO:colcon.colcon_core.shell:Creating package script '/home/zq/colcon_ws/install/vrpn_client_ros/share/vrpn_client_ros/package.ps1'
[10.790s] INFO:colcon.colcon_core.shell:Creating package descriptor '/home/zq/colcon_ws/install/vrpn_client_ros/share/vrpn_client_ros/package.dsv'
[10.791s] INFO:colcon.colcon_core.shell:Creating package script '/home/zq/colcon_ws/install/vrpn_client_ros/share/vrpn_client_ros/package.sh'
[10.792s] INFO:colcon.colcon_core.shell:Creating package script '/home/zq/colcon_ws/install/vrpn_client_ros/share/vrpn_client_ros/package.bash'
[10.793s] INFO:colcon.colcon_core.shell:Creating package script '/home/zq/colcon_ws/install/vrpn_client_ros/share/vrpn_client_ros/package.zsh'
[10.793s] Level 1:colcon.colcon_core.environment:create_file_with_runtime_dependencies(/home/zq/colcon_ws/install/vrpn_client_ros/share/colcon-core/packages/vrpn_client_ros)
[10.835s] Level 1:colcon.colcon_core.environment:create_environment_scripts_only(vrpn_client_ros)
[10.839s] Level 1:colcon.colcon_core.environment:checking '/home/zq/colcon_ws/install/vrpn_client_ros' for CMake module files
[10.841s] Level 1:colcon.colcon_core.environment:checking '/home/zq/colcon_ws/install/vrpn_client_ros' for CMake config files
[10.841s] Level 1:colcon.colcon_core.shell:create_environment_hook('vrpn_client_ros', 'cmake_prefix_path')
[10.843s] INFO:colcon.colcon_core.shell:Creating environment hook '/home/zq/colcon_ws/install/vrpn_client_ros/share/vrpn_client_ros/hook/cmake_prefix_path.ps1'
[10.844s] INFO:colcon.colcon_core.shell:Creating environment descriptor '/home/zq/colcon_ws/install/vrpn_client_ros/share/vrpn_client_ros/hook/cmake_prefix_path.dsv'
[10.844s] INFO:colcon.colcon_core.shell:Creating environment hook '/home/zq/colcon_ws/install/vrpn_client_ros/share/vrpn_client_ros/hook/cmake_prefix_path.sh'
[10.845s] Level 1:colcon.colcon_core.environment:checking '/home/zq/colcon_ws/install/vrpn_client_ros/lib'
[10.845s] Level 1:colcon.colcon_core.environment:checking '/home/zq/colcon_ws/install/vrpn_client_ros/bin'
[10.845s] Level 1:colcon.colcon_core.environment:checking '/home/zq/colcon_ws/install/vrpn_client_ros/lib/pkgconfig/vrpn_client_ros.pc'
[10.845s] Level 1:colcon.colcon_core.environment:checking '/home/zq/colcon_ws/install/vrpn_client_ros/lib/python3.8/site-packages'
[10.845s] Level 1:colcon.colcon_core.environment:checking '/home/zq/colcon_ws/install/vrpn_client_ros/bin'
[10.847s] INFO:colcon.colcon_core.shell:Creating package script '/home/zq/colcon_ws/install/vrpn_client_ros/share/vrpn_client_ros/package.ps1'
[10.848s] INFO:colcon.colcon_core.shell:Creating package descriptor '/home/zq/colcon_ws/install/vrpn_client_ros/share/vrpn_client_ros/package.dsv'
[10.849s] INFO:colcon.colcon_core.shell:Creating package script '/home/zq/colcon_ws/install/vrpn_client_ros/share/vrpn_client_ros/package.sh'
[10.849s] INFO:colcon.colcon_core.shell:Creating package script '/home/zq/colcon_ws/install/vrpn_client_ros/share/vrpn_client_ros/package.bash'
[10.850s] INFO:colcon.colcon_core.shell:Creating package script '/home/zq/colcon_ws/install/vrpn_client_ros/share/vrpn_client_ros/package.zsh'
[10.851s] Level 1:colcon.colcon_core.environment:create_file_with_runtime_dependencies(/home/zq/colcon_ws/install/vrpn_client_ros/share/colcon-core/packages/vrpn_client_ros)
[10.851s] DEBUG:colcon.colcon_parallel_executor.executor.parallel:closing loop
[10.852s] DEBUG:colcon.colcon_parallel_executor.executor.parallel:loop closed
[10.852s] DEBUG:colcon.colcon_parallel_executor.executor.parallel:run_until_complete finished with '0'
[10.852s] DEBUG:colcon.colcon_core.event_reactor:joining thread
[10.863s] INFO:colcon.colcon_core.plugin_system:Skipping extension 'colcon_notification.desktop_notification.terminal_notifier': Not used on non-Darwin systems
[10.863s] INFO:colcon.colcon_core.plugin_system:Skipping extension 'colcon_notification.desktop_notification.win32': Not used on non-Windows systems
[10.863s] INFO:colcon.colcon_notification.desktop_notification:Sending desktop notification using 'notify2'
[10.887s] DEBUG:colcon.colcon_core.event_reactor:joined thread
[10.889s] INFO:colcon.colcon_core.shell:Creating prefix script '/home/zq/colcon_ws/install/local_setup.ps1'
[10.890s] INFO:colcon.colcon_core.shell:Creating prefix util module '/home/zq/colcon_ws/install/_local_setup_util_ps1.py'
[10.892s] INFO:colcon.colcon_core.shell:Creating prefix chain script '/home/zq/colcon_ws/install/setup.ps1'
[10.895s] INFO:colcon.colcon_core.shell:Creating prefix script '/home/zq/colcon_ws/install/local_setup.sh'
[10.896s] INFO:colcon.colcon_core.shell:Creating prefix util module '/home/zq/colcon_ws/install/_local_setup_util_sh.py'
[10.896s] INFO:colcon.colcon_core.shell:Creating prefix chain script '/home/zq/colcon_ws/install/setup.sh'
[10.898s] INFO:colcon.colcon_core.shell:Creating prefix script '/home/zq/colcon_ws/install/local_setup.bash'
[10.899s] INFO:colcon.colcon_core.shell:Creating prefix chain script '/home/zq/colcon_ws/install/setup.bash'
[10.900s] INFO:colcon.colcon_core.shell:Creating prefix script '/home/zq/colcon_ws/install/local_setup.zsh'
[10.901s] INFO:colcon.colcon_core.shell:Creating prefix chain script '/home/zq/colcon_ws/install/setup.zsh'
