[0.022s] Invoking command in '/home/zq/colcon_ws/build/arm_vrpn_pubsub': CMAKE_PREFIX_PATH=${CMAKE_PREFIX_PATH}:/opt/ros/foxy /usr/bin/cmake --build /home/zq/colcon_ws/build/arm_vrpn_pubsub -- -j4 -l4
[0.089s] [35m[1mScanning dependencies of target arm_mocap_pubsub[0m
[0.137s] [ 50%] [32mBuilding CXX object CMakeFiles/arm_mocap_pubsub.dir/src/arm_mocap_pubsub.cpp.o[0m
[1.882s] [01m[K/home/zq/colcon_ws/src/arm_vrpn-main/src/arm_mocap_pubsub.cpp:[m[K In member function ‘[01m[Kvoid Mocapzmq_pub::topic_callback1(geometry_msgs::msg::PoseStamped_<std::allocator<void> >::SharedPtr)[m[K’:
[1.883s] [01m[K/home/zq/colcon_ws/src/arm_vrpn-main/src/arm_mocap_pubsub.cpp:68:27:[m[K [01;35m[Kwarning: [m[Knarrowing conversion of ‘[01m[Kx1_mocap[m[K’ from ‘[01m[Kfloat[m[K’ to ‘[01m[Kchar[m[K’ [[01;35m[K-Wnarrowing[m[K]
[1.883s]    68 |       char ch_data[21] = {[01;35m[Kx1_mocap[m[K,y1_mocap,z1_mocap,
[1.883s]       |                           [01;35m[K^~~~~~~~[m[K
[1.883s] [01m[K/home/zq/colcon_ws/src/arm_vrpn-main/src/arm_mocap_pubsub.cpp:68:36:[m[K [01;35m[Kwarning: [m[Knarrowing conversion of ‘[01m[Ky1_mocap[m[K’ from ‘[01m[Kfloat[m[K’ to ‘[01m[Kchar[m[K’ [[01;35m[K-Wnarrowing[m[K]
[1.883s]    68 |       char ch_data[21] = {x1_mocap,[01;35m[Ky1_mocap[m[K,z1_mocap,
[1.884s]       |                                    [01;35m[K^~~~~~~~[m[K
[1.884s] [01m[K/home/zq/colcon_ws/src/arm_vrpn-main/src/arm_mocap_pubsub.cpp:68:45:[m[K [01;35m[Kwarning: [m[Knarrowing conversion of ‘[01m[Kz1_mocap[m[K’ from ‘[01m[Kfloat[m[K’ to ‘[01m[Kchar[m[K’ [[01;35m[K-Wnarrowing[m[K]
[1.884s]    68 |       char ch_data[21] = {x1_mocap,y1_mocap,[01;35m[Kz1_mocap[m[K,
[1.884s]       |                                             [01;35m[K^~~~~~~~[m[K
[1.884s] [01m[K/home/zq/colcon_ws/src/arm_vrpn-main/src/arm_mocap_pubsub.cpp:69:23:[m[K [01;35m[Kwarning: [m[Knarrowing conversion of ‘[01m[Kq1_mocap_x[m[K’ from ‘[01m[Kfloat[m[K’ to ‘[01m[Kchar[m[K’ [[01;35m[K-Wnarrowing[m[K]
[1.884s]    69 |                       [01;35m[Kq1_mocap_x[m[K,q1_mocap_y,q1_mocap_z,q1_mocap_w,
[1.884s]       |                       [01;35m[K^~~~~~~~~~[m[K
[1.885s] [01m[K/home/zq/colcon_ws/src/arm_vrpn-main/src/arm_mocap_pubsub.cpp:69:34:[m[K [01;35m[Kwarning: [m[Knarrowing conversion of ‘[01m[Kq1_mocap_y[m[K’ from ‘[01m[Kfloat[m[K’ to ‘[01m[Kchar[m[K’ [[01;35m[K-Wnarrowing[m[K]
[1.885s]    69 |                       q1_mocap_x,[01;35m[Kq1_mocap_y[m[K,q1_mocap_z,q1_mocap_w,
[1.885s]       |                                  [01;35m[K^~~~~~~~~~[m[K
[1.885s] [01m[K/home/zq/colcon_ws/src/arm_vrpn-main/src/arm_mocap_pubsub.cpp:69:45:[m[K [01;35m[Kwarning: [m[Knarrowing conversion of ‘[01m[Kq1_mocap_z[m[K’ from ‘[01m[Kfloat[m[K’ to ‘[01m[Kchar[m[K’ [[01;35m[K-Wnarrowing[m[K]
[1.885s]    69 |                       q1_mocap_x,q1_mocap_y,[01;35m[Kq1_mocap_z[m[K,q1_mocap_w,
[1.885s]       |                                             [01;35m[K^~~~~~~~~~[m[K
[1.885s] [01m[K/home/zq/colcon_ws/src/arm_vrpn-main/src/arm_mocap_pubsub.cpp:69:56:[m[K [01;35m[Kwarning: [m[Knarrowing conversion of ‘[01m[Kq1_mocap_w[m[K’ from ‘[01m[Kfloat[m[K’ to ‘[01m[Kchar[m[K’ [[01;35m[K-Wnarrowing[m[K]
[1.885s]    69 |                       q1_mocap_x,q1_mocap_y,q1_mocap_z,[01;35m[Kq1_mocap_w[m[K,
[1.886s]       |                                                        [01;35m[K^~~~~~~~~~[m[K
[1.886s] [01m[K/home/zq/colcon_ws/src/arm_vrpn-main/src/arm_mocap_pubsub.cpp:70:23:[m[K [01;35m[Kwarning: [m[Knarrowing conversion of ‘[01m[Kx2_mocap[m[K’ from ‘[01m[Kfloat[m[K’ to ‘[01m[Kchar[m[K’ [[01;35m[K-Wnarrowing[m[K]
[1.886s]    70 |                       [01;35m[Kx2_mocap[m[K,y2_mocap,z2_mocap,
[1.886s]       |                       [01;35m[K^~~~~~~~[m[K
[1.886s] [01m[K/home/zq/colcon_ws/src/arm_vrpn-main/src/arm_mocap_pubsub.cpp:70:32:[m[K [01;35m[Kwarning: [m[Knarrowing conversion of ‘[01m[Ky2_mocap[m[K’ from ‘[01m[Kfloat[m[K’ to ‘[01m[Kchar[m[K’ [[01;35m[K-Wnarrowing[m[K]
[1.886s]    70 |                       x2_mocap,[01;35m[Ky2_mocap[m[K,z2_mocap,
[1.886s]       |                                [01;35m[K^~~~~~~~[m[K
[1.886s] [01m[K/home/zq/colcon_ws/src/arm_vrpn-main/src/arm_mocap_pubsub.cpp:70:41:[m[K [01;35m[Kwarning: [m[Knarrowing conversion of ‘[01m[Kz2_mocap[m[K’ from ‘[01m[Kfloat[m[K’ to ‘[01m[Kchar[m[K’ [[01;35m[K-Wnarrowing[m[K]
[1.887s]    70 |                       x2_mocap,y2_mocap,[01;35m[Kz2_mocap[m[K,
[1.887s]       |                                         [01;35m[K^~~~~~~~[m[K
[1.887s] [01m[K/home/zq/colcon_ws/src/arm_vrpn-main/src/arm_mocap_pubsub.cpp:71:23:[m[K [01;35m[Kwarning: [m[Knarrowing conversion of ‘[01m[Kq2_mocap_x[m[K’ from ‘[01m[Kfloat[m[K’ to ‘[01m[Kchar[m[K’ [[01;35m[K-Wnarrowing[m[K]
[1.887s]    71 |                       [01;35m[Kq2_mocap_x[m[K,q2_mocap_y,q2_mocap_z,q2_mocap_w,
[1.887s]       |                       [01;35m[K^~~~~~~~~~[m[K
[1.887s] [01m[K/home/zq/colcon_ws/src/arm_vrpn-main/src/arm_mocap_pubsub.cpp:71:34:[m[K [01;35m[Kwarning: [m[Knarrowing conversion of ‘[01m[Kq2_mocap_y[m[K’ from ‘[01m[Kfloat[m[K’ to ‘[01m[Kchar[m[K’ [[01;35m[K-Wnarrowing[m[K]
[1.887s]    71 |                       q2_mocap_x,[01;35m[Kq2_mocap_y[m[K,q2_mocap_z,q2_mocap_w,
[1.887s]       |                                  [01;35m[K^~~~~~~~~~[m[K
[1.888s] [01m[K/home/zq/colcon_ws/src/arm_vrpn-main/src/arm_mocap_pubsub.cpp:71:45:[m[K [01;35m[Kwarning: [m[Knarrowing conversion of ‘[01m[Kq2_mocap_z[m[K’ from ‘[01m[Kfloat[m[K’ to ‘[01m[Kchar[m[K’ [[01;35m[K-Wnarrowing[m[K]
[1.888s]    71 |                       q2_mocap_x,q2_mocap_y,[01;35m[Kq2_mocap_z[m[K,q2_mocap_w,
[1.888s]       |                                             [01;35m[K^~~~~~~~~~[m[K
[1.888s] [01m[K/home/zq/colcon_ws/src/arm_vrpn-main/src/arm_mocap_pubsub.cpp:71:56:[m[K [01;35m[Kwarning: [m[Knarrowing conversion of ‘[01m[Kq2_mocap_w[m[K’ from ‘[01m[Kfloat[m[K’ to ‘[01m[Kchar[m[K’ [[01;35m[K-Wnarrowing[m[K]
[1.888s]    71 |                       q2_mocap_x,q2_mocap_y,q2_mocap_z,[01;35m[Kq2_mocap_w[m[K,
[1.888s]       |                                                        [01;35m[K^~~~~~~~~~[m[K
[1.888s] [01m[K/home/zq/colcon_ws/src/arm_vrpn-main/src/arm_mocap_pubsub.cpp:72:23:[m[K [01;35m[Kwarning: [m[Knarrowing conversion of ‘[01m[Kx3_mocap[m[K’ from ‘[01m[Kfloat[m[K’ to ‘[01m[Kchar[m[K’ [[01;35m[K-Wnarrowing[m[K]
[1.889s]    72 |                       [01;35m[Kx3_mocap[m[K,y3_mocap,z3_mocap,
[1.889s]       |                       [01;35m[K^~~~~~~~[m[K
[1.889s] [01m[K/home/zq/colcon_ws/src/arm_vrpn-main/src/arm_mocap_pubsub.cpp:72:32:[m[K [01;35m[Kwarning: [m[Knarrowing conversion of ‘[01m[Ky3_mocap[m[K’ from ‘[01m[Kfloat[m[K’ to ‘[01m[Kchar[m[K’ [[01;35m[K-Wnarrowing[m[K]
[1.889s]    72 |                       x3_mocap,[01;35m[Ky3_mocap[m[K,z3_mocap,
[1.889s]       |                                [01;35m[K^~~~~~~~[m[K
[1.889s] [01m[K/home/zq/colcon_ws/src/arm_vrpn-main/src/arm_mocap_pubsub.cpp:72:41:[m[K [01;35m[Kwarning: [m[Knarrowing conversion of ‘[01m[Kz3_mocap[m[K’ from ‘[01m[Kfloat[m[K’ to ‘[01m[Kchar[m[K’ [[01;35m[K-Wnarrowing[m[K]
[1.890s]    72 |                       x3_mocap,y3_mocap,[01;35m[Kz3_mocap[m[K,
[1.890s]       |                                         [01;35m[K^~~~~~~~[m[K
[1.890s] [01m[K/home/zq/colcon_ws/src/arm_vrpn-main/src/arm_mocap_pubsub.cpp:73:23:[m[K [01;35m[Kwarning: [m[Knarrowing conversion of ‘[01m[Kq3_mocap_x[m[K’ from ‘[01m[Kfloat[m[K’ to ‘[01m[Kchar[m[K’ [[01;35m[K-Wnarrowing[m[K]
[1.890s]    73 |                       [01;35m[Kq3_mocap_x[m[K,q3_mocap_y,q3_mocap_z,q3_mocap_w
[1.890s]       |                       [01;35m[K^~~~~~~~~~[m[K
[1.890s] [01m[K/home/zq/colcon_ws/src/arm_vrpn-main/src/arm_mocap_pubsub.cpp:73:34:[m[K [01;35m[Kwarning: [m[Knarrowing conversion of ‘[01m[Kq3_mocap_y[m[K’ from ‘[01m[Kfloat[m[K’ to ‘[01m[Kchar[m[K’ [[01;35m[K-Wnarrowing[m[K]
[1.890s]    73 |                       q3_mocap_x,[01;35m[Kq3_mocap_y[m[K,q3_mocap_z,q3_mocap_w
[1.890s]       |                                  [01;35m[K^~~~~~~~~~[m[K
[1.891s] [01m[K/home/zq/colcon_ws/src/arm_vrpn-main/src/arm_mocap_pubsub.cpp:73:45:[m[K [01;35m[Kwarning: [m[Knarrowing conversion of ‘[01m[Kq3_mocap_z[m[K’ from ‘[01m[Kfloat[m[K’ to ‘[01m[Kchar[m[K’ [[01;35m[K-Wnarrowing[m[K]
[1.891s]    73 |                       q3_mocap_x,q3_mocap_y,[01;35m[Kq3_mocap_z[m[K,q3_mocap_w
[1.891s]       |                                             [01;35m[K^~~~~~~~~~[m[K
[1.891s] [01m[K/home/zq/colcon_ws/src/arm_vrpn-main/src/arm_mocap_pubsub.cpp:73:56:[m[K [01;35m[Kwarning: [m[Knarrowing conversion of ‘[01m[Kq3_mocap_w[m[K’ from ‘[01m[Kfloat[m[K’ to ‘[01m[Kchar[m[K’ [[01;35m[K-Wnarrowing[m[K]
[1.891s]    73 |                       q3_mocap_x,q3_mocap_y,q3_mocap_z,[01;35m[Kq3_mocap_w[m[K
[1.891s]       |                                                        [01;35m[K^~~~~~~~~~[m[K
[1.891s] [01m[K/home/zq/colcon_ws/src/arm_vrpn-main/src/arm_mocap_pubsub.cpp:81:29:[m[K [01;31m[Kerror: [m[Kno matching function for call to ‘[01m[Kzmq::socket_t::send(std::string&)[m[K’
[1.892s]    81 |       publisher.send(str_msg[01;31m[K)[m[K
[1.892s]       |                             [01;31m[K^[m[K
[1.892s] In file included from [01m[K/home/zq/colcon_ws/src/arm_vrpn-main/src/arm_mocap_pubsub.cpp:10[m[K:
[1.892s] [01m[K/usr/local/include/zmq.hpp:1890:12:[m[K [01;36m[Knote: [m[Kcandidate: ‘[01m[Ksize_t zmq::detail::socket_base::send(const void*, size_t, int)[m[K’
[1.892s]  1890 |     size_t [01;36m[Ksend[m[K(const void *buf_, size_t len_, int flags_ = 0)
[1.892s]       |            [01;36m[K^~~~[m[K
[1.892s] [01m[K/usr/local/include/zmq.hpp:1890:12:[m[K [01;36m[Knote: [m[K  candidate expects 3 arguments, 1 provided
[1.893s] [01m[K/usr/local/include/zmq.hpp:1901:10:[m[K [01;36m[Knote: [m[Kcandidate: ‘[01m[Kbool zmq::detail::socket_base::send(zmq::message_t&, int)[m[K’
[1.893s]  1901 |     bool [01;36m[Ksend[m[K(message_t &msg_,
[1.893s]       |          [01;36m[K^~~~[m[K
[1.893s] [01m[K/usr/local/include/zmq.hpp:1901:26:[m[K [01;36m[Knote: [m[K  no known conversion for argument 1 from ‘[01m[Kstd::string[m[K’ {aka ‘[01m[Kstd::__cxx11::basic_string<char>[m[K’} to ‘[01m[Kzmq::message_t&[m[K’
[1.893s]  1901 |     bool send([01;36m[Kmessage_t &msg_[m[K,
[1.893s]       |               [01;36m[K~~~~~~~~~~~^~~~[m[K
[1.893s] [01m[K/usr/local/include/zmq.hpp:1916:10:[m[K [01;36m[Knote: [m[Kcandidate: ‘[01m[Ktemplate<class T> bool zmq::detail::socket_base::send(T, T, int)[m[K’
[1.894s]  1916 |     bool [01;36m[Ksend[m[K(T first, T last, int flags_ = 0)
[1.894s]       |          [01;36m[K^~~~[m[K
[1.894s] [01m[K/usr/local/include/zmq.hpp:1916:10:[m[K [01;36m[Knote: [m[K  template argument deduction/substitution failed:
[1.894s] [01m[K/home/zq/colcon_ws/src/arm_vrpn-main/src/arm_mocap_pubsub.cpp:81:29:[m[K [01;36m[Knote: [m[K  candidate expects 3 arguments, 1 provided
[1.894s]    81 |       publisher.send(str_msg[01;36m[K)[m[K
[1.894s]       |                             [01;36m[K^[m[K
[1.894s] In file included from [01m[K/home/zq/colcon_ws/src/arm_vrpn-main/src/arm_mocap_pubsub.cpp:10[m[K:
[1.895s] [01m[K/usr/local/include/zmq.hpp:1929:10:[m[K [01;36m[Knote: [m[Kcandidate: ‘[01m[Kbool zmq::detail::socket_base::send(zmq::message_t&&, int)[m[K’
[1.895s]  1929 |     bool [01;36m[Ksend[m[K(message_t &&msg_,
[1.895s]       |          [01;36m[K^~~~[m[K
[1.895s] [01m[K/usr/local/include/zmq.hpp:1929:27:[m[K [01;36m[Knote: [m[K  no known conversion for argument 1 from ‘[01m[Kstd::string[m[K’ {aka ‘[01m[Kstd::__cxx11::basic_string<char>[m[K’} to ‘[01m[Kzmq::message_t&&[m[K’
[1.895s]  1929 |     bool send([01;36m[Kmessage_t &&msg_[m[K,
[1.895s]       |               [01;36m[K~~~~~~~~~~~~^~~~[m[K
[1.895s] [01m[K/usr/local/include/zmq.hpp:1941:19:[m[K [01;36m[Knote: [m[Kcandidate: ‘[01m[Kzmq::send_result_t zmq::detail::socket_base::send(zmq::const_buffer, zmq::send_flags)[m[K’
[1.896s]  1941 |     send_result_t [01;36m[Ksend[m[K(const_buffer buf, send_flags flags = send_flags::none)
[1.896s]       |                   [01;36m[K^~~~[m[K
[1.896s] [01m[K/usr/local/include/zmq.hpp:1941:37:[m[K [01;36m[Knote: [m[K  no known conversion for argument 1 from ‘[01m[Kstd::string[m[K’ {aka ‘[01m[Kstd::__cxx11::basic_string<char>[m[K’} to ‘[01m[Kzmq::const_buffer[m[K’
[1.896s]  1941 |     send_result_t send([01;36m[Kconst_buffer buf[m[K, send_flags flags = send_flags::none)
[1.896s]       |                        [01;36m[K~~~~~~~~~~~~~^~~[m[K
[1.897s] [01m[K/usr/local/include/zmq.hpp:1952:19:[m[K [01;36m[Knote: [m[Kcandidate: ‘[01m[Kzmq::send_result_t zmq::detail::socket_base::send(zmq::message_t&, zmq::send_flags)[m[K’
[1.897s]  1952 |     send_result_t [01;36m[Ksend[m[K(message_t &msg, send_flags flags)
[1.897s]       |                   [01;36m[K^~~~[m[K
[1.897s] [01m[K/usr/local/include/zmq.hpp:1952:19:[m[K [01;36m[Knote: [m[K  candidate expects 2 arguments, 1 provided
[1.897s] [01m[K/usr/local/include/zmq.hpp:1962:19:[m[K [01;36m[Knote: [m[Kcandidate: ‘[01m[Kzmq::send_result_t zmq::detail::socket_base::send(zmq::message_t&&, zmq::send_flags)[m[K’
[1.897s]  1962 |     send_result_t [01;36m[Ksend[m[K(message_t &&msg, send_flags flags)
[1.897s]       |                   [01;36m[K^~~~[m[K
[1.898s] [01m[K/usr/local/include/zmq.hpp:1962:19:[m[K [01;36m[Knote: [m[K  candidate expects 2 arguments, 1 provided
[3.698s] make[2]: *** [CMakeFiles/arm_mocap_pubsub.dir/build.make:63: CMakeFiles/arm_mocap_pubsub.dir/src/arm_mocap_pubsub.cpp.o] Error 1
[3.699s] make[1]: *** [CMakeFiles/Makefile2:78: CMakeFiles/arm_mocap_pubsub.dir/all] Error 2
[3.699s] make: *** [Makefile:141: all] Error 2
[3.703s] Invoked command in '/home/zq/colcon_ws/build/arm_vrpn_pubsub' returned '2': CMAKE_PREFIX_PATH=${CMAKE_PREFIX_PATH}:/opt/ros/foxy /usr/bin/cmake --build /home/zq/colcon_ws/build/arm_vrpn_pubsub -- -j4 -l4
