-- The C compiler identification is GNU 9.4.0
-- The CXX compiler identification is GNU 9.4.0
-- Check for working C compiler: /usr/bin/cc
-- Check for working C compiler: /usr/bin/cc -- works
-- Detecting C compiler ABI info
-- Detecting C compiler ABI info - done
-- Detecting C compile features
-- Detecting C compile features - done
-- Check for working CXX compiler: /usr/bin/c++
-- Check for working CXX compiler: /usr/bin/c++ -- works
-- Detecting CXX compiler ABI info
-- Detecting CXX compiler ABI info - done
-- Detecting CXX compile features
-- Detecting CXX compile features - done
-- Found ament_cmake: 0.9.11 (/opt/ros/foxy/share/ament_cmake/cmake)
-- Found PythonInterp: /usr/bin/python3 (found suitable version "3.8.10", minimum required is "3") 
-- Using PYTHON_EXECUTABLE: /usr/bin/python3
-- Found std_msgs: 2.0.5 (/opt/ros/foxy/share/std_msgs/cmake)
-- Using all available rosidl_typesupport_c: rosidl_typesupport_fastrtps_c;rosidl_typesupport_introspection_c
-- Found rosidl_adapter: 1.3.0 (/opt/ros/foxy/share/rosidl_adapter/cmake)
-- Found OpenSSL: /usr/lib/x86_64-linux-gnu/libcrypto.so (found version "1.1.1f")  
-- Found FastRTPS: /opt/ros/foxy/include  
-- Using all available rosidl_typesupport_cpp: rosidl_typesupport_fastrtps_cpp;rosidl_typesupport_introspection_cpp
-- Found geometry_msgs: 2.0.5 (/opt/ros/foxy/share/geometry_msgs/cmake)
-- Found tf2: 0.13.13 (/opt/ros/foxy/share/tf2/cmake)
-- Found tf2_ros: 0.13.13 (/opt/ros/foxy/share/tf2_ros/cmake)
-- Found rmw_implementation_cmake: 1.0.3 (/opt/ros/foxy/share/rmw_implementation_cmake/cmake)
-- Using RMW implementation 'rmw_fastrtps_cpp' as default
-- Looking for pthread.h
-- Looking for pthread.h - found
-- Performing Test CMAKE_HAVE_LIBC_PTHREAD
-- Performing Test CMAKE_HAVE_LIBC_PTHREAD - Failed
-- Looking for pthread_create in pthreads
-- Looking for pthread_create in pthreads - not found
-- Looking for pthread_create in pthread
-- Looking for pthread_create in pthread - found
-- Found Threads: TRUE  
-- Configuring done
-- Generating done
-- Build files have been written to: /home/zq/colcon_ws/build/arm_vrpn_pubsub
[35m[1mScanning dependencies of target arm_mocap_pubsub[0m
[ 50%] [32mBuilding CXX object CMakeFiles/arm_mocap_pubsub.dir/src/arm_mocap_pubsub.cpp.o[0m
[100%] [32m[1mLinking CXX executable arm_mocap_pubsub[0m
[100%] Built target arm_mocap_pubsub
-- Install configuration: ""
-- Installing: /home/zq/colcon_ws/install/arm_vrpn_pubsub/lib/arm_vrpn_pubsub/arm_mocap_pubsub
-- Set runtime path of "/home/zq/colcon_ws/install/arm_vrpn_pubsub/lib/arm_vrpn_pubsub/arm_mocap_pubsub" to ""
-- Installing: /home/zq/colcon_ws/install/arm_vrpn_pubsub/share/ament_index/resource_index/package_run_dependencies/arm_vrpn_pubsub
-- Installing: /home/zq/colcon_ws/install/arm_vrpn_pubsub/share/ament_index/resource_index/parent_prefix_path/arm_vrpn_pubsub
-- Installing: /home/zq/colcon_ws/install/arm_vrpn_pubsub/share/arm_vrpn_pubsub/environment/ament_prefix_path.sh
-- Installing: /home/zq/colcon_ws/install/arm_vrpn_pubsub/share/arm_vrpn_pubsub/environment/ament_prefix_path.dsv
-- Installing: /home/zq/colcon_ws/install/arm_vrpn_pubsub/share/arm_vrpn_pubsub/environment/path.sh
-- Installing: /home/zq/colcon_ws/install/arm_vrpn_pubsub/share/arm_vrpn_pubsub/environment/path.dsv
-- Installing: /home/zq/colcon_ws/install/arm_vrpn_pubsub/share/arm_vrpn_pubsub/local_setup.bash
-- Installing: /home/zq/colcon_ws/install/arm_vrpn_pubsub/share/arm_vrpn_pubsub/local_setup.sh
-- Installing: /home/zq/colcon_ws/install/arm_vrpn_pubsub/share/arm_vrpn_pubsub/local_setup.zsh
-- Installing: /home/zq/colcon_ws/install/arm_vrpn_pubsub/share/arm_vrpn_pubsub/local_setup.dsv
-- Installing: /home/zq/colcon_ws/install/arm_vrpn_pubsub/share/arm_vrpn_pubsub/package.dsv
-- Installing: /home/zq/colcon_ws/install/arm_vrpn_pubsub/share/ament_index/resource_index/packages/arm_vrpn_pubsub
-- Installing: /home/zq/colcon_ws/install/arm_vrpn_pubsub/share/arm_vrpn_pubsub/cmake/arm_vrpn_pubsubConfig.cmake
-- Installing: /home/zq/colcon_ws/install/arm_vrpn_pubsub/share/arm_vrpn_pubsub/cmake/arm_vrpn_pubsubConfig-version.cmake
-- Installing: /home/zq/colcon_ws/install/arm_vrpn_pubsub/share/arm_vrpn_pubsub/package.xml
