[0.052s] Invoking command in '/home/zq/colcon_ws/build/arm_vrpn_pubsub': CMAKE_PREFIX_PATH=${CMAKE_PREFIX_PATH}:/opt/ros/foxy /usr/bin/cmake /home/zq/colcon_ws/src/arm_vrpn-main -DCMAKE_INSTALL_PREFIX=/home/zq/colcon_ws/install/arm_vrpn_pubsub
[0.162s] -- The C compiler identification is GNU 9.4.0
[0.304s] -- The CXX compiler identification is GNU 9.4.0
[0.316s] -- Check for working C compiler: /usr/bin/cc
[0.505s] -- Check for working C compiler: /usr/bin/cc -- works
[0.507s] -- Detecting C compiler ABI info
[0.645s] -- Detecting C compiler ABI info - done
[0.663s] -- Detecting C compile features
[0.664s] -- Detecting C compile features - done
[0.669s] -- Check for working CXX compiler: /usr/bin/c++
[0.794s] -- Check for working CXX compiler: /usr/bin/c++ -- works
[0.797s] -- Detecting CXX compiler ABI info
[0.925s] -- Detecting CXX compiler ABI info - done
[0.946s] -- Detecting CXX compile features
[0.947s] -- Detecting CXX compile features - done
[0.952s] -- Found ament_cmake: 0.9.11 (/opt/ros/foxy/share/ament_cmake/cmake)
[0.990s] -- Found PythonInterp: /usr/bin/python3 (found suitable version "3.8.10", minimum required is "3") 
[0.991s] -- Using PYTHON_EXECUTABLE: /usr/bin/python3
[1.303s] -- Found std_msgs: 2.0.5 (/opt/ros/foxy/share/std_msgs/cmake)
[1.350s] -- Using all available rosidl_typesupport_c: rosidl_typesupport_fastrtps_c;rosidl_typesupport_introspection_c
[1.362s] -- Found rosidl_adapter: 1.3.0 (/opt/ros/foxy/share/rosidl_adapter/cmake)
[1.497s] -- Found OpenSSL: /usr/lib/x86_64-linux-gnu/libcrypto.so (found version "1.1.1f")  
[1.545s] -- Found FastRTPS: /opt/ros/foxy/include  
[1.652s] -- Using all available rosidl_typesupport_cpp: rosidl_typesupport_fastrtps_cpp;rosidl_typesupport_introspection_cpp
[1.723s] -- Found geometry_msgs: 2.0.5 (/opt/ros/foxy/share/geometry_msgs/cmake)
[1.771s] -- Found tf2: 0.13.13 (/opt/ros/foxy/share/tf2/cmake)
[1.786s] -- Found tf2_ros: 0.13.13 (/opt/ros/foxy/share/tf2_ros/cmake)
[1.870s] -- Found rmw_implementation_cmake: 1.0.3 (/opt/ros/foxy/share/rmw_implementation_cmake/cmake)
[1.872s] -- Using RMW implementation 'rmw_fastrtps_cpp' as default
[1.874s] -- Looking for pthread.h
[1.976s] -- Looking for pthread.h - found
[1.976s] -- Performing Test CMAKE_HAVE_LIBC_PTHREAD
[2.081s] -- Performing Test CMAKE_HAVE_LIBC_PTHREAD - Failed
[2.081s] -- Looking for pthread_create in pthreads
[2.164s] -- Looking for pthread_create in pthreads - not found
[2.165s] -- Looking for pthread_create in pthread
[2.264s] -- Looking for pthread_create in pthread - found
[2.266s] -- Found Threads: TRUE  
[2.968s] -- Configuring done
[2.984s] -- Generating done
[2.986s] -- Build files have been written to: /home/zq/colcon_ws/build/arm_vrpn_pubsub
[2.999s] Invoked command in '/home/zq/colcon_ws/build/arm_vrpn_pubsub' returned '0': CMAKE_PREFIX_PATH=${CMAKE_PREFIX_PATH}:/opt/ros/foxy /usr/bin/cmake /home/zq/colcon_ws/src/arm_vrpn-main -DCMAKE_INSTALL_PREFIX=/home/zq/colcon_ws/install/arm_vrpn_pubsub
[3.000s] Invoking command in '/home/zq/colcon_ws/build/arm_vrpn_pubsub': CMAKE_PREFIX_PATH=${CMAKE_PREFIX_PATH}:/opt/ros/foxy /usr/bin/cmake --build /home/zq/colcon_ws/build/arm_vrpn_pubsub -- -j4 -l4
[3.059s] [35m[1mScanning dependencies of target arm_mocap_pubsub[0m
[3.115s] [ 50%] [32mBuilding CXX object CMakeFiles/arm_mocap_pubsub.dir/src/arm_mocap_pubsub.cpp.o[0m
[4.787s] [01m[K/home/zq/colcon_ws/src/arm_vrpn-main/src/arm_mocap_pubsub.cpp:99:27:[m[K [01;31m[Kerror: [m[K‘[01m[Kctx[m[K’ is not a type
[4.788s]    99 |     zmq::socket_t zmq_pub([01;31m[Kctx[m[K, zmq::socket_type::pub);
[4.788s]       |                           [01;31m[K^~~[m[K
[4.788s] [01m[K/home/zq/colcon_ws/src/arm_vrpn-main/src/arm_mocap_pubsub.cpp:99:50:[m[K [01;31m[Kerror: [m[K‘[01m[Kzmq::socket_type::pub[m[K’ is not a type
[4.788s]    99 |     zmq::socket_t zmq_pub(ctx, zmq::socket_type::[01;31m[Kpub[m[K);
[4.789s]       |                                                  [01;31m[K^~~[m[K
[4.802s] [01m[K/home/zq/colcon_ws/src/arm_vrpn-main/src/arm_mocap_pubsub.cpp:[m[K In constructor ‘[01m[KMocapzmq_pub::Mocapzmq_pub()[m[K’:
[4.803s] [01m[K/home/zq/colcon_ws/src/arm_vrpn-main/src/arm_mocap_pubsub.cpp:42:7:[m[K [01;31m[Kerror: [m[Kinvalid use of member function ‘[01m[Kzmq::socket_t Mocapzmq_pub::zmq_pub(int, int)[m[K’ (did you forget the ‘[01m[K()[m[K’ ?)
[4.803s]    42 |       [01;31m[Kzmq_pub[m[K.bind("tcp://127.0.0.1:3885");
[4.803s]       |       [01;31m[K^~~~~~~[m[K
[4.806s] [01m[K/home/zq/colcon_ws/src/arm_vrpn-main/src/arm_mocap_pubsub.cpp:[m[K In member function ‘[01m[Kvoid Mocapzmq_pub::topic_callback1(geometry_msgs::msg::PoseStamped_<std::allocator<void> >::SharedPtr)[m[K’:
[4.807s] [01m[K/home/zq/colcon_ws/src/arm_vrpn-main/src/arm_mocap_pubsub.cpp:59:7:[m[K [01;31m[Kerror: [m[Kinvalid use of member function ‘[01m[Kzmq::socket_t Mocapzmq_pub::zmq_pub(int, int)[m[K’ (did you forget the ‘[01m[K()[m[K’ ?)
[4.807s]    59 |       [01;31m[Kzmq_pub[m[K.send(zmq::str_buffer("Hello"));
[4.807s]       |       [01;31m[K^~~~~~~[m[K
[6.594s] make[2]: *** [CMakeFiles/arm_mocap_pubsub.dir/build.make:63: CMakeFiles/arm_mocap_pubsub.dir/src/arm_mocap_pubsub.cpp.o] Error 1
[6.595s] make[1]: *** [CMakeFiles/Makefile2:78: CMakeFiles/arm_mocap_pubsub.dir/all] Error 2
[6.595s] make: *** [Makefile:141: all] Error 2
[6.598s] Invoked command in '/home/zq/colcon_ws/build/arm_vrpn_pubsub' returned '2': CMAKE_PREFIX_PATH=${CMAKE_PREFIX_PATH}:/opt/ros/foxy /usr/bin/cmake --build /home/zq/colcon_ws/build/arm_vrpn_pubsub -- -j4 -l4
