[ 33%] Built target vrpn_client_ros
[ 66%] Built target vrpn_client_node
[100%] Built target vrpn_tracker_node
-- Install configuration: ""
-- Up-to-date: /home/zq/colcon_ws/install/vrpn_client_ros/share/vrpn_client_ros//launch
-- Up-to-date: /home/zq/colcon_ws/install/vrpn_client_ros/share/vrpn_client_ros//launch/sample.launch.py
-- Up-to-date: /home/zq/colcon_ws/install/vrpn_client_ros/share/vrpn_client_ros//config
-- Up-to-date: /home/zq/colcon_ws/install/vrpn_client_ros/share/vrpn_client_ros//config/sample.params.yaml
-- Up-to-date: /home/zq/colcon_ws/install/vrpn_client_ros/lib/libvrpn_client_ros.a
-- Up-to-date: /home/zq/colcon_ws/install/vrpn_client_ros/lib/vrpn_client_ros/vrpn_tracker_node
-- Up-to-date: /home/zq/colcon_ws/install/vrpn_client_ros/lib/vrpn_client_ros/vrpn_client_node
-- Up-to-date: /home/zq/colcon_ws/install/vrpn_client_ros/share/ament_index/resource_index/package_run_dependencies/vrpn_client_ros
-- Up-to-date: /home/zq/colcon_ws/install/vrpn_client_ros/share/ament_index/resource_index/parent_prefix_path/vrpn_client_ros
-- Up-to-date: /home/zq/colcon_ws/install/vrpn_client_ros/share/vrpn_client_ros/environment/ament_prefix_path.sh
-- Up-to-date: /home/zq/colcon_ws/install/vrpn_client_ros/share/vrpn_client_ros/environment/ament_prefix_path.dsv
-- Up-to-date: /home/zq/colcon_ws/install/vrpn_client_ros/share/vrpn_client_ros/environment/path.sh
-- Up-to-date: /home/zq/colcon_ws/install/vrpn_client_ros/share/vrpn_client_ros/environment/path.dsv
-- Up-to-date: /home/zq/colcon_ws/install/vrpn_client_ros/share/vrpn_client_ros/local_setup.bash
-- Up-to-date: /home/zq/colcon_ws/install/vrpn_client_ros/share/vrpn_client_ros/local_setup.sh
-- Up-to-date: /home/zq/colcon_ws/install/vrpn_client_ros/share/vrpn_client_ros/local_setup.zsh
-- Up-to-date: /home/zq/colcon_ws/install/vrpn_client_ros/share/vrpn_client_ros/local_setup.dsv
-- Installing: /home/zq/colcon_ws/install/vrpn_client_ros/share/vrpn_client_ros/package.dsv
-- Up-to-date: /home/zq/colcon_ws/install/vrpn_client_ros/share/ament_index/resource_index/packages/vrpn_client_ros
-- Up-to-date: /home/zq/colcon_ws/install/vrpn_client_ros/share/vrpn_client_ros/cmake/ament_cmake_export_dependencies-extras.cmake
-- Up-to-date: /home/zq/colcon_ws/install/vrpn_client_ros/share/vrpn_client_ros/cmake/vrpn_client_rosConfig.cmake
-- Up-to-date: /home/zq/colcon_ws/install/vrpn_client_ros/share/vrpn_client_ros/cmake/vrpn_client_rosConfig-version.cmake
-- Up-to-date: /home/zq/colcon_ws/install/vrpn_client_ros/share/vrpn_client_ros/package.xml
