[0.046s] Invoking command in '/home/zq/colcon_ws/build/vrpn_client_ros': CMAKE_PREFIX_PATH=${CMAKE_PREFIX_PATH}:/opt/ros/foxy /usr/bin/cmake --build /home/zq/colcon_ws/build/vrpn_client_ros -- -j4 -l4
[0.209s] [ 33%] Built target vrpn_client_ros
[0.308s] [ 66%] Built target vrpn_client_node
[0.322s] [100%] Built target vrpn_tracker_node
[0.350s] Invoked command in '/home/zq/colcon_ws/build/vrpn_client_ros' returned '0': CMAKE_PREFIX_PATH=${CMAKE_PREFIX_PATH}:/opt/ros/foxy /usr/bin/cmake --build /home/zq/colcon_ws/build/vrpn_client_ros -- -j4 -l4
[0.463s] Invoking command in '/home/zq/colcon_ws/build/vrpn_client_ros': CMAKE_PREFIX_PATH=${CMAKE_PREFIX_PATH}:/opt/ros/foxy /usr/bin/cmake --install /home/zq/colcon_ws/build/vrpn_client_ros
[0.483s] -- Install configuration: ""
[0.483s] -- Up-to-date: /home/zq/colcon_ws/install/vrpn_client_ros/share/vrpn_client_ros//launch
[0.483s] -- Up-to-date: /home/zq/colcon_ws/install/vrpn_client_ros/share/vrpn_client_ros//launch/sample.launch.py
[0.484s] -- Up-to-date: /home/zq/colcon_ws/install/vrpn_client_ros/share/vrpn_client_ros//config
[0.484s] -- Up-to-date: /home/zq/colcon_ws/install/vrpn_client_ros/share/vrpn_client_ros//config/sample.params.yaml
[0.484s] -- Up-to-date: /home/zq/colcon_ws/install/vrpn_client_ros/lib/libvrpn_client_ros.a
[0.485s] -- Up-to-date: /home/zq/colcon_ws/install/vrpn_client_ros/lib/vrpn_client_ros/vrpn_tracker_node
[0.485s] -- Up-to-date: /home/zq/colcon_ws/install/vrpn_client_ros/lib/vrpn_client_ros/vrpn_client_node
[0.486s] -- Up-to-date: /home/zq/colcon_ws/install/vrpn_client_ros/share/ament_index/resource_index/package_run_dependencies/vrpn_client_ros
[0.486s] -- Up-to-date: /home/zq/colcon_ws/install/vrpn_client_ros/share/ament_index/resource_index/parent_prefix_path/vrpn_client_ros
[0.487s] -- Up-to-date: /home/zq/colcon_ws/install/vrpn_client_ros/share/vrpn_client_ros/environment/ament_prefix_path.sh
[0.487s] -- Up-to-date: /home/zq/colcon_ws/install/vrpn_client_ros/share/vrpn_client_ros/environment/ament_prefix_path.dsv
[0.487s] -- Up-to-date: /home/zq/colcon_ws/install/vrpn_client_ros/share/vrpn_client_ros/environment/path.sh
[0.488s] -- Up-to-date: /home/zq/colcon_ws/install/vrpn_client_ros/share/vrpn_client_ros/environment/path.dsv
[0.488s] -- Up-to-date: /home/zq/colcon_ws/install/vrpn_client_ros/share/vrpn_client_ros/local_setup.bash
[0.489s] -- Up-to-date: /home/zq/colcon_ws/install/vrpn_client_ros/share/vrpn_client_ros/local_setup.sh
[0.489s] -- Up-to-date: /home/zq/colcon_ws/install/vrpn_client_ros/share/vrpn_client_ros/local_setup.zsh
[0.489s] -- Up-to-date: /home/zq/colcon_ws/install/vrpn_client_ros/share/vrpn_client_ros/local_setup.dsv
[0.489s] -- Installing: /home/zq/colcon_ws/install/vrpn_client_ros/share/vrpn_client_ros/package.dsv
[0.490s] -- Up-to-date: /home/zq/colcon_ws/install/vrpn_client_ros/share/ament_index/resource_index/packages/vrpn_client_ros
[0.491s] -- Up-to-date: /home/zq/colcon_ws/install/vrpn_client_ros/share/vrpn_client_ros/cmake/ament_cmake_export_dependencies-extras.cmake
[0.491s] -- Up-to-date: /home/zq/colcon_ws/install/vrpn_client_ros/share/vrpn_client_ros/cmake/vrpn_client_rosConfig.cmake
[0.491s] -- Up-to-date: /home/zq/colcon_ws/install/vrpn_client_ros/share/vrpn_client_ros/cmake/vrpn_client_rosConfig-version.cmake
[0.492s] -- Up-to-date: /home/zq/colcon_ws/install/vrpn_client_ros/share/vrpn_client_ros/package.xml
[0.494s] Invoked command in '/home/zq/colcon_ws/build/vrpn_client_ros' returned '0': CMAKE_PREFIX_PATH=${CMAKE_PREFIX_PATH}:/opt/ros/foxy /usr/bin/cmake --install /home/zq/colcon_ws/build/vrpn_client_ros
