[0.023s] Invoking command in '/home/zq/colcon_ws/build/arm_vrpn_pubsub': CMAKE_PREFIX_PATH=${CMAKE_PREFIX_PATH}:/opt/ros/foxy /usr/bin/cmake --build /home/zq/colcon_ws/build/arm_vrpn_pubsub -- -j4 -l4
[0.090s] [35m[1mScanning dependencies of target arm_mocap_pubsub[0m
[0.137s] [ 50%] [32mBuilding CXX object CMakeFiles/arm_mocap_pubsub.dir/src/arm_mocap_pubsub.cpp.o[0m
[1.901s] [01m[K/home/zq/colcon_ws/src/arm_vrpn-main/src/arm_mocap_pubsub.cpp:[m[K In member function ‘[01m[Kvoid Mocapzmq_pub::topic_callback1(geometry_msgs::msg::PoseStamped_<std::allocator<void> >::SharedPtr)[m[K’:
[1.902s] [01m[K/home/zq/colcon_ws/src/arm_vrpn-main/src/arm_mocap_pubsub.cpp:68:27:[m[K [01;35m[Kwarning: [m[Knarrowing conversion of ‘[01m[Kx1_mocap[m[K’ from ‘[01m[Kfloat[m[K’ to ‘[01m[Kchar[m[K’ [[01;35m[K-Wnarrowing[m[K]
[1.902s]    68 |       char ch_data[21] = {[01;35m[Kx1_mocap[m[K,y1_mocap,z1_mocap,
[1.902s]       |                           [01;35m[K^~~~~~~~[m[K
[1.902s] [01m[K/home/zq/colcon_ws/src/arm_vrpn-main/src/arm_mocap_pubsub.cpp:68:36:[m[K [01;35m[Kwarning: [m[Knarrowing conversion of ‘[01m[Ky1_mocap[m[K’ from ‘[01m[Kfloat[m[K’ to ‘[01m[Kchar[m[K’ [[01;35m[K-Wnarrowing[m[K]
[1.902s]    68 |       char ch_data[21] = {x1_mocap,[01;35m[Ky1_mocap[m[K,z1_mocap,
[1.902s]       |                                    [01;35m[K^~~~~~~~[m[K
[1.903s] [01m[K/home/zq/colcon_ws/src/arm_vrpn-main/src/arm_mocap_pubsub.cpp:68:45:[m[K [01;35m[Kwarning: [m[Knarrowing conversion of ‘[01m[Kz1_mocap[m[K’ from ‘[01m[Kfloat[m[K’ to ‘[01m[Kchar[m[K’ [[01;35m[K-Wnarrowing[m[K]
[1.903s]    68 |       char ch_data[21] = {x1_mocap,y1_mocap,[01;35m[Kz1_mocap[m[K,
[1.903s]       |                                             [01;35m[K^~~~~~~~[m[K
[1.903s] [01m[K/home/zq/colcon_ws/src/arm_vrpn-main/src/arm_mocap_pubsub.cpp:69:23:[m[K [01;35m[Kwarning: [m[Knarrowing conversion of ‘[01m[Kq1_mocap_x[m[K’ from ‘[01m[Kfloat[m[K’ to ‘[01m[Kchar[m[K’ [[01;35m[K-Wnarrowing[m[K]
[1.903s]    69 |                       [01;35m[Kq1_mocap_x[m[K,q1_mocap_y,q1_mocap_z,q1_mocap_w,
[1.903s]       |                       [01;35m[K^~~~~~~~~~[m[K
[1.904s] [01m[K/home/zq/colcon_ws/src/arm_vrpn-main/src/arm_mocap_pubsub.cpp:69:34:[m[K [01;35m[Kwarning: [m[Knarrowing conversion of ‘[01m[Kq1_mocap_y[m[K’ from ‘[01m[Kfloat[m[K’ to ‘[01m[Kchar[m[K’ [[01;35m[K-Wnarrowing[m[K]
[1.904s]    69 |                       q1_mocap_x,[01;35m[Kq1_mocap_y[m[K,q1_mocap_z,q1_mocap_w,
[1.904s]       |                                  [01;35m[K^~~~~~~~~~[m[K
[1.904s] [01m[K/home/zq/colcon_ws/src/arm_vrpn-main/src/arm_mocap_pubsub.cpp:69:45:[m[K [01;35m[Kwarning: [m[Knarrowing conversion of ‘[01m[Kq1_mocap_z[m[K’ from ‘[01m[Kfloat[m[K’ to ‘[01m[Kchar[m[K’ [[01;35m[K-Wnarrowing[m[K]
[1.904s]    69 |                       q1_mocap_x,q1_mocap_y,[01;35m[Kq1_mocap_z[m[K,q1_mocap_w,
[1.904s]       |                                             [01;35m[K^~~~~~~~~~[m[K
[1.904s] [01m[K/home/zq/colcon_ws/src/arm_vrpn-main/src/arm_mocap_pubsub.cpp:69:56:[m[K [01;35m[Kwarning: [m[Knarrowing conversion of ‘[01m[Kq1_mocap_w[m[K’ from ‘[01m[Kfloat[m[K’ to ‘[01m[Kchar[m[K’ [[01;35m[K-Wnarrowing[m[K]
[1.905s]    69 |                       q1_mocap_x,q1_mocap_y,q1_mocap_z,[01;35m[Kq1_mocap_w[m[K,
[1.905s]       |                                                        [01;35m[K^~~~~~~~~~[m[K
[1.905s] [01m[K/home/zq/colcon_ws/src/arm_vrpn-main/src/arm_mocap_pubsub.cpp:70:23:[m[K [01;35m[Kwarning: [m[Knarrowing conversion of ‘[01m[Kx2_mocap[m[K’ from ‘[01m[Kfloat[m[K’ to ‘[01m[Kchar[m[K’ [[01;35m[K-Wnarrowing[m[K]
[1.905s]    70 |                       [01;35m[Kx2_mocap[m[K,y2_mocap,z2_mocap,
[1.906s]       |                       [01;35m[K^~~~~~~~[m[K
[1.906s] [01m[K/home/zq/colcon_ws/src/arm_vrpn-main/src/arm_mocap_pubsub.cpp:70:32:[m[K [01;35m[Kwarning: [m[Knarrowing conversion of ‘[01m[Ky2_mocap[m[K’ from ‘[01m[Kfloat[m[K’ to ‘[01m[Kchar[m[K’ [[01;35m[K-Wnarrowing[m[K]
[1.906s]    70 |                       x2_mocap,[01;35m[Ky2_mocap[m[K,z2_mocap,
[1.906s]       |                                [01;35m[K^~~~~~~~[m[K
[1.906s] [01m[K/home/zq/colcon_ws/src/arm_vrpn-main/src/arm_mocap_pubsub.cpp:70:41:[m[K [01;35m[Kwarning: [m[Knarrowing conversion of ‘[01m[Kz2_mocap[m[K’ from ‘[01m[Kfloat[m[K’ to ‘[01m[Kchar[m[K’ [[01;35m[K-Wnarrowing[m[K]
[1.907s]    70 |                       x2_mocap,y2_mocap,[01;35m[Kz2_mocap[m[K,
[1.907s]       |                                         [01;35m[K^~~~~~~~[m[K
[1.907s] [01m[K/home/zq/colcon_ws/src/arm_vrpn-main/src/arm_mocap_pubsub.cpp:71:23:[m[K [01;35m[Kwarning: [m[Knarrowing conversion of ‘[01m[Kq2_mocap_x[m[K’ from ‘[01m[Kfloat[m[K’ to ‘[01m[Kchar[m[K’ [[01;35m[K-Wnarrowing[m[K]
[1.907s]    71 |                       [01;35m[Kq2_mocap_x[m[K,q2_mocap_y,q2_mocap_z,q2_mocap_w,
[1.907s]       |                       [01;35m[K^~~~~~~~~~[m[K
[1.907s] [01m[K/home/zq/colcon_ws/src/arm_vrpn-main/src/arm_mocap_pubsub.cpp:71:34:[m[K [01;35m[Kwarning: [m[Knarrowing conversion of ‘[01m[Kq2_mocap_y[m[K’ from ‘[01m[Kfloat[m[K’ to ‘[01m[Kchar[m[K’ [[01;35m[K-Wnarrowing[m[K]
[1.908s]    71 |                       q2_mocap_x,[01;35m[Kq2_mocap_y[m[K,q2_mocap_z,q2_mocap_w,
[1.908s]       |                                  [01;35m[K^~~~~~~~~~[m[K
[1.908s] [01m[K/home/zq/colcon_ws/src/arm_vrpn-main/src/arm_mocap_pubsub.cpp:71:45:[m[K [01;35m[Kwarning: [m[Knarrowing conversion of ‘[01m[Kq2_mocap_z[m[K’ from ‘[01m[Kfloat[m[K’ to ‘[01m[Kchar[m[K’ [[01;35m[K-Wnarrowing[m[K]
[1.908s]    71 |                       q2_mocap_x,q2_mocap_y,[01;35m[Kq2_mocap_z[m[K,q2_mocap_w,
[1.908s]       |                                             [01;35m[K^~~~~~~~~~[m[K
[1.908s] [01m[K/home/zq/colcon_ws/src/arm_vrpn-main/src/arm_mocap_pubsub.cpp:71:56:[m[K [01;35m[Kwarning: [m[Knarrowing conversion of ‘[01m[Kq2_mocap_w[m[K’ from ‘[01m[Kfloat[m[K’ to ‘[01m[Kchar[m[K’ [[01;35m[K-Wnarrowing[m[K]
[1.909s]    71 |                       q2_mocap_x,q2_mocap_y,q2_mocap_z,[01;35m[Kq2_mocap_w[m[K,
[1.909s]       |                                                        [01;35m[K^~~~~~~~~~[m[K
[1.909s] [01m[K/home/zq/colcon_ws/src/arm_vrpn-main/src/arm_mocap_pubsub.cpp:72:23:[m[K [01;35m[Kwarning: [m[Knarrowing conversion of ‘[01m[Kx3_mocap[m[K’ from ‘[01m[Kfloat[m[K’ to ‘[01m[Kchar[m[K’ [[01;35m[K-Wnarrowing[m[K]
[1.909s]    72 |                       [01;35m[Kx3_mocap[m[K,y3_mocap,z3_mocap,
[1.909s]       |                       [01;35m[K^~~~~~~~[m[K
[1.909s] [01m[K/home/zq/colcon_ws/src/arm_vrpn-main/src/arm_mocap_pubsub.cpp:72:32:[m[K [01;35m[Kwarning: [m[Knarrowing conversion of ‘[01m[Ky3_mocap[m[K’ from ‘[01m[Kfloat[m[K’ to ‘[01m[Kchar[m[K’ [[01;35m[K-Wnarrowing[m[K]
[1.910s]    72 |                       x3_mocap,[01;35m[Ky3_mocap[m[K,z3_mocap,
[1.910s]       |                                [01;35m[K^~~~~~~~[m[K
[1.910s] [01m[K/home/zq/colcon_ws/src/arm_vrpn-main/src/arm_mocap_pubsub.cpp:72:41:[m[K [01;35m[Kwarning: [m[Knarrowing conversion of ‘[01m[Kz3_mocap[m[K’ from ‘[01m[Kfloat[m[K’ to ‘[01m[Kchar[m[K’ [[01;35m[K-Wnarrowing[m[K]
[1.910s]    72 |                       x3_mocap,y3_mocap,[01;35m[Kz3_mocap[m[K,
[1.910s]       |                                         [01;35m[K^~~~~~~~[m[K
[1.910s] [01m[K/home/zq/colcon_ws/src/arm_vrpn-main/src/arm_mocap_pubsub.cpp:73:23:[m[K [01;35m[Kwarning: [m[Knarrowing conversion of ‘[01m[Kq3_mocap_x[m[K’ from ‘[01m[Kfloat[m[K’ to ‘[01m[Kchar[m[K’ [[01;35m[K-Wnarrowing[m[K]
[1.911s]    73 |                       [01;35m[Kq3_mocap_x[m[K,q3_mocap_y,q3_mocap_z,q3_mocap_w
[1.911s]       |                       [01;35m[K^~~~~~~~~~[m[K
[1.911s] [01m[K/home/zq/colcon_ws/src/arm_vrpn-main/src/arm_mocap_pubsub.cpp:73:34:[m[K [01;35m[Kwarning: [m[Knarrowing conversion of ‘[01m[Kq3_mocap_y[m[K’ from ‘[01m[Kfloat[m[K’ to ‘[01m[Kchar[m[K’ [[01;35m[K-Wnarrowing[m[K]
[1.911s]    73 |                       q3_mocap_x,[01;35m[Kq3_mocap_y[m[K,q3_mocap_z,q3_mocap_w
[1.911s]       |                                  [01;35m[K^~~~~~~~~~[m[K
[1.911s] [01m[K/home/zq/colcon_ws/src/arm_vrpn-main/src/arm_mocap_pubsub.cpp:73:45:[m[K [01;35m[Kwarning: [m[Knarrowing conversion of ‘[01m[Kq3_mocap_z[m[K’ from ‘[01m[Kfloat[m[K’ to ‘[01m[Kchar[m[K’ [[01;35m[K-Wnarrowing[m[K]
[1.911s]    73 |                       q3_mocap_x,q3_mocap_y,[01;35m[Kq3_mocap_z[m[K,q3_mocap_w
[1.912s]       |                                             [01;35m[K^~~~~~~~~~[m[K
[1.912s] [01m[K/home/zq/colcon_ws/src/arm_vrpn-main/src/arm_mocap_pubsub.cpp:73:56:[m[K [01;35m[Kwarning: [m[Knarrowing conversion of ‘[01m[Kq3_mocap_w[m[K’ from ‘[01m[Kfloat[m[K’ to ‘[01m[Kchar[m[K’ [[01;35m[K-Wnarrowing[m[K]
[1.912s]    73 |                       q3_mocap_x,q3_mocap_y,q3_mocap_z,[01;35m[Kq3_mocap_w[m[K
[1.912s]       |                                                        [01;35m[K^~~~~~~~~~[m[K
[1.912s] [01m[K/home/zq/colcon_ws/src/arm_vrpn-main/src/arm_mocap_pubsub.cpp:76:46:[m[K [01;31m[Kerror: [m[Kno matching function for call to ‘[01m[Kstr_buffer(std::string&)[m[K’
[1.912s]    76 |        publisher.send(zmq::str_buffer(str_msg[01;31m[K)[m[K);
[1.913s]       |                                              [01;31m[K^[m[K
[1.913s] In file included from [01m[K/home/zq/colcon_ws/src/arm_vrpn-main/src/arm_mocap_pubsub.cpp:10[m[K:
[1.913s] [01m[K/usr/local/include/zmq.hpp:1350:24:[m[K [01;36m[Knote: [m[Kcandidate: ‘[01m[Ktemplate<class Char, long unsigned int N> constexpr zmq::const_buffer zmq::str_buffer(const Char (&)[N])[m[K’
[1.913s]  1350 | constexpr const_buffer [01;36m[Kstr_buffer[m[K(const Char (&data)[N]) noexcept
[1.913s]       |                        [01;36m[K^~~~~~~~~~[m[K
[1.913s] [01m[K/usr/local/include/zmq.hpp:1350:24:[m[K [01;36m[Knote: [m[K  template argument deduction/substitution failed:
[1.914s] [01m[K/home/zq/colcon_ws/src/arm_vrpn-main/src/arm_mocap_pubsub.cpp:76:46:[m[K [01;36m[Knote: [m[K  mismatched types ‘[01m[Kconst Char [N][m[K’ and ‘[01m[Kstd::string[m[K’ {aka ‘[01m[Kstd::__cxx11::basic_string<char>[m[K’}
[1.914s]    76 |        publisher.send(zmq::str_buffer(str_msg[01;36m[K)[m[K);
[1.914s]       |                                              [01;36m[K^[m[K
[1.916s] [01m[K/home/zq/colcon_ws/src/arm_vrpn-main/src/arm_mocap_pubsub.cpp:68:12:[m[K [01;35m[Kwarning: [m[Kunused variable ‘[01m[Kch_data[m[K’ [[01;35m[K-Wunused-variable[m[K]
[1.916s]    68 |       char [01;35m[Kch_data[m[K[21] = {x1_mocap,y1_mocap,z1_mocap,
[1.916s]       |            [01;35m[K^~~~~~~[m[K
[3.741s] make[2]: *** [CMakeFiles/arm_mocap_pubsub.dir/build.make:63: CMakeFiles/arm_mocap_pubsub.dir/src/arm_mocap_pubsub.cpp.o] Error 1
[3.741s] make[1]: *** [CMakeFiles/Makefile2:78: CMakeFiles/arm_mocap_pubsub.dir/all] Error 2
[3.741s] make: *** [Makefile:141: all] Error 2
[3.744s] Invoked command in '/home/zq/colcon_ws/build/arm_vrpn_pubsub' returned '2': CMAKE_PREFIX_PATH=${CMAKE_PREFIX_PATH}:/opt/ros/foxy /usr/bin/cmake --build /home/zq/colcon_ws/build/arm_vrpn_pubsub -- -j4 -l4
