-- The C compiler identification is GNU 9.4.0
-- The CXX compiler identification is GNU 9.4.0
-- Check for working C compiler: /usr/bin/cc
-- Check for working C compiler: /usr/bin/cc -- works
-- Detecting C compiler ABI info
-- Detecting C compiler ABI info - done
-- Detecting C compile features
-- Detecting C compile features - done
-- Check for working CXX compiler: /usr/bin/c++
-- Check for working CXX compiler: /usr/bin/c++ -- works
-- Detecting CXX compiler ABI info
-- Detecting CXX compiler ABI info - done
-- Detecting CXX compile features
-- Detecting CXX compile features - done
-- Configuring the VRPN suite version 07.34 using the CMake-based build system

CMake Warning (dev) at CMakeLists.txt:160 (option):
  Policy CMP0077 is not set: option() honors normal variables.  Run "cmake
  --help-policy CMP0077" for policy details.  Use the cmake_policy command to
  set the policy and suppress this warning.

  For compatibility with older versions of CMake, option is clearing the
  normal variable 'VRPN_BUILD_CLIENT_LIBRARY'.
This warning is for project developers.  Use -Wno-dev to suppress it.

CMake Warning (dev) at CMakeLists.txt:163 (option):
  Policy CMP0077 is not set: option() honors normal variables.  Run "cmake
  --help-policy CMP0077" for policy details.  Use the cmake_policy command to
  set the policy and suppress this warning.

  For compatibility with older versions of CMake, option is clearing the
  normal variable 'VRPN_BUILD_SERVER_LIBRARY'.
This warning is for project developers.  Use -Wno-dev to suppress it.

CMake Warning (dev) at CMakeLists.txt:168 (option):
  Policy CMP0077 is not set: option() honors normal variables.  Run "cmake
  --help-policy CMP0077" for policy details.  Use the cmake_policy command to
  set the policy and suppress this warning.

  For compatibility with older versions of CMake, option is clearing the
  normal variable 'VRPN_BUILD_CLIENTS'.
This warning is for project developers.  Use -Wno-dev to suppress it.

CMake Warning (dev) at CMakeLists.txt:169 (option):
  Policy CMP0077 is not set: option() honors normal variables.  Run "cmake
  --help-policy CMP0077" for policy details.  Use the cmake_policy command to
  set the policy and suppress this warning.

  For compatibility with older versions of CMake, option is clearing the
  normal variable 'VRPN_BUILD_SERVERS'.
This warning is for project developers.  Use -Wno-dev to suppress it.

-- Looking for pthread.h
-- Looking for pthread.h - found
-- Performing Test CMAKE_HAVE_LIBC_PTHREAD
-- Performing Test CMAKE_HAVE_LIBC_PTHREAD - Failed
-- Looking for pthread_create in pthreads
-- Looking for pthread_create in pthreads - not found
-- Looking for pthread_create in pthread
-- Looking for pthread_create in pthread - found
-- Found Threads: TRUE  
-- Now searching for auto-configurable optional packages...

-- Checking for module 'libusb-1.0'
--   Found libusb-1.0, version 1.0.23
-- Found Libusb1: /usr/lib/x86_64-linux-gnu/libusb-1.0.so  
-- Could NOT find SWIG (missing: SWIG_EXECUTABLE SWIG_DIR) 
-- Found PythonLibs: /usr/lib/x86_64-linux-gnu/libpython3.8.so (found version "3.8.10") 
CMake Warning (dev) at cmake/OptionRequires.cmake:46 (option):
  Policy CMP0077 is not set: option() honors normal variables.  Run "cmake
  --help-policy CMP0077" for policy details.  Use the cmake_policy command to
  set the policy and suppress this warning.

  For compatibility with older versions of CMake, option is clearing the
  normal variable 'VRPN_BUILD_PYTHON'.
Call Stack (most recent call first):
  CMakeLists.txt:345 (option_requires)
This warning is for project developers.  Use -Wno-dev to suppress it.

-- Could NOT find Java (missing: Java_JAVA_EXECUTABLE Java_JAVAC_EXECUTABLE Java_JAR_EXECUTABLE Java_JAVADOC_EXECUTABLE Java_JAVAH_EXECUTABLE Development) 
-- Could NOT find JNI (missing: JAVA_AWT_LIBRARY JAVA_JVM_LIBRARY JAVA_INCLUDE_PATH JAVA_INCLUDE_PATH2 JAVA_AWT_INCLUDE_PATH) 
CMake Warning (dev) at cmake/OptionRequires.cmake:46 (option):
  Policy CMP0077 is not set: option() honors normal variables.  Run "cmake
  --help-policy CMP0077" for policy details.  Use the cmake_policy command to
  set the policy and suppress this warning.

  For compatibility with older versions of CMake, option is clearing the
  normal variable 'VRPN_BUILD_JAVA'.
Call Stack (most recent call first):
  CMakeLists.txt:374 (option_requires)
This warning is for project developers.  Use -Wno-dev to suppress it.

-- Found MPI_C: /usr/lib/x86_64-linux-gnu/openmpi/lib/libmpi.so (found version "3.1") 
-- Found MPI_CXX: /usr/lib/x86_64-linux-gnu/openmpi/lib/libmpi_cxx.so (found version "3.1") 
-- Found MPI: TRUE (found version "3.1")  
-- Could NOT find Modbus (missing: MODBUS_LIBRARY MODBUS_INCLUDE_DIR) 
-- Could NOT find OpenHaptics (missing: HDAPI_LIBRARY HDAPI_INCLUDE_DIR HDAPI_HDU_INCLUDE_DIR HDAPI_HDU_LIBRARY HLAPI_INCLUDE_DIR HLAPI_LIBRARY HLAPI_HLU_INCLUDE_DIR HLAPI_HLU_LIBRARY HDAPI_PHANToMIO_LIBRARY HDAPI_HDU_SOURCE_DIR HLAPI_HLU_SOURCE_DIR) 
-- Could NOT find GHOST (missing: GHOST_LIBRARY GHOST_INCLUDE_DIR) 
-- Found I2CDEV: /usr/include  
-- Could NOT find WiiUse (missing: WIIUSE_LIBRARY WIIUSE_INCLUDE_DIR) 
-- Could NOT find LibNifalcon (missing: LIBNIFALCON_LIBRARY LIBNIFALCON_INCLUDE_DIR) 
-- Could NOT find GPM (missing: GPM_LIBRARY GPM_INCLUDE_DIR) 
-- Could NOT find InterSense (missing: INTERSENSE_LIBRARY INTERSENSE_INCLUDE_DIR) 
-- Could NOT find NIDAQmx (missing: NIDAQMX_LIBRARY NIDAQMX_INCLUDE_DIR) 
-- Could NOT find ViewPoint (missing: VIEWPOINT_LIBRARY VIEWPOINT_INCLUDE_DIR) 
-- Looking for C++ include linux/joystick.h
-- Looking for C++ include linux/joystick.h - found
-- Looking for C++ include linux/input.h
-- Looking for C++ include linux/input.h - found
-- Found Perl: /usr/bin/perl (found version "5.30.0") 
-- Checking for perl module Parse::RecDescent
-- Checking for perl module Parse::RecDescent - failed
-- Could NOT find PerlModules (missing: PERLMODULES_PARSE_RECDESCENT_MODULE) 
-- Could NOT find LibFreespace (missing: LIBFREESPACE_LIBRARY LIBFREESPACE_INCLUDE_DIR) 
-- Found quatlib: quat  
-- Could NOT find ColibriApi (missing: COLIBRIAPI_LIBRARY COLIBRIAPI_INCLUDE_DIR) 
-- Could NOT find GLUT (missing: GLUT_glut_LIBRARY GLUT_INCLUDE_DIR) 
CMake Warning (dev) at /usr/share/cmake-3.16/Modules/FindOpenGL.cmake:275 (message):
  Policy CMP0072 is not set: FindOpenGL prefers GLVND by default when
  available.  Run "cmake --help-policy CMP0072" for policy details.  Use the
  cmake_policy command to set the policy and suppress this warning.

  FindOpenGL found both a legacy GL library:

    OPENGL_gl_LIBRARY: /usr/lib/x86_64-linux-gnu/libGL.so

  and GLVND libraries for OpenGL and GLX:

    OPENGL_opengl_LIBRARY: /usr/lib/x86_64-linux-gnu/libOpenGL.so
    OPENGL_glx_LIBRARY: /usr/lib/x86_64-linux-gnu/libGLX.so

  OpenGL_GL_PREFERENCE has not been set to "GLVND" or "LEGACY", so for
  compatibility with CMake 3.10 and below the legacy GL library will be used.
Call Stack (most recent call first):
  client_src/CMakeLists.txt:26 (find_package)
This warning is for project developers.  Use -Wno-dev to suppress it.

-- Found OpenGL: /usr/lib/x86_64-linux-gnu/libOpenGL.so   
CMake Warning (dev) at /usr/share/cmake-3.16/Modules/FindOpenGL.cmake:275 (message):
  Policy CMP0072 is not set: FindOpenGL prefers GLVND by default when
  available.  Run "cmake --help-policy CMP0072" for policy details.  Use the
  cmake_policy command to set the policy and suppress this warning.

  FindOpenGL found both a legacy GL library:

    OPENGL_gl_LIBRARY: /usr/lib/x86_64-linux-gnu/libGL.so

  and GLVND libraries for OpenGL and GLX:

    OPENGL_opengl_LIBRARY: /usr/lib/x86_64-linux-gnu/libOpenGL.so
    OPENGL_glx_LIBRARY: /usr/lib/x86_64-linux-gnu/libGLX.so

  OpenGL_GL_PREFERENCE has not been set to "GLVND" or "LEGACY", so for
  compatibility with CMake 3.10 and below the legacy GL library will be used.
Call Stack (most recent call first):
  server_src/CMakeLists.txt:27 (find_package)
This warning is for project developers.  Use -Wno-dev to suppress it.

-- Dashboard scripts have been generated for automatic nightly and continuous builds.
-- You can add these sample lines to your crontab:
-- 

15 0 * * * "/usr/bin/ctest" -S "/home/zq/colcon_ws/build/vrpn/Dashboards-zq-zq/runNightly.cmake" 
15 * * * * "/usr/bin/ctest" -S "/home/zq/colcon_ws/build/vrpn/Dashboards-zq-zq/runContinuous.cmake" 

or run this command for an one-off experimental test build:
"/usr/bin/ctest" -S "/home/zq/colcon_ws/build/vrpn/Dashboards-zq-zq/runExperimental.cmake" -VV

-- 
-- Configuring done
-- Generating done
-- Build files have been written to: /home/zq/colcon_ws/build/vrpn
[35m[1mScanning dependencies of target quat[0m
[35m[1mScanning dependencies of target vrpn_atmel[0m
[35m[1mScanning dependencies of target vrpn_timecode_generator[0m
[35m[1mScanning dependencies of target gpsnmea[0m
[  1%] [32mBuilding C object quat/CMakeFiles/quat.dir/matrix.c.o[0m
[  1%] [32mBuilding CXX object gpsnmealib/CMakeFiles/gpsnmea.dir/latLonCoord.C.o[0m
[  1%] [32mBuilding CXX object atmellib/CMakeFiles/vrpn_atmel.dir/vrpn_atmellib_helper.C.o[0m
[  2%] [32mBuilding CXX object server_src/timecode_generator_server/CMakeFiles/vrpn_timecode_generator.dir/vrpn_timecode_generator.cpp.o[0m
[  2%] [32m[1mLinking CXX static library libvrpn_timecode_generator.a[0m
[  2%] Built target vrpn_timecode_generator
[  3%] [32mBuilding CXX object atmellib/CMakeFiles/vrpn_atmel.dir/vrpn_atmellib_iobasic.C.o[0m
[  3%] [32mBuilding CXX object atmellib/CMakeFiles/vrpn_atmel.dir/vrpn_atmellib_openclose.C.o[0m
[  3%] [32mBuilding C object quat/CMakeFiles/quat.dir/quat.c.o[0m
[  4%] [32mBuilding CXX object atmellib/CMakeFiles/vrpn_atmel.dir/vrpn_atmellib_register.C.o[0m
[  4%] [32mBuilding CXX object atmellib/CMakeFiles/vrpn_atmel.dir/vrpn_atmellib_tester.C.o[0m
[  5%] [32mBuilding C object quat/CMakeFiles/quat.dir/vector.c.o[0m
[  6%] [32m[1mLinking CXX static library libvrpn_atmel.a[0m
[  6%] Built target vrpn_atmel
[  6%] [32mBuilding C object quat/CMakeFiles/quat.dir/xyzquat.c.o[0m
[  7%] [32mBuilding CXX object gpsnmealib/CMakeFiles/gpsnmea.dir/nmeaParser.C.o[0m
[  7%] [32mBuilding CXX object gpsnmealib/CMakeFiles/gpsnmea.dir/typedCoord.C.o[0m
[  8%] [32m[1mLinking C static library libquat.a[0m
[  8%] Built target quat
[35m[1mScanning dependencies of target vrpn[0m
[  9%] [32mBuilding CXX object gpsnmealib/CMakeFiles/gpsnmea.dir/utmCoord.C.o[0m
[ 10%] [32mBuilding CXX object CMakeFiles/vrpn.dir/vrpn_Analog.C.o[0m
[ 10%] [32mBuilding CXX object CMakeFiles/vrpn.dir/vrpn_Analog_Output.C.o[0m
[ 11%] [32mBuilding CXX object CMakeFiles/vrpn.dir/vrpn_Assert.C.o[0m
[ 11%] [32mBuilding CXX object CMakeFiles/vrpn.dir/vrpn_Auxiliary_Logger.C.o[0m
[ 12%] [32mBuilding CXX object CMakeFiles/vrpn.dir/vrpn_BaseClass.C.o[0m
[ 12%] [32m[1mLinking CXX static library libgpsnmea.a[0m
[ 12%] Built target gpsnmea
[35m[1mScanning dependencies of target vrpnserver[0m
[ 12%] [32mBuilding CXX object CMakeFiles/vrpn.dir/vrpn_Button.C.o[0m
[ 12%] [32mBuilding CXX object CMakeFiles/vrpnserver.dir/vrpn_Analog.C.o[0m
[ 13%] [32mBuilding CXX object CMakeFiles/vrpn.dir/vrpn_Connection.C.o[0m
[ 13%] [32mBuilding CXX object CMakeFiles/vrpn.dir/vrpn_Dial.C.o[0m
[ 14%] [32mBuilding CXX object CMakeFiles/vrpn.dir/vrpn_EndpointContainer.C.o[0m
[ 15%] [32mBuilding CXX object CMakeFiles/vrpnserver.dir/vrpn_Analog_Output.C.o[0m
[ 15%] [32mBuilding CXX object CMakeFiles/vrpn.dir/vrpn_FileConnection.C.o[0m
[ 16%] [32mBuilding CXX object CMakeFiles/vrpn.dir/vrpn_FileController.C.o[0m
[ 16%] [32mBuilding CXX object CMakeFiles/vrpnserver.dir/vrpn_Assert.C.o[0m
[ 16%] [32mBuilding CXX object CMakeFiles/vrpn.dir/vrpn_ForceDevice.C.o[0m
[ 17%] [32mBuilding CXX object CMakeFiles/vrpnserver.dir/vrpn_Auxiliary_Logger.C.o[0m
[ 17%] [32mBuilding CXX object CMakeFiles/vrpn.dir/vrpn_Forwarder.C.o[0m
[ 18%] [32mBuilding CXX object CMakeFiles/vrpn.dir/vrpn_ForwarderController.C.o[0m
[ 18%] [32mBuilding CXX object CMakeFiles/vrpnserver.dir/vrpn_BaseClass.C.o[0m
[ 18%] [32mBuilding CXX object CMakeFiles/vrpn.dir/vrpn_FunctionGenerator.C.o[0m
[ 19%] [32mBuilding CXX object CMakeFiles/vrpnserver.dir/vrpn_Button.C.o[0m
[ 20%] [32mBuilding CXX object CMakeFiles/vrpn.dir/vrpn_Imager.C.o[0m
[ 20%] [32mBuilding CXX object CMakeFiles/vrpn.dir/vrpn_LamportClock.C.o[0m
[ 21%] [32mBuilding CXX object CMakeFiles/vrpn.dir/vrpn_Mutex.C.o[0m
[ 21%] [32mBuilding CXX object CMakeFiles/vrpnserver.dir/vrpn_Connection.C.o[0m
[ 21%] [32mBuilding CXX object CMakeFiles/vrpn.dir/vrpn_Poser.C.o[0m
In file included from [01m[K/usr/include/string.h:495[m[K,
                 from [01m[K/home/zq/colcon_ws/src/vrpn-ros2/vrpn_Mutex.C:2[m[K:
In function ‘[01m[Kchar* strncpy(char*, const char*, size_t)[m[K’,
    inlined from ‘[01m[Kvoid vrpn_PeerMutex::init(const char*)[m[K’ at [01m[K/home/zq/colcon_ws/src/vrpn-ros2/vrpn_Mutex.C:1393:12[m[K:
[01m[K/usr/include/x86_64-linux-gnu/bits/string_fortified.h:106:34:[m[K [01;35m[Kwarning: [m[K‘[01m[Kchar* __builtin_strncpy(char*, const char*, long unsigned int)[m[K’ specified bound depends on the length of the source argument [[01;35m[K-Wstringop-overflow=[m[K]
  106 |   return [01;35m[K__builtin___strncpy_chk (__dest, __src, __len, __bos (__dest))[m[K;
      |          [01;35m[K~~~~~~~~~~~~~~~~~~~~~~~~^~~~~~~~~~~~~~~~~~~~~~~~~~~~~~~~~~~~~~[m[K
[01m[K/home/zq/colcon_ws/src/vrpn-ros2/vrpn_Mutex.C:[m[K In member function ‘[01m[Kvoid vrpn_PeerMutex::init(const char*)[m[K’:
[01m[K/home/zq/colcon_ws/src/vrpn-ros2/vrpn_Mutex.C:1393:12:[m[K [01;36m[Knote: [m[Klength computed here
 1393 |     [01;36m[Kstrncpy(d_mutexName, name, strlen(name))[m[K;
      |     [01;36m[K~~~~~~~^~~~~~~~~~~~~~~~~~~~~~~~~~~~~~~~~[m[K
[ 22%] [32mBuilding CXX object CMakeFiles/vrpn.dir/vrpn_RedundantTransmission.C.o[0m
[ 22%] [32mBuilding CXX object CMakeFiles/vrpn.dir/vrpn_Serial.C.o[0m
[ 23%] [32mBuilding CXX object CMakeFiles/vrpn.dir/vrpn_SerialPort.C.o[0m
[ 23%] [32mBuilding CXX object CMakeFiles/vrpn.dir/vrpn_Shared.C.o[0m
[ 24%] [32mBuilding CXX object CMakeFiles/vrpn.dir/vrpn_SharedObject.C.o[0m
[ 24%] [32mBuilding CXX object CMakeFiles/vrpn.dir/vrpn_Sound.C.o[0m
[ 24%] [32mBuilding CXX object CMakeFiles/vrpn.dir/vrpn_Text.C.o[0m
[ 25%] [32mBuilding CXX object CMakeFiles/vrpn.dir/vrpn_Thread.C.o[0m
[ 25%] [32mBuilding CXX object CMakeFiles/vrpn.dir/vrpn_Tracker.C.o[0m
[ 26%] [32mBuilding CXX object CMakeFiles/vrpnserver.dir/vrpn_Dial.C.o[0m
[ 26%] [32mBuilding CXX object CMakeFiles/vrpnserver.dir/vrpn_EndpointContainer.C.o[0m
[ 27%] [32mBuilding CXX object CMakeFiles/vrpnserver.dir/vrpn_FileConnection.C.o[0m
[ 27%] [32mBuilding CXX object CMakeFiles/vrpnserver.dir/vrpn_FileController.C.o[0m
[ 28%] [32mBuilding CXX object CMakeFiles/vrpnserver.dir/vrpn_ForceDevice.C.o[0m
[ 28%] [32mBuilding CXX object CMakeFiles/vrpnserver.dir/vrpn_Forwarder.C.o[0m
[ 28%] [32mBuilding CXX object CMakeFiles/vrpnserver.dir/vrpn_ForwarderController.C.o[0m
[ 29%] [32mBuilding CXX object CMakeFiles/vrpnserver.dir/vrpn_FunctionGenerator.C.o[0m
[ 30%] [32m[1mLinking CXX static library libvrpn.a[0m
[ 30%] [32mBuilding CXX object CMakeFiles/vrpnserver.dir/vrpn_Imager.C.o[0m
[ 30%] Built target vrpn
[35m[1mScanning dependencies of target c_interface_example[0m
[ 30%] [32mBuilding C object client_src/CMakeFiles/c_interface_example.dir/c_interface_example.c.o[0m
[ 30%] [32mBuilding CXX object client_src/CMakeFiles/c_interface_example.dir/c_interface.cpp.o[0m
[ 31%] [32m[1mLinking CXX executable c_interface_example[0m
[ 31%] Built target c_interface_example
[35m[1mScanning dependencies of target run_auxiliary_logger[0m
[ 31%] [32mBuilding CXX object client_src/CMakeFiles/run_auxiliary_logger.dir/run_auxiliary_logger.C.o[0m
[ 31%] [32m[1mLinking CXX executable run_auxiliary_logger[0m
[ 32%] [32mBuilding CXX object CMakeFiles/vrpnserver.dir/vrpn_LamportClock.C.o[0m
[ 32%] [32mBuilding CXX object CMakeFiles/vrpnserver.dir/vrpn_Mutex.C.o[0m
[ 32%] Built target run_auxiliary_logger
[35m[1mScanning dependencies of target vrpn_print_devices[0m
[ 33%] [32mBuilding CXX object CMakeFiles/vrpnserver.dir/vrpn_Poser.C.o[0m
[ 34%] [32mBuilding CXX object client_src/CMakeFiles/vrpn_print_devices.dir/vrpn_print_devices.C.o[0m
[ 34%] [32mBuilding CXX object CMakeFiles/vrpnserver.dir/vrpn_RedundantTransmission.C.o[0m
[ 34%] [32m[1mLinking CXX executable vrpn_print_devices[0m
In file included from [01m[K/usr/include/string.h:495[m[K,
                 from [01m[K/home/zq/colcon_ws/src/vrpn-ros2/vrpn_Mutex.C:2[m[K:
In function ‘[01m[Kchar* strncpy(char*, const char*, size_t)[m[K’,
    inlined from ‘[01m[Kvoid vrpn_PeerMutex::init(const char*)[m[K’ at [01m[K/home/zq/colcon_ws/src/vrpn-ros2/vrpn_Mutex.C:1393:12[m[K:
[01m[K/usr/include/x86_64-linux-gnu/bits/string_fortified.h:106:34:[m[K [01;35m[Kwarning: [m[K‘[01m[Kchar* __builtin_strncpy(char*, const char*, long unsigned int)[m[K’ specified bound depends on the length of the source argument [[01;35m[K-Wstringop-overflow=[m[K]
  106 |   return [01;35m[K__builtin___strncpy_chk (__dest, __src, __len, __bos (__dest))[m[K;
      |          [01;35m[K~~~~~~~~~~~~~~~~~~~~~~~~^~~~~~~~~~~~~~~~~~~~~~~~~~~~~~~~~~~~~~[m[K
[01m[K/home/zq/colcon_ws/src/vrpn-ros2/vrpn_Mutex.C:[m[K In member function ‘[01m[Kvoid vrpn_PeerMutex::init(const char*)[m[K’:
[01m[K/home/zq/colcon_ws/src/vrpn-ros2/vrpn_Mutex.C:1393:12:[m[K [01;36m[Knote: [m[Klength computed here
 1393 |     [01;36m[Kstrncpy(d_mutexName, name, strlen(name))[m[K;
      |     [01;36m[K~~~~~~~^~~~~~~~~~~~~~~~~~~~~~~~~~~~~~~~~[m[K
[ 35%] [32mBuilding CXX object CMakeFiles/vrpnserver.dir/vrpn_Serial.C.o[0m
[ 35%] [32mBuilding CXX object CMakeFiles/vrpnserver.dir/vrpn_SerialPort.C.o[0m
[ 35%] Built target vrpn_print_devices
[35m[1mScanning dependencies of target vrpn_print_performance[0m
[ 36%] [32mBuilding CXX object client_src/CMakeFiles/vrpn_print_performance.dir/vrpn_print_performance.C.o[0m
[ 37%] [32mBuilding CXX object CMakeFiles/vrpnserver.dir/vrpn_Shared.C.o[0m
[ 37%] [32mBuilding CXX object CMakeFiles/vrpnserver.dir/vrpn_SharedObject.C.o[0m
[ 38%] [32mBuilding CXX object CMakeFiles/vrpnserver.dir/vrpn_Sound.C.o[0m
[ 38%] [32m[1mLinking CXX executable vrpn_print_performance[0m
[ 38%] [32mBuilding CXX object CMakeFiles/vrpnserver.dir/vrpn_Text.C.o[0m
[ 38%] Built target vrpn_print_performance
[35m[1mScanning dependencies of target vrpn_print_messages[0m
[ 39%] [32mBuilding CXX object client_src/CMakeFiles/vrpn_print_messages.dir/vrpn_print_messages.C.o[0m
[ 40%] [32mBuilding CXX object CMakeFiles/vrpnserver.dir/vrpn_Thread.C.o[0m
[ 40%] [32mBuilding CXX object CMakeFiles/vrpnserver.dir/vrpn_Tracker.C.o[0m
[ 40%] [32m[1mLinking CXX executable vrpn_print_messages[0m
[ 40%] [32mBuilding CXX object CMakeFiles/vrpnserver.dir/vrpn_3DConnexion.C.o[0m
[ 40%] Built target vrpn_print_messages
[35m[1mScanning dependencies of target vrpn_average_analogs[0m
[ 40%] [32mBuilding CXX object client_src/CMakeFiles/vrpn_average_analogs.dir/vrpn_average_analogs.C.o[0m
[ 40%] [32m[1mLinking CXX executable vrpn_average_analogs[0m
[ 41%] [32mBuilding CXX object CMakeFiles/vrpnserver.dir/vrpn_3DMicroscribe.C.o[0m
[ 41%] Built target vrpn_average_analogs
[35m[1mScanning dependencies of target vrpn_streamPrint[0m
[ 42%] [32mBuilding CXX object util/printStream/CMakeFiles/vrpn_streamPrint.dir/vrpn_streamPrint.cpp.o[0m
[ 42%] [32mBuilding CXX object CMakeFiles/vrpnserver.dir/vrpn_3Space.C.o[0m
[ 43%] [32mBuilding CXX object CMakeFiles/vrpnserver.dir/vrpn_5DT16.C.o[0m
[ 43%] [32m[1mLinking CXX executable vrpn_streamPrint[0m
[ 43%] Built target vrpn_streamPrint
[ 43%] [32mBuilding CXX object CMakeFiles/vrpnserver.dir/vrpn_Adafruit.C.o[0m
[ 44%] [32mBuilding CXX object CMakeFiles/vrpnserver.dir/vrpn_ADBox.C.o[0m
[ 44%] [32mBuilding CXX object CMakeFiles/vrpnserver.dir/vrpn_Analog_5dt.C.o[0m
[ 45%] [32mBuilding CXX object CMakeFiles/vrpnserver.dir/vrpn_Analog_5dtUSB.C.o[0m
[ 45%] [32mBuilding CXX object CMakeFiles/vrpnserver.dir/vrpn_Analog_Radamec_SPI.C.o[0m
[ 46%] [32mBuilding CXX object CMakeFiles/vrpnserver.dir/vrpn_Analog_USDigital_A2.C.o[0m
[ 46%] [32mBuilding CXX object CMakeFiles/vrpnserver.dir/vrpn_Atmel.C.o[0m
[ 47%] [32mBuilding CXX object CMakeFiles/vrpnserver.dir/vrpn_BiosciencesTools.C.o[0m
[ 47%] [32mBuilding CXX object CMakeFiles/vrpnserver.dir/vrpn_Button_NI_DIO24.C.o[0m
[ 47%] [32mBuilding CXX object CMakeFiles/vrpnserver.dir/vrpn_Button_USB.cpp.o[0m
[ 48%] [32mBuilding CXX object CMakeFiles/vrpnserver.dir/vrpn_CerealBox.C.o[0m
[ 48%] [32mBuilding CXX object CMakeFiles/vrpnserver.dir/vrpn_CHProducts_Controller_Raw.C.o[0m
[ 49%] [32mBuilding CXX object CMakeFiles/vrpnserver.dir/vrpn_Contour.C.o[0m
[ 49%] [32mBuilding CXX object CMakeFiles/vrpnserver.dir/vrpn_DevInput.C.o[0m
[ 50%] [32mBuilding CXX object CMakeFiles/vrpnserver.dir/vrpn_DirectXFFJoystick.C.o[0m
[ 50%] [32mBuilding CXX object CMakeFiles/vrpnserver.dir/vrpn_DirectXRumblePad.C.o[0m
[ 51%] [32mBuilding CXX object CMakeFiles/vrpnserver.dir/vrpn_DreamCheeky.C.o[0m
[ 51%] [32mBuilding CXX object CMakeFiles/vrpnserver.dir/vrpn_Dyna.C.o[0m
[ 52%] [32mBuilding CXX object CMakeFiles/vrpnserver.dir/vrpn_Event_Analog.C.o[0m
[ 52%] [32mBuilding CXX object CMakeFiles/vrpnserver.dir/vrpn_Event.C.o[0m
[ 53%] [32mBuilding CXX object CMakeFiles/vrpnserver.dir/vrpn_Event_Mouse.C.o[0m
[ 53%] [32mBuilding CXX object CMakeFiles/vrpnserver.dir/vrpn_Flock.C.o[0m
[ 53%] [32mBuilding CXX object CMakeFiles/vrpnserver.dir/vrpn_Flock_Parallel.C.o[0m
[ 54%] [32mBuilding CXX object CMakeFiles/vrpnserver.dir/vrpn_ForceDeviceServer.C.o[0m
[ 54%] [32mBuilding CXX object CMakeFiles/vrpnserver.dir/vrpn_Freespace.C.o[0m
[ 55%] [32mBuilding CXX object CMakeFiles/vrpnserver.dir/vrpn_Futaba.C.o[0m
[ 55%] [32mBuilding CXX object CMakeFiles/vrpnserver.dir/vrpn_GlobalHapticsOrb.C.o[0m
[ 56%] [32mBuilding CXX object CMakeFiles/vrpnserver.dir/vrpn_Griffin.C.o[0m
[ 56%] [32mBuilding CXX object CMakeFiles/vrpnserver.dir/vrpn_HumanInterface.C.o[0m
[ 57%] [32mBuilding CXX object CMakeFiles/vrpnserver.dir/vrpn_IDEA.C.o[0m
[ 57%] [32mBuilding CXX object CMakeFiles/vrpnserver.dir/vrpn_Imager_Stream_Buffer.C.o[0m
[ 58%] [32mBuilding CXX object CMakeFiles/vrpnserver.dir/vrpn_ImmersionBox.C.o[0m
[ 58%] [32mBuilding CXX object CMakeFiles/vrpnserver.dir/vrpn_inertiamouse.C.o[0m
[ 59%] [32mBuilding CXX object CMakeFiles/vrpnserver.dir/vrpn_JoyFly.C.o[0m
[ 59%] [32mBuilding CXX object CMakeFiles/vrpnserver.dir/vrpn_Joylin.C.o[0m
[ 59%] [32mBuilding CXX object CMakeFiles/vrpnserver.dir/vrpn_Joywin32.C.o[0m
[ 60%] [32mBuilding CXX object CMakeFiles/vrpnserver.dir/vrpn_Keyboard.C.o[0m
[ 60%] [32mBuilding CXX object CMakeFiles/vrpnserver.dir/vrpn_Laputa.C.o[0m
[ 61%] [32mBuilding CXX object CMakeFiles/vrpnserver.dir/vrpn_LUDL.C.o[0m
[ 61%] [32mBuilding CXX object CMakeFiles/vrpnserver.dir/vrpn_Logitech_Controller_Raw.C.o[0m
[ 62%] [32mBuilding CXX object CMakeFiles/vrpnserver.dir/vrpn_Magellan.C.o[0m
[ 62%] [32mBuilding CXX object CMakeFiles/vrpnserver.dir/vrpn_Microsoft_Controller_Raw.C.o[0m
[ 63%] [32mBuilding CXX object CMakeFiles/vrpnserver.dir/vrpn_Mouse.C.o[0m
[ 63%] [32mBuilding CXX object CMakeFiles/vrpnserver.dir/vrpn_NationalInstruments.C.o[0m
[ 64%] [32mBuilding CXX object CMakeFiles/vrpnserver.dir/vrpn_Nidaq.C.o[0m
[ 64%] [32mBuilding CXX object CMakeFiles/vrpnserver.dir/vrpn_nikon_controls.C.o[0m
[ 65%] [32mBuilding CXX object CMakeFiles/vrpnserver.dir/vrpn_nVidia_shield_controller.C.o[0m
[ 65%] [32mBuilding CXX object CMakeFiles/vrpnserver.dir/vrpn_Oculus.C.o[0m
[ 66%] [32mBuilding CXX object CMakeFiles/vrpnserver.dir/vrpn_OzzMaker.C.o[0m
[ 66%] [32mBuilding CXX object CMakeFiles/vrpnserver.dir/vrpn_OmegaTemperature.C.o[0m
[ 66%] [32mBuilding CXX object CMakeFiles/vrpnserver.dir/vrpn_Poser_Analog.C.o[0m
[ 67%] [32mBuilding CXX object CMakeFiles/vrpnserver.dir/vrpn_Poser_Tek4662.C.o[0m
[ 67%] [32mBuilding CXX object CMakeFiles/vrpnserver.dir/vrpn_raw_sgibox.C.o[0m
[ 68%] [32mBuilding CXX object CMakeFiles/vrpnserver.dir/vrpn_Retrolink.C.o[0m
[01m[K/home/zq/colcon_ws/src/vrpn-ros2/vrpn_Poser_Tek4662.C:[m[K In member function ‘[01m[Kvoid vrpn_Poser_Tek4662::reset()[m[K’:
[01m[K/home/zq/colcon_ws/src/vrpn-ros2/vrpn_Poser_Tek4662.C:180:51:[m[K [01;35m[Kwarning: [m[K‘[01m[Kstrlen[m[K’ argument missing terminating nul [[01;35m[K-Wstringop-overflow=[m[K]
  180 |   vrpn_write_characters( d_serial_fd, GIN, strlen([01;35m[K(const char*)GIN[m[K) );
      |                                                   [01;35m[K^~~~~~~~~~~~~~~~[m[K
[01m[K/home/zq/colcon_ws/src/vrpn-ros2/vrpn_Poser_Tek4662.C:42:21:[m[K [01;36m[Knote: [m[Kreferenced argument declared here
   42 | const unsigned char [01;36m[KGIN[m[K[] = { ESC, DEVICE, 'M' };
      |                     [01;36m[K^~~[m[K
[01m[K/home/zq/colcon_ws/src/vrpn-ros2/vrpn_Poser_Tek4662.C:[m[K In member function ‘[01m[Kvoid vrpn_Poser_Tek4662::run()[m[K’:
[01m[K/home/zq/colcon_ws/src/vrpn-ros2/vrpn_Poser_Tek4662.C:256:52:[m[K [01;35m[Kwarning: [m[K‘[01m[Kstrlen[m[K’ argument missing terminating nul [[01;35m[K-Wstringop-overflow=[m[K]
  256 |     vrpn_write_characters(d_serial_fd, GIN, strlen([01;35m[K(const char*)GIN[m[K) );
      |                                                    [01;35m[K^~~~~~~~~~~~~~~~[m[K
[01m[K/home/zq/colcon_ws/src/vrpn-ros2/vrpn_Poser_Tek4662.C:42:21:[m[K [01;36m[Knote: [m[Kreferenced argument declared here
   42 | const unsigned char [01;36m[KGIN[m[K[] = { ESC, DEVICE, 'M' };
      |                     [01;36m[K^~~[m[K
[01m[K/home/zq/colcon_ws/src/vrpn-ros2/vrpn_Poser_Tek4662.C:341:54:[m[K [01;35m[Kwarning: [m[K‘[01m[Kstrlen[m[K’ argument missing terminating nul [[01;35m[K-Wstringop-overflow=[m[K]
  341 |       vrpn_write_characters(d_serial_fd, GIN, strlen([01;35m[K(const char*)GIN[m[K) );
      |                                                      [01;35m[K^~~~~~~~~~~~~~~~[m[K
[01m[K/home/zq/colcon_ws/src/vrpn-ros2/vrpn_Poser_Tek4662.C:42:21:[m[K [01;36m[Knote: [m[Kreferenced argument declared here
   42 | const unsigned char [01;36m[KGIN[m[K[] = { ESC, DEVICE, 'M' };
      |                     [01;36m[K^~~[m[K
[01m[K/home/zq/colcon_ws/src/vrpn-ros2/vrpn_Poser_Tek4662.C:[m[K In member function ‘[01m[Kvoid vrpn_Poser_Tek4662::reset()[m[K’:
[01m[K/home/zq/colcon_ws/src/vrpn-ros2/vrpn_Poser_Tek4662.C:180:64:[m[K [01;35m[Kwarning: [m[K‘[01m[Kstrlen[m[K’ argument missing terminating nul [[01;35m[K-Wstringop-overflow=[m[K]
  180 |   vrpn_write_characters( d_serial_fd, GIN, strlen((const char*)[01;35m[KGIN[m[K) );
      |                                                                [01;35m[K^~~[m[K
[01m[K/home/zq/colcon_ws/src/vrpn-ros2/vrpn_Poser_Tek4662.C:42:21:[m[K [01;36m[Knote: [m[Kreferenced argument declared here
   42 | const unsigned char [01;36m[KGIN[m[K[] = { ESC, DEVICE, 'M' };
      |                     [01;36m[K^~~[m[K
[01m[K/home/zq/colcon_ws/src/vrpn-ros2/vrpn_Poser_Tek4662.C:[m[K In member function ‘[01m[Kvoid vrpn_Poser_Tek4662::run()[m[K’:
[01m[K/home/zq/colcon_ws/src/vrpn-ros2/vrpn_Poser_Tek4662.C:256:65:[m[K [01;35m[Kwarning: [m[K‘[01m[Kstrlen[m[K’ argument missing terminating nul [[01;35m[K-Wstringop-overflow=[m[K]
  256 |     vrpn_write_characters(d_serial_fd, GIN, strlen((const char*)[01;35m[KGIN[m[K) );
      |                                                                 [01;35m[K^~~[m[K
[01m[K/home/zq/colcon_ws/src/vrpn-ros2/vrpn_Poser_Tek4662.C:42:21:[m[K [01;36m[Knote: [m[Kreferenced argument declared here
   42 | const unsigned char [01;36m[KGIN[m[K[] = { ESC, DEVICE, 'M' };
      |                     [01;36m[K^~~[m[K
[01m[K/home/zq/colcon_ws/src/vrpn-ros2/vrpn_Poser_Tek4662.C:341:67:[m[K [01;35m[Kwarning: [m[K‘[01m[Kstrlen[m[K’ argument missing terminating nul [[01;35m[K-Wstringop-overflow=[m[K]
  341 |       vrpn_write_characters(d_serial_fd, GIN, strlen((const char*)[01;35m[KGIN[m[K) );
      |                                                                   [01;35m[K^~~[m[K
[01m[K/home/zq/colcon_ws/src/vrpn-ros2/vrpn_Poser_Tek4662.C:42:21:[m[K [01;36m[Knote: [m[Kreferenced argument declared here
   42 | const unsigned char [01;36m[KGIN[m[K[] = { ESC, DEVICE, 'M' };
      |                     [01;36m[K^~~[m[K
[ 68%] [32mBuilding CXX object CMakeFiles/vrpnserver.dir/vrpn_Saitek_Controller_Raw.C.o[0m
[ 69%] [32mBuilding CXX object CMakeFiles/vrpnserver.dir/vrpn_sgibox.C.o[0m
[ 69%] [32mBuilding CXX object CMakeFiles/vrpnserver.dir/vrpn_Spaceball.C.o[0m
[ 70%] [32mBuilding CXX object CMakeFiles/vrpnserver.dir/vrpn_Streaming_Arduino.C.o[0m
[ 70%] [32mBuilding CXX object CMakeFiles/vrpnserver.dir/vrpn_Tng3.C.o[0m
[ 71%] [32mBuilding CXX object CMakeFiles/vrpnserver.dir/vrpn_Tracker_3DMouse.C.o[0m
[ 71%] [32mBuilding CXX object CMakeFiles/vrpnserver.dir/vrpn_Tracker_AnalogFly.C.o[0m
[ 72%] [32mBuilding CXX object CMakeFiles/vrpnserver.dir/vrpn_Tracker_ButtonFly.C.o[0m
[ 72%] [32mBuilding CXX object CMakeFiles/vrpnserver.dir/vrpn_Tracker_Crossbow.C.o[0m
[ 72%] [32mBuilding CXX object CMakeFiles/vrpnserver.dir/vrpn_Tracker_DTrack.C.o[0m
[ 73%] [32mBuilding CXX object CMakeFiles/vrpnserver.dir/vrpn_Tracker_Fastrak.C.o[0m
[ 73%] [32mBuilding CXX object CMakeFiles/vrpnserver.dir/vrpn_Tracker_Filter.C.o[0m
[ 74%] [32mBuilding CXX object CMakeFiles/vrpnserver.dir/vrpn_Tracker_GameTrak.C.o[0m
[ 74%] [32mBuilding CXX object CMakeFiles/vrpnserver.dir/vrpn_Tracker_GPS.C.o[0m
[ 75%] [32mBuilding CXX object CMakeFiles/vrpnserver.dir/vrpn_Tracker_IMU.C.o[0m
[ 75%] [32mBuilding CXX object CMakeFiles/vrpnserver.dir/vrpn_Tracker_isense.C.o[0m
[ 76%] [32mBuilding CXX object CMakeFiles/vrpnserver.dir/vrpn_Tracker_Isotrak.C.o[0m
[ 76%] [32mBuilding CXX object CMakeFiles/vrpnserver.dir/vrpn_Tracker_JsonNet.C.o[0m
[ 77%] [32mBuilding CXX object CMakeFiles/vrpnserver.dir/vrpn_Tracker_Liberty.C.o[0m
[ 77%] [32mBuilding CXX object CMakeFiles/vrpnserver.dir/vrpn_Tracker_MotionNode.C.o[0m
[ 78%] [32mBuilding CXX object CMakeFiles/vrpnserver.dir/vrpn_Tracker_NDI_Polaris.C.o[0m
[ 78%] [32mBuilding CXX object CMakeFiles/vrpnserver.dir/vrpn_Tracker_NovintFalcon.C.o[0m
[ 78%] [32mBuilding CXX object CMakeFiles/vrpnserver.dir/vrpn_Tracker_OSVRHackerDevKit.C.o[0m
[ 79%] [32mBuilding CXX object CMakeFiles/vrpnserver.dir/vrpn_Tracker_PDI.C.o[0m
[ 79%] [32mBuilding CXX object CMakeFiles/vrpnserver.dir/vrpn_Tracker_PhaseSpace.C.o[0m
[ 80%] [32mBuilding CXX object CMakeFiles/vrpnserver.dir/vrpn_Tracker_RazerHydra.C.o[0m
[ 80%] [32mBuilding CXX object CMakeFiles/vrpnserver.dir/vrpn_Tracker_ThalmicLabsMyo.C.o[0m
[ 81%] [32mBuilding CXX object CMakeFiles/vrpnserver.dir/vrpn_Tracker_SpacePoint.C.o[0m
[ 81%] [32mBuilding CXX object CMakeFiles/vrpnserver.dir/vrpn_Tracker_Wintracker.C.o[0m
[ 82%] [32mBuilding CXX object CMakeFiles/vrpnserver.dir/vrpn_Tracker_Colibri.C.o[0m
[ 82%] [32mBuilding CXX object CMakeFiles/vrpnserver.dir/vrpn_Tracker_TrivisioColibri.C.o[0m
[ 83%] [32mBuilding CXX object CMakeFiles/vrpnserver.dir/vrpn_Tracker_WiimoteHead.C.o[0m
[ 83%] [32mBuilding CXX object CMakeFiles/vrpnserver.dir/vrpn_Tracker_zSight.C.o[0m
[ 84%] [32mBuilding CXX object CMakeFiles/vrpnserver.dir/vrpn_Tracker_ViewPoint.C.o[0m
[ 84%] [32mBuilding CXX object CMakeFiles/vrpnserver.dir/vrpn_UNC_Joystick.C.o[0m
[ 84%] [32mBuilding CXX object CMakeFiles/vrpnserver.dir/vrpn_VPJoystick.C.o[0m
[ 85%] [32mBuilding CXX object CMakeFiles/vrpnserver.dir/vrpn_Wanda.C.o[0m
[ 85%] [32mBuilding CXX object CMakeFiles/vrpnserver.dir/vrpn_WiiMote.C.o[0m
[ 86%] [32mBuilding CXX object CMakeFiles/vrpnserver.dir/vrpn_XInputGamepad.C.o[0m
[ 86%] [32mBuilding CXX object CMakeFiles/vrpnserver.dir/vrpn_Xkeys.C.o[0m
[ 87%] [32mBuilding CXX object CMakeFiles/vrpnserver.dir/vrpn_Tracker_LibertyHS.C.o[0m
[ 87%] [32mBuilding CXX object CMakeFiles/vrpnserver.dir/vrpn_YEI_3Space.C.o[0m
[ 88%] [32mBuilding CXX object CMakeFiles/vrpnserver.dir/vrpn_Zaber.C.o[0m
[ 88%] [32mBuilding CXX object CMakeFiles/vrpnserver.dir/server_src/vrpn_Generic_server_object.C.o[0m
[ 89%] [32mBuilding C object CMakeFiles/vrpnserver.dir/submodules/hidapi/libusb/hid.c.o[0m
[ 89%] [32mBuilding CXX object CMakeFiles/vrpnserver.dir/submodules/jsoncpp/src/lib_json/json_reader.cpp.o[0m
[ 90%] [32mBuilding CXX object CMakeFiles/vrpnserver.dir/submodules/jsoncpp/src/lib_json/json_value.cpp.o[0m
[ 90%] [32mBuilding CXX object CMakeFiles/vrpnserver.dir/submodules/jsoncpp/src/lib_json/json_writer.cpp.o[0m
[ 91%] [32m[1mLinking CXX static library libvrpnserver.a[0m
[ 91%] Built target vrpnserver
[35m[1mScanning dependencies of target vrpn-python[0m
[35m[1mScanning dependencies of target vrpn_server[0m
[ 92%] [32mBuilding CXX object server_src/CMakeFiles/vrpn_server.dir/vrpn.C.o[0m
[ 93%] [32mBuilding CXX object python/CMakeFiles/vrpn-python.dir/Device.cpp.o[0m
[ 93%] [32mBuilding CXX object python/CMakeFiles/vrpn-python.dir/Base.cpp.o[0m
[ 93%] [32mBuilding CXX object python/CMakeFiles/vrpn-python.dir/Connection.cpp.o[0m
[ 93%] [32m[1mLinking CXX executable vrpn_server[0m
[ 94%] [32mBuilding CXX object python/CMakeFiles/vrpn-python.dir/callback.cpp.o[0m
[ 94%] [32mBuilding CXX object python/CMakeFiles/vrpn-python.dir/interface.cpp.o[0m
[ 95%] [32mBuilding CXX object python/CMakeFiles/vrpn-python.dir/quaternion/quaternion.cpp.o[0m
[ 95%] Built target vrpn_server
[ 95%] [32mBuilding CXX object python/CMakeFiles/vrpn-python.dir/receiver/Analog.cpp.o[0m
[ 96%] [32mBuilding CXX object python/CMakeFiles/vrpn-python.dir/receiver/Button.cpp.o[0m
[ 96%] [32mBuilding CXX object python/CMakeFiles/vrpn-python.dir/receiver/Dial.cpp.o[0m
[ 97%] [32mBuilding CXX object python/CMakeFiles/vrpn-python.dir/receiver/Text_Receiver.cpp.o[0m
[ 97%] [32mBuilding CXX object python/CMakeFiles/vrpn-python.dir/receiver/Tracker.cpp.o[0m
[ 97%] [32mBuilding CXX object python/CMakeFiles/vrpn-python.dir/receiver/receiver.cpp.o[0m
[ 98%] [32mBuilding CXX object python/CMakeFiles/vrpn-python.dir/sender/Poser.cpp.o[0m
[ 98%] [32mBuilding CXX object python/CMakeFiles/vrpn-python.dir/sender/Text_Sender.cpp.o[0m
[ 99%] [32mBuilding CXX object python/CMakeFiles/vrpn-python.dir/sender/sender.cpp.o[0m
[ 99%] [32mBuilding CXX object python/CMakeFiles/vrpn-python.dir/tools.cpp.o[0m
[100%] [32m[1mLinking CXX shared module vrpn.so[0m
[100%] Built target vrpn-python
-- Install configuration: "RelWithDebInfo"
-- Installing: /home/zq/colcon_ws/install/vrpn/lib/libvrpnserver.a
-- Installing: /home/zq/colcon_ws/install/vrpn/include/vrpn_Configure.h
-- Installing: /home/zq/colcon_ws/install/vrpn/include/vrpn_Analog.h
-- Installing: /home/zq/colcon_ws/install/vrpn/include/vrpn_Analog_Output.h
-- Installing: /home/zq/colcon_ws/install/vrpn/include/vrpn_Assert.h
-- Installing: /home/zq/colcon_ws/install/vrpn/include/vrpn_Auxiliary_Logger.h
-- Installing: /home/zq/colcon_ws/install/vrpn/include/vrpn_BaseClass.h
-- Installing: /home/zq/colcon_ws/install/vrpn/include/vrpn_Button.h
-- Installing: /home/zq/colcon_ws/install/vrpn/include/vrpn_Connection.h
-- Installing: /home/zq/colcon_ws/install/vrpn/include/vrpn_ConnectionPtr.h
-- Installing: /home/zq/colcon_ws/install/vrpn/include/vrpn_Dial.h
-- Installing: /home/zq/colcon_ws/install/vrpn/include/vrpn_EndpointContainer.h
-- Installing: /home/zq/colcon_ws/install/vrpn/include/vrpn_FileConnection.h
-- Installing: /home/zq/colcon_ws/install/vrpn/include/vrpn_FileController.h
-- Installing: /home/zq/colcon_ws/install/vrpn/include/vrpn_ForceDevice.h
-- Installing: /home/zq/colcon_ws/install/vrpn/include/vrpn_ForwarderController.h
-- Installing: /home/zq/colcon_ws/install/vrpn/include/vrpn_Forwarder.h
-- Installing: /home/zq/colcon_ws/install/vrpn/include/vrpn_FunctionGenerator.h
-- Installing: /home/zq/colcon_ws/install/vrpn/include/vrpn_Imager.h
-- Installing: /home/zq/colcon_ws/install/vrpn/include/vrpn_LamportClock.h
-- Installing: /home/zq/colcon_ws/install/vrpn/include/vrpn_Log.h
-- Installing: /home/zq/colcon_ws/install/vrpn/include/vrpn_MainloopContainer.h
-- Installing: /home/zq/colcon_ws/install/vrpn/include/vrpn_MainloopObject.h
-- Installing: /home/zq/colcon_ws/install/vrpn/include/vrpn_Mutex.h
-- Installing: /home/zq/colcon_ws/install/vrpn/include/vrpn_OwningPtr.h
-- Installing: /home/zq/colcon_ws/install/vrpn/include/vrpn_RedundantTransmission.h
-- Installing: /home/zq/colcon_ws/install/vrpn/include/vrpn_SendTextMessageStreamProxy.h
-- Installing: /home/zq/colcon_ws/install/vrpn/include/vrpn_Serial.h
-- Installing: /home/zq/colcon_ws/install/vrpn/include/vrpn_SerialPort.h
-- Installing: /home/zq/colcon_ws/install/vrpn/include/vrpn_Shared.h
-- Installing: /home/zq/colcon_ws/install/vrpn/include/vrpn_SharedObject.h
-- Installing: /home/zq/colcon_ws/install/vrpn/include/vrpn_Sound.h
-- Installing: /home/zq/colcon_ws/install/vrpn/include/vrpn_Text.h
-- Installing: /home/zq/colcon_ws/install/vrpn/include/vrpn_Thread.h
-- Installing: /home/zq/colcon_ws/install/vrpn/include/vrpn_Tracker.h
-- Installing: /home/zq/colcon_ws/install/vrpn/include/vrpn_Types.h
-- Installing: /home/zq/colcon_ws/install/vrpn/include/vrpn_WindowsH.h
-- Installing: /home/zq/colcon_ws/install/vrpn/include/vrpn_3DConnexion.h
-- Installing: /home/zq/colcon_ws/install/vrpn/include/vrpn_3DMicroscribe.h
-- Installing: /home/zq/colcon_ws/install/vrpn/include/vrpn_3Space.h
-- Installing: /home/zq/colcon_ws/install/vrpn/include/vrpn_5DT16.h
-- Installing: /home/zq/colcon_ws/install/vrpn/include/vrpn_Adafruit.h
-- Installing: /home/zq/colcon_ws/install/vrpn/include/vrpn_ADBox.h
-- Installing: /home/zq/colcon_ws/install/vrpn/include/vrpn_Analog_5dt.h
-- Installing: /home/zq/colcon_ws/install/vrpn/include/vrpn_Analog_5dtUSB.h
-- Installing: /home/zq/colcon_ws/install/vrpn/include/vrpn_Analog_Radamec_SPI.h
-- Installing: /home/zq/colcon_ws/install/vrpn/include/vrpn_Analog_USDigital_A2.h
-- Installing: /home/zq/colcon_ws/install/vrpn/include/vrpn_Atmel.h
-- Installing: /home/zq/colcon_ws/install/vrpn/include/vrpn_BiosciencesTools.h
-- Installing: /home/zq/colcon_ws/install/vrpn/include/vrpn_Button_NI_DIO24.h
-- Installing: /home/zq/colcon_ws/install/vrpn/include/vrpn_Button_USB.h
-- Installing: /home/zq/colcon_ws/install/vrpn/include/vrpn_CerealBox.h
-- Installing: /home/zq/colcon_ws/install/vrpn/include/vrpn_CHProducts_Controller_Raw.h
-- Installing: /home/zq/colcon_ws/install/vrpn/include/vrpn_Contour.h
-- Installing: /home/zq/colcon_ws/install/vrpn/include/vrpn_DevInput.h
-- Installing: /home/zq/colcon_ws/install/vrpn/include/vrpn_DirectXFFJoystick.h
-- Installing: /home/zq/colcon_ws/install/vrpn/include/vrpn_DirectXRumblePad.h
-- Installing: /home/zq/colcon_ws/install/vrpn/include/vrpn_DreamCheeky.h
-- Installing: /home/zq/colcon_ws/install/vrpn/include/vrpn_Dyna.h
-- Installing: /home/zq/colcon_ws/install/vrpn/include/vrpn_Event_Analog.h
-- Installing: /home/zq/colcon_ws/install/vrpn/include/vrpn_Event.h
-- Installing: /home/zq/colcon_ws/install/vrpn/include/vrpn_Event_Mouse.h
-- Installing: /home/zq/colcon_ws/install/vrpn/include/vrpn_Flock.h
-- Installing: /home/zq/colcon_ws/install/vrpn/include/vrpn_Flock_Parallel.h
-- Installing: /home/zq/colcon_ws/install/vrpn/include/vrpn_ForceDeviceServer.h
-- Installing: /home/zq/colcon_ws/install/vrpn/include/vrpn_Freespace.h
-- Up-to-date: /home/zq/colcon_ws/install/vrpn/include/vrpn_FunctionGenerator.h
-- Installing: /home/zq/colcon_ws/install/vrpn/include/vrpn_Futaba.h
-- Installing: /home/zq/colcon_ws/install/vrpn/include/vrpn_GlobalHapticsOrb.h
-- Installing: /home/zq/colcon_ws/install/vrpn/include/vrpn_Griffin.h
-- Installing: /home/zq/colcon_ws/install/vrpn/include/vrpn_HashST.h
-- Installing: /home/zq/colcon_ws/install/vrpn/include/vrpn_HumanInterface.h
-- Installing: /home/zq/colcon_ws/install/vrpn/include/vrpn_IDEA.h
-- Installing: /home/zq/colcon_ws/install/vrpn/include/vrpn_Imager_Stream_Buffer.h
-- Installing: /home/zq/colcon_ws/install/vrpn/include/vrpn_ImmersionBox.h
-- Installing: /home/zq/colcon_ws/install/vrpn/include/vrpn_inertiamouse.h
-- Installing: /home/zq/colcon_ws/install/vrpn/include/vrpn_JoyFly.h
-- Installing: /home/zq/colcon_ws/install/vrpn/include/vrpn_Joylin.h
-- Installing: /home/zq/colcon_ws/install/vrpn/include/vrpn_Joywin32.h
-- Installing: /home/zq/colcon_ws/install/vrpn/include/vrpn_Keyboard.h
-- Installing: /home/zq/colcon_ws/install/vrpn/include/vrpn_Logitech_Controller_Raw.h
-- Installing: /home/zq/colcon_ws/install/vrpn/include/vrpn_Laputa.h
-- Installing: /home/zq/colcon_ws/install/vrpn/include/vrpn_LUDL.h
-- Installing: /home/zq/colcon_ws/install/vrpn/include/vrpn_Magellan.h
-- Installing: /home/zq/colcon_ws/install/vrpn/include/vrpn_MessageMacros.h
-- Installing: /home/zq/colcon_ws/install/vrpn/include/vrpn_Microsoft_Controller_Raw.h
-- Installing: /home/zq/colcon_ws/install/vrpn/include/vrpn_Mouse.h
-- Installing: /home/zq/colcon_ws/install/vrpn/include/vrpn_NationalInstruments.h
-- Installing: /home/zq/colcon_ws/install/vrpn/include/vrpn_Nidaq.h
-- Installing: /home/zq/colcon_ws/install/vrpn/include/vrpn_nikon_controls.h
-- Installing: /home/zq/colcon_ws/install/vrpn/include/vrpn_nVidia_shield_controller.h
-- Installing: /home/zq/colcon_ws/install/vrpn/include/vrpn_Oculus.h
-- Installing: /home/zq/colcon_ws/install/vrpn/include/vrpn_OmegaTemperature.h
-- Installing: /home/zq/colcon_ws/install/vrpn/include/vrpn_OneEuroFilter.h
-- Installing: /home/zq/colcon_ws/install/vrpn/include/vrpn_OzzMaker.h
-- Installing: /home/zq/colcon_ws/install/vrpn/include/vrpn_Poser_Analog.h
-- Installing: /home/zq/colcon_ws/install/vrpn/include/vrpn_Poser.h
-- Installing: /home/zq/colcon_ws/install/vrpn/include/vrpn_Poser_Tek4662.h
-- Installing: /home/zq/colcon_ws/install/vrpn/include/vrpn_raw_sgibox.h
-- Installing: /home/zq/colcon_ws/install/vrpn/include/vrpn_Retrolink.h
-- Installing: /home/zq/colcon_ws/install/vrpn/include/vrpn_Saitek_Controller_Raw.h
-- Installing: /home/zq/colcon_ws/install/vrpn/include/vrpn_sgibox.h
-- Installing: /home/zq/colcon_ws/install/vrpn/include/vrpn_Spaceball.h
-- Installing: /home/zq/colcon_ws/install/vrpn/include/vrpn_Streaming_Arduino.h
-- Installing: /home/zq/colcon_ws/install/vrpn/include/vrpn_Tng3.h
-- Installing: /home/zq/colcon_ws/install/vrpn/include/vrpn_Tracker_3DMouse.h
-- Installing: /home/zq/colcon_ws/install/vrpn/include/vrpn_Tracker_AnalogFly.h
-- Installing: /home/zq/colcon_ws/install/vrpn/include/vrpn_Tracker_ButtonFly.h
-- Installing: /home/zq/colcon_ws/install/vrpn/include/vrpn_Tracker_Crossbow.h
-- Installing: /home/zq/colcon_ws/install/vrpn/include/vrpn_Tracker_DTrack.h
-- Installing: /home/zq/colcon_ws/install/vrpn/include/vrpn_Tracker_Fastrak.h
-- Installing: /home/zq/colcon_ws/install/vrpn/include/vrpn_Tracker_Filter.h
-- Installing: /home/zq/colcon_ws/install/vrpn/include/vrpn_Tracker_GameTrak.h
-- Installing: /home/zq/colcon_ws/install/vrpn/include/vrpn_Tracker_GPS.h
-- Installing: /home/zq/colcon_ws/install/vrpn/include/vrpn_Tracker_IMU.h
-- Installing: /home/zq/colcon_ws/install/vrpn/include/vrpn_Tracker_isense.h
-- Installing: /home/zq/colcon_ws/install/vrpn/include/vrpn_Tracker_Isotrak.h
-- Installing: /home/zq/colcon_ws/install/vrpn/include/vrpn_Tracker_JsonNet.h
-- Installing: /home/zq/colcon_ws/install/vrpn/include/vrpn_Tracker_Liberty.h
-- Installing: /home/zq/colcon_ws/install/vrpn/include/vrpn_Tracker_MotionNode.h
-- Installing: /home/zq/colcon_ws/install/vrpn/include/vrpn_Tracker_NDI_Polaris.h
-- Installing: /home/zq/colcon_ws/install/vrpn/include/vrpn_Tracker_NovintFalcon.h
-- Installing: /home/zq/colcon_ws/install/vrpn/include/vrpn_Tracker_OSVRHackerDevKit.h
-- Installing: /home/zq/colcon_ws/install/vrpn/include/vrpn_Tracker_PDI.h
-- Installing: /home/zq/colcon_ws/install/vrpn/include/vrpn_Tracker_PhaseSpace.h
-- Installing: /home/zq/colcon_ws/install/vrpn/include/vrpn_Tracker_RazerHydra.h
-- Installing: /home/zq/colcon_ws/install/vrpn/include/vrpn_Tracker_ThalmicLabsMyo.h
-- Installing: /home/zq/colcon_ws/install/vrpn/include/vrpn_Tracker_SpacePoint.h
-- Installing: /home/zq/colcon_ws/install/vrpn/include/vrpn_Tracker_Wintracker.h
-- Installing: /home/zq/colcon_ws/install/vrpn/include/vrpn_Tracker_Colibri.h
-- Installing: /home/zq/colcon_ws/install/vrpn/include/vrpn_Tracker_TrivisioColibri.h
-- Installing: /home/zq/colcon_ws/install/vrpn/include/vrpn_Tracker_WiimoteHead.h
-- Installing: /home/zq/colcon_ws/install/vrpn/include/vrpn_Tracker_zSight.h
-- Installing: /home/zq/colcon_ws/install/vrpn/include/vrpn_Tracker_ViewPoint.h
-- Installing: /home/zq/colcon_ws/install/vrpn/include/vrpn_UNC_Joystick.h
-- Installing: /home/zq/colcon_ws/install/vrpn/include/vrpn_VPJoystick.h
-- Installing: /home/zq/colcon_ws/install/vrpn/include/vrpn_Wanda.h
-- Installing: /home/zq/colcon_ws/install/vrpn/include/vrpn_WiiMote.h
-- Installing: /home/zq/colcon_ws/install/vrpn/include/vrpn_XInputGamepad.h
-- Installing: /home/zq/colcon_ws/install/vrpn/include/vrpn_Xkeys.h
-- Installing: /home/zq/colcon_ws/install/vrpn/include/vrpn_Tracker_LibertyHS.h
-- Installing: /home/zq/colcon_ws/install/vrpn/include/vrpn_YEI_3Space.h
-- Installing: /home/zq/colcon_ws/install/vrpn/include/vrpn_Zaber.h
-- Installing: /home/zq/colcon_ws/install/vrpn/include/vrpn_Generic_server_object.h
-- Installing: /home/zq/colcon_ws/install/vrpn/share/vrpn/package.xml
-- Installing: /home/zq/colcon_ws/install/vrpn/share/vrpn/cmake/VRPNConfig.cmake
-- Installing: /home/zq/colcon_ws/install/vrpn/share/quatlib/cmake/quatlibConfig.cmake
-- Installing: /home/zq/colcon_ws/install/vrpn/lib/libvrpn.a
-- Up-to-date: /home/zq/colcon_ws/install/vrpn/include/vrpn_Configure.h
-- Up-to-date: /home/zq/colcon_ws/install/vrpn/include/vrpn_Analog.h
-- Up-to-date: /home/zq/colcon_ws/install/vrpn/include/vrpn_Analog_Output.h
-- Up-to-date: /home/zq/colcon_ws/install/vrpn/include/vrpn_Assert.h
-- Up-to-date: /home/zq/colcon_ws/install/vrpn/include/vrpn_Auxiliary_Logger.h
-- Up-to-date: /home/zq/colcon_ws/install/vrpn/include/vrpn_BaseClass.h
-- Up-to-date: /home/zq/colcon_ws/install/vrpn/include/vrpn_Button.h
-- Up-to-date: /home/zq/colcon_ws/install/vrpn/include/vrpn_Connection.h
-- Up-to-date: /home/zq/colcon_ws/install/vrpn/include/vrpn_ConnectionPtr.h
-- Up-to-date: /home/zq/colcon_ws/install/vrpn/include/vrpn_Dial.h
-- Up-to-date: /home/zq/colcon_ws/install/vrpn/include/vrpn_EndpointContainer.h
-- Up-to-date: /home/zq/colcon_ws/install/vrpn/include/vrpn_FileConnection.h
-- Up-to-date: /home/zq/colcon_ws/install/vrpn/include/vrpn_FileController.h
-- Up-to-date: /home/zq/colcon_ws/install/vrpn/include/vrpn_ForceDevice.h
-- Up-to-date: /home/zq/colcon_ws/install/vrpn/include/vrpn_ForwarderController.h
-- Up-to-date: /home/zq/colcon_ws/install/vrpn/include/vrpn_Forwarder.h
-- Up-to-date: /home/zq/colcon_ws/install/vrpn/include/vrpn_FunctionGenerator.h
-- Up-to-date: /home/zq/colcon_ws/install/vrpn/include/vrpn_Imager.h
-- Up-to-date: /home/zq/colcon_ws/install/vrpn/include/vrpn_LamportClock.h
-- Up-to-date: /home/zq/colcon_ws/install/vrpn/include/vrpn_Log.h
-- Up-to-date: /home/zq/colcon_ws/install/vrpn/include/vrpn_MainloopContainer.h
-- Up-to-date: /home/zq/colcon_ws/install/vrpn/include/vrpn_MainloopObject.h
-- Up-to-date: /home/zq/colcon_ws/install/vrpn/include/vrpn_Mutex.h
-- Up-to-date: /home/zq/colcon_ws/install/vrpn/include/vrpn_OwningPtr.h
-- Up-to-date: /home/zq/colcon_ws/install/vrpn/include/vrpn_RedundantTransmission.h
-- Up-to-date: /home/zq/colcon_ws/install/vrpn/include/vrpn_SendTextMessageStreamProxy.h
-- Up-to-date: /home/zq/colcon_ws/install/vrpn/include/vrpn_Serial.h
-- Up-to-date: /home/zq/colcon_ws/install/vrpn/include/vrpn_SerialPort.h
-- Up-to-date: /home/zq/colcon_ws/install/vrpn/include/vrpn_Shared.h
-- Up-to-date: /home/zq/colcon_ws/install/vrpn/include/vrpn_SharedObject.h
-- Up-to-date: /home/zq/colcon_ws/install/vrpn/include/vrpn_Sound.h
-- Up-to-date: /home/zq/colcon_ws/install/vrpn/include/vrpn_Text.h
-- Up-to-date: /home/zq/colcon_ws/install/vrpn/include/vrpn_Thread.h
-- Up-to-date: /home/zq/colcon_ws/install/vrpn/include/vrpn_Tracker.h
-- Up-to-date: /home/zq/colcon_ws/install/vrpn/include/vrpn_Types.h
-- Up-to-date: /home/zq/colcon_ws/install/vrpn/include/vrpn_WindowsH.h
-- Installing: /home/zq/colcon_ws/install/vrpn/lib/libquat.a
-- Installing: /home/zq/colcon_ws/install/vrpn/include/quat.h
-- Up-to-date: /home/zq/colcon_ws/install/vrpn/lib/libquat.a
-- Up-to-date: /home/zq/colcon_ws/install/vrpn/include/quat.h
-- Installing: /home/zq/colcon_ws/install/vrpn/lib/libvrpn_atmel.a
-- Installing: /home/zq/colcon_ws/install/vrpn/include/vrpn_atmellib_errno.h
-- Installing: /home/zq/colcon_ws/install/vrpn/include/vrpn_atmellib.h
-- Installing: /home/zq/colcon_ws/install/vrpn/lib/libgpsnmea.a
-- Installing: /home/zq/colcon_ws/install/vrpn/include/nmeaParser.h
-- Installing: /home/zq/colcon_ws/install/vrpn/include/utmCoord.h
-- Installing: /home/zq/colcon_ws/install/vrpn/include/latLonCoord.h
-- Installing: /home/zq/colcon_ws/install/vrpn/bin/c_interface_example
-- Installing: /home/zq/colcon_ws/install/vrpn/bin/vrpn_average_analogs
-- Installing: /home/zq/colcon_ws/install/vrpn/bin/vrpn_print_devices
-- Installing: /home/zq/colcon_ws/install/vrpn/bin/vrpn_print_performance
-- Installing: /home/zq/colcon_ws/install/vrpn/bin/vrpn_print_messages
-- Installing: /home/zq/colcon_ws/install/vrpn/bin/run_auxiliary_logger
-- Installing: /home/zq/colcon_ws/install/vrpn/bin/vrpn_server
-- Installing: /home/zq/colcon_ws/install/vrpn/etc/vrpn.cfg
-- Installing: /home/zq/colcon_ws/install/vrpn/share/vrpn-07.34/vrpn.cfg.sample
-- Installing: /home/zq/colcon_ws/install/vrpn/lib/libvrpn_timecode_generator.a
-- Installing: /home/zq/colcon_ws/install/vrpn/include/vrpn_timecode_generator.h
-- Installing: /home/zq/colcon_ws/install/vrpn/bin/vrpn_streamPrint
-- Installing: /home/zq/colcon_ws/install/vrpn/lib/python3.8/dist-packages/vrpn.so
