[0.024s] Invoking command in '/home/zq/colcon_ws/build/vrpn': CMAKE_PREFIX_PATH=${CMAKE_PREFIX_PATH}:/opt/ros/foxy /usr/bin/cmake /home/zq/colcon_ws/src/vrpn-ros2 -DCMAKE_INSTALL_PREFIX=/home/zq/colcon_ws/install/vrpn
[0.325s] -- The C compiler identification is GNU 9.4.0
[0.568s] -- The CXX compiler identification is GNU 9.4.0
[0.581s] -- Check for working C compiler: /usr/bin/cc
[0.679s] -- Check for working C compiler: /usr/bin/cc -- works
[0.681s] -- Detecting C compiler ABI info
[0.777s] -- Detecting C compiler ABI info - done
[0.799s] -- Detecting C compile features
[0.800s] -- Detecting C compile features - done
[0.807s] -- Check for working CXX compiler: /usr/bin/c++
[0.918s] -- Check for working CXX compiler: /usr/bin/c++ -- works
[0.920s] -- Detecting CXX compiler ABI info
[1.029s] -- Detecting CXX compiler ABI info - done
[1.049s] -- Detecting CXX compile features
[1.050s] -- Detecting CXX compile features - done
[1.223s] -- Configuring the VRPN suite version 07.34 using the CMake-based build system
[1.224s] 
[1.225s] CMake Warning (dev) at CMakeLists.txt:160 (option):
[1.226s]   Policy CMP0077 is not set: option() honors normal variables.  Run "cmake
[1.226s]   --help-policy CMP0077" for policy details.  Use the cmake_policy command to
[1.227s]   set the policy and suppress this warning.
[1.227s] 
[1.227s]   For compatibility with older versions of CMake, option is clearing the
[1.227s]   normal variable 'VRPN_BUILD_CLIENT_LIBRARY'.
[1.228s] This warning is for project developers.  Use -Wno-dev to suppress it.
[1.228s] 
[1.228s] CMake Warning (dev) at CMakeLists.txt:163 (option):
[1.229s]   Policy CMP0077 is not set: option() honors normal variables.  Run "cmake
[1.229s]   --help-policy CMP0077" for policy details.  Use the cmake_policy command to
[1.229s]   set the policy and suppress this warning.
[1.230s] 
[1.230s]   For compatibility with older versions of CMake, option is clearing the
[1.230s]   normal variable 'VRPN_BUILD_SERVER_LIBRARY'.
[1.231s] This warning is for project developers.  Use -Wno-dev to suppress it.
[1.231s] 
[1.231s] CMake Warning (dev) at CMakeLists.txt:168 (option):
[1.232s]   Policy CMP0077 is not set: option() honors normal variables.  Run "cmake
[1.232s]   --help-policy CMP0077" for policy details.  Use the cmake_policy command to
[1.233s]   set the policy and suppress this warning.
[1.233s] 
[1.233s]   For compatibility with older versions of CMake, option is clearing the
[1.233s]   normal variable 'VRPN_BUILD_CLIENTS'.
[1.234s] This warning is for project developers.  Use -Wno-dev to suppress it.
[1.234s] 
[1.234s] CMake Warning (dev) at CMakeLists.txt:169 (option):
[1.235s]   Policy CMP0077 is not set: option() honors normal variables.  Run "cmake
[1.235s]   --help-policy CMP0077" for policy details.  Use the cmake_policy command to
[1.235s]   set the policy and suppress this warning.
[1.236s] 
[1.236s]   For compatibility with older versions of CMake, option is clearing the
[1.236s]   normal variable 'VRPN_BUILD_SERVERS'.
[1.237s] This warning is for project developers.  Use -Wno-dev to suppress it.
[1.237s] 
[1.237s] -- Looking for pthread.h
[1.348s] -- Looking for pthread.h - found
[1.349s] -- Performing Test CMAKE_HAVE_LIBC_PTHREAD
[1.463s] -- Performing Test CMAKE_HAVE_LIBC_PTHREAD - Failed
[1.464s] -- Looking for pthread_create in pthreads
[1.548s] -- Looking for pthread_create in pthreads - not found
[1.549s] -- Looking for pthread_create in pthread
[1.647s] -- Looking for pthread_create in pthread - found
[1.648s] -- Found Threads: TRUE  
[1.649s] -- Now searching for auto-configurable optional packages...
[1.649s] 
[1.659s] -- Checking for module 'libusb-1.0'
[1.683s] --   Found libusb-1.0, version 1.0.23
[1.757s] -- Found Libusb1: /usr/lib/x86_64-linux-gnu/libusb-1.0.so  
[1.766s] -- Could NOT find SWIG (missing: SWIG_EXECUTABLE SWIG_DIR) 
[1.785s] -- Found PythonLibs: /usr/lib/x86_64-linux-gnu/libpython3.8.so (found version "3.8.10") 
[1.786s] CMake Warning (dev) at cmake/OptionRequires.cmake:46 (option):
[1.786s]   Policy CMP0077 is not set: option() honors normal variables.  Run "cmake
[1.786s]   --help-policy CMP0077" for policy details.  Use the cmake_policy command to
[1.786s]   set the policy and suppress this warning.
[1.787s] 
[1.787s]   For compatibility with older versions of CMake, option is clearing the
[1.787s]   normal variable 'VRPN_BUILD_PYTHON'.
[1.787s] Call Stack (most recent call first):
[1.787s]   CMakeLists.txt:345 (option_requires)
[1.788s] This warning is for project developers.  Use -Wno-dev to suppress it.
[1.788s] 
[1.792s] -- Could NOT find Java (missing: Java_JAVA_EXECUTABLE Java_JAVAC_EXECUTABLE Java_JAR_EXECUTABLE Java_JAVADOC_EXECUTABLE Java_JAVAH_EXECUTABLE Development) 
[1.806s] -- Could NOT find JNI (missing: JAVA_AWT_LIBRARY JAVA_JVM_LIBRARY JAVA_INCLUDE_PATH JAVA_INCLUDE_PATH2 JAVA_AWT_INCLUDE_PATH) 
[1.807s] CMake Warning (dev) at cmake/OptionRequires.cmake:46 (option):
[1.807s]   Policy CMP0077 is not set: option() honors normal variables.  Run "cmake
[1.807s]   --help-policy CMP0077" for policy details.  Use the cmake_policy command to
[1.807s]   set the policy and suppress this warning.
[1.808s] 
[1.808s]   For compatibility with older versions of CMake, option is clearing the
[1.808s]   normal variable 'VRPN_BUILD_JAVA'.
[1.808s] Call Stack (most recent call first):
[1.808s]   CMakeLists.txt:374 (option_requires)
[1.808s] This warning is for project developers.  Use -Wno-dev to suppress it.
[1.808s] 
[2.034s] -- Found MPI_C: /usr/lib/x86_64-linux-gnu/openmpi/lib/libmpi.so (found version "3.1") 
[3.599s] -- Found MPI_CXX: /usr/lib/x86_64-linux-gnu/openmpi/lib/libmpi_cxx.so (found version "3.1") 
[3.600s] -- Found MPI: TRUE (found version "3.1")  
[3.624s] -- Could NOT find Modbus (missing: MODBUS_LIBRARY MODBUS_INCLUDE_DIR) 
[3.667s] -- Could NOT find OpenHaptics (missing: HDAPI_LIBRARY HDAPI_INCLUDE_DIR HDAPI_HDU_INCLUDE_DIR HDAPI_HDU_LIBRARY HLAPI_INCLUDE_DIR HLAPI_LIBRARY HLAPI_HLU_INCLUDE_DIR HLAPI_HLU_LIBRARY HDAPI_PHANToMIO_LIBRARY HDAPI_HDU_SOURCE_DIR HLAPI_HLU_SOURCE_DIR) 
[3.672s] -- Could NOT find GHOST (missing: GHOST_LIBRARY GHOST_INCLUDE_DIR) 
[3.675s] -- Found I2CDEV: /usr/include  
[3.680s] -- Could NOT find WiiUse (missing: WIIUSE_LIBRARY WIIUSE_INCLUDE_DIR) 
[3.689s] -- Could NOT find LibNifalcon (missing: LIBNIFALCON_LIBRARY LIBNIFALCON_INCLUDE_DIR) 
[3.693s] -- Could NOT find GPM (missing: GPM_LIBRARY GPM_INCLUDE_DIR) 
[3.699s] -- Could NOT find InterSense (missing: INTERSENSE_LIBRARY INTERSENSE_INCLUDE_DIR) 
[3.703s] -- Could NOT find NIDAQmx (missing: NIDAQMX_LIBRARY NIDAQMX_INCLUDE_DIR) 
[3.707s] -- Could NOT find ViewPoint (missing: VIEWPOINT_LIBRARY VIEWPOINT_INCLUDE_DIR) 
[3.709s] -- Looking for C++ include linux/joystick.h
[3.833s] -- Looking for C++ include linux/joystick.h - found
[3.834s] -- Looking for C++ include linux/input.h
[3.955s] -- Looking for C++ include linux/input.h - found
[3.968s] -- Found Perl: /usr/bin/perl (found version "5.30.0") 
[3.969s] -- Checking for perl module Parse::RecDescent
[3.973s] -- Checking for perl module Parse::RecDescent - failed
[3.975s] -- Could NOT find PerlModules (missing: PERLMODULES_PARSE_RECDESCENT_MODULE) 
[3.981s] -- Could NOT find LibFreespace (missing: LIBFREESPACE_LIBRARY LIBFREESPACE_INCLUDE_DIR) 
[3.986s] -- Found quatlib: quat  
[3.991s] -- Could NOT find ColibriApi (missing: COLIBRIAPI_LIBRARY COLIBRIAPI_INCLUDE_DIR) 
[4.021s] -- Could NOT find GLUT (missing: GLUT_glut_LIBRARY GLUT_INCLUDE_DIR) 
[4.029s] CMake Warning (dev) at /usr/share/cmake-3.16/Modules/FindOpenGL.cmake:275 (message):
[4.029s]   Policy CMP0072 is not set: FindOpenGL prefers GLVND by default when
[4.030s]   available.  Run "cmake --help-policy CMP0072" for policy details.  Use the
[4.030s]   cmake_policy command to set the policy and suppress this warning.
[4.030s] 
[4.030s]   FindOpenGL found both a legacy GL library:
[4.031s] 
[4.031s]     OPENGL_gl_LIBRARY: /usr/lib/x86_64-linux-gnu/libGL.so
[4.031s] 
[4.031s]   and GLVND libraries for OpenGL and GLX:
[4.031s] 
[4.031s]     OPENGL_opengl_LIBRARY: /usr/lib/x86_64-linux-gnu/libOpenGL.so
[4.032s]     OPENGL_glx_LIBRARY: /usr/lib/x86_64-linux-gnu/libGLX.so
[4.032s] 
[4.032s]   OpenGL_GL_PREFERENCE has not been set to "GLVND" or "LEGACY", so for
[4.032s]   compatibility with CMake 3.10 and below the legacy GL library will be used.
[4.032s] Call Stack (most recent call first):
[4.032s]   client_src/CMakeLists.txt:26 (find_package)
[4.032s] This warning is for project developers.  Use -Wno-dev to suppress it.
[4.033s] 
[4.033s] -- Found OpenGL: /usr/lib/x86_64-linux-gnu/libOpenGL.so   
[4.037s] CMake Warning (dev) at /usr/share/cmake-3.16/Modules/FindOpenGL.cmake:275 (message):
[4.038s]   Policy CMP0072 is not set: FindOpenGL prefers GLVND by default when
[4.038s]   available.  Run "cmake --help-policy CMP0072" for policy details.  Use the
[4.038s]   cmake_policy command to set the policy and suppress this warning.
[4.038s] 
[4.038s]   FindOpenGL found both a legacy GL library:
[4.039s] 
[4.039s]     OPENGL_gl_LIBRARY: /usr/lib/x86_64-linux-gnu/libGL.so
[4.039s] 
[4.039s]   and GLVND libraries for OpenGL and GLX:
[4.040s] 
[4.040s]     OPENGL_opengl_LIBRARY: /usr/lib/x86_64-linux-gnu/libOpenGL.so
[4.040s]     OPENGL_glx_LIBRARY: /usr/lib/x86_64-linux-gnu/libGLX.so
[4.040s] 
[4.040s]   OpenGL_GL_PREFERENCE has not been set to "GLVND" or "LEGACY", so for
[4.041s]   compatibility with CMake 3.10 and below the legacy GL library will be used.
[4.041s] Call Stack (most recent call first):
[4.041s]   server_src/CMakeLists.txt:27 (find_package)
[4.041s] This warning is for project developers.  Use -Wno-dev to suppress it.
[4.041s] 
[4.067s] -- Dashboard scripts have been generated for automatic nightly and continuous builds.
[4.068s] -- You can add these sample lines to your crontab:
[4.070s] -- 
[4.071s] 
[4.071s] 15 0 * * * "/usr/bin/ctest" -S "/home/zq/colcon_ws/build/vrpn/Dashboards-zq-zq/runNightly.cmake" 
[4.071s] 15 * * * * "/usr/bin/ctest" -S "/home/zq/colcon_ws/build/vrpn/Dashboards-zq-zq/runContinuous.cmake" 
[4.071s] 
[4.071s] or run this command for an one-off experimental test build:
[4.072s] "/usr/bin/ctest" -S "/home/zq/colcon_ws/build/vrpn/Dashboards-zq-zq/runExperimental.cmake" -VV
[4.072s] 
[4.072s] -- 
[4.103s] -- Configuring done
[4.191s] -- Generating done
[4.197s] -- Build files have been written to: /home/zq/colcon_ws/build/vrpn
[4.210s] Invoked command in '/home/zq/colcon_ws/build/vrpn' returned '0': CMAKE_PREFIX_PATH=${CMAKE_PREFIX_PATH}:/opt/ros/foxy /usr/bin/cmake /home/zq/colcon_ws/src/vrpn-ros2 -DCMAKE_INSTALL_PREFIX=/home/zq/colcon_ws/install/vrpn
[4.213s] Invoking command in '/home/zq/colcon_ws/build/vrpn': CMAKE_PREFIX_PATH=${CMAKE_PREFIX_PATH}:/opt/ros/foxy /usr/bin/cmake --build /home/zq/colcon_ws/build/vrpn -- -j4 -l4
[4.282s] [35m[1mScanning dependencies of target quat[0m
[4.283s] [35m[1mScanning dependencies of target vrpn_atmel[0m
[4.283s] [35m[1mScanning dependencies of target vrpn_timecode_generator[0m
[4.283s] [35m[1mScanning dependencies of target gpsnmea[0m
[4.308s] [  1%] [32mBuilding C object quat/CMakeFiles/quat.dir/matrix.c.o[0m
[4.310s] [  1%] [32mBuilding CXX object gpsnmealib/CMakeFiles/gpsnmea.dir/latLonCoord.C.o[0m
[4.316s] [  1%] [32mBuilding CXX object atmellib/CMakeFiles/vrpn_atmel.dir/vrpn_atmellib_helper.C.o[0m
[4.318s] [  2%] [32mBuilding CXX object server_src/timecode_generator_server/CMakeFiles/vrpn_timecode_generator.dir/vrpn_timecode_generator.cpp.o[0m
[4.364s] [  2%] [32m[1mLinking CXX static library libvrpn_timecode_generator.a[0m
[4.436s] [  2%] Built target vrpn_timecode_generator
[4.457s] [  3%] [32mBuilding CXX object atmellib/CMakeFiles/vrpn_atmel.dir/vrpn_atmellib_iobasic.C.o[0m
[4.461s] [  3%] [32mBuilding CXX object atmellib/CMakeFiles/vrpn_atmel.dir/vrpn_atmellib_openclose.C.o[0m
[4.520s] [  3%] [32mBuilding C object quat/CMakeFiles/quat.dir/quat.c.o[0m
[4.585s] [  4%] [32mBuilding CXX object atmellib/CMakeFiles/vrpn_atmel.dir/vrpn_atmellib_register.C.o[0m
[4.662s] [  4%] [32mBuilding CXX object atmellib/CMakeFiles/vrpn_atmel.dir/vrpn_atmellib_tester.C.o[0m
[4.686s] [  5%] [32mBuilding C object quat/CMakeFiles/quat.dir/vector.c.o[0m
[4.725s] [  6%] [32m[1mLinking CXX static library libvrpn_atmel.a[0m
[4.793s] [  6%] Built target vrpn_atmel
[4.814s] [  6%] [32mBuilding C object quat/CMakeFiles/quat.dir/xyzquat.c.o[0m
[4.825s] [  7%] [32mBuilding CXX object gpsnmealib/CMakeFiles/gpsnmea.dir/nmeaParser.C.o[0m
[4.905s] [  7%] [32mBuilding CXX object gpsnmealib/CMakeFiles/gpsnmea.dir/typedCoord.C.o[0m
[4.987s] [  8%] [32m[1mLinking C static library libquat.a[0m
[5.058s] [  8%] Built target quat
[5.082s] [35m[1mScanning dependencies of target vrpn[0m
[5.152s] [  9%] [32mBuilding CXX object gpsnmealib/CMakeFiles/gpsnmea.dir/utmCoord.C.o[0m
[5.169s] [ 10%] [32mBuilding CXX object CMakeFiles/vrpn.dir/vrpn_Analog.C.o[0m
[5.455s] [ 10%] [32mBuilding CXX object CMakeFiles/vrpn.dir/vrpn_Analog_Output.C.o[0m
[5.519s] [ 11%] [32mBuilding CXX object CMakeFiles/vrpn.dir/vrpn_Assert.C.o[0m
[5.599s] [ 11%] [32mBuilding CXX object CMakeFiles/vrpn.dir/vrpn_Auxiliary_Logger.C.o[0m
[5.835s] [ 12%] [32mBuilding CXX object CMakeFiles/vrpn.dir/vrpn_BaseClass.C.o[0m
[5.905s] [ 12%] [32m[1mLinking CXX static library libgpsnmea.a[0m
[5.981s] [ 12%] Built target gpsnmea
[6.012s] [35m[1mScanning dependencies of target vrpnserver[0m
[6.200s] [ 12%] [32mBuilding CXX object CMakeFiles/vrpn.dir/vrpn_Button.C.o[0m
[6.322s] [ 12%] [32mBuilding CXX object CMakeFiles/vrpnserver.dir/vrpn_Analog.C.o[0m
[6.367s] [ 13%] [32mBuilding CXX object CMakeFiles/vrpn.dir/vrpn_Connection.C.o[0m
[6.434s] [ 13%] [32mBuilding CXX object CMakeFiles/vrpn.dir/vrpn_Dial.C.o[0m
[6.993s] [ 14%] [32mBuilding CXX object CMakeFiles/vrpn.dir/vrpn_EndpointContainer.C.o[0m
[7.053s] [ 15%] [32mBuilding CXX object CMakeFiles/vrpnserver.dir/vrpn_Analog_Output.C.o[0m
[7.102s] [ 15%] [32mBuilding CXX object CMakeFiles/vrpn.dir/vrpn_FileConnection.C.o[0m
[7.652s] [ 16%] [32mBuilding CXX object CMakeFiles/vrpn.dir/vrpn_FileController.C.o[0m
[7.775s] [ 16%] [32mBuilding CXX object CMakeFiles/vrpnserver.dir/vrpn_Assert.C.o[0m
[7.832s] [ 16%] [32mBuilding CXX object CMakeFiles/vrpn.dir/vrpn_ForceDevice.C.o[0m
[7.857s] [ 17%] [32mBuilding CXX object CMakeFiles/vrpnserver.dir/vrpn_Auxiliary_Logger.C.o[0m
[8.002s] [ 17%] [32mBuilding CXX object CMakeFiles/vrpn.dir/vrpn_Forwarder.C.o[0m
[8.441s] [ 18%] [32mBuilding CXX object CMakeFiles/vrpn.dir/vrpn_ForwarderController.C.o[0m
[8.589s] [ 18%] [32mBuilding CXX object CMakeFiles/vrpnserver.dir/vrpn_BaseClass.C.o[0m
[8.927s] [ 18%] [32mBuilding CXX object CMakeFiles/vrpn.dir/vrpn_FunctionGenerator.C.o[0m
[9.160s] [ 19%] [32mBuilding CXX object CMakeFiles/vrpnserver.dir/vrpn_Button.C.o[0m
[9.695s] [ 20%] [32mBuilding CXX object CMakeFiles/vrpn.dir/vrpn_Imager.C.o[0m
[9.998s] [ 20%] [32mBuilding CXX object CMakeFiles/vrpn.dir/vrpn_LamportClock.C.o[0m
[10.134s] [ 21%] [32mBuilding CXX object CMakeFiles/vrpn.dir/vrpn_Mutex.C.o[0m
[10.440s] [ 21%] [32mBuilding CXX object CMakeFiles/vrpnserver.dir/vrpn_Connection.C.o[0m
[10.573s] [ 21%] [32mBuilding CXX object CMakeFiles/vrpn.dir/vrpn_Poser.C.o[0m
[10.943s] In file included from [01m[K/usr/include/string.h:495[m[K,
[10.943s]                  from [01m[K/home/zq/colcon_ws/src/vrpn-ros2/vrpn_Mutex.C:2[m[K:
[10.944s] In function ‘[01m[Kchar* strncpy(char*, const char*, size_t)[m[K’,
[10.944s]     inlined from ‘[01m[Kvoid vrpn_PeerMutex::init(const char*)[m[K’ at [01m[K/home/zq/colcon_ws/src/vrpn-ros2/vrpn_Mutex.C:1393:12[m[K:
[10.944s] [01m[K/usr/include/x86_64-linux-gnu/bits/string_fortified.h:106:34:[m[K [01;35m[Kwarning: [m[K‘[01m[Kchar* __builtin_strncpy(char*, const char*, long unsigned int)[m[K’ specified bound depends on the length of the source argument [[01;35m[K-Wstringop-overflow=[m[K]
[10.944s]   106 |   return [01;35m[K__builtin___strncpy_chk (__dest, __src, __len, __bos (__dest))[m[K;
[10.945s]       |          [01;35m[K~~~~~~~~~~~~~~~~~~~~~~~~^~~~~~~~~~~~~~~~~~~~~~~~~~~~~~~~~~~~~~[m[K
[10.945s] [01m[K/home/zq/colcon_ws/src/vrpn-ros2/vrpn_Mutex.C:[m[K In member function ‘[01m[Kvoid vrpn_PeerMutex::init(const char*)[m[K’:
[10.945s] [01m[K/home/zq/colcon_ws/src/vrpn-ros2/vrpn_Mutex.C:1393:12:[m[K [01;36m[Knote: [m[Klength computed here
[10.945s]  1393 |     [01;36m[Kstrncpy(d_mutexName, name, strlen(name))[m[K;
[10.945s]       |     [01;36m[K~~~~~~~^~~~~~~~~~~~~~~~~~~~~~~~~~~~~~~~~[m[K
[11.069s] [ 22%] [32mBuilding CXX object CMakeFiles/vrpn.dir/vrpn_RedundantTransmission.C.o[0m
[11.385s] [ 22%] [32mBuilding CXX object CMakeFiles/vrpn.dir/vrpn_Serial.C.o[0m
[11.645s] [ 23%] [32mBuilding CXX object CMakeFiles/vrpn.dir/vrpn_SerialPort.C.o[0m
[11.731s] [ 23%] [32mBuilding CXX object CMakeFiles/vrpn.dir/vrpn_Shared.C.o[0m
[11.822s] [ 24%] [32mBuilding CXX object CMakeFiles/vrpn.dir/vrpn_SharedObject.C.o[0m
[12.144s] [ 24%] [32mBuilding CXX object CMakeFiles/vrpn.dir/vrpn_Sound.C.o[0m
[12.635s] [ 24%] [32mBuilding CXX object CMakeFiles/vrpn.dir/vrpn_Text.C.o[0m
[12.854s] [ 25%] [32mBuilding CXX object CMakeFiles/vrpn.dir/vrpn_Thread.C.o[0m
[13.042s] [ 25%] [32mBuilding CXX object CMakeFiles/vrpn.dir/vrpn_Tracker.C.o[0m
[13.186s] [ 26%] [32mBuilding CXX object CMakeFiles/vrpnserver.dir/vrpn_Dial.C.o[0m
[13.591s] [ 26%] [32mBuilding CXX object CMakeFiles/vrpnserver.dir/vrpn_EndpointContainer.C.o[0m
[13.684s] [ 27%] [32mBuilding CXX object CMakeFiles/vrpnserver.dir/vrpn_FileConnection.C.o[0m
[13.761s] [ 27%] [32mBuilding CXX object CMakeFiles/vrpnserver.dir/vrpn_FileController.C.o[0m
[14.102s] [ 28%] [32mBuilding CXX object CMakeFiles/vrpnserver.dir/vrpn_ForceDevice.C.o[0m
[14.229s] [ 28%] [32mBuilding CXX object CMakeFiles/vrpnserver.dir/vrpn_Forwarder.C.o[0m
[14.417s] [ 28%] [32mBuilding CXX object CMakeFiles/vrpnserver.dir/vrpn_ForwarderController.C.o[0m
[14.683s] [ 29%] [32mBuilding CXX object CMakeFiles/vrpnserver.dir/vrpn_FunctionGenerator.C.o[0m
[14.879s] [ 30%] [32m[1mLinking CXX static library libvrpn.a[0m
[14.905s] [ 30%] [32mBuilding CXX object CMakeFiles/vrpnserver.dir/vrpn_Imager.C.o[0m
[15.025s] [ 30%] Built target vrpn
[15.048s] [35m[1mScanning dependencies of target c_interface_example[0m
[15.077s] [ 30%] [32mBuilding C object client_src/CMakeFiles/c_interface_example.dir/c_interface_example.c.o[0m
[15.160s] [ 30%] [32mBuilding CXX object client_src/CMakeFiles/c_interface_example.dir/c_interface.cpp.o[0m
[15.533s] [ 31%] [32m[1mLinking CXX executable c_interface_example[0m
[15.756s] [ 31%] Built target c_interface_example
[15.781s] [35m[1mScanning dependencies of target run_auxiliary_logger[0m
[15.809s] [ 31%] [32mBuilding CXX object client_src/CMakeFiles/run_auxiliary_logger.dir/run_auxiliary_logger.C.o[0m
[16.222s] [ 31%] [32m[1mLinking CXX executable run_auxiliary_logger[0m
[16.319s] [ 32%] [32mBuilding CXX object CMakeFiles/vrpnserver.dir/vrpn_LamportClock.C.o[0m
[16.326s] [ 32%] [32mBuilding CXX object CMakeFiles/vrpnserver.dir/vrpn_Mutex.C.o[0m
[16.438s] [ 32%] Built target run_auxiliary_logger
[16.461s] [35m[1mScanning dependencies of target vrpn_print_devices[0m
[16.468s] [ 33%] [32mBuilding CXX object CMakeFiles/vrpnserver.dir/vrpn_Poser.C.o[0m
[16.490s] [ 34%] [32mBuilding CXX object client_src/CMakeFiles/vrpn_print_devices.dir/vrpn_print_devices.C.o[0m
[16.981s] [ 34%] [32mBuilding CXX object CMakeFiles/vrpnserver.dir/vrpn_RedundantTransmission.C.o[0m
[17.195s] [ 34%] [32m[1mLinking CXX executable vrpn_print_devices[0m
[17.202s] In file included from [01m[K/usr/include/string.h:495[m[K,
[17.202s]                  from [01m[K/home/zq/colcon_ws/src/vrpn-ros2/vrpn_Mutex.C:2[m[K:
[17.202s] In function ‘[01m[Kchar* strncpy(char*, const char*, size_t)[m[K’,
[17.202s]     inlined from ‘[01m[Kvoid vrpn_PeerMutex::init(const char*)[m[K’ at [01m[K/home/zq/colcon_ws/src/vrpn-ros2/vrpn_Mutex.C:1393:12[m[K:
[17.203s] [01m[K/usr/include/x86_64-linux-gnu/bits/string_fortified.h:106:34:[m[K [01;35m[Kwarning: [m[K‘[01m[Kchar* __builtin_strncpy(char*, const char*, long unsigned int)[m[K’ specified bound depends on the length of the source argument [[01;35m[K-Wstringop-overflow=[m[K]
[17.203s]   106 |   return [01;35m[K__builtin___strncpy_chk (__dest, __src, __len, __bos (__dest))[m[K;
[17.203s]       |          [01;35m[K~~~~~~~~~~~~~~~~~~~~~~~~^~~~~~~~~~~~~~~~~~~~~~~~~~~~~~~~~~~~~~[m[K
[17.203s] [01m[K/home/zq/colcon_ws/src/vrpn-ros2/vrpn_Mutex.C:[m[K In member function ‘[01m[Kvoid vrpn_PeerMutex::init(const char*)[m[K’:
[17.203s] [01m[K/home/zq/colcon_ws/src/vrpn-ros2/vrpn_Mutex.C:1393:12:[m[K [01;36m[Knote: [m[Klength computed here
[17.204s]  1393 |     [01;36m[Kstrncpy(d_mutexName, name, strlen(name))[m[K;
[17.204s]       |     [01;36m[K~~~~~~~^~~~~~~~~~~~~~~~~~~~~~~~~~~~~~~~~[m[K
[17.317s] [ 35%] [32mBuilding CXX object CMakeFiles/vrpnserver.dir/vrpn_Serial.C.o[0m
[17.327s] [ 35%] [32mBuilding CXX object CMakeFiles/vrpnserver.dir/vrpn_SerialPort.C.o[0m
[17.438s] [ 35%] Built target vrpn_print_devices
[17.461s] [35m[1mScanning dependencies of target vrpn_print_performance[0m
[17.490s] [ 36%] [32mBuilding CXX object client_src/CMakeFiles/vrpn_print_performance.dir/vrpn_print_performance.C.o[0m
[17.591s] [ 37%] [32mBuilding CXX object CMakeFiles/vrpnserver.dir/vrpn_Shared.C.o[0m
[17.661s] [ 37%] [32mBuilding CXX object CMakeFiles/vrpnserver.dir/vrpn_SharedObject.C.o[0m
[18.011s] [ 38%] [32mBuilding CXX object CMakeFiles/vrpnserver.dir/vrpn_Sound.C.o[0m
[18.256s] [ 38%] [32m[1mLinking CXX executable vrpn_print_performance[0m
[18.309s] [ 38%] [32mBuilding CXX object CMakeFiles/vrpnserver.dir/vrpn_Text.C.o[0m
[18.493s] [ 38%] Built target vrpn_print_performance
[18.517s] [35m[1mScanning dependencies of target vrpn_print_messages[0m
[18.544s] [ 39%] [32mBuilding CXX object client_src/CMakeFiles/vrpn_print_messages.dir/vrpn_print_messages.C.o[0m
[18.717s] [ 40%] [32mBuilding CXX object CMakeFiles/vrpnserver.dir/vrpn_Thread.C.o[0m
[18.748s] [ 40%] [32mBuilding CXX object CMakeFiles/vrpnserver.dir/vrpn_Tracker.C.o[0m
[18.891s] [ 40%] [32m[1mLinking CXX executable vrpn_print_messages[0m
[19.043s] [ 40%] [32mBuilding CXX object CMakeFiles/vrpnserver.dir/vrpn_3DConnexion.C.o[0m
[19.111s] [ 40%] Built target vrpn_print_messages
[19.135s] [35m[1mScanning dependencies of target vrpn_average_analogs[0m
[19.168s] [ 40%] [32mBuilding CXX object client_src/CMakeFiles/vrpn_average_analogs.dir/vrpn_average_analogs.C.o[0m
[19.767s] [ 40%] [32m[1mLinking CXX executable vrpn_average_analogs[0m
[19.853s] [ 41%] [32mBuilding CXX object CMakeFiles/vrpnserver.dir/vrpn_3DMicroscribe.C.o[0m
[19.987s] [ 41%] Built target vrpn_average_analogs
[20.009s] [35m[1mScanning dependencies of target vrpn_streamPrint[0m
[20.043s] [ 42%] [32mBuilding CXX object util/printStream/CMakeFiles/vrpn_streamPrint.dir/vrpn_streamPrint.cpp.o[0m
[20.130s] [ 42%] [32mBuilding CXX object CMakeFiles/vrpnserver.dir/vrpn_3Space.C.o[0m
[20.408s] [ 43%] [32mBuilding CXX object CMakeFiles/vrpnserver.dir/vrpn_5DT16.C.o[0m
[20.490s] [ 43%] [32m[1mLinking CXX executable vrpn_streamPrint[0m
[20.709s] [ 43%] Built target vrpn_streamPrint
[20.709s] [ 43%] [32mBuilding CXX object CMakeFiles/vrpnserver.dir/vrpn_Adafruit.C.o[0m
[20.732s] [ 44%] [32mBuilding CXX object CMakeFiles/vrpnserver.dir/vrpn_ADBox.C.o[0m
[20.820s] [ 44%] [32mBuilding CXX object CMakeFiles/vrpnserver.dir/vrpn_Analog_5dt.C.o[0m
[20.991s] [ 45%] [32mBuilding CXX object CMakeFiles/vrpnserver.dir/vrpn_Analog_5dtUSB.C.o[0m
[21.210s] [ 45%] [32mBuilding CXX object CMakeFiles/vrpnserver.dir/vrpn_Analog_Radamec_SPI.C.o[0m
[21.439s] [ 46%] [32mBuilding CXX object CMakeFiles/vrpnserver.dir/vrpn_Analog_USDigital_A2.C.o[0m
[21.494s] [ 46%] [32mBuilding CXX object CMakeFiles/vrpnserver.dir/vrpn_Atmel.C.o[0m
[21.784s] [ 47%] [32mBuilding CXX object CMakeFiles/vrpnserver.dir/vrpn_BiosciencesTools.C.o[0m
[21.824s] [ 47%] [32mBuilding CXX object CMakeFiles/vrpnserver.dir/vrpn_Button_NI_DIO24.C.o[0m
[22.130s] [ 47%] [32mBuilding CXX object CMakeFiles/vrpnserver.dir/vrpn_Button_USB.cpp.o[0m
[22.179s] [ 48%] [32mBuilding CXX object CMakeFiles/vrpnserver.dir/vrpn_CerealBox.C.o[0m
[22.219s] [ 48%] [32mBuilding CXX object CMakeFiles/vrpnserver.dir/vrpn_CHProducts_Controller_Raw.C.o[0m
[22.331s] [ 49%] [32mBuilding CXX object CMakeFiles/vrpnserver.dir/vrpn_Contour.C.o[0m
[22.463s] [ 49%] [32mBuilding CXX object CMakeFiles/vrpnserver.dir/vrpn_DevInput.C.o[0m
[22.821s] [ 50%] [32mBuilding CXX object CMakeFiles/vrpnserver.dir/vrpn_DirectXFFJoystick.C.o[0m
[22.871s] [ 50%] [32mBuilding CXX object CMakeFiles/vrpnserver.dir/vrpn_DirectXRumblePad.C.o[0m
[22.916s] [ 51%] [32mBuilding CXX object CMakeFiles/vrpnserver.dir/vrpn_DreamCheeky.C.o[0m
[23.053s] [ 51%] [32mBuilding CXX object CMakeFiles/vrpnserver.dir/vrpn_Dyna.C.o[0m
[23.279s] [ 52%] [32mBuilding CXX object CMakeFiles/vrpnserver.dir/vrpn_Event_Analog.C.o[0m
[23.454s] [ 52%] [32mBuilding CXX object CMakeFiles/vrpnserver.dir/vrpn_Event.C.o[0m
[23.535s] [ 53%] [32mBuilding CXX object CMakeFiles/vrpnserver.dir/vrpn_Event_Mouse.C.o[0m
[23.605s] [ 53%] [32mBuilding CXX object CMakeFiles/vrpnserver.dir/vrpn_Flock.C.o[0m
[23.803s] [ 53%] [32mBuilding CXX object CMakeFiles/vrpnserver.dir/vrpn_Flock_Parallel.C.o[0m
[23.995s] [ 54%] [32mBuilding CXX object CMakeFiles/vrpnserver.dir/vrpn_ForceDeviceServer.C.o[0m
[24.210s] [ 54%] [32mBuilding CXX object CMakeFiles/vrpnserver.dir/vrpn_Freespace.C.o[0m
[24.251s] [ 55%] [32mBuilding CXX object CMakeFiles/vrpnserver.dir/vrpn_Futaba.C.o[0m
[24.369s] [ 55%] [32mBuilding CXX object CMakeFiles/vrpnserver.dir/vrpn_GlobalHapticsOrb.C.o[0m
[24.397s] [ 56%] [32mBuilding CXX object CMakeFiles/vrpnserver.dir/vrpn_Griffin.C.o[0m
[24.707s] [ 56%] [32mBuilding CXX object CMakeFiles/vrpnserver.dir/vrpn_HumanInterface.C.o[0m
[24.906s] [ 57%] [32mBuilding CXX object CMakeFiles/vrpnserver.dir/vrpn_IDEA.C.o[0m
[24.991s] [ 57%] [32mBuilding CXX object CMakeFiles/vrpnserver.dir/vrpn_Imager_Stream_Buffer.C.o[0m
[25.000s] [ 58%] [32mBuilding CXX object CMakeFiles/vrpnserver.dir/vrpn_ImmersionBox.C.o[0m
[25.134s] [ 58%] [32mBuilding CXX object CMakeFiles/vrpnserver.dir/vrpn_inertiamouse.C.o[0m
[25.715s] [ 59%] [32mBuilding CXX object CMakeFiles/vrpnserver.dir/vrpn_JoyFly.C.o[0m
[25.758s] [ 59%] [32mBuilding CXX object CMakeFiles/vrpnserver.dir/vrpn_Joylin.C.o[0m
[25.972s] [ 59%] [32mBuilding CXX object CMakeFiles/vrpnserver.dir/vrpn_Joywin32.C.o[0m
[26.014s] [ 60%] [32mBuilding CXX object CMakeFiles/vrpnserver.dir/vrpn_Keyboard.C.o[0m
[26.057s] [ 60%] [32mBuilding CXX object CMakeFiles/vrpnserver.dir/vrpn_Laputa.C.o[0m
[26.233s] [ 61%] [32mBuilding CXX object CMakeFiles/vrpnserver.dir/vrpn_LUDL.C.o[0m
[26.325s] [ 61%] [32mBuilding CXX object CMakeFiles/vrpnserver.dir/vrpn_Logitech_Controller_Raw.C.o[0m
[26.416s] [ 62%] [32mBuilding CXX object CMakeFiles/vrpnserver.dir/vrpn_Magellan.C.o[0m
[26.618s] [ 62%] [32mBuilding CXX object CMakeFiles/vrpnserver.dir/vrpn_Microsoft_Controller_Raw.C.o[0m
[26.951s] [ 63%] [32mBuilding CXX object CMakeFiles/vrpnserver.dir/vrpn_Mouse.C.o[0m
[27.060s] [ 63%] [32mBuilding CXX object CMakeFiles/vrpnserver.dir/vrpn_NationalInstruments.C.o[0m
[27.124s] [ 64%] [32mBuilding CXX object CMakeFiles/vrpnserver.dir/vrpn_Nidaq.C.o[0m
[27.169s] [ 64%] [32mBuilding CXX object CMakeFiles/vrpnserver.dir/vrpn_nikon_controls.C.o[0m
[27.445s] [ 65%] [32mBuilding CXX object CMakeFiles/vrpnserver.dir/vrpn_nVidia_shield_controller.C.o[0m
[27.713s] [ 65%] [32mBuilding CXX object CMakeFiles/vrpnserver.dir/vrpn_Oculus.C.o[0m
[27.844s] [ 66%] [32mBuilding CXX object CMakeFiles/vrpnserver.dir/vrpn_OzzMaker.C.o[0m
[28.348s] [ 66%] [32mBuilding CXX object CMakeFiles/vrpnserver.dir/vrpn_OmegaTemperature.C.o[0m
[28.434s] [ 66%] [32mBuilding CXX object CMakeFiles/vrpnserver.dir/vrpn_Poser_Analog.C.o[0m
[28.469s] [ 67%] [32mBuilding CXX object CMakeFiles/vrpnserver.dir/vrpn_Poser_Tek4662.C.o[0m
[28.687s] [ 67%] [32mBuilding CXX object CMakeFiles/vrpnserver.dir/vrpn_raw_sgibox.C.o[0m
[28.724s] [ 68%] [32mBuilding CXX object CMakeFiles/vrpnserver.dir/vrpn_Retrolink.C.o[0m
[28.831s] [01m[K/home/zq/colcon_ws/src/vrpn-ros2/vrpn_Poser_Tek4662.C:[m[K In member function ‘[01m[Kvoid vrpn_Poser_Tek4662::reset()[m[K’:
[28.831s] [01m[K/home/zq/colcon_ws/src/vrpn-ros2/vrpn_Poser_Tek4662.C:180:51:[m[K [01;35m[Kwarning: [m[K‘[01m[Kstrlen[m[K’ argument missing terminating nul [[01;35m[K-Wstringop-overflow=[m[K]
[28.831s]   180 |   vrpn_write_characters( d_serial_fd, GIN, strlen([01;35m[K(const char*)GIN[m[K) );
[28.831s]       |                                                   [01;35m[K^~~~~~~~~~~~~~~~[m[K
[28.832s] [01m[K/home/zq/colcon_ws/src/vrpn-ros2/vrpn_Poser_Tek4662.C:42:21:[m[K [01;36m[Knote: [m[Kreferenced argument declared here
[28.832s]    42 | const unsigned char [01;36m[KGIN[m[K[] = { ESC, DEVICE, 'M' };
[28.832s]       |                     [01;36m[K^~~[m[K
[28.835s] [01m[K/home/zq/colcon_ws/src/vrpn-ros2/vrpn_Poser_Tek4662.C:[m[K In member function ‘[01m[Kvoid vrpn_Poser_Tek4662::run()[m[K’:
[28.836s] [01m[K/home/zq/colcon_ws/src/vrpn-ros2/vrpn_Poser_Tek4662.C:256:52:[m[K [01;35m[Kwarning: [m[K‘[01m[Kstrlen[m[K’ argument missing terminating nul [[01;35m[K-Wstringop-overflow=[m[K]
[28.836s]   256 |     vrpn_write_characters(d_serial_fd, GIN, strlen([01;35m[K(const char*)GIN[m[K) );
[28.837s]       |                                                    [01;35m[K^~~~~~~~~~~~~~~~[m[K
[28.837s] [01m[K/home/zq/colcon_ws/src/vrpn-ros2/vrpn_Poser_Tek4662.C:42:21:[m[K [01;36m[Knote: [m[Kreferenced argument declared here
[28.837s]    42 | const unsigned char [01;36m[KGIN[m[K[] = { ESC, DEVICE, 'M' };
[28.837s]       |                     [01;36m[K^~~[m[K
[28.838s] [01m[K/home/zq/colcon_ws/src/vrpn-ros2/vrpn_Poser_Tek4662.C:341:54:[m[K [01;35m[Kwarning: [m[K‘[01m[Kstrlen[m[K’ argument missing terminating nul [[01;35m[K-Wstringop-overflow=[m[K]
[28.838s]   341 |       vrpn_write_characters(d_serial_fd, GIN, strlen([01;35m[K(const char*)GIN[m[K) );
[28.838s]       |                                                      [01;35m[K^~~~~~~~~~~~~~~~[m[K
[28.838s] [01m[K/home/zq/colcon_ws/src/vrpn-ros2/vrpn_Poser_Tek4662.C:42:21:[m[K [01;36m[Knote: [m[Kreferenced argument declared here
[28.839s]    42 | const unsigned char [01;36m[KGIN[m[K[] = { ESC, DEVICE, 'M' };
[28.839s]       |                     [01;36m[K^~~[m[K
[28.852s] [01m[K/home/zq/colcon_ws/src/vrpn-ros2/vrpn_Poser_Tek4662.C:[m[K In member function ‘[01m[Kvoid vrpn_Poser_Tek4662::reset()[m[K’:
[28.852s] [01m[K/home/zq/colcon_ws/src/vrpn-ros2/vrpn_Poser_Tek4662.C:180:64:[m[K [01;35m[Kwarning: [m[K‘[01m[Kstrlen[m[K’ argument missing terminating nul [[01;35m[K-Wstringop-overflow=[m[K]
[28.852s]   180 |   vrpn_write_characters( d_serial_fd, GIN, strlen((const char*)[01;35m[KGIN[m[K) );
[28.853s]       |                                                                [01;35m[K^~~[m[K
[28.853s] [01m[K/home/zq/colcon_ws/src/vrpn-ros2/vrpn_Poser_Tek4662.C:42:21:[m[K [01;36m[Knote: [m[Kreferenced argument declared here
[28.854s]    42 | const unsigned char [01;36m[KGIN[m[K[] = { ESC, DEVICE, 'M' };
[28.854s]       |                     [01;36m[K^~~[m[K
[28.858s] [01m[K/home/zq/colcon_ws/src/vrpn-ros2/vrpn_Poser_Tek4662.C:[m[K In member function ‘[01m[Kvoid vrpn_Poser_Tek4662::run()[m[K’:
[28.858s] [01m[K/home/zq/colcon_ws/src/vrpn-ros2/vrpn_Poser_Tek4662.C:256:65:[m[K [01;35m[Kwarning: [m[K‘[01m[Kstrlen[m[K’ argument missing terminating nul [[01;35m[K-Wstringop-overflow=[m[K]
[28.858s]   256 |     vrpn_write_characters(d_serial_fd, GIN, strlen((const char*)[01;35m[KGIN[m[K) );
[28.858s]       |                                                                 [01;35m[K^~~[m[K
[28.859s] [01m[K/home/zq/colcon_ws/src/vrpn-ros2/vrpn_Poser_Tek4662.C:42:21:[m[K [01;36m[Knote: [m[Kreferenced argument declared here
[28.859s]    42 | const unsigned char [01;36m[KGIN[m[K[] = { ESC, DEVICE, 'M' };
[28.859s]       |                     [01;36m[K^~~[m[K
[28.860s] [01m[K/home/zq/colcon_ws/src/vrpn-ros2/vrpn_Poser_Tek4662.C:341:67:[m[K [01;35m[Kwarning: [m[K‘[01m[Kstrlen[m[K’ argument missing terminating nul [[01;35m[K-Wstringop-overflow=[m[K]
[28.861s]   341 |       vrpn_write_characters(d_serial_fd, GIN, strlen((const char*)[01;35m[KGIN[m[K) );
[28.861s]       |                                                                   [01;35m[K^~~[m[K
[28.861s] [01m[K/home/zq/colcon_ws/src/vrpn-ros2/vrpn_Poser_Tek4662.C:42:21:[m[K [01;36m[Knote: [m[Kreferenced argument declared here
[28.861s]    42 | const unsigned char [01;36m[KGIN[m[K[] = { ESC, DEVICE, 'M' };
[28.861s]       |                     [01;36m[K^~~[m[K
[29.090s] [ 68%] [32mBuilding CXX object CMakeFiles/vrpnserver.dir/vrpn_Saitek_Controller_Raw.C.o[0m
[29.178s] [ 69%] [32mBuilding CXX object CMakeFiles/vrpnserver.dir/vrpn_sgibox.C.o[0m
[29.222s] [ 69%] [32mBuilding CXX object CMakeFiles/vrpnserver.dir/vrpn_Spaceball.C.o[0m
[29.241s] [ 70%] [32mBuilding CXX object CMakeFiles/vrpnserver.dir/vrpn_Streaming_Arduino.C.o[0m
[29.639s] [ 70%] [32mBuilding CXX object CMakeFiles/vrpnserver.dir/vrpn_Tng3.C.o[0m
[29.739s] [ 71%] [32mBuilding CXX object CMakeFiles/vrpnserver.dir/vrpn_Tracker_3DMouse.C.o[0m
[29.855s] [ 71%] [32mBuilding CXX object CMakeFiles/vrpnserver.dir/vrpn_Tracker_AnalogFly.C.o[0m
[30.250s] [ 72%] [32mBuilding CXX object CMakeFiles/vrpnserver.dir/vrpn_Tracker_ButtonFly.C.o[0m
[30.386s] [ 72%] [32mBuilding CXX object CMakeFiles/vrpnserver.dir/vrpn_Tracker_Crossbow.C.o[0m
[30.726s] [ 72%] [32mBuilding CXX object CMakeFiles/vrpnserver.dir/vrpn_Tracker_DTrack.C.o[0m
[30.779s] [ 73%] [32mBuilding CXX object CMakeFiles/vrpnserver.dir/vrpn_Tracker_Fastrak.C.o[0m
[31.044s] [ 73%] [32mBuilding CXX object CMakeFiles/vrpnserver.dir/vrpn_Tracker_Filter.C.o[0m
[31.066s] [ 74%] [32mBuilding CXX object CMakeFiles/vrpnserver.dir/vrpn_Tracker_GameTrak.C.o[0m
[31.595s] [ 74%] [32mBuilding CXX object CMakeFiles/vrpnserver.dir/vrpn_Tracker_GPS.C.o[0m
[31.632s] [ 75%] [32mBuilding CXX object CMakeFiles/vrpnserver.dir/vrpn_Tracker_IMU.C.o[0m
[32.402s] [ 75%] [32mBuilding CXX object CMakeFiles/vrpnserver.dir/vrpn_Tracker_isense.C.o[0m
[32.450s] [ 76%] [32mBuilding CXX object CMakeFiles/vrpnserver.dir/vrpn_Tracker_Isotrak.C.o[0m
[32.726s] [ 76%] [32mBuilding CXX object CMakeFiles/vrpnserver.dir/vrpn_Tracker_JsonNet.C.o[0m
[32.840s] [ 77%] [32mBuilding CXX object CMakeFiles/vrpnserver.dir/vrpn_Tracker_Liberty.C.o[0m
[32.986s] [ 77%] [32mBuilding CXX object CMakeFiles/vrpnserver.dir/vrpn_Tracker_MotionNode.C.o[0m
[33.142s] [ 78%] [32mBuilding CXX object CMakeFiles/vrpnserver.dir/vrpn_Tracker_NDI_Polaris.C.o[0m
[33.320s] [ 78%] [32mBuilding CXX object CMakeFiles/vrpnserver.dir/vrpn_Tracker_NovintFalcon.C.o[0m
[33.365s] [ 78%] [32mBuilding CXX object CMakeFiles/vrpnserver.dir/vrpn_Tracker_OSVRHackerDevKit.C.o[0m
[33.569s] [ 79%] [32mBuilding CXX object CMakeFiles/vrpnserver.dir/vrpn_Tracker_PDI.C.o[0m
[33.712s] [ 79%] [32mBuilding CXX object CMakeFiles/vrpnserver.dir/vrpn_Tracker_PhaseSpace.C.o[0m
[33.903s] [ 80%] [32mBuilding CXX object CMakeFiles/vrpnserver.dir/vrpn_Tracker_RazerHydra.C.o[0m
[34.319s] [ 80%] [32mBuilding CXX object CMakeFiles/vrpnserver.dir/vrpn_Tracker_ThalmicLabsMyo.C.o[0m
[34.366s] [ 81%] [32mBuilding CXX object CMakeFiles/vrpnserver.dir/vrpn_Tracker_SpacePoint.C.o[0m
[34.606s] [ 81%] [32mBuilding CXX object CMakeFiles/vrpnserver.dir/vrpn_Tracker_Wintracker.C.o[0m
[34.923s] [ 82%] [32mBuilding CXX object CMakeFiles/vrpnserver.dir/vrpn_Tracker_Colibri.C.o[0m
[35.066s] [ 82%] [32mBuilding CXX object CMakeFiles/vrpnserver.dir/vrpn_Tracker_TrivisioColibri.C.o[0m
[35.109s] [ 83%] [32mBuilding CXX object CMakeFiles/vrpnserver.dir/vrpn_Tracker_WiimoteHead.C.o[0m
[35.438s] [ 83%] [32mBuilding CXX object CMakeFiles/vrpnserver.dir/vrpn_Tracker_zSight.C.o[0m
[35.482s] [ 84%] [32mBuilding CXX object CMakeFiles/vrpnserver.dir/vrpn_Tracker_ViewPoint.C.o[0m
[35.526s] [ 84%] [32mBuilding CXX object CMakeFiles/vrpnserver.dir/vrpn_UNC_Joystick.C.o[0m
[35.713s] [ 84%] [32mBuilding CXX object CMakeFiles/vrpnserver.dir/vrpn_VPJoystick.C.o[0m
[35.995s] [ 85%] [32mBuilding CXX object CMakeFiles/vrpnserver.dir/vrpn_Wanda.C.o[0m
[36.110s] [ 85%] [32mBuilding CXX object CMakeFiles/vrpnserver.dir/vrpn_WiiMote.C.o[0m
[36.154s] [ 86%] [32mBuilding CXX object CMakeFiles/vrpnserver.dir/vrpn_XInputGamepad.C.o[0m
[36.198s] [ 86%] [32mBuilding CXX object CMakeFiles/vrpnserver.dir/vrpn_Xkeys.C.o[0m
[36.251s] [ 87%] [32mBuilding CXX object CMakeFiles/vrpnserver.dir/vrpn_Tracker_LibertyHS.C.o[0m
[36.299s] [ 87%] [32mBuilding CXX object CMakeFiles/vrpnserver.dir/vrpn_YEI_3Space.C.o[0m
[36.561s] [ 88%] [32mBuilding CXX object CMakeFiles/vrpnserver.dir/vrpn_Zaber.C.o[0m
[37.034s] [ 88%] [32mBuilding CXX object CMakeFiles/vrpnserver.dir/server_src/vrpn_Generic_server_object.C.o[0m
[37.184s] [ 89%] [32mBuilding C object CMakeFiles/vrpnserver.dir/submodules/hidapi/libusb/hid.c.o[0m
[37.455s] [ 89%] [32mBuilding CXX object CMakeFiles/vrpnserver.dir/submodules/jsoncpp/src/lib_json/json_reader.cpp.o[0m
[37.695s] [ 90%] [32mBuilding CXX object CMakeFiles/vrpnserver.dir/submodules/jsoncpp/src/lib_json/json_value.cpp.o[0m
[38.491s] [ 90%] [32mBuilding CXX object CMakeFiles/vrpnserver.dir/submodules/jsoncpp/src/lib_json/json_writer.cpp.o[0m
[45.491s] [ 91%] [32m[1mLinking CXX static library libvrpnserver.a[0m
[45.843s] [ 91%] Built target vrpnserver
[45.860s] [35m[1mScanning dependencies of target vrpn-python[0m
[45.860s] [35m[1mScanning dependencies of target vrpn_server[0m
[45.880s] [ 92%] [32mBuilding CXX object server_src/CMakeFiles/vrpn_server.dir/vrpn.C.o[0m
[45.975s] [ 93%] [32mBuilding CXX object python/CMakeFiles/vrpn-python.dir/Device.cpp.o[0m
[45.976s] [ 93%] [32mBuilding CXX object python/CMakeFiles/vrpn-python.dir/Base.cpp.o[0m
[45.978s] [ 93%] [32mBuilding CXX object python/CMakeFiles/vrpn-python.dir/Connection.cpp.o[0m
[46.777s] [ 93%] [32m[1mLinking CXX executable vrpn_server[0m
[46.844s] [ 94%] [32mBuilding CXX object python/CMakeFiles/vrpn-python.dir/callback.cpp.o[0m
[46.905s] [ 94%] [32mBuilding CXX object python/CMakeFiles/vrpn-python.dir/interface.cpp.o[0m
[47.253s] [ 95%] [32mBuilding CXX object python/CMakeFiles/vrpn-python.dir/quaternion/quaternion.cpp.o[0m
[47.522s] [ 95%] Built target vrpn_server
[47.541s] [ 95%] [32mBuilding CXX object python/CMakeFiles/vrpn-python.dir/receiver/Analog.cpp.o[0m
[47.746s] [ 96%] [32mBuilding CXX object python/CMakeFiles/vrpn-python.dir/receiver/Button.cpp.o[0m
[48.021s] [ 96%] [32mBuilding CXX object python/CMakeFiles/vrpn-python.dir/receiver/Dial.cpp.o[0m
[48.211s] [ 97%] [32mBuilding CXX object python/CMakeFiles/vrpn-python.dir/receiver/Text_Receiver.cpp.o[0m
[48.739s] [ 97%] [32mBuilding CXX object python/CMakeFiles/vrpn-python.dir/receiver/Tracker.cpp.o[0m
[48.955s] [ 97%] [32mBuilding CXX object python/CMakeFiles/vrpn-python.dir/receiver/receiver.cpp.o[0m
[49.186s] [ 98%] [32mBuilding CXX object python/CMakeFiles/vrpn-python.dir/sender/Poser.cpp.o[0m
[49.431s] [ 98%] [32mBuilding CXX object python/CMakeFiles/vrpn-python.dir/sender/Text_Sender.cpp.o[0m
[50.585s] [ 99%] [32mBuilding CXX object python/CMakeFiles/vrpn-python.dir/sender/sender.cpp.o[0m
[50.603s] [ 99%] [32mBuilding CXX object python/CMakeFiles/vrpn-python.dir/tools.cpp.o[0m
[51.713s] [100%] [32m[1mLinking CXX shared module vrpn.so[0m
[51.926s] [100%] Built target vrpn-python
[51.945s] Invoked command in '/home/zq/colcon_ws/build/vrpn' returned '0': CMAKE_PREFIX_PATH=${CMAKE_PREFIX_PATH}:/opt/ros/foxy /usr/bin/cmake --build /home/zq/colcon_ws/build/vrpn -- -j4 -l4
[52.382s] Invoking command in '/home/zq/colcon_ws/build/vrpn': CMAKE_PREFIX_PATH=${CMAKE_PREFIX_PATH}:/opt/ros/foxy /usr/bin/cmake --install /home/zq/colcon_ws/build/vrpn
[52.394s] -- Install configuration: "RelWithDebInfo"
[52.394s] -- Installing: /home/zq/colcon_ws/install/vrpn/lib/libvrpnserver.a
[52.441s] -- Installing: /home/zq/colcon_ws/install/vrpn/include/vrpn_Configure.h
[52.441s] -- Installing: /home/zq/colcon_ws/install/vrpn/include/vrpn_Analog.h
[52.442s] -- Installing: /home/zq/colcon_ws/install/vrpn/include/vrpn_Analog_Output.h
[52.442s] -- Installing: /home/zq/colcon_ws/install/vrpn/include/vrpn_Assert.h
[52.442s] -- Installing: /home/zq/colcon_ws/install/vrpn/include/vrpn_Auxiliary_Logger.h
[52.442s] -- Installing: /home/zq/colcon_ws/install/vrpn/include/vrpn_BaseClass.h
[52.442s] -- Installing: /home/zq/colcon_ws/install/vrpn/include/vrpn_Button.h
[52.443s] -- Installing: /home/zq/colcon_ws/install/vrpn/include/vrpn_Connection.h
[52.443s] -- Installing: /home/zq/colcon_ws/install/vrpn/include/vrpn_ConnectionPtr.h
[52.445s] -- Installing: /home/zq/colcon_ws/install/vrpn/include/vrpn_Dial.h
[52.446s] -- Installing: /home/zq/colcon_ws/install/vrpn/include/vrpn_EndpointContainer.h
[52.446s] -- Installing: /home/zq/colcon_ws/install/vrpn/include/vrpn_FileConnection.h
[52.447s] -- Installing: /home/zq/colcon_ws/install/vrpn/include/vrpn_FileController.h
[52.447s] -- Installing: /home/zq/colcon_ws/install/vrpn/include/vrpn_ForceDevice.h
[52.448s] -- Installing: /home/zq/colcon_ws/install/vrpn/include/vrpn_ForwarderController.h
[52.449s] -- Installing: /home/zq/colcon_ws/install/vrpn/include/vrpn_Forwarder.h
[52.449s] -- Installing: /home/zq/colcon_ws/install/vrpn/include/vrpn_FunctionGenerator.h
[52.450s] -- Installing: /home/zq/colcon_ws/install/vrpn/include/vrpn_Imager.h
[52.451s] -- Installing: /home/zq/colcon_ws/install/vrpn/include/vrpn_LamportClock.h
[52.451s] -- Installing: /home/zq/colcon_ws/install/vrpn/include/vrpn_Log.h
[52.452s] -- Installing: /home/zq/colcon_ws/install/vrpn/include/vrpn_MainloopContainer.h
[52.452s] -- Installing: /home/zq/colcon_ws/install/vrpn/include/vrpn_MainloopObject.h
[52.453s] -- Installing: /home/zq/colcon_ws/install/vrpn/include/vrpn_Mutex.h
[52.453s] -- Installing: /home/zq/colcon_ws/install/vrpn/include/vrpn_OwningPtr.h
[52.455s] -- Installing: /home/zq/colcon_ws/install/vrpn/include/vrpn_RedundantTransmission.h
[52.455s] -- Installing: /home/zq/colcon_ws/install/vrpn/include/vrpn_SendTextMessageStreamProxy.h
[52.456s] -- Installing: /home/zq/colcon_ws/install/vrpn/include/vrpn_Serial.h
[52.456s] -- Installing: /home/zq/colcon_ws/install/vrpn/include/vrpn_SerialPort.h
[52.457s] -- Installing: /home/zq/colcon_ws/install/vrpn/include/vrpn_Shared.h
[52.457s] -- Installing: /home/zq/colcon_ws/install/vrpn/include/vrpn_SharedObject.h
[52.458s] -- Installing: /home/zq/colcon_ws/install/vrpn/include/vrpn_Sound.h
[52.458s] -- Installing: /home/zq/colcon_ws/install/vrpn/include/vrpn_Text.h
[52.459s] -- Installing: /home/zq/colcon_ws/install/vrpn/include/vrpn_Thread.h
[52.459s] -- Installing: /home/zq/colcon_ws/install/vrpn/include/vrpn_Tracker.h
[52.459s] -- Installing: /home/zq/colcon_ws/install/vrpn/include/vrpn_Types.h
[52.459s] -- Installing: /home/zq/colcon_ws/install/vrpn/include/vrpn_WindowsH.h
[52.460s] -- Installing: /home/zq/colcon_ws/install/vrpn/include/vrpn_3DConnexion.h
[52.460s] -- Installing: /home/zq/colcon_ws/install/vrpn/include/vrpn_3DMicroscribe.h
[52.461s] -- Installing: /home/zq/colcon_ws/install/vrpn/include/vrpn_3Space.h
[52.461s] -- Installing: /home/zq/colcon_ws/install/vrpn/include/vrpn_5DT16.h
[52.461s] -- Installing: /home/zq/colcon_ws/install/vrpn/include/vrpn_Adafruit.h
[52.462s] -- Installing: /home/zq/colcon_ws/install/vrpn/include/vrpn_ADBox.h
[52.462s] -- Installing: /home/zq/colcon_ws/install/vrpn/include/vrpn_Analog_5dt.h
[52.462s] -- Installing: /home/zq/colcon_ws/install/vrpn/include/vrpn_Analog_5dtUSB.h
[52.463s] -- Installing: /home/zq/colcon_ws/install/vrpn/include/vrpn_Analog_Radamec_SPI.h
[52.463s] -- Installing: /home/zq/colcon_ws/install/vrpn/include/vrpn_Analog_USDigital_A2.h
[52.463s] -- Installing: /home/zq/colcon_ws/install/vrpn/include/vrpn_Atmel.h
[52.464s] -- Installing: /home/zq/colcon_ws/install/vrpn/include/vrpn_BiosciencesTools.h
[52.464s] -- Installing: /home/zq/colcon_ws/install/vrpn/include/vrpn_Button_NI_DIO24.h
[52.464s] -- Installing: /home/zq/colcon_ws/install/vrpn/include/vrpn_Button_USB.h
[52.464s] -- Installing: /home/zq/colcon_ws/install/vrpn/include/vrpn_CerealBox.h
[52.465s] -- Installing: /home/zq/colcon_ws/install/vrpn/include/vrpn_CHProducts_Controller_Raw.h
[52.465s] -- Installing: /home/zq/colcon_ws/install/vrpn/include/vrpn_Contour.h
[52.465s] -- Installing: /home/zq/colcon_ws/install/vrpn/include/vrpn_DevInput.h
[52.465s] -- Installing: /home/zq/colcon_ws/install/vrpn/include/vrpn_DirectXFFJoystick.h
[52.466s] -- Installing: /home/zq/colcon_ws/install/vrpn/include/vrpn_DirectXRumblePad.h
[52.466s] -- Installing: /home/zq/colcon_ws/install/vrpn/include/vrpn_DreamCheeky.h
[52.466s] -- Installing: /home/zq/colcon_ws/install/vrpn/include/vrpn_Dyna.h
[52.467s] -- Installing: /home/zq/colcon_ws/install/vrpn/include/vrpn_Event_Analog.h
[52.467s] -- Installing: /home/zq/colcon_ws/install/vrpn/include/vrpn_Event.h
[52.467s] -- Installing: /home/zq/colcon_ws/install/vrpn/include/vrpn_Event_Mouse.h
[52.467s] -- Installing: /home/zq/colcon_ws/install/vrpn/include/vrpn_Flock.h
[52.467s] -- Installing: /home/zq/colcon_ws/install/vrpn/include/vrpn_Flock_Parallel.h
[52.468s] -- Installing: /home/zq/colcon_ws/install/vrpn/include/vrpn_ForceDeviceServer.h
[52.468s] -- Installing: /home/zq/colcon_ws/install/vrpn/include/vrpn_Freespace.h
[52.468s] -- Up-to-date: /home/zq/colcon_ws/install/vrpn/include/vrpn_FunctionGenerator.h
[52.468s] -- Installing: /home/zq/colcon_ws/install/vrpn/include/vrpn_Futaba.h
[52.469s] -- Installing: /home/zq/colcon_ws/install/vrpn/include/vrpn_GlobalHapticsOrb.h
[52.469s] -- Installing: /home/zq/colcon_ws/install/vrpn/include/vrpn_Griffin.h
[52.469s] -- Installing: /home/zq/colcon_ws/install/vrpn/include/vrpn_HashST.h
[52.470s] -- Installing: /home/zq/colcon_ws/install/vrpn/include/vrpn_HumanInterface.h
[52.470s] -- Installing: /home/zq/colcon_ws/install/vrpn/include/vrpn_IDEA.h
[52.470s] -- Installing: /home/zq/colcon_ws/install/vrpn/include/vrpn_Imager_Stream_Buffer.h
[52.470s] -- Installing: /home/zq/colcon_ws/install/vrpn/include/vrpn_ImmersionBox.h
[52.471s] -- Installing: /home/zq/colcon_ws/install/vrpn/include/vrpn_inertiamouse.h
[52.471s] -- Installing: /home/zq/colcon_ws/install/vrpn/include/vrpn_JoyFly.h
[52.471s] -- Installing: /home/zq/colcon_ws/install/vrpn/include/vrpn_Joylin.h
[52.471s] -- Installing: /home/zq/colcon_ws/install/vrpn/include/vrpn_Joywin32.h
[52.471s] -- Installing: /home/zq/colcon_ws/install/vrpn/include/vrpn_Keyboard.h
[52.472s] -- Installing: /home/zq/colcon_ws/install/vrpn/include/vrpn_Logitech_Controller_Raw.h
[52.472s] -- Installing: /home/zq/colcon_ws/install/vrpn/include/vrpn_Laputa.h
[52.473s] -- Installing: /home/zq/colcon_ws/install/vrpn/include/vrpn_LUDL.h
[52.473s] -- Installing: /home/zq/colcon_ws/install/vrpn/include/vrpn_Magellan.h
[52.473s] -- Installing: /home/zq/colcon_ws/install/vrpn/include/vrpn_MessageMacros.h
[52.474s] -- Installing: /home/zq/colcon_ws/install/vrpn/include/vrpn_Microsoft_Controller_Raw.h
[52.474s] -- Installing: /home/zq/colcon_ws/install/vrpn/include/vrpn_Mouse.h
[52.475s] -- Installing: /home/zq/colcon_ws/install/vrpn/include/vrpn_NationalInstruments.h
[52.475s] -- Installing: /home/zq/colcon_ws/install/vrpn/include/vrpn_Nidaq.h
[52.475s] -- Installing: /home/zq/colcon_ws/install/vrpn/include/vrpn_nikon_controls.h
[52.476s] -- Installing: /home/zq/colcon_ws/install/vrpn/include/vrpn_nVidia_shield_controller.h
[52.476s] -- Installing: /home/zq/colcon_ws/install/vrpn/include/vrpn_Oculus.h
[52.476s] -- Installing: /home/zq/colcon_ws/install/vrpn/include/vrpn_OmegaTemperature.h
[52.477s] -- Installing: /home/zq/colcon_ws/install/vrpn/include/vrpn_OneEuroFilter.h
[52.477s] -- Installing: /home/zq/colcon_ws/install/vrpn/include/vrpn_OzzMaker.h
[52.477s] -- Installing: /home/zq/colcon_ws/install/vrpn/include/vrpn_Poser_Analog.h
[52.478s] -- Installing: /home/zq/colcon_ws/install/vrpn/include/vrpn_Poser.h
[52.478s] -- Installing: /home/zq/colcon_ws/install/vrpn/include/vrpn_Poser_Tek4662.h
[52.478s] -- Installing: /home/zq/colcon_ws/install/vrpn/include/vrpn_raw_sgibox.h
[52.478s] -- Installing: /home/zq/colcon_ws/install/vrpn/include/vrpn_Retrolink.h
[52.479s] -- Installing: /home/zq/colcon_ws/install/vrpn/include/vrpn_Saitek_Controller_Raw.h
[52.479s] -- Installing: /home/zq/colcon_ws/install/vrpn/include/vrpn_sgibox.h
[52.479s] -- Installing: /home/zq/colcon_ws/install/vrpn/include/vrpn_Spaceball.h
[52.479s] -- Installing: /home/zq/colcon_ws/install/vrpn/include/vrpn_Streaming_Arduino.h
[52.479s] -- Installing: /home/zq/colcon_ws/install/vrpn/include/vrpn_Tng3.h
[52.480s] -- Installing: /home/zq/colcon_ws/install/vrpn/include/vrpn_Tracker_3DMouse.h
[52.480s] -- Installing: /home/zq/colcon_ws/install/vrpn/include/vrpn_Tracker_AnalogFly.h
[52.480s] -- Installing: /home/zq/colcon_ws/install/vrpn/include/vrpn_Tracker_ButtonFly.h
[52.480s] -- Installing: /home/zq/colcon_ws/install/vrpn/include/vrpn_Tracker_Crossbow.h
[52.480s] -- Installing: /home/zq/colcon_ws/install/vrpn/include/vrpn_Tracker_DTrack.h
[52.481s] -- Installing: /home/zq/colcon_ws/install/vrpn/include/vrpn_Tracker_Fastrak.h
[52.481s] -- Installing: /home/zq/colcon_ws/install/vrpn/include/vrpn_Tracker_Filter.h
[52.481s] -- Installing: /home/zq/colcon_ws/install/vrpn/include/vrpn_Tracker_GameTrak.h
[52.481s] -- Installing: /home/zq/colcon_ws/install/vrpn/include/vrpn_Tracker_GPS.h
[52.481s] -- Installing: /home/zq/colcon_ws/install/vrpn/include/vrpn_Tracker_IMU.h
[52.481s] -- Installing: /home/zq/colcon_ws/install/vrpn/include/vrpn_Tracker_isense.h
[52.482s] -- Installing: /home/zq/colcon_ws/install/vrpn/include/vrpn_Tracker_Isotrak.h
[52.482s] -- Installing: /home/zq/colcon_ws/install/vrpn/include/vrpn_Tracker_JsonNet.h
[52.482s] -- Installing: /home/zq/colcon_ws/install/vrpn/include/vrpn_Tracker_Liberty.h
[52.482s] -- Installing: /home/zq/colcon_ws/install/vrpn/include/vrpn_Tracker_MotionNode.h
[52.483s] -- Installing: /home/zq/colcon_ws/install/vrpn/include/vrpn_Tracker_NDI_Polaris.h
[52.483s] -- Installing: /home/zq/colcon_ws/install/vrpn/include/vrpn_Tracker_NovintFalcon.h
[52.483s] -- Installing: /home/zq/colcon_ws/install/vrpn/include/vrpn_Tracker_OSVRHackerDevKit.h
[52.483s] -- Installing: /home/zq/colcon_ws/install/vrpn/include/vrpn_Tracker_PDI.h
[52.483s] -- Installing: /home/zq/colcon_ws/install/vrpn/include/vrpn_Tracker_PhaseSpace.h
[52.483s] -- Installing: /home/zq/colcon_ws/install/vrpn/include/vrpn_Tracker_RazerHydra.h
[52.483s] -- Installing: /home/zq/colcon_ws/install/vrpn/include/vrpn_Tracker_ThalmicLabsMyo.h
[52.484s] -- Installing: /home/zq/colcon_ws/install/vrpn/include/vrpn_Tracker_SpacePoint.h
[52.484s] -- Installing: /home/zq/colcon_ws/install/vrpn/include/vrpn_Tracker_Wintracker.h
[52.484s] -- Installing: /home/zq/colcon_ws/install/vrpn/include/vrpn_Tracker_Colibri.h
[52.484s] -- Installing: /home/zq/colcon_ws/install/vrpn/include/vrpn_Tracker_TrivisioColibri.h
[52.484s] -- Installing: /home/zq/colcon_ws/install/vrpn/include/vrpn_Tracker_WiimoteHead.h
[52.484s] -- Installing: /home/zq/colcon_ws/install/vrpn/include/vrpn_Tracker_zSight.h
[52.484s] -- Installing: /home/zq/colcon_ws/install/vrpn/include/vrpn_Tracker_ViewPoint.h
[52.485s] -- Installing: /home/zq/colcon_ws/install/vrpn/include/vrpn_UNC_Joystick.h
[52.485s] -- Installing: /home/zq/colcon_ws/install/vrpn/include/vrpn_VPJoystick.h
[52.485s] -- Installing: /home/zq/colcon_ws/install/vrpn/include/vrpn_Wanda.h
[52.485s] -- Installing: /home/zq/colcon_ws/install/vrpn/include/vrpn_WiiMote.h
[52.485s] -- Installing: /home/zq/colcon_ws/install/vrpn/include/vrpn_XInputGamepad.h
[52.485s] -- Installing: /home/zq/colcon_ws/install/vrpn/include/vrpn_Xkeys.h
[52.485s] -- Installing: /home/zq/colcon_ws/install/vrpn/include/vrpn_Tracker_LibertyHS.h
[52.486s] -- Installing: /home/zq/colcon_ws/install/vrpn/include/vrpn_YEI_3Space.h
[52.486s] -- Installing: /home/zq/colcon_ws/install/vrpn/include/vrpn_Zaber.h
[52.486s] -- Installing: /home/zq/colcon_ws/install/vrpn/include/vrpn_Generic_server_object.h
[52.486s] -- Installing: /home/zq/colcon_ws/install/vrpn/share/vrpn/package.xml
[52.486s] -- Installing: /home/zq/colcon_ws/install/vrpn/share/vrpn/cmake/VRPNConfig.cmake
[52.486s] -- Installing: /home/zq/colcon_ws/install/vrpn/share/quatlib/cmake/quatlibConfig.cmake
[52.486s] -- Installing: /home/zq/colcon_ws/install/vrpn/lib/libvrpn.a
[52.495s] -- Up-to-date: /home/zq/colcon_ws/install/vrpn/include/vrpn_Configure.h
[52.495s] -- Up-to-date: /home/zq/colcon_ws/install/vrpn/include/vrpn_Analog.h
[52.496s] -- Up-to-date: /home/zq/colcon_ws/install/vrpn/include/vrpn_Analog_Output.h
[52.496s] -- Up-to-date: /home/zq/colcon_ws/install/vrpn/include/vrpn_Assert.h
[52.496s] -- Up-to-date: /home/zq/colcon_ws/install/vrpn/include/vrpn_Auxiliary_Logger.h
[52.496s] -- Up-to-date: /home/zq/colcon_ws/install/vrpn/include/vrpn_BaseClass.h
[52.496s] -- Up-to-date: /home/zq/colcon_ws/install/vrpn/include/vrpn_Button.h
[52.497s] -- Up-to-date: /home/zq/colcon_ws/install/vrpn/include/vrpn_Connection.h
[52.497s] -- Up-to-date: /home/zq/colcon_ws/install/vrpn/include/vrpn_ConnectionPtr.h
[52.497s] -- Up-to-date: /home/zq/colcon_ws/install/vrpn/include/vrpn_Dial.h
[52.497s] -- Up-to-date: /home/zq/colcon_ws/install/vrpn/include/vrpn_EndpointContainer.h
[52.497s] -- Up-to-date: /home/zq/colcon_ws/install/vrpn/include/vrpn_FileConnection.h
[52.497s] -- Up-to-date: /home/zq/colcon_ws/install/vrpn/include/vrpn_FileController.h
[52.498s] -- Up-to-date: /home/zq/colcon_ws/install/vrpn/include/vrpn_ForceDevice.h
[52.498s] -- Up-to-date: /home/zq/colcon_ws/install/vrpn/include/vrpn_ForwarderController.h
[52.498s] -- Up-to-date: /home/zq/colcon_ws/install/vrpn/include/vrpn_Forwarder.h
[52.498s] -- Up-to-date: /home/zq/colcon_ws/install/vrpn/include/vrpn_FunctionGenerator.h
[52.498s] -- Up-to-date: /home/zq/colcon_ws/install/vrpn/include/vrpn_Imager.h
[52.498s] -- Up-to-date: /home/zq/colcon_ws/install/vrpn/include/vrpn_LamportClock.h
[52.499s] -- Up-to-date: /home/zq/colcon_ws/install/vrpn/include/vrpn_Log.h
[52.499s] -- Up-to-date: /home/zq/colcon_ws/install/vrpn/include/vrpn_MainloopContainer.h
[52.499s] -- Up-to-date: /home/zq/colcon_ws/install/vrpn/include/vrpn_MainloopObject.h
[52.499s] -- Up-to-date: /home/zq/colcon_ws/install/vrpn/include/vrpn_Mutex.h
[52.499s] -- Up-to-date: /home/zq/colcon_ws/install/vrpn/include/vrpn_OwningPtr.h
[52.499s] -- Up-to-date: /home/zq/colcon_ws/install/vrpn/include/vrpn_RedundantTransmission.h
[52.500s] -- Up-to-date: /home/zq/colcon_ws/install/vrpn/include/vrpn_SendTextMessageStreamProxy.h
[52.500s] -- Up-to-date: /home/zq/colcon_ws/install/vrpn/include/vrpn_Serial.h
[52.500s] -- Up-to-date: /home/zq/colcon_ws/install/vrpn/include/vrpn_SerialPort.h
[52.500s] -- Up-to-date: /home/zq/colcon_ws/install/vrpn/include/vrpn_Shared.h
[52.500s] -- Up-to-date: /home/zq/colcon_ws/install/vrpn/include/vrpn_SharedObject.h
[52.500s] -- Up-to-date: /home/zq/colcon_ws/install/vrpn/include/vrpn_Sound.h
[52.500s] -- Up-to-date: /home/zq/colcon_ws/install/vrpn/include/vrpn_Text.h
[52.500s] -- Up-to-date: /home/zq/colcon_ws/install/vrpn/include/vrpn_Thread.h
[52.500s] -- Up-to-date: /home/zq/colcon_ws/install/vrpn/include/vrpn_Tracker.h
[52.501s] -- Up-to-date: /home/zq/colcon_ws/install/vrpn/include/vrpn_Types.h
[52.501s] -- Up-to-date: /home/zq/colcon_ws/install/vrpn/include/vrpn_WindowsH.h
[52.501s] -- Installing: /home/zq/colcon_ws/install/vrpn/lib/libquat.a
[52.501s] -- Installing: /home/zq/colcon_ws/install/vrpn/include/quat.h
[52.501s] -- Up-to-date: /home/zq/colcon_ws/install/vrpn/lib/libquat.a
[52.502s] -- Up-to-date: /home/zq/colcon_ws/install/vrpn/include/quat.h
[52.502s] -- Installing: /home/zq/colcon_ws/install/vrpn/lib/libvrpn_atmel.a
[52.502s] -- Installing: /home/zq/colcon_ws/install/vrpn/include/vrpn_atmellib_errno.h
[52.502s] -- Installing: /home/zq/colcon_ws/install/vrpn/include/vrpn_atmellib.h
[52.502s] -- Installing: /home/zq/colcon_ws/install/vrpn/lib/libgpsnmea.a
[52.502s] -- Installing: /home/zq/colcon_ws/install/vrpn/include/nmeaParser.h
[52.502s] -- Installing: /home/zq/colcon_ws/install/vrpn/include/utmCoord.h
[52.503s] -- Installing: /home/zq/colcon_ws/install/vrpn/include/latLonCoord.h
[52.503s] -- Installing: /home/zq/colcon_ws/install/vrpn/bin/c_interface_example
[52.505s] -- Installing: /home/zq/colcon_ws/install/vrpn/bin/vrpn_average_analogs
[52.507s] -- Installing: /home/zq/colcon_ws/install/vrpn/bin/vrpn_print_devices
[52.510s] -- Installing: /home/zq/colcon_ws/install/vrpn/bin/vrpn_print_performance
[52.512s] -- Installing: /home/zq/colcon_ws/install/vrpn/bin/vrpn_print_messages
[52.513s] -- Installing: /home/zq/colcon_ws/install/vrpn/bin/run_auxiliary_logger
[52.515s] -- Installing: /home/zq/colcon_ws/install/vrpn/bin/vrpn_server
[52.533s] -- Installing: /home/zq/colcon_ws/install/vrpn/etc/vrpn.cfg
[52.534s] -- Installing: /home/zq/colcon_ws/install/vrpn/share/vrpn-07.34/vrpn.cfg.sample
[52.535s] -- Installing: /home/zq/colcon_ws/install/vrpn/lib/libvrpn_timecode_generator.a
[52.535s] -- Installing: /home/zq/colcon_ws/install/vrpn/include/vrpn_timecode_generator.h
[52.536s] -- Installing: /home/zq/colcon_ws/install/vrpn/bin/vrpn_streamPrint
[52.538s] -- Installing: /home/zq/colcon_ws/install/vrpn/lib/python3.8/dist-packages/vrpn.so
[52.547s] Invoked command in '/home/zq/colcon_ws/build/vrpn' returned '0': CMAKE_PREFIX_PATH=${CMAKE_PREFIX_PATH}:/opt/ros/foxy /usr/bin/cmake --install /home/zq/colcon_ws/build/vrpn
