[35m[1mScanning dependencies of target arm_mocap_pubsub[0m
[ 50%] [32mBuilding CXX object CMakeFiles/arm_mocap_pubsub.dir/src/arm_mocap_pubsub.cpp.o[0m
[01m[K/home/zq/colcon_ws/src/arm_vrpn-main/src/arm_mocap_pubsub.cpp:[m[K In member function ‘[01m[Kvoid Mocapzmq_pub::topic_callback1(geometry_msgs::msg::PoseStamped_<std::allocator<void> >::SharedPtr)[m[K’:
[01m[K/home/zq/colcon_ws/src/arm_vrpn-main/src/arm_mocap_pubsub.cpp:68:13:[m[K [01;35m[Kwarning: [m[Kunused variable ‘[01m[Kdata[m[K’ [[01;35m[K-Wunused-variable[m[K]
   68 |       float [01;35m[Kdata[m[K[21] = {x1_mocap,y1_mocap,z1_mocap,
      |             [01;35m[K^~~~[m[K
[100%] [32m[1mLinking CXX executable arm_mocap_pubsub[0m
[100%] Built target arm_mocap_pubsub
-- Install configuration: ""
-- Installing: /home/zq/colcon_ws/install/arm_vrpn_pubsub/lib/arm_vrpn_pubsub/arm_mocap_pubsub
-- Set runtime path of "/home/zq/colcon_ws/install/arm_vrpn_pubsub/lib/arm_vrpn_pubsub/arm_mocap_pubsub" to ""
-- Up-to-date: /home/zq/colcon_ws/install/arm_vrpn_pubsub/share/ament_index/resource_index/package_run_dependencies/arm_vrpn_pubsub
-- Up-to-date: /home/zq/colcon_ws/install/arm_vrpn_pubsub/share/ament_index/resource_index/parent_prefix_path/arm_vrpn_pubsub
-- Up-to-date: /home/zq/colcon_ws/install/arm_vrpn_pubsub/share/arm_vrpn_pubsub/environment/ament_prefix_path.sh
-- Up-to-date: /home/zq/colcon_ws/install/arm_vrpn_pubsub/share/arm_vrpn_pubsub/environment/ament_prefix_path.dsv
-- Up-to-date: /home/zq/colcon_ws/install/arm_vrpn_pubsub/share/arm_vrpn_pubsub/environment/path.sh
-- Up-to-date: /home/zq/colcon_ws/install/arm_vrpn_pubsub/share/arm_vrpn_pubsub/environment/path.dsv
-- Up-to-date: /home/zq/colcon_ws/install/arm_vrpn_pubsub/share/arm_vrpn_pubsub/local_setup.bash
-- Up-to-date: /home/zq/colcon_ws/install/arm_vrpn_pubsub/share/arm_vrpn_pubsub/local_setup.sh
-- Up-to-date: /home/zq/colcon_ws/install/arm_vrpn_pubsub/share/arm_vrpn_pubsub/local_setup.zsh
-- Up-to-date: /home/zq/colcon_ws/install/arm_vrpn_pubsub/share/arm_vrpn_pubsub/local_setup.dsv
-- Installing: /home/zq/colcon_ws/install/arm_vrpn_pubsub/share/arm_vrpn_pubsub/package.dsv
-- Up-to-date: /home/zq/colcon_ws/install/arm_vrpn_pubsub/share/ament_index/resource_index/packages/arm_vrpn_pubsub
-- Up-to-date: /home/zq/colcon_ws/install/arm_vrpn_pubsub/share/arm_vrpn_pubsub/cmake/arm_vrpn_pubsubConfig.cmake
-- Up-to-date: /home/zq/colcon_ws/install/arm_vrpn_pubsub/share/arm_vrpn_pubsub/cmake/arm_vrpn_pubsubConfig-version.cmake
-- Up-to-date: /home/zq/colcon_ws/install/arm_vrpn_pubsub/share/arm_vrpn_pubsub/package.xml
