[0.023s] Invoking command in '/home/zq/colcon_ws/build/arm_vrpn_pubsub': CMAKE_PREFIX_PATH=${CMAKE_PREFIX_PATH}:/opt/ros/foxy /usr/bin/cmake --build /home/zq/colcon_ws/build/arm_vrpn_pubsub -- -j4 -l4
[0.064s] -- Found ament_cmake: 0.9.11 (/opt/ros/foxy/share/ament_cmake/cmake)
[0.097s] -- Using PYTHON_EXECUTABLE: /usr/bin/python3
[0.327s] -- Found std_msgs: 2.0.5 (/opt/ros/foxy/share/std_msgs/cmake)
[0.355s] -- Using all available rosidl_typesupport_c: rosidl_typesupport_fastrtps_c;rosidl_typesupport_introspection_c
[0.362s] -- Found rosidl_adapter: 1.3.0 (/opt/ros/foxy/share/rosidl_adapter/cmake)
[0.521s] -- Using all available rosidl_typesupport_cpp: rosidl_typesupport_fastrtps_cpp;rosidl_typesupport_introspection_cpp
[0.583s] -- Found geometry_msgs: 2.0.5 (/opt/ros/foxy/share/geometry_msgs/cmake)
[0.632s] -- Found tf2: 0.13.13 (/opt/ros/foxy/share/tf2/cmake)
[0.647s] -- Found tf2_ros: 0.13.13 (/opt/ros/foxy/share/tf2_ros/cmake)
[0.717s] -- Found rmw_implementation_cmake: 1.0.3 (/opt/ros/foxy/share/rmw_implementation_cmake/cmake)
[0.719s] -- Using RMW implementation 'rmw_fastrtps_cpp' as default
[1.388s] -- Configuring done
[1.403s] -- Generating done
[1.405s] -- Build files have been written to: /home/zq/colcon_ws/build/arm_vrpn_pubsub
[1.463s] [ 50%] [32mBuilding CXX object CMakeFiles/arm_mocap_pubsub.dir/src/arm_mocap_pubsub.cpp.o[0m
[3.139s] [01m[K/home/zq/colcon_ws/src/arm_vrpn-main/src/arm_mocap_pubsub.cpp:99:27:[m[K [01;31m[Kerror: [m[K‘[01m[Kctx[m[K’ is not a type
[3.140s]    99 |     zmq::socket_t zmq_pub([01;31m[Kctx[m[K, zmq::socket_type::pub);
[3.140s]       |                           [01;31m[K^~~[m[K
[3.140s] [01m[K/home/zq/colcon_ws/src/arm_vrpn-main/src/arm_mocap_pubsub.cpp:99:50:[m[K [01;31m[Kerror: [m[K‘[01m[Kzmq::socket_type::pub[m[K’ is not a type
[3.140s]    99 |     zmq::socket_t zmq_pub(ctx, zmq::socket_type::[01;31m[Kpub[m[K);
[3.140s]       |                                                  [01;31m[K^~~[m[K
[3.154s] [01m[K/home/zq/colcon_ws/src/arm_vrpn-main/src/arm_mocap_pubsub.cpp:[m[K In constructor ‘[01m[KMocapzmq_pub::Mocapzmq_pub()[m[K’:
[3.154s] [01m[K/home/zq/colcon_ws/src/arm_vrpn-main/src/arm_mocap_pubsub.cpp:42:7:[m[K [01;31m[Kerror: [m[Kinvalid use of member function ‘[01m[Kzmq::socket_t Mocapzmq_pub::zmq_pub(int, int)[m[K’ (did you forget the ‘[01m[K()[m[K’ ?)
[3.154s]    42 |       [01;31m[Kzmq_pub[m[K.bind("tcp://127.0.0.1:3885");
[3.154s]       |       [01;31m[K^~~~~~~[m[K
[3.157s] [01m[K/home/zq/colcon_ws/src/arm_vrpn-main/src/arm_mocap_pubsub.cpp:[m[K In member function ‘[01m[Kvoid Mocapzmq_pub::topic_callback1(geometry_msgs::msg::PoseStamped_<std::allocator<void> >::SharedPtr)[m[K’:
[3.157s] [01m[K/home/zq/colcon_ws/src/arm_vrpn-main/src/arm_mocap_pubsub.cpp:59:7:[m[K [01;31m[Kerror: [m[Kinvalid use of member function ‘[01m[Kzmq::socket_t Mocapzmq_pub::zmq_pub(int, int)[m[K’ (did you forget the ‘[01m[K()[m[K’ ?)
[3.158s]    59 |       [01;31m[Kzmq_pub[m[K.send(zmq::str_buffer("Hello"));
[3.158s]       |       [01;31m[K^~~~~~~[m[K
[4.955s] make[2]: *** [CMakeFiles/arm_mocap_pubsub.dir/build.make:63: CMakeFiles/arm_mocap_pubsub.dir/src/arm_mocap_pubsub.cpp.o] Error 1
[4.955s] make[1]: *** [CMakeFiles/Makefile2:78: CMakeFiles/arm_mocap_pubsub.dir/all] Error 2
[4.956s] make: *** [Makefile:141: all] Error 2
[4.959s] Invoked command in '/home/zq/colcon_ws/build/arm_vrpn_pubsub' returned '2': CMAKE_PREFIX_PATH=${CMAKE_PREFIX_PATH}:/opt/ros/foxy /usr/bin/cmake --build /home/zq/colcon_ws/build/arm_vrpn_pubsub -- -j4 -l4
