[0.023s] Invoking command in '/home/zq/colcon_ws/build/arm_vrpn_pubsub': CMAKE_PREFIX_PATH=${CMAKE_PREFIX_PATH}:/opt/ros/foxy /usr/bin/cmake --build /home/zq/colcon_ws/build/arm_vrpn_pubsub -- -j4 -l4
[0.085s] [35m[1mScanning dependencies of target arm_mocap_pubsub[0m
[0.130s] [ 50%] [32mBuilding CXX object CMakeFiles/arm_mocap_pubsub.dir/src/arm_mocap_pubsub.cpp.o[0m
[1.804s] [01m[K/home/zq/colcon_ws/src/arm_vrpn-main/src/arm_mocap_pubsub.cpp:31:1:[m[K [01;31m[Kerror: [m[K‘[01m[Kpublisher[m[K’ does not name a type
[1.804s]    31 | [01;31m[Kpublisher[m[K.bind("tcp://127.0.0.1:3885");
[1.804s]       | [01;31m[K^~~~~~~~~[m[K
[2.685s] In file included from [01m[K/usr/include/x86_64-linux-gnu/c++/9/bits/c++allocator.h:33[m[K,
[2.686s]                  from [01m[K/usr/include/c++/9/bits/allocator.h:46[m[K,
[2.686s]                  from [01m[K/usr/include/c++/9/string:41[m[K,
[2.686s]                  from [01m[K/usr/include/c++/9/stdexcept:39[m[K,
[2.687s]                  from [01m[K/usr/include/c++/9/array:39[m[K,
[2.687s]                  from [01m[K/usr/include/c++/9/tuple:39[m[K,
[2.687s]                  from [01m[K/usr/include/c++/9/functional:54[m[K,
[2.687s]                  from [01m[K/home/zq/colcon_ws/src/arm_vrpn-main/src/arm_mocap_pubsub.cpp:2[m[K:
[2.688s] /usr/include/c++/9/ext/new_allocator.h: In instantiation of ‘[01m[Kvoid __gnu_cxx::new_allocator<_Tp>::construct(_Up*, _Args&& ...) [with _Up = Mocapzmq_pub; _Args = {zmq::socket_t&}; _Tp = Mocapzmq_pub][m[K’:
[2.688s] [01m[K/usr/include/c++/9/bits/alloc_traits.h:483:4:[m[K   required from ‘[01m[Kstatic void std::allocator_traits<std::allocator<_CharT> >::construct(std::allocator_traits<std::allocator<_CharT> >::allocator_type&, _Up*, _Args&& ...) [with _Up = Mocapzmq_pub; _Args = {zmq::socket_t&}; _Tp = Mocapzmq_pub; std::allocator_traits<std::allocator<_CharT> >::allocator_type = std::allocator<Mocapzmq_pub>][m[K’
[2.688s] [01m[K/usr/include/c++/9/bits/shared_ptr_base.h:548:39:[m[K   required from ‘[01m[Kstd::_Sp_counted_ptr_inplace<_Tp, _Alloc, _Lp>::_Sp_counted_ptr_inplace(_Alloc, _Args&& ...) [with _Args = {zmq::socket_t&}; _Tp = Mocapzmq_pub; _Alloc = std::allocator<Mocapzmq_pub>; __gnu_cxx::_Lock_policy _Lp = __gnu_cxx::_S_atomic][m[K’
[2.688s] [01m[K/usr/include/c++/9/bits/shared_ptr_base.h:679:16:[m[K   required from ‘[01m[Kstd::__shared_count<_Lp>::__shared_count(_Tp*&, std::_Sp_alloc_shared_tag<_Alloc>, _Args&& ...) [with _Tp = Mocapzmq_pub; _Alloc = std::allocator<Mocapzmq_pub>; _Args = {zmq::socket_t&}; __gnu_cxx::_Lock_policy _Lp = __gnu_cxx::_S_atomic][m[K’
[2.689s] [01m[K/usr/include/c++/9/bits/shared_ptr_base.h:1344:71:[m[K   required from ‘[01m[Kstd::__shared_ptr<_Tp, _Lp>::__shared_ptr(std::_Sp_alloc_shared_tag<_Tp>, _Args&& ...) [with _Alloc = std::allocator<Mocapzmq_pub>; _Args = {zmq::socket_t&}; _Tp = Mocapzmq_pub; __gnu_cxx::_Lock_policy _Lp = __gnu_cxx::_S_atomic][m[K’
[2.689s] [01m[K/usr/include/c++/9/bits/shared_ptr.h:359:59:[m[K   required from ‘[01m[Kstd::shared_ptr<_Tp>::shared_ptr(std::_Sp_alloc_shared_tag<_Tp>, _Args&& ...) [with _Alloc = std::allocator<Mocapzmq_pub>; _Args = {zmq::socket_t&}; _Tp = Mocapzmq_pub][m[K’
[2.689s] [01m[K/usr/include/c++/9/bits/shared_ptr.h:701:14:[m[K   required from ‘[01m[Kstd::shared_ptr<_Tp> std::allocate_shared(const _Alloc&, _Args&& ...) [with _Tp = Mocapzmq_pub; _Alloc = std::allocator<Mocapzmq_pub>; _Args = {zmq::socket_t&}][m[K’
[2.689s] [01m[K/usr/include/c++/9/bits/shared_ptr.h:717:39:[m[K   required from ‘[01m[Kstd::shared_ptr<_Tp> std::make_shared(_Args&& ...) [with _Tp = Mocapzmq_pub; _Args = {zmq::socket_t&}][m[K’
[2.690s] [01m[K/home/zq/colcon_ws/src/arm_vrpn-main/src/arm_mocap_pubsub.cpp:121:56:[m[K   required from here
[2.690s] [01m[K/usr/include/c++/9/ext/new_allocator.h:146:4:[m[K [01;31m[Kerror: [m[Kno matching function for call to ‘[01m[KMocapzmq_pub::Mocapzmq_pub(zmq::socket_t&)[m[K’
[2.690s]   146 |  { [01;31m[K::new((void *)__p) _Up(std::forward<_Args>(__args)...)[m[K; }
[2.690s]       |    [01;31m[K^~~~~~~~~~~~~~~~~~~~~~~~~~~~~~~~~~~~~~~~~~~~~~~~~~~~~~[m[K
[2.691s] [01m[K/home/zq/colcon_ws/src/arm_vrpn-main/src/arm_mocap_pubsub.cpp:40:5:[m[K [01;36m[Knote: [m[Kcandidate: ‘[01m[KMocapzmq_pub::Mocapzmq_pub()[m[K’
[2.691s]    40 |     [01;36m[KMocapzmq_pub[m[K()
[2.691s]       |     [01;36m[K^~~~~~~~~~~~[m[K
[2.691s] [01m[K/home/zq/colcon_ws/src/arm_vrpn-main/src/arm_mocap_pubsub.cpp:40:5:[m[K [01;36m[Knote: [m[K  candidate expects 0 arguments, 1 provided
[3.506s] make[2]: *** [CMakeFiles/arm_mocap_pubsub.dir/build.make:63: CMakeFiles/arm_mocap_pubsub.dir/src/arm_mocap_pubsub.cpp.o] Error 1
[3.506s] make[1]: *** [CMakeFiles/Makefile2:78: CMakeFiles/arm_mocap_pubsub.dir/all] Error 2
[3.506s] make: *** [Makefile:141: all] Error 2
[3.511s] Invoked command in '/home/zq/colcon_ws/build/arm_vrpn_pubsub' returned '2': CMAKE_PREFIX_PATH=${CMAKE_PREFIX_PATH}:/opt/ros/foxy /usr/bin/cmake --build /home/zq/colcon_ws/build/arm_vrpn_pubsub -- -j4 -l4
